[0.264s] DEBUG:colcon:Command line arguments: ['/usr/bin/colcon', 'build']
[0.264s] DEBUG:colcon:Parsed command line arguments: Namespace(log_base=None, log_level=None, verb_name='build', build_base='build', install_base='install', merge_install=False, symlink_install=False, test_result_base=None, continue_on_error=False, executor='parallel', parallel_workers=12, event_handlers=None, ignore_user_meta=False, metas=['./colcon.meta'], base_paths=['.'], packages_ignore=None, packages_ignore_regex=None, paths=None, packages_up_to=None, packages_up_to_regex=None, packages_above=None, packages_above_and_dependencies=None, packages_above_depth=None, packages_select_by_dep=None, packages_skip_by_dep=None, packages_skip_up_to=None, packages_select_build_failed=False, packages_skip_build_finished=False, packages_select_test_failures=False, packages_skip_test_passed=False, packages_select=None, packages_skip=None, packages_select_regex=None, packages_skip_regex=None, packages_start=None, packages_end=None, allow_overriding=[], cmake_args=None, cmake_target=None, cmake_target_skip_unavailable=False, cmake_clean_cache=False, cmake_clean_first=False, cmake_force_configure=False, ament_cmake_args=None, catkin_cmake_args=None, catkin_skip_building_tests=False, mixin_files=None, mixin=None, verb_parser=<colcon_mixin.mixin.mixin_argument.MixinArgumentDecorator object at 0x7c0bea2bee00>, verb_extension=<colcon_core.verb.build.BuildVerb object at 0x7c0bea2be380>, main=<bound method BuildVerb.main of <colcon_core.verb.build.BuildVerb object at 0x7c0bea2be380>>, mixin_verb=('build',))
[0.645s] Level 1:colcon.colcon_core.package_discovery:discover_packages(colcon_meta) check parameters
[0.645s] Level 1:colcon.colcon_core.package_discovery:discover_packages(recursive) check parameters
[0.645s] Level 1:colcon.colcon_core.package_discovery:discover_packages(ignore) check parameters
[0.645s] Level 1:colcon.colcon_core.package_discovery:discover_packages(path) check parameters
[0.645s] Level 1:colcon.colcon_core.package_discovery:discover_packages(colcon_meta) discover
[0.645s] Level 1:colcon.colcon_core.package_discovery:discover_packages(recursive) discover
[0.645s] INFO:colcon.colcon_core.package_discovery:Crawling recursively for packages in '/home/logan/exos_new_ws'
[0.645s] Level 1:colcon.colcon_core.package_identification:_identify(.) by extensions ['ignore', 'ignore_ament_install']
[0.646s] Level 1:colcon.colcon_core.package_identification:_identify(.) by extension 'ignore'
[0.646s] Level 1:colcon.colcon_core.package_identification:_identify(.) by extension 'ignore_ament_install'
[0.646s] Level 1:colcon.colcon_core.package_identification:_identify(.) by extensions ['colcon_pkg']
[0.646s] Level 1:colcon.colcon_core.package_identification:_identify(.) by extension 'colcon_pkg'
[0.646s] Level 1:colcon.colcon_core.package_identification:_identify(.) by extensions ['colcon_meta']
[0.646s] Level 1:colcon.colcon_core.package_identification:_identify(.) by extension 'colcon_meta'
[0.646s] Level 1:colcon.colcon_core.package_identification:_identify(.) by extensions ['ros']
[0.646s] Level 1:colcon.colcon_core.package_identification:_identify(.) by extension 'ros'
[0.669s] Level 1:colcon.colcon_core.package_identification:_identify(.) by extensions ['cmake', 'python']
[0.669s] Level 1:colcon.colcon_core.package_identification:_identify(.) by extension 'cmake'
[0.669s] Level 1:colcon.colcon_core.package_identification:_identify(.) by extension 'python'
[0.669s] Level 1:colcon.colcon_core.package_identification:_identify(.) by extensions ['python_setup_py']
[0.670s] Level 1:colcon.colcon_core.package_identification:_identify(.) by extension 'python_setup_py'
[0.670s] Level 1:colcon.colcon_core.package_identification:_identify(build) by extensions ['ignore', 'ignore_ament_install']
[0.670s] Level 1:colcon.colcon_core.package_identification:_identify(build) by extension 'ignore'
[0.670s] Level 1:colcon.colcon_core.package_identification:_identify(build) ignored
[0.670s] Level 1:colcon.colcon_core.package_identification:_identify(install) by extensions ['ignore', 'ignore_ament_install']
[0.671s] Level 1:colcon.colcon_core.package_identification:_identify(install) by extension 'ignore'
[0.671s] Level 1:colcon.colcon_core.package_identification:_identify(install) ignored
[0.672s] Level 1:colcon.colcon_core.package_identification:_identify(log) by extensions ['ignore', 'ignore_ament_install']
[0.672s] Level 1:colcon.colcon_core.package_identification:_identify(log) by extension 'ignore'
[0.672s] Level 1:colcon.colcon_core.package_identification:_identify(log) ignored
[0.673s] Level 1:colcon.colcon_core.package_identification:_identify(src) by extensions ['ignore', 'ignore_ament_install']
[0.673s] Level 1:colcon.colcon_core.package_identification:_identify(src) by extension 'ignore'
[0.673s] Level 1:colcon.colcon_core.package_identification:_identify(src) by extension 'ignore_ament_install'
[0.673s] Level 1:colcon.colcon_core.package_identification:_identify(src) by extensions ['colcon_pkg']
[0.673s] Level 1:colcon.colcon_core.package_identification:_identify(src) by extension 'colcon_pkg'
[0.673s] Level 1:colcon.colcon_core.package_identification:_identify(src) by extensions ['colcon_meta']
[0.673s] Level 1:colcon.colcon_core.package_identification:_identify(src) by extension 'colcon_meta'
[0.673s] Level 1:colcon.colcon_core.package_identification:_identify(src) by extensions ['ros']
[0.674s] Level 1:colcon.colcon_core.package_identification:_identify(src) by extension 'ros'
[0.674s] Level 1:colcon.colcon_core.package_identification:_identify(src) by extensions ['cmake', 'python']
[0.674s] Level 1:colcon.colcon_core.package_identification:_identify(src) by extension 'cmake'
[0.674s] Level 1:colcon.colcon_core.package_identification:_identify(src) by extension 'python'
[0.674s] Level 1:colcon.colcon_core.package_identification:_identify(src) by extensions ['python_setup_py']
[0.674s] Level 1:colcon.colcon_core.package_identification:_identify(src) by extension 'python_setup_py'
[0.674s] Level 1:colcon.colcon_core.package_identification:_identify(src/chan) by extensions ['ignore', 'ignore_ament_install']
[0.674s] Level 1:colcon.colcon_core.package_identification:_identify(src/chan) by extension 'ignore'
[0.674s] Level 1:colcon.colcon_core.package_identification:_identify(src/chan) by extension 'ignore_ament_install'
[0.675s] Level 1:colcon.colcon_core.package_identification:_identify(src/chan) by extensions ['colcon_pkg']
[0.675s] Level 1:colcon.colcon_core.package_identification:_identify(src/chan) by extension 'colcon_pkg'
[0.675s] Level 1:colcon.colcon_core.package_identification:_identify(src/chan) by extensions ['colcon_meta']
[0.675s] Level 1:colcon.colcon_core.package_identification:_identify(src/chan) by extension 'colcon_meta'
[0.675s] Level 1:colcon.colcon_core.package_identification:_identify(src/chan) by extensions ['ros']
[0.675s] Level 1:colcon.colcon_core.package_identification:_identify(src/chan) by extension 'ros'
[0.681s] DEBUG:colcon.colcon_core.package_identification:Package 'src/chan' with type 'ros.ament_cmake' and name 'chan'
[0.681s] Level 1:colcon.colcon_core.package_identification:_identify(src/control_exos) by extensions ['ignore', 'ignore_ament_install']
[0.681s] Level 1:colcon.colcon_core.package_identification:_identify(src/control_exos) by extension 'ignore'
[0.681s] Level 1:colcon.colcon_core.package_identification:_identify(src/control_exos) by extension 'ignore_ament_install'
[0.681s] Level 1:colcon.colcon_core.package_identification:_identify(src/control_exos) by extensions ['colcon_pkg']
[0.682s] Level 1:colcon.colcon_core.package_identification:_identify(src/control_exos) by extension 'colcon_pkg'
[0.682s] Level 1:colcon.colcon_core.package_identification:_identify(src/control_exos) by extensions ['colcon_meta']
[0.682s] Level 1:colcon.colcon_core.package_identification:_identify(src/control_exos) by extension 'colcon_meta'
[0.682s] Level 1:colcon.colcon_core.package_identification:_identify(src/control_exos) by extensions ['ros']
[0.682s] Level 1:colcon.colcon_core.package_identification:_identify(src/control_exos) by extension 'ros'
[0.683s] DEBUG:colcon.colcon_core.package_identification:Package 'src/control_exos' with type 'ros.ament_cmake' and name 'control_exos'
[0.683s] Level 1:colcon.colcon_core.package_identification:_identify(src/moveit) by extensions ['ignore', 'ignore_ament_install']
[0.683s] Level 1:colcon.colcon_core.package_identification:_identify(src/moveit) by extension 'ignore'
[0.684s] Level 1:colcon.colcon_core.package_identification:_identify(src/moveit) by extension 'ignore_ament_install'
[0.684s] Level 1:colcon.colcon_core.package_identification:_identify(src/moveit) by extensions ['colcon_pkg']
[0.684s] Level 1:colcon.colcon_core.package_identification:_identify(src/moveit) by extension 'colcon_pkg'
[0.684s] Level 1:colcon.colcon_core.package_identification:_identify(src/moveit) by extensions ['colcon_meta']
[0.684s] Level 1:colcon.colcon_core.package_identification:_identify(src/moveit) by extension 'colcon_meta'
[0.684s] Level 1:colcon.colcon_core.package_identification:_identify(src/moveit) by extensions ['ros']
[0.684s] Level 1:colcon.colcon_core.package_identification:_identify(src/moveit) by extension 'ros'
[0.687s] DEBUG:colcon.colcon_core.package_identification:Package 'src/moveit' with type 'ros.ament_cmake' and name 'moveit'
[0.688s] Level 1:colcon.colcon_core.package_identification:_identify(src/moveit_2) by extensions ['ignore', 'ignore_ament_install']
[0.688s] Level 1:colcon.colcon_core.package_identification:_identify(src/moveit_2) by extension 'ignore'
[0.688s] Level 1:colcon.colcon_core.package_identification:_identify(src/moveit_2) by extension 'ignore_ament_install'
[0.688s] Level 1:colcon.colcon_core.package_identification:_identify(src/moveit_2) by extensions ['colcon_pkg']
[0.688s] Level 1:colcon.colcon_core.package_identification:_identify(src/moveit_2) by extension 'colcon_pkg'
[0.688s] Level 1:colcon.colcon_core.package_identification:_identify(src/moveit_2) by extensions ['colcon_meta']
[0.688s] Level 1:colcon.colcon_core.package_identification:_identify(src/moveit_2) by extension 'colcon_meta'
[0.689s] Level 1:colcon.colcon_core.package_identification:_identify(src/moveit_2) by extensions ['ros']
[0.689s] Level 1:colcon.colcon_core.package_identification:_identify(src/moveit_2) by extension 'ros'
[0.691s] DEBUG:colcon.colcon_core.package_identification:Package 'src/moveit_2' with type 'ros.ament_cmake' and name 'moveit_2'
[0.691s] Level 1:colcon.colcon_core.package_identification:_identify(src/moveit_true) by extensions ['ignore', 'ignore_ament_install']
[0.691s] Level 1:colcon.colcon_core.package_identification:_identify(src/moveit_true) by extension 'ignore'
[0.691s] Level 1:colcon.colcon_core.package_identification:_identify(src/moveit_true) by extension 'ignore_ament_install'
[0.691s] Level 1:colcon.colcon_core.package_identification:_identify(src/moveit_true) by extensions ['colcon_pkg']
[0.691s] Level 1:colcon.colcon_core.package_identification:_identify(src/moveit_true) by extension 'colcon_pkg'
[0.691s] Level 1:colcon.colcon_core.package_identification:_identify(src/moveit_true) by extensions ['colcon_meta']
[0.692s] Level 1:colcon.colcon_core.package_identification:_identify(src/moveit_true) by extension 'colcon_meta'
[0.692s] Level 1:colcon.colcon_core.package_identification:_identify(src/moveit_true) by extensions ['ros']
[0.692s] Level 1:colcon.colcon_core.package_identification:_identify(src/moveit_true) by extension 'ros'
[0.693s] DEBUG:colcon.colcon_core.package_identification:Package 'src/moveit_true' with type 'ros.ament_cmake' and name 'moveit_true'
[0.694s] Level 1:colcon.colcon_core.package_identification:_identify(src/tongquan_sldasm) by extensions ['ignore', 'ignore_ament_install']
[0.694s] Level 1:colcon.colcon_core.package_identification:_identify(src/tongquan_sldasm) by extension 'ignore'
[0.694s] Level 1:colcon.colcon_core.package_identification:_identify(src/tongquan_sldasm) by extension 'ignore_ament_install'
[0.694s] Level 1:colcon.colcon_core.package_identification:_identify(src/tongquan_sldasm) by extensions ['colcon_pkg']
[0.694s] Level 1:colcon.colcon_core.package_identification:_identify(src/tongquan_sldasm) by extension 'colcon_pkg'
[0.694s] Level 1:colcon.colcon_core.package_identification:_identify(src/tongquan_sldasm) by extensions ['colcon_meta']
[0.694s] Level 1:colcon.colcon_core.package_identification:_identify(src/tongquan_sldasm) by extension 'colcon_meta'
[0.694s] Level 1:colcon.colcon_core.package_identification:_identify(src/tongquan_sldasm) by extensions ['ros']
[0.694s] Level 1:colcon.colcon_core.package_identification:_identify(src/tongquan_sldasm) by extension 'ros'
[0.696s] DEBUG:colcon.colcon_core.package_identification:Package 'src/tongquan_sldasm' with type 'ros.ament_cmake' and name 'tongquan_sldasm'
[0.697s] Level 1:colcon.colcon_core.package_discovery:discover_packages(recursive) using defaults
[0.697s] Level 1:colcon.colcon_core.package_discovery:discover_packages(ignore) discover
[0.697s] Level 1:colcon.colcon_core.package_discovery:discover_packages(ignore) using defaults
[0.697s] Level 1:colcon.colcon_core.package_discovery:discover_packages(path) discover
[0.697s] Level 1:colcon.colcon_core.package_discovery:discover_packages(path) using defaults
[0.742s] Level 1:colcon.colcon_core.package_discovery:discover_packages(prefix_path) check parameters
[0.742s] Level 1:colcon.colcon_core.package_discovery:discover_packages(prefix_path) discover
[0.748s] DEBUG:colcon.colcon_installed_package_information.package_discovery:Found 365 installed packages in /opt/ros/humble
[0.752s] Level 1:colcon.colcon_core.package_discovery:discover_packages(prefix_path) using defaults
[0.875s] Level 5:colcon.colcon_core.verb:set package 'control_exos' build argument 'cmake_args' from command line to 'None'
[0.875s] Level 5:colcon.colcon_core.verb:set package 'control_exos' build argument 'cmake_target' from command line to 'None'
[0.875s] Level 5:colcon.colcon_core.verb:set package 'control_exos' build argument 'cmake_target_skip_unavailable' from command line to 'False'
[0.875s] Level 5:colcon.colcon_core.verb:set package 'control_exos' build argument 'cmake_clean_cache' from command line to 'False'
[0.875s] Level 5:colcon.colcon_core.verb:set package 'control_exos' build argument 'cmake_clean_first' from command line to 'False'
[0.875s] Level 5:colcon.colcon_core.verb:set package 'control_exos' build argument 'cmake_force_configure' from command line to 'False'
[0.875s] Level 5:colcon.colcon_core.verb:set package 'control_exos' build argument 'ament_cmake_args' from command line to 'None'
[0.875s] Level 5:colcon.colcon_core.verb:set package 'control_exos' build argument 'catkin_cmake_args' from command line to 'None'
[0.875s] Level 5:colcon.colcon_core.verb:set package 'control_exos' build argument 'catkin_skip_building_tests' from command line to 'False'
[0.875s] DEBUG:colcon.colcon_core.verb:Building package 'control_exos' with the following arguments: {'ament_cmake_args': None, 'build_base': '/home/logan/exos_new_ws/build/control_exos', 'catkin_cmake_args': None, 'catkin_skip_building_tests': False, 'cmake_args': None, 'cmake_clean_cache': False, 'cmake_clean_first': False, 'cmake_force_configure': False, 'cmake_target': None, 'cmake_target_skip_unavailable': False, 'install_base': '/home/logan/exos_new_ws/install/control_exos', 'merge_install': False, 'path': '/home/logan/exos_new_ws/src/control_exos', 'symlink_install': False, 'test_result_base': None}
[0.876s] Level 5:colcon.colcon_core.verb:set package 'tongquan_sldasm' build argument 'cmake_args' from command line to 'None'
[0.876s] Level 5:colcon.colcon_core.verb:set package 'tongquan_sldasm' build argument 'cmake_target' from command line to 'None'
[0.876s] Level 5:colcon.colcon_core.verb:set package 'tongquan_sldasm' build argument 'cmake_target_skip_unavailable' from command line to 'False'
[0.876s] Level 5:colcon.colcon_core.verb:set package 'tongquan_sldasm' build argument 'cmake_clean_cache' from command line to 'False'
[0.876s] Level 5:colcon.colcon_core.verb:set package 'tongquan_sldasm' build argument 'cmake_clean_first' from command line to 'False'
[0.876s] Level 5:colcon.colcon_core.verb:set package 'tongquan_sldasm' build argument 'cmake_force_configure' from command line to 'False'
[0.876s] Level 5:colcon.colcon_core.verb:set package 'tongquan_sldasm' build argument 'ament_cmake_args' from command line to 'None'
[0.876s] Level 5:colcon.colcon_core.verb:set package 'tongquan_sldasm' build argument 'catkin_cmake_args' from command line to 'None'
[0.876s] Level 5:colcon.colcon_core.verb:set package 'tongquan_sldasm' build argument 'catkin_skip_building_tests' from command line to 'False'
[0.876s] DEBUG:colcon.colcon_core.verb:Building package 'tongquan_sldasm' with the following arguments: {'ament_cmake_args': None, 'build_base': '/home/logan/exos_new_ws/build/tongquan_sldasm', 'catkin_cmake_args': None, 'catkin_skip_building_tests': False, 'cmake_args': None, 'cmake_clean_cache': False, 'cmake_clean_first': False, 'cmake_force_configure': False, 'cmake_target': None, 'cmake_target_skip_unavailable': False, 'install_base': '/home/logan/exos_new_ws/install/tongquan_sldasm', 'merge_install': False, 'path': '/home/logan/exos_new_ws/src/tongquan_sldasm', 'symlink_install': False, 'test_result_base': None}
[0.877s] Level 5:colcon.colcon_core.verb:set package 'chan' build argument 'cmake_args' from command line to 'None'
[0.877s] Level 5:colcon.colcon_core.verb:set package 'chan' build argument 'cmake_target' from command line to 'None'
[0.877s] Level 5:colcon.colcon_core.verb:set package 'chan' build argument 'cmake_target_skip_unavailable' from command line to 'False'
[0.877s] Level 5:colcon.colcon_core.verb:set package 'chan' build argument 'cmake_clean_cache' from command line to 'False'
[0.877s] Level 5:colcon.colcon_core.verb:set package 'chan' build argument 'cmake_clean_first' from command line to 'False'
[0.878s] Level 5:colcon.colcon_core.verb:set package 'chan' build argument 'cmake_force_configure' from command line to 'False'
[0.878s] Level 5:colcon.colcon_core.verb:set package 'chan' build argument 'ament_cmake_args' from command line to 'None'
[0.878s] Level 5:colcon.colcon_core.verb:set package 'chan' build argument 'catkin_cmake_args' from command line to 'None'
[0.878s] Level 5:colcon.colcon_core.verb:set package 'chan' build argument 'catkin_skip_building_tests' from command line to 'False'
[0.878s] DEBUG:colcon.colcon_core.verb:Building package 'chan' with the following arguments: {'ament_cmake_args': None, 'build_base': '/home/logan/exos_new_ws/build/chan', 'catkin_cmake_args': None, 'catkin_skip_building_tests': False, 'cmake_args': None, 'cmake_clean_cache': False, 'cmake_clean_first': False, 'cmake_force_configure': False, 'cmake_target': None, 'cmake_target_skip_unavailable': False, 'install_base': '/home/logan/exos_new_ws/install/chan', 'merge_install': False, 'path': '/home/logan/exos_new_ws/src/chan', 'symlink_install': False, 'test_result_base': None}
[0.878s] Level 5:colcon.colcon_core.verb:set package 'moveit' build argument 'cmake_args' from command line to 'None'
[0.879s] Level 5:colcon.colcon_core.verb:set package 'moveit' build argument 'cmake_target' from command line to 'None'
[0.879s] Level 5:colcon.colcon_core.verb:set package 'moveit' build argument 'cmake_target_skip_unavailable' from command line to 'False'
[0.879s] Level 5:colcon.colcon_core.verb:set package 'moveit' build argument 'cmake_clean_cache' from command line to 'False'
[0.879s] Level 5:colcon.colcon_core.verb:set package 'moveit' build argument 'cmake_clean_first' from command line to 'False'
[0.879s] Level 5:colcon.colcon_core.verb:set package 'moveit' build argument 'cmake_force_configure' from command line to 'False'
[0.879s] Level 5:colcon.colcon_core.verb:set package 'moveit' build argument 'ament_cmake_args' from command line to 'None'
[0.879s] Level 5:colcon.colcon_core.verb:set package 'moveit' build argument 'catkin_cmake_args' from command line to 'None'
[0.879s] Level 5:colcon.colcon_core.verb:set package 'moveit' build argument 'catkin_skip_building_tests' from command line to 'False'
[0.879s] DEBUG:colcon.colcon_core.verb:Building package 'moveit' with the following arguments: {'ament_cmake_args': None, 'build_base': '/home/logan/exos_new_ws/build/moveit', 'catkin_cmake_args': None, 'catkin_skip_building_tests': False, 'cmake_args': None, 'cmake_clean_cache': False, 'cmake_clean_first': False, 'cmake_force_configure': False, 'cmake_target': None, 'cmake_target_skip_unavailable': False, 'install_base': '/home/logan/exos_new_ws/install/moveit', 'merge_install': False, 'path': '/home/logan/exos_new_ws/src/moveit', 'symlink_install': False, 'test_result_base': None}
[0.880s] Level 5:colcon.colcon_core.verb:set package 'moveit_2' build argument 'cmake_args' from command line to 'None'
[0.880s] Level 5:colcon.colcon_core.verb:set package 'moveit_2' build argument 'cmake_target' from command line to 'None'
[0.880s] Level 5:colcon.colcon_core.verb:set package 'moveit_2' build argument 'cmake_target_skip_unavailable' from command line to 'False'
[0.880s] Level 5:colcon.colcon_core.verb:set package 'moveit_2' build argument 'cmake_clean_cache' from command line to 'False'
[0.880s] Level 5:colcon.colcon_core.verb:set package 'moveit_2' build argument 'cmake_clean_first' from command line to 'False'
[0.880s] Level 5:colcon.colcon_core.verb:set package 'moveit_2' build argument 'cmake_force_configure' from command line to 'False'
[0.880s] Level 5:colcon.colcon_core.verb:set package 'moveit_2' build argument 'ament_cmake_args' from command line to 'None'
[0.880s] Level 5:colcon.colcon_core.verb:set package 'moveit_2' build argument 'catkin_cmake_args' from command line to 'None'
[0.880s] Level 5:colcon.colcon_core.verb:set package 'moveit_2' build argument 'catkin_skip_building_tests' from command line to 'False'
[0.880s] DEBUG:colcon.colcon_core.verb:Building package 'moveit_2' with the following arguments: {'ament_cmake_args': None, 'build_base': '/home/logan/exos_new_ws/build/moveit_2', 'catkin_cmake_args': None, 'catkin_skip_building_tests': False, 'cmake_args': None, 'cmake_clean_cache': False, 'cmake_clean_first': False, 'cmake_force_configure': False, 'cmake_target': None, 'cmake_target_skip_unavailable': False, 'install_base': '/home/logan/exos_new_ws/install/moveit_2', 'merge_install': False, 'path': '/home/logan/exos_new_ws/src/moveit_2', 'symlink_install': False, 'test_result_base': None}
[0.881s] Level 5:colcon.colcon_core.verb:set package 'moveit_true' build argument 'cmake_args' from command line to 'None'
[0.881s] Level 5:colcon.colcon_core.verb:set package 'moveit_true' build argument 'cmake_target' from command line to 'None'
[0.881s] Level 5:colcon.colcon_core.verb:set package 'moveit_true' build argument 'cmake_target_skip_unavailable' from command line to 'False'
[0.881s] Level 5:colcon.colcon_core.verb:set package 'moveit_true' build argument 'cmake_clean_cache' from command line to 'False'
[0.881s] Level 5:colcon.colcon_core.verb:set package 'moveit_true' build argument 'cmake_clean_first' from command line to 'False'
[0.881s] Level 5:colcon.colcon_core.verb:set package 'moveit_true' build argument 'cmake_force_configure' from command line to 'False'
[0.881s] Level 5:colcon.colcon_core.verb:set package 'moveit_true' build argument 'ament_cmake_args' from command line to 'None'
[0.881s] Level 5:colcon.colcon_core.verb:set package 'moveit_true' build argument 'catkin_cmake_args' from command line to 'None'
[0.881s] Level 5:colcon.colcon_core.verb:set package 'moveit_true' build argument 'catkin_skip_building_tests' from command line to 'False'
[0.881s] DEBUG:colcon.colcon_core.verb:Building package 'moveit_true' with the following arguments: {'ament_cmake_args': None, 'build_base': '/home/logan/exos_new_ws/build/moveit_true', 'catkin_cmake_args': None, 'catkin_skip_building_tests': False, 'cmake_args': None, 'cmake_clean_cache': False, 'cmake_clean_first': False, 'cmake_force_configure': False, 'cmake_target': None, 'cmake_target_skip_unavailable': False, 'install_base': '/home/logan/exos_new_ws/install/moveit_true', 'merge_install': False, 'path': '/home/logan/exos_new_ws/src/moveit_true', 'symlink_install': False, 'test_result_base': None}
[0.881s] INFO:colcon.colcon_core.executor:Executing jobs using 'parallel' executor
[0.883s] DEBUG:colcon.colcon_parallel_executor.executor.parallel:run_until_complete
[0.884s] INFO:colcon.colcon_ros.task.ament_cmake.build:Building ROS package in '/home/logan/exos_new_ws/src/tongquan_sldasm' with build type 'ament_cmake'
[0.884s] INFO:colcon.colcon_cmake.task.cmake.build:Building CMake package in '/home/logan/exos_new_ws/src/tongquan_sldasm'
[0.888s] INFO:colcon.colcon_core.plugin_system:Skipping extension 'colcon_core.shell.bat': Not used on non-Windows systems
[0.888s] INFO:colcon.colcon_core.shell:Skip shell extension 'powershell' for command environment: Not usable outside of PowerShell
[0.888s] DEBUG:colcon.colcon_core.shell:Skip shell extension 'dsv' for command environment
[0.895s] INFO:colcon.colcon_ros.task.ament_cmake.build:Building ROS package in '/home/logan/exos_new_ws/src/control_exos' with build type 'ament_cmake'
[0.896s] INFO:colcon.colcon_cmake.task.cmake.build:Building CMake package in '/home/logan/exos_new_ws/src/control_exos'
[0.896s] INFO:colcon.colcon_core.shell:Skip shell extension 'powershell' for command environment: Not usable outside of PowerShell
[0.896s] DEBUG:colcon.colcon_core.shell:Skip shell extension 'dsv' for command environment
[0.912s] DEBUG:colcon.colcon_core.event_handler.log_command:Invoking command in '/home/logan/exos_new_ws/build/tongquan_sldasm': CMAKE_PREFIX_PATH=/opt/ros/humble /usr/bin/cmake --build /home/logan/exos_new_ws/build/tongquan_sldasm -- -j12 -l12
[0.916s] DEBUG:colcon.colcon_core.event_handler.log_command:Invoking command in '/home/logan/exos_new_ws/build/control_exos': CMAKE_PREFIX_PATH=/opt/ros/humble /usr/bin/cmake --build /home/logan/exos_new_ws/build/control_exos -- -j12 -l12
[0.979s] DEBUG:colcon.colcon_core.event_handler.log_command:Invoked command in '/home/logan/exos_new_ws/build/control_exos' returned '0': CMAKE_PREFIX_PATH=/opt/ros/humble /usr/bin/cmake --build /home/logan/exos_new_ws/build/control_exos -- -j12 -l12
[0.980s] DEBUG:colcon.colcon_core.event_handler.log_command:Invoked command in '/home/logan/exos_new_ws/build/tongquan_sldasm' returned '0': CMAKE_PREFIX_PATH=/opt/ros/humble /usr/bin/cmake --build /home/logan/exos_new_ws/build/tongquan_sldasm -- -j12 -l12
[1.029s] DEBUG:colcon.colcon_core.event_handler.log_command:Invoking command in '/home/logan/exos_new_ws/build/tongquan_sldasm': CMAKE_PREFIX_PATH=/opt/ros/humble /usr/bin/cmake --install /home/logan/exos_new_ws/build/tongquan_sldasm
[1.031s] DEBUG:colcon.colcon_core.event_handler.log_command:Invoking command in '/home/logan/exos_new_ws/build/control_exos': CMAKE_PREFIX_PATH=/opt/ros/humble /usr/bin/cmake --install /home/logan/exos_new_ws/build/control_exos
[1.043s] Level 1:colcon.colcon_core.environment:create_environment_scripts_only(tongquan_sldasm)
[1.043s] DEBUG:colcon.colcon_core.event_handler.log_command:Invoked command in '/home/logan/exos_new_ws/build/tongquan_sldasm' returned '0': CMAKE_PREFIX_PATH=/opt/ros/humble /usr/bin/cmake --install /home/logan/exos_new_ws/build/tongquan_sldasm
[1.046s] Level 1:colcon.colcon_core.environment:checking '/home/logan/exos_new_ws/install/tongquan_sldasm' for CMake module files
[1.047s] Level 1:colcon.colcon_core.environment:checking '/home/logan/exos_new_ws/install/tongquan_sldasm' for CMake config files
[1.047s] Level 1:colcon.colcon_core.shell:create_environment_hook('tongquan_sldasm', 'cmake_prefix_path')
[1.047s] INFO:colcon.colcon_core.shell:Creating environment hook '/home/logan/exos_new_ws/install/tongquan_sldasm/share/tongquan_sldasm/hook/cmake_prefix_path.ps1'
[1.048s] INFO:colcon.colcon_core.shell:Creating environment descriptor '/home/logan/exos_new_ws/install/tongquan_sldasm/share/tongquan_sldasm/hook/cmake_prefix_path.dsv'
[1.051s] INFO:colcon.colcon_core.shell:Creating environment hook '/home/logan/exos_new_ws/install/tongquan_sldasm/share/tongquan_sldasm/hook/cmake_prefix_path.sh'
[1.052s] Level 1:colcon.colcon_core.environment:checking '/home/logan/exos_new_ws/install/tongquan_sldasm/bin'
[1.053s] Level 1:colcon.colcon_core.environment:checking '/home/logan/exos_new_ws/install/tongquan_sldasm/lib/pkgconfig/tongquan_sldasm.pc'
[1.053s] Level 1:colcon.colcon_core.environment:checking '/home/logan/exos_new_ws/install/tongquan_sldasm/lib/python3.10/site-packages'
[1.053s] Level 1:colcon.colcon_core.environment:checking '/home/logan/exos_new_ws/install/tongquan_sldasm/bin'
[1.054s] INFO:colcon.colcon_core.shell:Creating package script '/home/logan/exos_new_ws/install/tongquan_sldasm/share/tongquan_sldasm/package.ps1'
[1.055s] INFO:colcon.colcon_core.shell:Creating package descriptor '/home/logan/exos_new_ws/install/tongquan_sldasm/share/tongquan_sldasm/package.dsv'
[1.055s] INFO:colcon.colcon_core.shell:Creating package script '/home/logan/exos_new_ws/install/tongquan_sldasm/share/tongquan_sldasm/package.sh'
[1.056s] INFO:colcon.colcon_core.shell:Creating package script '/home/logan/exos_new_ws/install/tongquan_sldasm/share/tongquan_sldasm/package.bash'
[1.057s] INFO:colcon.colcon_core.shell:Creating package script '/home/logan/exos_new_ws/install/tongquan_sldasm/share/tongquan_sldasm/package.zsh'
[1.058s] Level 1:colcon.colcon_core.environment:create_file_with_runtime_dependencies(/home/logan/exos_new_ws/install/tongquan_sldasm/share/colcon-core/packages/tongquan_sldasm)
[1.060s] Level 1:colcon.colcon_core.environment:create_environment_scripts_only(control_exos)
[1.060s] Level 1:colcon.colcon_core.environment:checking '/home/logan/exos_new_ws/install/control_exos' for CMake module files
[1.061s] DEBUG:colcon.colcon_core.event_handler.log_command:Invoked command in '/home/logan/exos_new_ws/build/control_exos' returned '0': CMAKE_PREFIX_PATH=/opt/ros/humble /usr/bin/cmake --install /home/logan/exos_new_ws/build/control_exos
[1.061s] Level 1:colcon.colcon_core.environment:checking '/home/logan/exos_new_ws/install/control_exos' for CMake config files
[1.061s] Level 1:colcon.colcon_core.shell:create_environment_hook('control_exos', 'cmake_prefix_path')
[1.062s] INFO:colcon.colcon_core.shell:Creating environment hook '/home/logan/exos_new_ws/install/control_exos/share/control_exos/hook/cmake_prefix_path.ps1'
[1.062s] INFO:colcon.colcon_core.shell:Creating environment descriptor '/home/logan/exos_new_ws/install/control_exos/share/control_exos/hook/cmake_prefix_path.dsv'
[1.062s] INFO:colcon.colcon_core.shell:Creating environment hook '/home/logan/exos_new_ws/install/control_exos/share/control_exos/hook/cmake_prefix_path.sh'
[1.063s] Level 1:colcon.colcon_core.environment:checking '/home/logan/exos_new_ws/install/control_exos/lib'
[1.063s] Level 1:colcon.colcon_core.environment:checking '/home/logan/exos_new_ws/install/control_exos/bin'
[1.063s] Level 1:colcon.colcon_core.environment:checking '/home/logan/exos_new_ws/install/control_exos/lib/pkgconfig/control_exos.pc'
[1.064s] Level 1:colcon.colcon_core.environment:checking '/home/logan/exos_new_ws/install/control_exos/lib/python3.10/site-packages'
[1.064s] Level 1:colcon.colcon_core.environment:checking '/home/logan/exos_new_ws/install/control_exos/bin'
[1.064s] INFO:colcon.colcon_core.shell:Creating package script '/home/logan/exos_new_ws/install/control_exos/share/control_exos/package.ps1'
[1.065s] INFO:colcon.colcon_core.shell:Creating package descriptor '/home/logan/exos_new_ws/install/control_exos/share/control_exos/package.dsv'
[1.065s] INFO:colcon.colcon_core.shell:Creating package script '/home/logan/exos_new_ws/install/control_exos/share/control_exos/package.sh'
[1.066s] INFO:colcon.colcon_core.shell:Creating package script '/home/logan/exos_new_ws/install/control_exos/share/control_exos/package.bash'
[1.066s] INFO:colcon.colcon_core.shell:Creating package script '/home/logan/exos_new_ws/install/control_exos/share/control_exos/package.zsh'
[1.066s] Level 1:colcon.colcon_core.environment:create_file_with_runtime_dependencies(/home/logan/exos_new_ws/install/control_exos/share/colcon-core/packages/control_exos)
[1.099s] Level 1:colcon.colcon_core.environment:create_environment_scripts_only(control_exos)
[1.099s] Level 1:colcon.colcon_core.environment:checking '/home/logan/exos_new_ws/install/control_exos' for CMake module files
[1.100s] Level 1:colcon.colcon_core.environment:checking '/home/logan/exos_new_ws/install/control_exos' for CMake config files
[1.100s] Level 1:colcon.colcon_core.shell:create_environment_hook('control_exos', 'cmake_prefix_path')
[1.100s] INFO:colcon.colcon_core.shell:Creating environment hook '/home/logan/exos_new_ws/install/control_exos/share/control_exos/hook/cmake_prefix_path.ps1'
[1.101s] INFO:colcon.colcon_core.shell:Creating environment descriptor '/home/logan/exos_new_ws/install/control_exos/share/control_exos/hook/cmake_prefix_path.dsv'
[1.101s] INFO:colcon.colcon_core.shell:Creating environment hook '/home/logan/exos_new_ws/install/control_exos/share/control_exos/hook/cmake_prefix_path.sh'
[1.102s] Level 1:colcon.colcon_core.environment:checking '/home/logan/exos_new_ws/install/control_exos/lib'
[1.102s] Level 1:colcon.colcon_core.environment:checking '/home/logan/exos_new_ws/install/control_exos/bin'
[1.102s] Level 1:colcon.colcon_core.environment:checking '/home/logan/exos_new_ws/install/control_exos/lib/pkgconfig/control_exos.pc'
[1.102s] Level 1:colcon.colcon_core.environment:checking '/home/logan/exos_new_ws/install/control_exos/lib/python3.10/site-packages'
[1.102s] Level 1:colcon.colcon_core.environment:checking '/home/logan/exos_new_ws/install/control_exos/bin'
[1.103s] INFO:colcon.colcon_core.shell:Creating package script '/home/logan/exos_new_ws/install/control_exos/share/control_exos/package.ps1'
[1.103s] INFO:colcon.colcon_core.shell:Creating package descriptor '/home/logan/exos_new_ws/install/control_exos/share/control_exos/package.dsv'
[1.104s] INFO:colcon.colcon_core.shell:Creating package script '/home/logan/exos_new_ws/install/control_exos/share/control_exos/package.sh'
[1.104s] INFO:colcon.colcon_core.shell:Creating package script '/home/logan/exos_new_ws/install/control_exos/share/control_exos/package.bash'
[1.105s] INFO:colcon.colcon_core.shell:Creating package script '/home/logan/exos_new_ws/install/control_exos/share/control_exos/package.zsh'
[1.105s] Level 1:colcon.colcon_core.environment:create_file_with_runtime_dependencies(/home/logan/exos_new_ws/install/control_exos/share/colcon-core/packages/control_exos)
[1.107s] Level 1:colcon.colcon_core.environment:create_environment_scripts_only(tongquan_sldasm)
[1.107s] Level 1:colcon.colcon_core.environment:checking '/home/logan/exos_new_ws/install/tongquan_sldasm' for CMake module files
[1.108s] Level 1:colcon.colcon_core.environment:checking '/home/logan/exos_new_ws/install/tongquan_sldasm' for CMake config files
[1.108s] Level 1:colcon.colcon_core.shell:create_environment_hook('tongquan_sldasm', 'cmake_prefix_path')
[1.108s] INFO:colcon.colcon_core.shell:Creating environment hook '/home/logan/exos_new_ws/install/tongquan_sldasm/share/tongquan_sldasm/hook/cmake_prefix_path.ps1'
[1.109s] INFO:colcon.colcon_core.shell:Creating environment descriptor '/home/logan/exos_new_ws/install/tongquan_sldasm/share/tongquan_sldasm/hook/cmake_prefix_path.dsv'
[1.109s] INFO:colcon.colcon_core.shell:Creating environment hook '/home/logan/exos_new_ws/install/tongquan_sldasm/share/tongquan_sldasm/hook/cmake_prefix_path.sh'
[1.110s] Level 1:colcon.colcon_core.environment:checking '/home/logan/exos_new_ws/install/tongquan_sldasm/bin'
[1.110s] Level 1:colcon.colcon_core.environment:checking '/home/logan/exos_new_ws/install/tongquan_sldasm/lib/pkgconfig/tongquan_sldasm.pc'
[1.110s] Level 1:colcon.colcon_core.environment:checking '/home/logan/exos_new_ws/install/tongquan_sldasm/lib/python3.10/site-packages'
[1.110s] Level 1:colcon.colcon_core.environment:checking '/home/logan/exos_new_ws/install/tongquan_sldasm/bin'
[1.110s] INFO:colcon.colcon_core.shell:Creating package script '/home/logan/exos_new_ws/install/tongquan_sldasm/share/tongquan_sldasm/package.ps1'
[1.111s] INFO:colcon.colcon_core.shell:Creating package descriptor '/home/logan/exos_new_ws/install/tongquan_sldasm/share/tongquan_sldasm/package.dsv'
[1.111s] INFO:colcon.colcon_core.shell:Creating package script '/home/logan/exos_new_ws/install/tongquan_sldasm/share/tongquan_sldasm/package.sh'
[1.112s] INFO:colcon.colcon_core.shell:Creating package script '/home/logan/exos_new_ws/install/tongquan_sldasm/share/tongquan_sldasm/package.bash'
[1.112s] INFO:colcon.colcon_core.shell:Creating package script '/home/logan/exos_new_ws/install/tongquan_sldasm/share/tongquan_sldasm/package.zsh'
[1.113s] Level 1:colcon.colcon_core.environment:create_file_with_runtime_dependencies(/home/logan/exos_new_ws/install/tongquan_sldasm/share/colcon-core/packages/tongquan_sldasm)
[1.113s] INFO:colcon.colcon_ros.task.ament_cmake.build:Building ROS package in '/home/logan/exos_new_ws/src/chan' with build type 'ament_cmake'
[1.114s] INFO:colcon.colcon_cmake.task.cmake.build:Building CMake package in '/home/logan/exos_new_ws/src/chan'
[1.114s] INFO:colcon.colcon_core.shell:Skip shell extension 'powershell' for command environment: Not usable outside of PowerShell
[1.114s] DEBUG:colcon.colcon_core.shell:Skip shell extension 'dsv' for command environment
[1.118s] INFO:colcon.colcon_ros.task.ament_cmake.build:Building ROS package in '/home/logan/exos_new_ws/src/moveit' with build type 'ament_cmake'
[1.118s] INFO:colcon.colcon_cmake.task.cmake.build:Building CMake package in '/home/logan/exos_new_ws/src/moveit'
[1.119s] INFO:colcon.colcon_core.shell:Skip shell extension 'powershell' for command environment: Not usable outside of PowerShell
[1.119s] DEBUG:colcon.colcon_core.shell:Skip shell extension 'dsv' for command environment
[1.123s] INFO:colcon.colcon_ros.task.ament_cmake.build:Building ROS package in '/home/logan/exos_new_ws/src/moveit_2' with build type 'ament_cmake'
[1.123s] INFO:colcon.colcon_cmake.task.cmake.build:Building CMake package in '/home/logan/exos_new_ws/src/moveit_2'
[1.123s] INFO:colcon.colcon_core.shell:Skip shell extension 'powershell' for command environment: Not usable outside of PowerShell
[1.123s] DEBUG:colcon.colcon_core.shell:Skip shell extension 'dsv' for command environment
[1.127s] INFO:colcon.colcon_ros.task.ament_cmake.build:Building ROS package in '/home/logan/exos_new_ws/src/moveit_true' with build type 'ament_cmake'
[1.127s] INFO:colcon.colcon_cmake.task.cmake.build:Building CMake package in '/home/logan/exos_new_ws/src/moveit_true'
[1.128s] INFO:colcon.colcon_core.shell:Skip shell extension 'powershell' for command environment: Not usable outside of PowerShell
[1.128s] DEBUG:colcon.colcon_core.shell:Skip shell extension 'dsv' for command environment
[1.137s] DEBUG:colcon.colcon_core.event_handler.log_command:Invoking command in '/home/logan/exos_new_ws/build/chan': AMENT_PREFIX_PATH=/home/logan/exos_new_ws/install/tongquan_sldasm:${AMENT_PREFIX_PATH} CMAKE_PREFIX_PATH=/home/logan/exos_new_ws/install/tongquan_sldasm:/opt/ros/humble /usr/bin/cmake --build /home/logan/exos_new_ws/build/chan -- -j12 -l12
[1.141s] DEBUG:colcon.colcon_core.event_handler.log_command:Invoking command in '/home/logan/exos_new_ws/build/moveit': AMENT_PREFIX_PATH=/home/logan/exos_new_ws/install/tongquan_sldasm:${AMENT_PREFIX_PATH} CMAKE_PREFIX_PATH=/home/logan/exos_new_ws/install/tongquan_sldasm:/opt/ros/humble /usr/bin/cmake --build /home/logan/exos_new_ws/build/moveit -- -j12 -l12
[1.145s] DEBUG:colcon.colcon_core.event_handler.log_command:Invoking command in '/home/logan/exos_new_ws/build/moveit_2': AMENT_PREFIX_PATH=/home/logan/exos_new_ws/install/tongquan_sldasm:${AMENT_PREFIX_PATH} CMAKE_PREFIX_PATH=/home/logan/exos_new_ws/install/tongquan_sldasm:/opt/ros/humble /usr/bin/cmake --build /home/logan/exos_new_ws/build/moveit_2 -- -j12 -l12
[1.149s] DEBUG:colcon.colcon_core.event_handler.log_command:Invoking command in '/home/logan/exos_new_ws/build/moveit_true': AMENT_PREFIX_PATH=/home/logan/exos_new_ws/install/tongquan_sldasm:${AMENT_PREFIX_PATH} CMAKE_PREFIX_PATH=/home/logan/exos_new_ws/install/tongquan_sldasm:/opt/ros/humble /usr/bin/cmake --build /home/logan/exos_new_ws/build/moveit_true -- -j12 -l12
[1.191s] DEBUG:colcon.colcon_core.event_handler.log_command:Invoked command in '/home/logan/exos_new_ws/build/moveit' returned '0': AMENT_PREFIX_PATH=/home/logan/exos_new_ws/install/tongquan_sldasm:${AMENT_PREFIX_PATH} CMAKE_PREFIX_PATH=/home/logan/exos_new_ws/install/tongquan_sldasm:/opt/ros/humble /usr/bin/cmake --build /home/logan/exos_new_ws/build/moveit -- -j12 -l12
[1.206s] DEBUG:colcon.colcon_core.event_handler.log_command:Invoked command in '/home/logan/exos_new_ws/build/chan' returned '0': AMENT_PREFIX_PATH=/home/logan/exos_new_ws/install/tongquan_sldasm:${AMENT_PREFIX_PATH} CMAKE_PREFIX_PATH=/home/logan/exos_new_ws/install/tongquan_sldasm:/opt/ros/humble /usr/bin/cmake --build /home/logan/exos_new_ws/build/chan -- -j12 -l12
[1.213s] DEBUG:colcon.colcon_core.event_handler.log_command:Invoked command in '/home/logan/exos_new_ws/build/moveit_2' returned '0': AMENT_PREFIX_PATH=/home/logan/exos_new_ws/install/tongquan_sldasm:${AMENT_PREFIX_PATH} CMAKE_PREFIX_PATH=/home/logan/exos_new_ws/install/tongquan_sldasm:/opt/ros/humble /usr/bin/cmake --build /home/logan/exos_new_ws/build/moveit_2 -- -j12 -l12
[1.222s] DEBUG:colcon.colcon_core.event_handler.log_command:Invoked command in '/home/logan/exos_new_ws/build/moveit_true' returned '0': AMENT_PREFIX_PATH=/home/logan/exos_new_ws/install/tongquan_sldasm:${AMENT_PREFIX_PATH} CMAKE_PREFIX_PATH=/home/logan/exos_new_ws/install/tongquan_sldasm:/opt/ros/humble /usr/bin/cmake --build /home/logan/exos_new_ws/build/moveit_true -- -j12 -l12
[1.232s] DEBUG:colcon.colcon_core.event_handler.log_command:Invoking command in '/home/logan/exos_new_ws/build/moveit': AMENT_PREFIX_PATH=/home/logan/exos_new_ws/install/tongquan_sldasm:${AMENT_PREFIX_PATH} CMAKE_PREFIX_PATH=/home/logan/exos_new_ws/install/tongquan_sldasm:/opt/ros/humble /usr/bin/cmake --install /home/logan/exos_new_ws/build/moveit
[1.242s] DEBUG:colcon.colcon_core.event_handler.log_command:Invoking command in '/home/logan/exos_new_ws/build/chan': AMENT_PREFIX_PATH=/home/logan/exos_new_ws/install/tongquan_sldasm:${AMENT_PREFIX_PATH} CMAKE_PREFIX_PATH=/home/logan/exos_new_ws/install/tongquan_sldasm:/opt/ros/humble /usr/bin/cmake --install /home/logan/exos_new_ws/build/chan
[1.249s] DEBUG:colcon.colcon_core.event_handler.log_command:Invoking command in '/home/logan/exos_new_ws/build/moveit_2': AMENT_PREFIX_PATH=/home/logan/exos_new_ws/install/tongquan_sldasm:${AMENT_PREFIX_PATH} CMAKE_PREFIX_PATH=/home/logan/exos_new_ws/install/tongquan_sldasm:/opt/ros/humble /usr/bin/cmake --install /home/logan/exos_new_ws/build/moveit_2
[1.262s] Level 1:colcon.colcon_core.environment:create_environment_scripts_only(chan)
[1.263s] Level 1:colcon.colcon_core.environment:checking '/home/logan/exos_new_ws/install/chan' for CMake module files
[1.265s] Level 1:colcon.colcon_core.environment:checking '/home/logan/exos_new_ws/install/chan' for CMake config files
[1.269s] DEBUG:colcon.colcon_core.event_handler.log_command:Invoking command in '/home/logan/exos_new_ws/build/moveit_true': AMENT_PREFIX_PATH=/home/logan/exos_new_ws/install/tongquan_sldasm:${AMENT_PREFIX_PATH} CMAKE_PREFIX_PATH=/home/logan/exos_new_ws/install/tongquan_sldasm:/opt/ros/humble /usr/bin/cmake --install /home/logan/exos_new_ws/build/moveit_true
[1.269s] DEBUG:colcon.colcon_core.event_handler.log_command:Invoked command in '/home/logan/exos_new_ws/build/chan' returned '0': AMENT_PREFIX_PATH=/home/logan/exos_new_ws/install/tongquan_sldasm:${AMENT_PREFIX_PATH} CMAKE_PREFIX_PATH=/home/logan/exos_new_ws/install/tongquan_sldasm:/opt/ros/humble /usr/bin/cmake --install /home/logan/exos_new_ws/build/chan
[1.274s] Level 1:colcon.colcon_core.shell:create_environment_hook('chan', 'cmake_prefix_path')
[1.274s] INFO:colcon.colcon_core.shell:Creating environment hook '/home/logan/exos_new_ws/install/chan/share/chan/hook/cmake_prefix_path.ps1'
[1.274s] INFO:colcon.colcon_core.shell:Creating environment descriptor '/home/logan/exos_new_ws/install/chan/share/chan/hook/cmake_prefix_path.dsv'
[1.275s] INFO:colcon.colcon_core.shell:Creating environment hook '/home/logan/exos_new_ws/install/chan/share/chan/hook/cmake_prefix_path.sh'
[1.276s] Level 1:colcon.colcon_core.environment:checking '/home/logan/exos_new_ws/install/chan/bin'
[1.276s] Level 1:colcon.colcon_core.environment:checking '/home/logan/exos_new_ws/install/chan/lib/pkgconfig/chan.pc'
[1.276s] Level 1:colcon.colcon_core.environment:checking '/home/logan/exos_new_ws/install/chan/lib/python3.10/site-packages'
[1.276s] Level 1:colcon.colcon_core.environment:checking '/home/logan/exos_new_ws/install/chan/bin'
[1.277s] INFO:colcon.colcon_core.shell:Creating package script '/home/logan/exos_new_ws/install/chan/share/chan/package.ps1'
[1.280s] INFO:colcon.colcon_core.shell:Creating package descriptor '/home/logan/exos_new_ws/install/chan/share/chan/package.dsv'
[1.282s] INFO:colcon.colcon_core.shell:Creating package script '/home/logan/exos_new_ws/install/chan/share/chan/package.sh'
[1.282s] INFO:colcon.colcon_core.shell:Creating package script '/home/logan/exos_new_ws/install/chan/share/chan/package.bash'
[1.283s] INFO:colcon.colcon_core.shell:Creating package script '/home/logan/exos_new_ws/install/chan/share/chan/package.zsh'
[1.283s] Level 1:colcon.colcon_core.environment:create_file_with_runtime_dependencies(/home/logan/exos_new_ws/install/chan/share/colcon-core/packages/chan)
[1.285s] Level 1:colcon.colcon_core.environment:create_environment_scripts_only(moveit)
[1.285s] Level 1:colcon.colcon_core.environment:checking '/home/logan/exos_new_ws/install/moveit' for CMake module files
[1.286s] DEBUG:colcon.colcon_core.event_handler.log_command:Invoked command in '/home/logan/exos_new_ws/build/moveit' returned '0': AMENT_PREFIX_PATH=/home/logan/exos_new_ws/install/tongquan_sldasm:${AMENT_PREFIX_PATH} CMAKE_PREFIX_PATH=/home/logan/exos_new_ws/install/tongquan_sldasm:/opt/ros/humble /usr/bin/cmake --install /home/logan/exos_new_ws/build/moveit
[1.287s] Level 1:colcon.colcon_core.environment:checking '/home/logan/exos_new_ws/install/moveit' for CMake config files
[1.287s] Level 1:colcon.colcon_core.shell:create_environment_hook('moveit', 'cmake_prefix_path')
[1.287s] INFO:colcon.colcon_core.shell:Creating environment hook '/home/logan/exos_new_ws/install/moveit/share/moveit/hook/cmake_prefix_path.ps1'
[1.288s] INFO:colcon.colcon_core.shell:Creating environment descriptor '/home/logan/exos_new_ws/install/moveit/share/moveit/hook/cmake_prefix_path.dsv'
[1.288s] INFO:colcon.colcon_core.shell:Creating environment hook '/home/logan/exos_new_ws/install/moveit/share/moveit/hook/cmake_prefix_path.sh'
[1.289s] Level 1:colcon.colcon_core.environment:checking '/home/logan/exos_new_ws/install/moveit/bin'
[1.289s] Level 1:colcon.colcon_core.environment:checking '/home/logan/exos_new_ws/install/moveit/lib/pkgconfig/moveit.pc'
[1.289s] Level 1:colcon.colcon_core.environment:checking '/home/logan/exos_new_ws/install/moveit/lib/python3.10/site-packages'
[1.289s] Level 1:colcon.colcon_core.environment:checking '/home/logan/exos_new_ws/install/moveit/bin'
[1.290s] INFO:colcon.colcon_core.shell:Creating package script '/home/logan/exos_new_ws/install/moveit/share/moveit/package.ps1'
[1.290s] INFO:colcon.colcon_core.shell:Creating package descriptor '/home/logan/exos_new_ws/install/moveit/share/moveit/package.dsv'
[1.291s] INFO:colcon.colcon_core.shell:Creating package script '/home/logan/exos_new_ws/install/moveit/share/moveit/package.sh'
[1.291s] INFO:colcon.colcon_core.shell:Creating package script '/home/logan/exos_new_ws/install/moveit/share/moveit/package.bash'
[1.292s] INFO:colcon.colcon_core.shell:Creating package script '/home/logan/exos_new_ws/install/moveit/share/moveit/package.zsh'
[1.292s] Level 1:colcon.colcon_core.environment:create_file_with_runtime_dependencies(/home/logan/exos_new_ws/install/moveit/share/colcon-core/packages/moveit)
[1.295s] Level 1:colcon.colcon_core.environment:create_environment_scripts_only(moveit_true)
[1.295s] Level 1:colcon.colcon_core.environment:checking '/home/logan/exos_new_ws/install/moveit_true' for CMake module files
[1.296s] DEBUG:colcon.colcon_core.event_handler.log_command:Invoked command in '/home/logan/exos_new_ws/build/moveit_true' returned '0': AMENT_PREFIX_PATH=/home/logan/exos_new_ws/install/tongquan_sldasm:${AMENT_PREFIX_PATH} CMAKE_PREFIX_PATH=/home/logan/exos_new_ws/install/tongquan_sldasm:/opt/ros/humble /usr/bin/cmake --install /home/logan/exos_new_ws/build/moveit_true
[1.296s] Level 1:colcon.colcon_core.environment:checking '/home/logan/exos_new_ws/install/moveit_true' for CMake config files
[1.297s] Level 1:colcon.colcon_core.shell:create_environment_hook('moveit_true', 'cmake_prefix_path')
[1.297s] INFO:colcon.colcon_core.shell:Creating environment hook '/home/logan/exos_new_ws/install/moveit_true/share/moveit_true/hook/cmake_prefix_path.ps1'
[1.298s] INFO:colcon.colcon_core.shell:Creating environment descriptor '/home/logan/exos_new_ws/install/moveit_true/share/moveit_true/hook/cmake_prefix_path.dsv'
[1.298s] INFO:colcon.colcon_core.shell:Creating environment hook '/home/logan/exos_new_ws/install/moveit_true/share/moveit_true/hook/cmake_prefix_path.sh'
[1.299s] Level 1:colcon.colcon_core.environment:checking '/home/logan/exos_new_ws/install/moveit_true/bin'
[1.299s] Level 1:colcon.colcon_core.environment:checking '/home/logan/exos_new_ws/install/moveit_true/lib/pkgconfig/moveit_true.pc'
[1.299s] Level 1:colcon.colcon_core.environment:checking '/home/logan/exos_new_ws/install/moveit_true/lib/python3.10/site-packages'
[1.299s] Level 1:colcon.colcon_core.environment:checking '/home/logan/exos_new_ws/install/moveit_true/bin'
[1.299s] INFO:colcon.colcon_core.shell:Creating package script '/home/logan/exos_new_ws/install/moveit_true/share/moveit_true/package.ps1'
[1.300s] INFO:colcon.colcon_core.shell:Creating package descriptor '/home/logan/exos_new_ws/install/moveit_true/share/moveit_true/package.dsv'
[1.300s] INFO:colcon.colcon_core.shell:Creating package script '/home/logan/exos_new_ws/install/moveit_true/share/moveit_true/package.sh'
[1.301s] INFO:colcon.colcon_core.shell:Creating package script '/home/logan/exos_new_ws/install/moveit_true/share/moveit_true/package.bash'
[1.301s] INFO:colcon.colcon_core.shell:Creating package script '/home/logan/exos_new_ws/install/moveit_true/share/moveit_true/package.zsh'
[1.302s] Level 1:colcon.colcon_core.environment:create_file_with_runtime_dependencies(/home/logan/exos_new_ws/install/moveit_true/share/colcon-core/packages/moveit_true)
[1.303s] Level 1:colcon.colcon_core.environment:create_environment_scripts_only(moveit_2)
[1.303s] DEBUG:colcon.colcon_core.event_handler.log_command:Invoked command in '/home/logan/exos_new_ws/build/moveit_2' returned '0': AMENT_PREFIX_PATH=/home/logan/exos_new_ws/install/tongquan_sldasm:${AMENT_PREFIX_PATH} CMAKE_PREFIX_PATH=/home/logan/exos_new_ws/install/tongquan_sldasm:/opt/ros/humble /usr/bin/cmake --install /home/logan/exos_new_ws/build/moveit_2
[1.304s] Level 1:colcon.colcon_core.environment:checking '/home/logan/exos_new_ws/install/moveit_2' for CMake module files
[1.305s] Level 1:colcon.colcon_core.environment:checking '/home/logan/exos_new_ws/install/moveit_2' for CMake config files
[1.306s] Level 1:colcon.colcon_core.shell:create_environment_hook('moveit_2', 'cmake_prefix_path')
[1.306s] INFO:colcon.colcon_core.shell:Creating environment hook '/home/logan/exos_new_ws/install/moveit_2/share/moveit_2/hook/cmake_prefix_path.ps1'
[1.307s] INFO:colcon.colcon_core.shell:Creating environment descriptor '/home/logan/exos_new_ws/install/moveit_2/share/moveit_2/hook/cmake_prefix_path.dsv'
[1.308s] INFO:colcon.colcon_core.shell:Creating environment hook '/home/logan/exos_new_ws/install/moveit_2/share/moveit_2/hook/cmake_prefix_path.sh'
[1.309s] Level 1:colcon.colcon_core.environment:checking '/home/logan/exos_new_ws/install/moveit_2/bin'
[1.309s] Level 1:colcon.colcon_core.environment:checking '/home/logan/exos_new_ws/install/moveit_2/lib/pkgconfig/moveit_2.pc'
[1.309s] Level 1:colcon.colcon_core.environment:checking '/home/logan/exos_new_ws/install/moveit_2/lib/python3.10/site-packages'
[1.310s] Level 1:colcon.colcon_core.environment:checking '/home/logan/exos_new_ws/install/moveit_2/bin'
[1.311s] INFO:colcon.colcon_core.shell:Creating package script '/home/logan/exos_new_ws/install/moveit_2/share/moveit_2/package.ps1'
[1.311s] INFO:colcon.colcon_core.shell:Creating package descriptor '/home/logan/exos_new_ws/install/moveit_2/share/moveit_2/package.dsv'
[1.312s] INFO:colcon.colcon_core.shell:Creating package script '/home/logan/exos_new_ws/install/moveit_2/share/moveit_2/package.sh'
[1.313s] INFO:colcon.colcon_core.shell:Creating package script '/home/logan/exos_new_ws/install/moveit_2/share/moveit_2/package.bash'
[1.314s] INFO:colcon.colcon_core.shell:Creating package script '/home/logan/exos_new_ws/install/moveit_2/share/moveit_2/package.zsh'
[1.314s] Level 1:colcon.colcon_core.environment:create_file_with_runtime_dependencies(/home/logan/exos_new_ws/install/moveit_2/share/colcon-core/packages/moveit_2)
[1.325s] Level 1:colcon.colcon_core.environment:create_environment_scripts_only(moveit)
[1.326s] Level 1:colcon.colcon_core.environment:checking '/home/logan/exos_new_ws/install/moveit' for CMake module files
[1.326s] Level 1:colcon.colcon_core.environment:checking '/home/logan/exos_new_ws/install/moveit' for CMake config files
[1.327s] Level 1:colcon.colcon_core.shell:create_environment_hook('moveit', 'cmake_prefix_path')
[1.327s] INFO:colcon.colcon_core.shell:Creating environment hook '/home/logan/exos_new_ws/install/moveit/share/moveit/hook/cmake_prefix_path.ps1'
[1.328s] INFO:colcon.colcon_core.shell:Creating environment descriptor '/home/logan/exos_new_ws/install/moveit/share/moveit/hook/cmake_prefix_path.dsv'
[1.328s] INFO:colcon.colcon_core.shell:Creating environment hook '/home/logan/exos_new_ws/install/moveit/share/moveit/hook/cmake_prefix_path.sh'
[1.329s] Level 1:colcon.colcon_core.environment:checking '/home/logan/exos_new_ws/install/moveit/bin'
[1.329s] Level 1:colcon.colcon_core.environment:checking '/home/logan/exos_new_ws/install/moveit/lib/pkgconfig/moveit.pc'
[1.329s] Level 1:colcon.colcon_core.environment:checking '/home/logan/exos_new_ws/install/moveit/lib/python3.10/site-packages'
[1.330s] Level 1:colcon.colcon_core.environment:checking '/home/logan/exos_new_ws/install/moveit/bin'
[1.330s] INFO:colcon.colcon_core.shell:Creating package script '/home/logan/exos_new_ws/install/moveit/share/moveit/package.ps1'
[1.331s] INFO:colcon.colcon_core.shell:Creating package descriptor '/home/logan/exos_new_ws/install/moveit/share/moveit/package.dsv'
[1.331s] INFO:colcon.colcon_core.shell:Creating package script '/home/logan/exos_new_ws/install/moveit/share/moveit/package.sh'
[1.332s] INFO:colcon.colcon_core.shell:Creating package script '/home/logan/exos_new_ws/install/moveit/share/moveit/package.bash'
[1.333s] INFO:colcon.colcon_core.shell:Creating package script '/home/logan/exos_new_ws/install/moveit/share/moveit/package.zsh'
[1.333s] Level 1:colcon.colcon_core.environment:create_file_with_runtime_dependencies(/home/logan/exos_new_ws/install/moveit/share/colcon-core/packages/moveit)
[1.335s] Level 1:colcon.colcon_core.environment:create_environment_scripts_only(chan)
[1.336s] Level 1:colcon.colcon_core.environment:checking '/home/logan/exos_new_ws/install/chan' for CMake module files
[1.338s] Level 1:colcon.colcon_core.environment:checking '/home/logan/exos_new_ws/install/chan' for CMake config files
[1.339s] Level 1:colcon.colcon_core.shell:create_environment_hook('chan', 'cmake_prefix_path')
[1.339s] INFO:colcon.colcon_core.shell:Creating environment hook '/home/logan/exos_new_ws/install/chan/share/chan/hook/cmake_prefix_path.ps1'
[1.340s] INFO:colcon.colcon_core.shell:Creating environment descriptor '/home/logan/exos_new_ws/install/chan/share/chan/hook/cmake_prefix_path.dsv'
[1.341s] INFO:colcon.colcon_core.shell:Creating environment hook '/home/logan/exos_new_ws/install/chan/share/chan/hook/cmake_prefix_path.sh'
[1.342s] Level 1:colcon.colcon_core.environment:checking '/home/logan/exos_new_ws/install/chan/bin'
[1.342s] Level 1:colcon.colcon_core.environment:checking '/home/logan/exos_new_ws/install/chan/lib/pkgconfig/chan.pc'
[1.343s] Level 1:colcon.colcon_core.environment:checking '/home/logan/exos_new_ws/install/chan/lib/python3.10/site-packages'
[1.343s] Level 1:colcon.colcon_core.environment:checking '/home/logan/exos_new_ws/install/chan/bin'
[1.344s] INFO:colcon.colcon_core.shell:Creating package script '/home/logan/exos_new_ws/install/chan/share/chan/package.ps1'
[1.345s] INFO:colcon.colcon_core.shell:Creating package descriptor '/home/logan/exos_new_ws/install/chan/share/chan/package.dsv'
[1.346s] INFO:colcon.colcon_core.shell:Creating package script '/home/logan/exos_new_ws/install/chan/share/chan/package.sh'
[1.347s] INFO:colcon.colcon_core.shell:Creating package script '/home/logan/exos_new_ws/install/chan/share/chan/package.bash'
[1.348s] INFO:colcon.colcon_core.shell:Creating package script '/home/logan/exos_new_ws/install/chan/share/chan/package.zsh'
[1.348s] Level 1:colcon.colcon_core.environment:create_file_with_runtime_dependencies(/home/logan/exos_new_ws/install/chan/share/colcon-core/packages/chan)
[1.351s] Level 1:colcon.colcon_core.environment:create_environment_scripts_only(moveit_true)
[1.351s] Level 1:colcon.colcon_core.environment:checking '/home/logan/exos_new_ws/install/moveit_true' for CMake module files
[1.353s] Level 1:colcon.colcon_core.environment:checking '/home/logan/exos_new_ws/install/moveit_true' for CMake config files
[1.353s] Level 1:colcon.colcon_core.shell:create_environment_hook('moveit_true', 'cmake_prefix_path')
[1.354s] INFO:colcon.colcon_core.shell:Creating environment hook '/home/logan/exos_new_ws/install/moveit_true/share/moveit_true/hook/cmake_prefix_path.ps1'
[1.355s] INFO:colcon.colcon_core.shell:Creating environment descriptor '/home/logan/exos_new_ws/install/moveit_true/share/moveit_true/hook/cmake_prefix_path.dsv'
[1.355s] INFO:colcon.colcon_core.shell:Creating environment hook '/home/logan/exos_new_ws/install/moveit_true/share/moveit_true/hook/cmake_prefix_path.sh'
[1.356s] Level 1:colcon.colcon_core.environment:checking '/home/logan/exos_new_ws/install/moveit_true/bin'
[1.356s] Level 1:colcon.colcon_core.environment:checking '/home/logan/exos_new_ws/install/moveit_true/lib/pkgconfig/moveit_true.pc'
[1.357s] Level 1:colcon.colcon_core.environment:checking '/home/logan/exos_new_ws/install/moveit_true/lib/python3.10/site-packages'
[1.357s] Level 1:colcon.colcon_core.environment:checking '/home/logan/exos_new_ws/install/moveit_true/bin'
[1.358s] INFO:colcon.colcon_core.shell:Creating package script '/home/logan/exos_new_ws/install/moveit_true/share/moveit_true/package.ps1'
[1.359s] INFO:colcon.colcon_core.shell:Creating package descriptor '/home/logan/exos_new_ws/install/moveit_true/share/moveit_true/package.dsv'
[1.360s] INFO:colcon.colcon_core.shell:Creating package script '/home/logan/exos_new_ws/install/moveit_true/share/moveit_true/package.sh'
[1.361s] INFO:colcon.colcon_core.shell:Creating package script '/home/logan/exos_new_ws/install/moveit_true/share/moveit_true/package.bash'
[1.362s] INFO:colcon.colcon_core.shell:Creating package script '/home/logan/exos_new_ws/install/moveit_true/share/moveit_true/package.zsh'
[1.362s] Level 1:colcon.colcon_core.environment:create_file_with_runtime_dependencies(/home/logan/exos_new_ws/install/moveit_true/share/colcon-core/packages/moveit_true)
[1.363s] Level 1:colcon.colcon_core.environment:create_environment_scripts_only(moveit_2)
[1.364s] Level 1:colcon.colcon_core.environment:checking '/home/logan/exos_new_ws/install/moveit_2' for CMake module files
[1.366s] Level 1:colcon.colcon_core.environment:checking '/home/logan/exos_new_ws/install/moveit_2' for CMake config files
[1.366s] Level 1:colcon.colcon_core.shell:create_environment_hook('moveit_2', 'cmake_prefix_path')
[1.367s] INFO:colcon.colcon_core.shell:Creating environment hook '/home/logan/exos_new_ws/install/moveit_2/share/moveit_2/hook/cmake_prefix_path.ps1'
[1.368s] INFO:colcon.colcon_core.shell:Creating environment descriptor '/home/logan/exos_new_ws/install/moveit_2/share/moveit_2/hook/cmake_prefix_path.dsv'
[1.369s] INFO:colcon.colcon_core.shell:Creating environment hook '/home/logan/exos_new_ws/install/moveit_2/share/moveit_2/hook/cmake_prefix_path.sh'
[1.370s] Level 1:colcon.colcon_core.environment:checking '/home/logan/exos_new_ws/install/moveit_2/bin'
[1.370s] Level 1:colcon.colcon_core.environment:checking '/home/logan/exos_new_ws/install/moveit_2/lib/pkgconfig/moveit_2.pc'
[1.370s] Level 1:colcon.colcon_core.environment:checking '/home/logan/exos_new_ws/install/moveit_2/lib/python3.10/site-packages'
[1.371s] Level 1:colcon.colcon_core.environment:checking '/home/logan/exos_new_ws/install/moveit_2/bin'
[1.371s] INFO:colcon.colcon_core.shell:Creating package script '/home/logan/exos_new_ws/install/moveit_2/share/moveit_2/package.ps1'
[1.372s] INFO:colcon.colcon_core.shell:Creating package descriptor '/home/logan/exos_new_ws/install/moveit_2/share/moveit_2/package.dsv'
[1.373s] INFO:colcon.colcon_core.shell:Creating package script '/home/logan/exos_new_ws/install/moveit_2/share/moveit_2/package.sh'
[1.374s] INFO:colcon.colcon_core.shell:Creating package script '/home/logan/exos_new_ws/install/moveit_2/share/moveit_2/package.bash'
[1.375s] INFO:colcon.colcon_core.shell:Creating package script '/home/logan/exos_new_ws/install/moveit_2/share/moveit_2/package.zsh'
[1.375s] Level 1:colcon.colcon_core.environment:create_file_with_runtime_dependencies(/home/logan/exos_new_ws/install/moveit_2/share/colcon-core/packages/moveit_2)
[1.376s] DEBUG:colcon.colcon_parallel_executor.executor.parallel:closing loop
[1.376s] DEBUG:colcon.colcon_parallel_executor.executor.parallel:loop closed
[1.377s] DEBUG:colcon.colcon_parallel_executor.executor.parallel:run_until_complete finished with '0'
[1.377s] DEBUG:colcon.colcon_core.event_reactor:joining thread
[1.387s] INFO:colcon.colcon_core.plugin_system:Skipping extension 'colcon_notification.desktop_notification.terminal_notifier': Not used on non-Darwin systems
[1.387s] INFO:colcon.colcon_core.plugin_system:Skipping extension 'colcon_notification.desktop_notification.win32': Not used on non-Windows systems
[1.387s] INFO:colcon.colcon_notification.desktop_notification:Sending desktop notification using 'notify2'
[1.398s] DEBUG:colcon.colcon_core.event_reactor:joined thread
[1.399s] INFO:colcon.colcon_core.shell:Creating prefix script '/home/logan/exos_new_ws/install/local_setup.ps1'
[1.401s] INFO:colcon.colcon_core.shell:Creating prefix util module '/home/logan/exos_new_ws/install/_local_setup_util_ps1.py'
[1.405s] INFO:colcon.colcon_core.shell:Creating prefix chain script '/home/logan/exos_new_ws/install/setup.ps1'
[1.407s] INFO:colcon.colcon_core.shell:Creating prefix script '/home/logan/exos_new_ws/install/local_setup.sh'
[1.409s] INFO:colcon.colcon_core.shell:Creating prefix util module '/home/logan/exos_new_ws/install/_local_setup_util_sh.py'
[1.410s] INFO:colcon.colcon_core.shell:Creating prefix chain script '/home/logan/exos_new_ws/install/setup.sh'
[1.412s] INFO:colcon.colcon_core.shell:Creating prefix script '/home/logan/exos_new_ws/install/local_setup.bash'
[1.413s] INFO:colcon.colcon_core.shell:Creating prefix chain script '/home/logan/exos_new_ws/install/setup.bash'
[1.415s] INFO:colcon.colcon_core.shell:Creating prefix script '/home/logan/exos_new_ws/install/local_setup.zsh'
[1.417s] INFO:colcon.colcon_core.shell:Creating prefix chain script '/home/logan/exos_new_ws/install/setup.zsh'
