[0.014s] Invoking command in '/home/logan/exos_new_ws/build/control_exos': /usr/bin/cmake --build /home/logan/exos_new_ws/build/control_exos -- -j12 -l12
[0.089s] Invoked command in '/home/logan/exos_new_ws/build/control_exos' returned '0': /usr/bin/cmake --build /home/logan/exos_new_ws/build/control_exos -- -j12 -l12
[0.130s] Invoking command in '/home/logan/exos_new_ws/build/control_exos': /usr/bin/cmake --install /home/logan/exos_new_ws/build/control_exos
[0.145s] -- Install configuration: ""
[0.146s] -- Up-to-date: /home/logan/exos_new_ws/install/control_exos/lib/control_exos/node_control.py
[0.147s] -- Up-to-date: /home/logan/exos_new_ws/install/control_exos/lib/control_exos/push_angle.py
[0.147s] -- Up-to-date: /home/logan/exos_new_ws/install/control_exos/lib/control_exos/node_control_true.py
[0.148s] -- Up-to-date: /home/logan/exos_new_ws/install/control_exos/lib/control_exos/contact_mc.py
[0.148s] -- Up-to-date: /home/logan/exos_new_ws/install/control_exos/share/ament_index/resource_index/package_run_dependencies/control_exos
[0.148s] -- Up-to-date: /home/logan/exos_new_ws/install/control_exos/share/ament_index/resource_index/parent_prefix_path/control_exos
[0.149s] -- Up-to-date: /home/logan/exos_new_ws/install/control_exos/share/control_exos/environment/ament_prefix_path.sh
[0.150s] -- Up-to-date: /home/logan/exos_new_ws/install/control_exos/share/control_exos/environment/ament_prefix_path.dsv
[0.150s] -- Up-to-date: /home/logan/exos_new_ws/install/control_exos/share/control_exos/environment/path.sh
[0.150s] -- Up-to-date: /home/logan/exos_new_ws/install/control_exos/share/control_exos/environment/path.dsv
[0.151s] -- Up-to-date: /home/logan/exos_new_ws/install/control_exos/share/control_exos/local_setup.bash
[0.151s] -- Up-to-date: /home/logan/exos_new_ws/install/control_exos/share/control_exos/local_setup.sh
[0.151s] -- Up-to-date: /home/logan/exos_new_ws/install/control_exos/share/control_exos/local_setup.zsh
[0.151s] -- Up-to-date: /home/logan/exos_new_ws/install/control_exos/share/control_exos/local_setup.dsv
[0.151s] -- Installing: /home/logan/exos_new_ws/install/control_exos/share/control_exos/package.dsv
[0.152s] -- Up-to-date: /home/logan/exos_new_ws/install/control_exos/share/ament_index/resource_index/packages/control_exos
[0.152s] -- Up-to-date: /home/logan/exos_new_ws/install/control_exos/share/control_exos/cmake/control_exosConfig.cmake
[0.152s] -- Up-to-date: /home/logan/exos_new_ws/install/control_exos/share/control_exos/cmake/control_exosConfig-version.cmake
[0.153s] -- Up-to-date: /home/logan/exos_new_ws/install/control_exos/share/control_exos/package.xml
[0.155s] Invoked command in '/home/logan/exos_new_ws/build/control_exos' returned '0': /usr/bin/cmake --install /home/logan/exos_new_ws/build/control_exos
