[0.023s] Invoking command in '/home/logan/exos_new_ws/build/control_exos': CMAKE_PREFIX_PATH=${CMAKE_PREFIX_PATH}:/opt/ros/humble /usr/bin/cmake --build /home/logan/exos_new_ws/build/control_exos -- -j12 -l12
[0.078s] -- Found ament_cmake: 1.3.10 (/opt/ros/humble/share/ament_cmake/cmake)
[0.277s] -- Found rclpy: 3.3.14 (/opt/ros/humble/share/rclpy/cmake)
[0.278s] -- Found control_msgs: 4.6.0 (/opt/ros/humble/share/control_msgs/cmake)
[0.374s] -- Found rosidl_generator_c: 3.1.5 (/opt/ros/humble/share/rosidl_generator_c/cmake)
[0.380s] -- Found rosidl_adapter: 3.1.5 (/opt/ros/humble/share/rosidl_adapter/cmake)
[0.391s] -- Found rosidl_generator_cpp: 3.1.5 (/opt/ros/humble/share/rosidl_generator_cpp/cmake)
[0.421s] -- Using all available rosidl_typesupport_c: rosidl_typesupport_fastrtps_c;rosidl_typesupport_introspection_c
[0.438s] -- Using all available rosidl_typesupport_cpp: rosidl_typesupport_fastrtps_cpp;rosidl_typesupport_introspection_cpp
[0.918s] -- Configuring done
[0.929s] -- Generating done
[0.932s] -- Build files have been written to: /home/logan/exos_new_ws/build/control_exos
[0.971s] Invoked command in '/home/logan/exos_new_ws/build/control_exos' returned '0': CMAKE_PREFIX_PATH=${CMAKE_PREFIX_PATH}:/opt/ros/humble /usr/bin/cmake --build /home/logan/exos_new_ws/build/control_exos -- -j12 -l12
[1.004s] Invoking command in '/home/logan/exos_new_ws/build/control_exos': CMAKE_PREFIX_PATH=${CMAKE_PREFIX_PATH}:/opt/ros/humble /usr/bin/cmake --install /home/logan/exos_new_ws/build/control_exos
[1.017s] -- Install configuration: ""
[1.017s] -- Up-to-date: /home/logan/exos_new_ws/install/control_exos/lib/control_exos/node_control.py
[1.017s] -- Up-to-date: /home/logan/exos_new_ws/install/control_exos/lib/control_exos/push_angle.py
[1.017s] -- Up-to-date: /home/logan/exos_new_ws/install/control_exos/lib/control_exos/node_control_true.py
[1.017s] -- Installing: /home/logan/exos_new_ws/install/control_exos/lib/control_exos/contact_mc.py
[1.017s] -- Up-to-date: /home/logan/exos_new_ws/install/control_exos/share/ament_index/resource_index/package_run_dependencies/control_exos
[1.018s] -- Up-to-date: /home/logan/exos_new_ws/install/control_exos/share/ament_index/resource_index/parent_prefix_path/control_exos
[1.018s] -- Up-to-date: /home/logan/exos_new_ws/install/control_exos/share/control_exos/environment/ament_prefix_path.sh
[1.018s] -- Installing: /home/logan/exos_new_ws/install/control_exos/share/control_exos/environment/ament_prefix_path.dsv
[1.018s] -- Up-to-date: /home/logan/exos_new_ws/install/control_exos/share/control_exos/environment/path.sh
[1.018s] -- Installing: /home/logan/exos_new_ws/install/control_exos/share/control_exos/environment/path.dsv
[1.018s] -- Up-to-date: /home/logan/exos_new_ws/install/control_exos/share/control_exos/local_setup.bash
[1.018s] -- Up-to-date: /home/logan/exos_new_ws/install/control_exos/share/control_exos/local_setup.sh
[1.019s] -- Up-to-date: /home/logan/exos_new_ws/install/control_exos/share/control_exos/local_setup.zsh
[1.019s] -- Installing: /home/logan/exos_new_ws/install/control_exos/share/control_exos/local_setup.dsv
[1.019s] -- Installing: /home/logan/exos_new_ws/install/control_exos/share/control_exos/package.dsv
[1.019s] -- Up-to-date: /home/logan/exos_new_ws/install/control_exos/share/ament_index/resource_index/packages/control_exos
[1.019s] -- Up-to-date: /home/logan/exos_new_ws/install/control_exos/share/control_exos/cmake/control_exosConfig.cmake
[1.019s] -- Up-to-date: /home/logan/exos_new_ws/install/control_exos/share/control_exos/cmake/control_exosConfig-version.cmake
[1.019s] -- Up-to-date: /home/logan/exos_new_ws/install/control_exos/share/control_exos/package.xml
[1.023s] Invoked command in '/home/logan/exos_new_ws/build/control_exos' returned '0': CMAKE_PREFIX_PATH=${CMAKE_PREFIX_PATH}:/opt/ros/humble /usr/bin/cmake --install /home/logan/exos_new_ws/build/control_exos
