[0.085s] DEBUG:colcon:Command line arguments: ['/usr/bin/colcon', 'list', '-p', '--base-paths', '/home/logan/exos_new_ws']
[0.085s] DEBUG:colcon:Parsed command line arguments: Namespace(log_base=None, log_level=None, verb_name='list', build_base='build', ignore_user_meta=False, metas=['./colcon.meta'], base_paths=['/home/logan/exos_new_ws'], packages_ignore=None, packages_ignore_regex=None, paths=None, packages_up_to=None, packages_up_to_regex=None, packages_above=None, packages_above_and_dependencies=None, packages_above_depth=None, packages_select_by_dep=None, packages_skip_by_dep=None, packages_skip_up_to=None, packages_select_build_failed=False, packages_skip_build_finished=False, packages_select_test_failures=False, packages_skip_test_passed=False, packages_select=None, packages_skip=None, packages_select_regex=None, packages_skip_regex=None, packages_start=None, packages_end=None, allow_overriding=[], topological_order=False, names_only=False, paths_only=True, topological_graph=False, topological_graph_dot=False, topological_graph_density=False, topological_graph_legend=False, topological_graph_dot_cluster=False, topological_graph_dot_include_skipped=False, mixin_files=None, mixin=None, verb_parser=<colcon_mixin.mixin.mixin_argument.MixinArgumentDecorator object at 0x720dd9bf3f10>, verb_extension=<colcon_package_information.verb.list.ListVerb object at 0x720dd9bf2b00>, main=<bound method ListVerb.main of <colcon_package_information.verb.list.ListVerb object at 0x720dd9bf2b00>>, mixin_verb=('list',))
[0.242s] Level 1:colcon.colcon_core.package_discovery:discover_packages(colcon_meta) check parameters
[0.242s] Level 1:colcon.colcon_core.package_discovery:discover_packages(recursive) check parameters
[0.242s] Level 1:colcon.colcon_core.package_discovery:discover_packages(ignore) check parameters
[0.242s] Level 1:colcon.colcon_core.package_discovery:discover_packages(path) check parameters
[0.242s] Level 1:colcon.colcon_core.package_discovery:discover_packages(recursive) discover
[0.242s] INFO:colcon.colcon_core.package_discovery:Crawling recursively for packages in '/home/logan/exos_new_ws'
[0.242s] Level 1:colcon.colcon_core.package_identification:_identify(/home/logan/exos_new_ws) by extensions ['ignore', 'ignore_ament_install']
[0.242s] Level 1:colcon.colcon_core.package_identification:_identify(/home/logan/exos_new_ws) by extension 'ignore'
[0.242s] Level 1:colcon.colcon_core.package_identification:_identify(/home/logan/exos_new_ws) by extension 'ignore_ament_install'
[0.242s] Level 1:colcon.colcon_core.package_identification:_identify(/home/logan/exos_new_ws) by extensions ['colcon_pkg']
[0.242s] Level 1:colcon.colcon_core.package_identification:_identify(/home/logan/exos_new_ws) by extension 'colcon_pkg'
[0.242s] Level 1:colcon.colcon_core.package_identification:_identify(/home/logan/exos_new_ws) by extensions ['colcon_meta']
[0.242s] Level 1:colcon.colcon_core.package_identification:_identify(/home/logan/exos_new_ws) by extension 'colcon_meta'
[0.242s] Level 1:colcon.colcon_core.package_identification:_identify(/home/logan/exos_new_ws) by extensions ['ros']
[0.243s] Level 1:colcon.colcon_core.package_identification:_identify(/home/logan/exos_new_ws) by extension 'ros'
[0.254s] Level 1:colcon.colcon_core.package_identification:_identify(/home/logan/exos_new_ws) by extensions ['cmake', 'python']
[0.254s] Level 1:colcon.colcon_core.package_identification:_identify(/home/logan/exos_new_ws) by extension 'cmake'
[0.254s] Level 1:colcon.colcon_core.package_identification:_identify(/home/logan/exos_new_ws) by extension 'python'
[0.254s] Level 1:colcon.colcon_core.package_identification:_identify(/home/logan/exos_new_ws) by extensions ['python_setup_py']
[0.254s] Level 1:colcon.colcon_core.package_identification:_identify(/home/logan/exos_new_ws) by extension 'python_setup_py'
[0.254s] Level 1:colcon.colcon_core.package_identification:_identify(/home/logan/exos_new_ws/build) by extensions ['ignore', 'ignore_ament_install']
[0.255s] Level 1:colcon.colcon_core.package_identification:_identify(/home/logan/exos_new_ws/build) by extension 'ignore'
[0.255s] Level 1:colcon.colcon_core.package_identification:_identify(/home/logan/exos_new_ws/build) ignored
[0.255s] Level 1:colcon.colcon_core.package_identification:_identify(/home/logan/exos_new_ws/install) by extensions ['ignore', 'ignore_ament_install']
[0.255s] Level 1:colcon.colcon_core.package_identification:_identify(/home/logan/exos_new_ws/install) by extension 'ignore'
[0.255s] Level 1:colcon.colcon_core.package_identification:_identify(/home/logan/exos_new_ws/install) ignored
[0.256s] Level 1:colcon.colcon_core.package_identification:_identify(/home/logan/exos_new_ws/log) by extensions ['ignore', 'ignore_ament_install']
[0.256s] Level 1:colcon.colcon_core.package_identification:_identify(/home/logan/exos_new_ws/log) by extension 'ignore'
[0.256s] Level 1:colcon.colcon_core.package_identification:_identify(/home/logan/exos_new_ws/log) ignored
[0.256s] Level 1:colcon.colcon_core.package_identification:_identify(/home/logan/exos_new_ws/src) by extensions ['ignore', 'ignore_ament_install']
[0.256s] Level 1:colcon.colcon_core.package_identification:_identify(/home/logan/exos_new_ws/src) by extension 'ignore'
[0.256s] Level 1:colcon.colcon_core.package_identification:_identify(/home/logan/exos_new_ws/src) by extension 'ignore_ament_install'
[0.256s] Level 1:colcon.colcon_core.package_identification:_identify(/home/logan/exos_new_ws/src) by extensions ['colcon_pkg']
[0.256s] Level 1:colcon.colcon_core.package_identification:_identify(/home/logan/exos_new_ws/src) by extension 'colcon_pkg'
[0.256s] Level 1:colcon.colcon_core.package_identification:_identify(/home/logan/exos_new_ws/src) by extensions ['colcon_meta']
[0.256s] Level 1:colcon.colcon_core.package_identification:_identify(/home/logan/exos_new_ws/src) by extension 'colcon_meta'
[0.256s] Level 1:colcon.colcon_core.package_identification:_identify(/home/logan/exos_new_ws/src) by extensions ['ros']
[0.256s] Level 1:colcon.colcon_core.package_identification:_identify(/home/logan/exos_new_ws/src) by extension 'ros'
[0.256s] Level 1:colcon.colcon_core.package_identification:_identify(/home/logan/exos_new_ws/src) by extensions ['cmake', 'python']
[0.256s] Level 1:colcon.colcon_core.package_identification:_identify(/home/logan/exos_new_ws/src) by extension 'cmake'
[0.256s] Level 1:colcon.colcon_core.package_identification:_identify(/home/logan/exos_new_ws/src) by extension 'python'
[0.256s] Level 1:colcon.colcon_core.package_identification:_identify(/home/logan/exos_new_ws/src) by extensions ['python_setup_py']
[0.257s] Level 1:colcon.colcon_core.package_identification:_identify(/home/logan/exos_new_ws/src) by extension 'python_setup_py'
[0.257s] Level 1:colcon.colcon_core.package_identification:_identify(/home/logan/exos_new_ws/src/chan) by extensions ['ignore', 'ignore_ament_install']
[0.257s] Level 1:colcon.colcon_core.package_identification:_identify(/home/logan/exos_new_ws/src/chan) by extension 'ignore'
[0.257s] Level 1:colcon.colcon_core.package_identification:_identify(/home/logan/exos_new_ws/src/chan) by extension 'ignore_ament_install'
[0.257s] Level 1:colcon.colcon_core.package_identification:_identify(/home/logan/exos_new_ws/src/chan) by extensions ['colcon_pkg']
[0.257s] Level 1:colcon.colcon_core.package_identification:_identify(/home/logan/exos_new_ws/src/chan) by extension 'colcon_pkg'
[0.257s] Level 1:colcon.colcon_core.package_identification:_identify(/home/logan/exos_new_ws/src/chan) by extensions ['colcon_meta']
[0.257s] Level 1:colcon.colcon_core.package_identification:_identify(/home/logan/exos_new_ws/src/chan) by extension 'colcon_meta'
[0.257s] Level 1:colcon.colcon_core.package_identification:_identify(/home/logan/exos_new_ws/src/chan) by extensions ['ros']
[0.257s] Level 1:colcon.colcon_core.package_identification:_identify(/home/logan/exos_new_ws/src/chan) by extension 'ros'
[0.260s] DEBUG:colcon.colcon_core.package_identification:Package '/home/logan/exos_new_ws/src/chan' with type 'ros.ament_cmake' and name 'chan'
[0.260s] Level 1:colcon.colcon_core.package_identification:_identify(/home/logan/exos_new_ws/src/control_exos) by extensions ['ignore', 'ignore_ament_install']
[0.260s] Level 1:colcon.colcon_core.package_identification:_identify(/home/logan/exos_new_ws/src/control_exos) by extension 'ignore'
[0.260s] Level 1:colcon.colcon_core.package_identification:_identify(/home/logan/exos_new_ws/src/control_exos) by extension 'ignore_ament_install'
[0.260s] Level 1:colcon.colcon_core.package_identification:_identify(/home/logan/exos_new_ws/src/control_exos) by extensions ['colcon_pkg']
[0.261s] Level 1:colcon.colcon_core.package_identification:_identify(/home/logan/exos_new_ws/src/control_exos) by extension 'colcon_pkg'
[0.261s] Level 1:colcon.colcon_core.package_identification:_identify(/home/logan/exos_new_ws/src/control_exos) by extensions ['colcon_meta']
[0.261s] Level 1:colcon.colcon_core.package_identification:_identify(/home/logan/exos_new_ws/src/control_exos) by extension 'colcon_meta'
[0.261s] Level 1:colcon.colcon_core.package_identification:_identify(/home/logan/exos_new_ws/src/control_exos) by extensions ['ros']
[0.261s] Level 1:colcon.colcon_core.package_identification:_identify(/home/logan/exos_new_ws/src/control_exos) by extension 'ros'
[0.261s] DEBUG:colcon.colcon_core.package_identification:Package '/home/logan/exos_new_ws/src/control_exos' with type 'ros.ament_cmake' and name 'control_exos'
[0.261s] Level 1:colcon.colcon_core.package_identification:_identify(/home/logan/exos_new_ws/src/moveit) by extensions ['ignore', 'ignore_ament_install']
[0.261s] Level 1:colcon.colcon_core.package_identification:_identify(/home/logan/exos_new_ws/src/moveit) by extension 'ignore'
[0.262s] Level 1:colcon.colcon_core.package_identification:_identify(/home/logan/exos_new_ws/src/moveit) by extension 'ignore_ament_install'
[0.262s] Level 1:colcon.colcon_core.package_identification:_identify(/home/logan/exos_new_ws/src/moveit) by extensions ['colcon_pkg']
[0.262s] Level 1:colcon.colcon_core.package_identification:_identify(/home/logan/exos_new_ws/src/moveit) by extension 'colcon_pkg'
[0.262s] Level 1:colcon.colcon_core.package_identification:_identify(/home/logan/exos_new_ws/src/moveit) by extensions ['colcon_meta']
[0.262s] Level 1:colcon.colcon_core.package_identification:_identify(/home/logan/exos_new_ws/src/moveit) by extension 'colcon_meta'
[0.262s] Level 1:colcon.colcon_core.package_identification:_identify(/home/logan/exos_new_ws/src/moveit) by extensions ['ros']
[0.262s] Level 1:colcon.colcon_core.package_identification:_identify(/home/logan/exos_new_ws/src/moveit) by extension 'ros'
[0.263s] DEBUG:colcon.colcon_core.package_identification:Package '/home/logan/exos_new_ws/src/moveit' with type 'ros.ament_cmake' and name 'moveit'
[0.263s] Level 1:colcon.colcon_core.package_identification:_identify(/home/logan/exos_new_ws/src/moveit_2) by extensions ['ignore', 'ignore_ament_install']
[0.263s] Level 1:colcon.colcon_core.package_identification:_identify(/home/logan/exos_new_ws/src/moveit_2) by extension 'ignore'
[0.263s] Level 1:colcon.colcon_core.package_identification:_identify(/home/logan/exos_new_ws/src/moveit_2) by extension 'ignore_ament_install'
[0.263s] Level 1:colcon.colcon_core.package_identification:_identify(/home/logan/exos_new_ws/src/moveit_2) by extensions ['colcon_pkg']
[0.263s] Level 1:colcon.colcon_core.package_identification:_identify(/home/logan/exos_new_ws/src/moveit_2) by extension 'colcon_pkg'
[0.263s] Level 1:colcon.colcon_core.package_identification:_identify(/home/logan/exos_new_ws/src/moveit_2) by extensions ['colcon_meta']
[0.263s] Level 1:colcon.colcon_core.package_identification:_identify(/home/logan/exos_new_ws/src/moveit_2) by extension 'colcon_meta'
[0.263s] Level 1:colcon.colcon_core.package_identification:_identify(/home/logan/exos_new_ws/src/moveit_2) by extensions ['ros']
[0.263s] Level 1:colcon.colcon_core.package_identification:_identify(/home/logan/exos_new_ws/src/moveit_2) by extension 'ros'
[0.264s] DEBUG:colcon.colcon_core.package_identification:Package '/home/logan/exos_new_ws/src/moveit_2' with type 'ros.ament_cmake' and name 'moveit_2'
[0.264s] Level 1:colcon.colcon_core.package_identification:_identify(/home/logan/exos_new_ws/src/tongquan_sldasm) by extensions ['ignore', 'ignore_ament_install']
[0.264s] Level 1:colcon.colcon_core.package_identification:_identify(/home/logan/exos_new_ws/src/tongquan_sldasm) by extension 'ignore'
[0.264s] Level 1:colcon.colcon_core.package_identification:_identify(/home/logan/exos_new_ws/src/tongquan_sldasm) by extension 'ignore_ament_install'
[0.264s] Level 1:colcon.colcon_core.package_identification:_identify(/home/logan/exos_new_ws/src/tongquan_sldasm) by extensions ['colcon_pkg']
[0.264s] Level 1:colcon.colcon_core.package_identification:_identify(/home/logan/exos_new_ws/src/tongquan_sldasm) by extension 'colcon_pkg'
[0.264s] Level 1:colcon.colcon_core.package_identification:_identify(/home/logan/exos_new_ws/src/tongquan_sldasm) by extensions ['colcon_meta']
[0.265s] Level 1:colcon.colcon_core.package_identification:_identify(/home/logan/exos_new_ws/src/tongquan_sldasm) by extension 'colcon_meta'
[0.265s] Level 1:colcon.colcon_core.package_identification:_identify(/home/logan/exos_new_ws/src/tongquan_sldasm) by extensions ['ros']
[0.265s] Level 1:colcon.colcon_core.package_identification:_identify(/home/logan/exos_new_ws/src/tongquan_sldasm) by extension 'ros'
[0.266s] DEBUG:colcon.colcon_core.package_identification:Package '/home/logan/exos_new_ws/src/tongquan_sldasm' with type 'ros.ament_cmake' and name 'tongquan_sldasm'
[0.266s] Level 1:colcon.colcon_core.package_discovery:discover_packages(recursive) using defaults
