[0.022s] Invoking command in '/home/logan/exos_new_ws/build/moveit': AMENT_PREFIX_PATH=/home/logan/exos_new_ws/install/tongquan_sldasm:${AMENT_PREFIX_PATH} CMAKE_PREFIX_PATH=/home/logan/exos_new_ws/install/tongquan_sldasm:/opt/ros/humble /usr/bin/cmake --build /home/logan/exos_new_ws/build/moveit -- -j12 -l12
[0.095s] Invoked command in '/home/logan/exos_new_ws/build/moveit' returned '0': AMENT_PREFIX_PATH=/home/logan/exos_new_ws/install/tongquan_sldasm:${AMENT_PREFIX_PATH} CMAKE_PREFIX_PATH=/home/logan/exos_new_ws/install/tongquan_sldasm:/opt/ros/humble /usr/bin/cmake --build /home/logan/exos_new_ws/build/moveit -- -j12 -l12
[0.143s] Invoking command in '/home/logan/exos_new_ws/build/moveit': AMENT_PREFIX_PATH=/home/logan/exos_new_ws/install/tongquan_sldasm:${AMENT_PREFIX_PATH} CMAKE_PREFIX_PATH=/home/logan/exos_new_ws/install/tongquan_sldasm:/opt/ros/humble /usr/bin/cmake --install /home/logan/exos_new_ws/build/moveit
[0.154s] -- Install configuration: ""
[0.154s] -- Up-to-date: /home/logan/exos_new_ws/install/moveit/share/ament_index/resource_index/package_run_dependencies/moveit
[0.156s] -- Up-to-date: /home/logan/exos_new_ws/install/moveit/share/ament_index/resource_index/parent_prefix_path/moveit
[0.156s] -- Up-to-date: /home/logan/exos_new_ws/install/moveit/share/moveit/environment/ament_prefix_path.sh
[0.157s] -- Up-to-date: /home/logan/exos_new_ws/install/moveit/share/moveit/environment/ament_prefix_path.dsv
[0.157s] -- Up-to-date: /home/logan/exos_new_ws/install/moveit/share/moveit/environment/path.sh
[0.157s] -- Up-to-date: /home/logan/exos_new_ws/install/moveit/share/moveit/environment/path.dsv
[0.157s] -- Up-to-date: /home/logan/exos_new_ws/install/moveit/share/moveit/local_setup.bash
[0.157s] -- Up-to-date: /home/logan/exos_new_ws/install/moveit/share/moveit/local_setup.sh
[0.158s] -- Up-to-date: /home/logan/exos_new_ws/install/moveit/share/moveit/local_setup.zsh
[0.158s] -- Up-to-date: /home/logan/exos_new_ws/install/moveit/share/moveit/local_setup.dsv
[0.158s] -- Installing: /home/logan/exos_new_ws/install/moveit/share/moveit/package.dsv
[0.158s] -- Up-to-date: /home/logan/exos_new_ws/install/moveit/share/ament_index/resource_index/packages/moveit
[0.158s] -- Up-to-date: /home/logan/exos_new_ws/install/moveit/share/moveit/cmake/moveitConfig.cmake
[0.159s] -- Up-to-date: /home/logan/exos_new_ws/install/moveit/share/moveit/cmake/moveitConfig-version.cmake
[0.159s] -- Up-to-date: /home/logan/exos_new_ws/install/moveit/share/moveit/package.xml
[0.159s] -- Up-to-date: /home/logan/exos_new_ws/install/moveit/share/moveit/launch
[0.159s] -- Up-to-date: /home/logan/exos_new_ws/install/moveit/share/moveit/launch/simple_moveit.launch.py
[0.159s] -- Up-to-date: /home/logan/exos_new_ws/install/moveit/share/moveit/launch/move_group.launch.py
[0.160s] -- Up-to-date: /home/logan/exos_new_ws/install/moveit/share/moveit/launch/demo.launch.py
[0.160s] -- Up-to-date: /home/logan/exos_new_ws/install/moveit/share/moveit/launch/warehouse_db.launch.py
[0.160s] -- Up-to-date: /home/logan/exos_new_ws/install/moveit/share/moveit/launch/static_virtual_joint_tfs.launch.py
[0.160s] -- Up-to-date: /home/logan/exos_new_ws/install/moveit/share/moveit/launch/setup_assistant.launch.py
[0.160s] -- Up-to-date: /home/logan/exos_new_ws/install/moveit/share/moveit/launch/moveit_rviz.launch.py
[0.161s] -- Up-to-date: /home/logan/exos_new_ws/install/moveit/share/moveit/launch/spawn_controllers.launch.py
[0.161s] -- Up-to-date: /home/logan/exos_new_ws/install/moveit/share/moveit/launch/rsp.launch.py
[0.161s] -- Up-to-date: /home/logan/exos_new_ws/install/moveit/share/moveit/config
[0.161s] -- Up-to-date: /home/logan/exos_new_ws/install/moveit/share/moveit/config/moveit_controllers.yaml
[0.161s] -- Up-to-date: /home/logan/exos_new_ws/install/moveit/share/moveit/config/tongquan_sldasm.urdf.xacro
[0.161s] -- Up-to-date: /home/logan/exos_new_ws/install/moveit/share/moveit/config/moveit.rviz
[0.162s] -- Up-to-date: /home/logan/exos_new_ws/install/moveit/share/moveit/config/tongquan_sldasm.ros2_control.xacro
[0.162s] -- Up-to-date: /home/logan/exos_new_ws/install/moveit/share/moveit/config/kinematics.yaml
[0.162s] -- Up-to-date: /home/logan/exos_new_ws/install/moveit/share/moveit/config/tongquan_sldasm.srdf
[0.162s] -- Up-to-date: /home/logan/exos_new_ws/install/moveit/share/moveit/config/joint_limits.yaml
[0.162s] -- Up-to-date: /home/logan/exos_new_ws/install/moveit/share/moveit/config/pilz_cartesian_limits.yaml
[0.162s] -- Up-to-date: /home/logan/exos_new_ws/install/moveit/share/moveit/config/initial_positions.yaml
[0.163s] -- Up-to-date: /home/logan/exos_new_ws/install/moveit/share/moveit/config/ros2_controllers.yaml
[0.163s] -- Up-to-date: /home/logan/exos_new_ws/install/moveit/share/moveit/.setup_assistant
[0.189s] Invoked command in '/home/logan/exos_new_ws/build/moveit' returned '0': AMENT_PREFIX_PATH=/home/logan/exos_new_ws/install/tongquan_sldasm:${AMENT_PREFIX_PATH} CMAKE_PREFIX_PATH=/home/logan/exos_new_ws/install/tongquan_sldasm:/opt/ros/humble /usr/bin/cmake --install /home/logan/exos_new_ws/build/moveit
