[0.011s] Invoking command in '/home/logan/exoskeleton_irobotlab/build/chan': AMENT_PREFIX_PATH=/home/logan/exos_new_ws/install/tongquan_sldasm CMAKE_PREFIX_PATH=/home/logan/exoskeleton_irobotlab/install/tongquan_sldasm /usr/bin/cmake --build /home/logan/exoskeleton_irobotlab/build/chan -- -j12 -l12
[0.021s] [0mCMake Error: The current CMakeCache.txt directory /home/logan/exoskeleton_irobotlab/build/chan/CMakeCache.txt is different than the directory /home/logan/exos_new_ws/build/chan where CMakeCache.txt was created. This may result in binaries being created in the wrong place. If you are not sure, reedit the CMakeCache.txt[0m
[0.071s] Invoked command in '/home/logan/exoskeleton_irobotlab/build/chan' returned '0': AMENT_PREFIX_PATH=/home/logan/exos_new_ws/install/tongquan_sldasm CMAKE_PREFIX_PATH=/home/logan/exoskeleton_irobotlab/install/tongquan_sldasm /usr/bin/cmake --build /home/logan/exoskeleton_irobotlab/build/chan -- -j12 -l12
[0.111s] Invoking command in '/home/logan/exoskeleton_irobotlab/build/chan': AMENT_PREFIX_PATH=/home/logan/exos_new_ws/install/tongquan_sldasm CMAKE_PREFIX_PATH=/home/logan/exoskeleton_irobotlab/install/tongquan_sldasm /usr/bin/cmake --install /home/logan/exoskeleton_irobotlab/build/chan
[0.129s] -- Install configuration: ""
[0.130s] -- Up-to-date: /home/logan/exos_new_ws/install/chan/share/ament_index/resource_index/package_run_dependencies/chan
[0.130s] -- Up-to-date: /home/logan/exos_new_ws/install/chan/share/ament_index/resource_index/parent_prefix_path/chan
[0.130s] -- Up-to-date: /home/logan/exos_new_ws/install/chan/share/chan/environment/ament_prefix_path.sh
[0.130s] -- Up-to-date: /home/logan/exos_new_ws/install/chan/share/chan/environment/ament_prefix_path.dsv
[0.130s] -- Up-to-date: /home/logan/exos_new_ws/install/chan/share/chan/environment/path.sh
[0.130s] -- Up-to-date: /home/logan/exos_new_ws/install/chan/share/chan/environment/path.dsv
[0.130s] -- Up-to-date: /home/logan/exos_new_ws/install/chan/share/chan/local_setup.bash
[0.130s] -- Up-to-date: /home/logan/exos_new_ws/install/chan/share/chan/local_setup.sh
[0.130s] -- Up-to-date: /home/logan/exos_new_ws/install/chan/share/chan/local_setup.zsh
[0.130s] -- Up-to-date: /home/logan/exos_new_ws/install/chan/share/chan/local_setup.dsv
[0.130s] -- Up-to-date: /home/logan/exos_new_ws/install/chan/share/chan/package.dsv
[0.130s] -- Up-to-date: /home/logan/exos_new_ws/install/chan/share/ament_index/resource_index/packages/chan
[0.131s] -- Up-to-date: /home/logan/exos_new_ws/install/chan/share/chan/cmake/chanConfig.cmake
[0.131s] -- Up-to-date: /home/logan/exos_new_ws/install/chan/share/chan/cmake/chanConfig-version.cmake
[0.131s] -- Up-to-date: /home/logan/exos_new_ws/install/chan/share/chan/package.xml
[0.131s] -- Up-to-date: /home/logan/exos_new_ws/install/chan/share/chan/launch
[0.131s] -- Up-to-date: /home/logan/exos_new_ws/install/chan/share/chan/launch/move_group.launch.py
[0.131s] -- Up-to-date: /home/logan/exos_new_ws/install/chan/share/chan/launch/demo.launch.py
[0.131s] -- Up-to-date: /home/logan/exos_new_ws/install/chan/share/chan/launch/warehouse_db.launch.py
[0.131s] -- Up-to-date: /home/logan/exos_new_ws/install/chan/share/chan/launch/static_virtual_joint_tfs.launch.py
[0.131s] -- Up-to-date: /home/logan/exos_new_ws/install/chan/share/chan/launch/setup_assistant.launch.py
[0.131s] -- Up-to-date: /home/logan/exos_new_ws/install/chan/share/chan/launch/moveit_rviz.launch.py
[0.132s] -- Up-to-date: /home/logan/exos_new_ws/install/chan/share/chan/launch/spawn_controllers.launch.py
[0.132s] -- Up-to-date: /home/logan/exos_new_ws/install/chan/share/chan/launch/rsp.launch.py
[0.132s] -- Up-to-date: /home/logan/exos_new_ws/install/chan/share/chan/config
[0.132s] -- Up-to-date: /home/logan/exos_new_ws/install/chan/share/chan/config/moveit_controllers.yaml
[0.132s] -- Up-to-date: /home/logan/exos_new_ws/install/chan/share/chan/config/tongquan_sldasm.urdf.xacro
[0.132s] -- Up-to-date: /home/logan/exos_new_ws/install/chan/share/chan/config/moveit.rviz
[0.132s] -- Up-to-date: /home/logan/exos_new_ws/install/chan/share/chan/config/tongquan_sldasm.ros2_control.xacro
[0.132s] -- Up-to-date: /home/logan/exos_new_ws/install/chan/share/chan/config/kinematics.yaml
[0.133s] -- Up-to-date: /home/logan/exos_new_ws/install/chan/share/chan/config/tongquan_sldasm.srdf
[0.133s] -- Up-to-date: /home/logan/exos_new_ws/install/chan/share/chan/config/joint_limits.yaml
[0.133s] -- Up-to-date: /home/logan/exos_new_ws/install/chan/share/chan/config/pilz_cartesian_limits.yaml
[0.133s] -- Up-to-date: /home/logan/exos_new_ws/install/chan/share/chan/config/initial_positions.yaml
[0.133s] -- Up-to-date: /home/logan/exos_new_ws/install/chan/share/chan/config/ros2_controllers.yaml
[0.133s] -- Up-to-date: /home/logan/exos_new_ws/install/chan/share/chan/.setup_assistant
[0.141s] Invoked command in '/home/logan/exoskeleton_irobotlab/build/chan' returned '0': AMENT_PREFIX_PATH=/home/logan/exos_new_ws/install/tongquan_sldasm CMAKE_PREFIX_PATH=/home/logan/exoskeleton_irobotlab/install/tongquan_sldasm /usr/bin/cmake --install /home/logan/exoskeleton_irobotlab/build/chan
