[0.011s] Invoking command in '/home/logan/exos_new_ws/build/tongquan_sldasm': CMAKE_PREFIX_PATH=/opt/ros/humble /usr/bin/cmake /home/logan/exos_new_ws/src/tongquan_sldasm -DCMAKE_INSTALL_PREFIX=/home/logan/exos_new_ws/install/tongquan_sldasm
[0.024s] -- Found ament_cmake: 1.3.10 (/opt/ros/humble/share/ament_cmake/cmake)
[0.154s] -- Found ament_lint_auto: 0.12.11 (/opt/ros/humble/share/ament_lint_auto/cmake)
[0.222s] -- Added test 'flake8' to check Python code syntax and style conventions
[0.222s] -- Added test 'lint_cmake' to check CMake code style
[0.222s] -- Added test 'pep257' to check Python code against some of the docstring style conventions in PEP 257
[0.223s] -- Added test 'xmllint' to check XML markup files
[0.224s] -- Configuring done
[0.227s] -- Generating done
[0.227s] -- Build files have been written to: /home/logan/exos_new_ws/build/tongquan_sldasm
[0.230s] Invoked command in '/home/logan/exos_new_ws/build/tongquan_sldasm' returned '0': CMAKE_PREFIX_PATH=/opt/ros/humble /usr/bin/cmake /home/logan/exos_new_ws/src/tongquan_sldasm -DCMAKE_INSTALL_PREFIX=/home/logan/exos_new_ws/install/tongquan_sldasm
[0.231s] Invoking command in '/home/logan/exos_new_ws/build/tongquan_sldasm': CMAKE_PREFIX_PATH=/opt/ros/humble /usr/bin/cmake --build /home/logan/exos_new_ws/build/tongquan_sldasm -- -j12 -l12
[0.264s] Invoked command in '/home/logan/exos_new_ws/build/tongquan_sldasm' returned '0': CMAKE_PREFIX_PATH=/opt/ros/humble /usr/bin/cmake --build /home/logan/exos_new_ws/build/tongquan_sldasm -- -j12 -l12
[0.291s] Invoking command in '/home/logan/exos_new_ws/build/tongquan_sldasm': CMAKE_PREFIX_PATH=/opt/ros/humble /usr/bin/cmake --install /home/logan/exos_new_ws/build/tongquan_sldasm
[0.297s] -- Install configuration: ""
[0.297s] -- Installing: /home/logan/exos_new_ws/install/tongquan_sldasm/share/tongquan_sldasm/config
[0.297s] -- Installing: /home/logan/exos_new_ws/install/tongquan_sldasm/share/tongquan_sldasm/config/joint_names_tongquan.SLDASM.yaml
[0.297s] -- Installing: /home/logan/exos_new_ws/install/tongquan_sldasm/share/tongquan_sldasm/launch
[0.297s] -- Installing: /home/logan/exos_new_ws/install/tongquan_sldasm/share/tongquan_sldasm/launch/display.launch.py
[0.298s] -- Installing: /home/logan/exos_new_ws/install/tongquan_sldasm/share/tongquan_sldasm/launch/gazebo.launch.py
[0.298s] -- Installing: /home/logan/exos_new_ws/install/tongquan_sldasm/share/tongquan_sldasm/meshes
[0.298s] -- Installing: /home/logan/exos_new_ws/install/tongquan_sldasm/share/tongquan_sldasm/meshes/dau_goi_phai_link.STL
[0.298s] -- Installing: /home/logan/exos_new_ws/install/tongquan_sldasm/share/tongquan_sldasm/meshes/chan_trai_link.STL
[0.300s] -- Installing: /home/logan/exos_new_ws/install/tongquan_sldasm/share/tongquan_sldasm/meshes/dau_goi_trai_link.STL
[0.300s] -- Installing: /home/logan/exos_new_ws/install/tongquan_sldasm/share/tongquan_sldasm/meshes/chan_phai_link.STL
[0.302s] -- Installing: /home/logan/exos_new_ws/install/tongquan_sldasm/share/tongquan_sldasm/meshes/base_link.STL
[0.302s] -- Installing: /home/logan/exos_new_ws/install/tongquan_sldasm/share/tongquan_sldasm/urdf
[0.302s] -- Installing: /home/logan/exos_new_ws/install/tongquan_sldasm/share/tongquan_sldasm/urdf/tongquan.SLDASM.csv
[0.302s] -- Installing: /home/logan/exos_new_ws/install/tongquan_sldasm/share/tongquan_sldasm/urdf/tongquan_sldasm.urdf
[0.302s] -- Installing: /home/logan/exos_new_ws/install/tongquan_sldasm/share/ament_index/resource_index/package_run_dependencies/tongquan_sldasm
[0.303s] -- Installing: /home/logan/exos_new_ws/install/tongquan_sldasm/share/ament_index/resource_index/parent_prefix_path/tongquan_sldasm
[0.303s] -- Installing: /home/logan/exos_new_ws/install/tongquan_sldasm/share/tongquan_sldasm/environment/ament_prefix_path.sh
[0.303s] -- Installing: /home/logan/exos_new_ws/install/tongquan_sldasm/share/tongquan_sldasm/environment/ament_prefix_path.dsv
[0.303s] -- Installing: /home/logan/exos_new_ws/install/tongquan_sldasm/share/tongquan_sldasm/environment/path.sh
[0.303s] -- Installing: /home/logan/exos_new_ws/install/tongquan_sldasm/share/tongquan_sldasm/environment/path.dsv
[0.303s] -- Installing: /home/logan/exos_new_ws/install/tongquan_sldasm/share/tongquan_sldasm/local_setup.bash
[0.303s] -- Installing: /home/logan/exos_new_ws/install/tongquan_sldasm/share/tongquan_sldasm/local_setup.sh
[0.303s] -- Installing: /home/logan/exos_new_ws/install/tongquan_sldasm/share/tongquan_sldasm/local_setup.zsh
[0.303s] -- Installing: /home/logan/exos_new_ws/install/tongquan_sldasm/share/tongquan_sldasm/local_setup.dsv
[0.304s] -- Installing: /home/logan/exos_new_ws/install/tongquan_sldasm/share/tongquan_sldasm/package.dsv
[0.304s] -- Installing: /home/logan/exos_new_ws/install/tongquan_sldasm/share/ament_index/resource_index/packages/tongquan_sldasm
[0.304s] -- Installing: /home/logan/exos_new_ws/install/tongquan_sldasm/share/tongquan_sldasm/cmake/tongquan_sldasmConfig.cmake
[0.304s] -- Installing: /home/logan/exos_new_ws/install/tongquan_sldasm/share/tongquan_sldasm/cmake/tongquan_sldasmConfig-version.cmake
[0.304s] -- Installing: /home/logan/exos_new_ws/install/tongquan_sldasm/share/tongquan_sldasm/package.xml
[0.306s] Invoked command in '/home/logan/exos_new_ws/build/tongquan_sldasm' returned '0': CMAKE_PREFIX_PATH=/opt/ros/humble /usr/bin/cmake --install /home/logan/exos_new_ws/build/tongquan_sldasm
