[0.186s] DEBUG:colcon:Command line arguments: ['/usr/bin/colcon', 'build']
[0.186s] DEBUG:colcon:Parsed command line arguments: Namespace(log_base=None, log_level=None, verb_name='build', build_base='build', install_base='install', merge_install=False, symlink_install=False, test_result_base=None, continue_on_error=False, executor='parallel', parallel_workers=12, event_handlers=None, ignore_user_meta=False, metas=['./colcon.meta'], base_paths=['.'], packages_ignore=None, packages_ignore_regex=None, paths=None, packages_up_to=None, packages_up_to_regex=None, packages_above=None, packages_above_and_dependencies=None, packages_above_depth=None, packages_select_by_dep=None, packages_skip_by_dep=None, packages_skip_up_to=None, packages_select_build_failed=False, packages_skip_build_finished=False, packages_select_test_failures=False, packages_skip_test_passed=False, packages_select=None, packages_skip=None, packages_select_regex=None, packages_skip_regex=None, packages_start=None, packages_end=None, allow_overriding=[], cmake_args=None, cmake_target=None, cmake_target_skip_unavailable=False, cmake_clean_cache=False, cmake_clean_first=False, cmake_force_configure=False, ament_cmake_args=None, catkin_cmake_args=None, catkin_skip_building_tests=False, mixin_files=None, mixin=None, verb_parser=<colcon_mixin.mixin.mixin_argument.MixinArgumentDecorator object at 0x736761ed9900>, verb_extension=<colcon_core.verb.build.BuildVerb object at 0x736761ed8e80>, main=<bound method BuildVerb.main of <colcon_core.verb.build.BuildVerb object at 0x736761ed8e80>>, mixin_verb=('build',))
[0.343s] Level 1:colcon.colcon_core.package_discovery:discover_packages(colcon_meta) check parameters
[0.343s] Level 1:colcon.colcon_core.package_discovery:discover_packages(recursive) check parameters
[0.343s] Level 1:colcon.colcon_core.package_discovery:discover_packages(ignore) check parameters
[0.343s] Level 1:colcon.colcon_core.package_discovery:discover_packages(path) check parameters
[0.343s] Level 1:colcon.colcon_core.package_discovery:discover_packages(colcon_meta) discover
[0.343s] Level 1:colcon.colcon_core.package_discovery:discover_packages(recursive) discover
[0.343s] INFO:colcon.colcon_core.package_discovery:Crawling recursively for packages in '/home/logan/exos_new_ws'
[0.344s] Level 1:colcon.colcon_core.package_identification:_identify(.) by extensions ['ignore', 'ignore_ament_install']
[0.344s] Level 1:colcon.colcon_core.package_identification:_identify(.) by extension 'ignore'
[0.344s] Level 1:colcon.colcon_core.package_identification:_identify(.) by extension 'ignore_ament_install'
[0.344s] Level 1:colcon.colcon_core.package_identification:_identify(.) by extensions ['colcon_pkg']
[0.344s] Level 1:colcon.colcon_core.package_identification:_identify(.) by extension 'colcon_pkg'
[0.344s] Level 1:colcon.colcon_core.package_identification:_identify(.) by extensions ['colcon_meta']
[0.344s] Level 1:colcon.colcon_core.package_identification:_identify(.) by extension 'colcon_meta'
[0.344s] Level 1:colcon.colcon_core.package_identification:_identify(.) by extensions ['ros']
[0.344s] Level 1:colcon.colcon_core.package_identification:_identify(.) by extension 'ros'
[0.356s] Level 1:colcon.colcon_core.package_identification:_identify(.) by extensions ['cmake', 'python']
[0.356s] Level 1:colcon.colcon_core.package_identification:_identify(.) by extension 'cmake'
[0.356s] Level 1:colcon.colcon_core.package_identification:_identify(.) by extension 'python'
[0.356s] Level 1:colcon.colcon_core.package_identification:_identify(.) by extensions ['python_setup_py']
[0.356s] Level 1:colcon.colcon_core.package_identification:_identify(.) by extension 'python_setup_py'
[0.356s] Level 1:colcon.colcon_core.package_identification:_identify(build) by extensions ['ignore', 'ignore_ament_install']
[0.356s] Level 1:colcon.colcon_core.package_identification:_identify(build) by extension 'ignore'
[0.356s] Level 1:colcon.colcon_core.package_identification:_identify(build) ignored
[0.356s] Level 1:colcon.colcon_core.package_identification:_identify(install) by extensions ['ignore', 'ignore_ament_install']
[0.356s] Level 1:colcon.colcon_core.package_identification:_identify(install) by extension 'ignore'
[0.357s] Level 1:colcon.colcon_core.package_identification:_identify(install) ignored
[0.357s] Level 1:colcon.colcon_core.package_identification:_identify(log) by extensions ['ignore', 'ignore_ament_install']
[0.357s] Level 1:colcon.colcon_core.package_identification:_identify(log) by extension 'ignore'
[0.357s] Level 1:colcon.colcon_core.package_identification:_identify(log) ignored
[0.357s] Level 1:colcon.colcon_core.package_identification:_identify(src) by extensions ['ignore', 'ignore_ament_install']
[0.357s] Level 1:colcon.colcon_core.package_identification:_identify(src) by extension 'ignore'
[0.357s] Level 1:colcon.colcon_core.package_identification:_identify(src) by extension 'ignore_ament_install'
[0.357s] Level 1:colcon.colcon_core.package_identification:_identify(src) by extensions ['colcon_pkg']
[0.357s] Level 1:colcon.colcon_core.package_identification:_identify(src) by extension 'colcon_pkg'
[0.357s] Level 1:colcon.colcon_core.package_identification:_identify(src) by extensions ['colcon_meta']
[0.357s] Level 1:colcon.colcon_core.package_identification:_identify(src) by extension 'colcon_meta'
[0.357s] Level 1:colcon.colcon_core.package_identification:_identify(src) by extensions ['ros']
[0.358s] Level 1:colcon.colcon_core.package_identification:_identify(src) by extension 'ros'
[0.358s] Level 1:colcon.colcon_core.package_identification:_identify(src) by extensions ['cmake', 'python']
[0.358s] Level 1:colcon.colcon_core.package_identification:_identify(src) by extension 'cmake'
[0.358s] Level 1:colcon.colcon_core.package_identification:_identify(src) by extension 'python'
[0.358s] Level 1:colcon.colcon_core.package_identification:_identify(src) by extensions ['python_setup_py']
[0.358s] Level 1:colcon.colcon_core.package_identification:_identify(src) by extension 'python_setup_py'
[0.358s] Level 1:colcon.colcon_core.package_identification:_identify(src/chan) by extensions ['ignore', 'ignore_ament_install']
[0.358s] Level 1:colcon.colcon_core.package_identification:_identify(src/chan) by extension 'ignore'
[0.358s] Level 1:colcon.colcon_core.package_identification:_identify(src/chan) by extension 'ignore_ament_install'
[0.358s] Level 1:colcon.colcon_core.package_identification:_identify(src/chan) by extensions ['colcon_pkg']
[0.358s] Level 1:colcon.colcon_core.package_identification:_identify(src/chan) by extension 'colcon_pkg'
[0.358s] Level 1:colcon.colcon_core.package_identification:_identify(src/chan) by extensions ['colcon_meta']
[0.358s] Level 1:colcon.colcon_core.package_identification:_identify(src/chan) by extension 'colcon_meta'
[0.358s] Level 1:colcon.colcon_core.package_identification:_identify(src/chan) by extensions ['ros']
[0.358s] Level 1:colcon.colcon_core.package_identification:_identify(src/chan) by extension 'ros'
[0.362s] DEBUG:colcon.colcon_core.package_identification:Package 'src/chan' with type 'ros.ament_cmake' and name 'chan'
[0.362s] Level 1:colcon.colcon_core.package_identification:_identify(src/moveit) by extensions ['ignore', 'ignore_ament_install']
[0.362s] Level 1:colcon.colcon_core.package_identification:_identify(src/moveit) by extension 'ignore'
[0.362s] Level 1:colcon.colcon_core.package_identification:_identify(src/moveit) by extension 'ignore_ament_install'
[0.362s] Level 1:colcon.colcon_core.package_identification:_identify(src/moveit) by extensions ['colcon_pkg']
[0.362s] Level 1:colcon.colcon_core.package_identification:_identify(src/moveit) by extension 'colcon_pkg'
[0.362s] Level 1:colcon.colcon_core.package_identification:_identify(src/moveit) by extensions ['colcon_meta']
[0.362s] Level 1:colcon.colcon_core.package_identification:_identify(src/moveit) by extension 'colcon_meta'
[0.362s] Level 1:colcon.colcon_core.package_identification:_identify(src/moveit) by extensions ['ros']
[0.362s] Level 1:colcon.colcon_core.package_identification:_identify(src/moveit) by extension 'ros'
[0.363s] DEBUG:colcon.colcon_core.package_identification:Package 'src/moveit' with type 'ros.ament_cmake' and name 'moveit'
[0.363s] Level 1:colcon.colcon_core.package_identification:_identify(src/tongquan_sldasm) by extensions ['ignore', 'ignore_ament_install']
[0.364s] Level 1:colcon.colcon_core.package_identification:_identify(src/tongquan_sldasm) by extension 'ignore'
[0.364s] Level 1:colcon.colcon_core.package_identification:_identify(src/tongquan_sldasm) by extension 'ignore_ament_install'
[0.364s] Level 1:colcon.colcon_core.package_identification:_identify(src/tongquan_sldasm) by extensions ['colcon_pkg']
[0.364s] Level 1:colcon.colcon_core.package_identification:_identify(src/tongquan_sldasm) by extension 'colcon_pkg'
[0.364s] Level 1:colcon.colcon_core.package_identification:_identify(src/tongquan_sldasm) by extensions ['colcon_meta']
[0.364s] Level 1:colcon.colcon_core.package_identification:_identify(src/tongquan_sldasm) by extension 'colcon_meta'
[0.364s] Level 1:colcon.colcon_core.package_identification:_identify(src/tongquan_sldasm) by extensions ['ros']
[0.364s] Level 1:colcon.colcon_core.package_identification:_identify(src/tongquan_sldasm) by extension 'ros'
[0.365s] DEBUG:colcon.colcon_core.package_identification:Package 'src/tongquan_sldasm' with type 'ros.ament_cmake' and name 'tongquan_sldasm'
[0.365s] Level 1:colcon.colcon_core.package_discovery:discover_packages(recursive) using defaults
[0.365s] Level 1:colcon.colcon_core.package_discovery:discover_packages(ignore) discover
[0.365s] Level 1:colcon.colcon_core.package_discovery:discover_packages(ignore) using defaults
[0.365s] Level 1:colcon.colcon_core.package_discovery:discover_packages(path) discover
[0.365s] Level 1:colcon.colcon_core.package_discovery:discover_packages(path) using defaults
[0.390s] Level 1:colcon.colcon_core.package_discovery:discover_packages(prefix_path) check parameters
[0.390s] Level 1:colcon.colcon_core.package_discovery:discover_packages(prefix_path) discover
[0.392s] Level 1:colcon.colcon_core.package_discovery:discover_packages(prefix_path) using defaults
[0.393s] Level 5:colcon.colcon_core.verb:set package 'tongquan_sldasm' build argument 'cmake_args' from command line to 'None'
[0.393s] Level 5:colcon.colcon_core.verb:set package 'tongquan_sldasm' build argument 'cmake_target' from command line to 'None'
[0.393s] Level 5:colcon.colcon_core.verb:set package 'tongquan_sldasm' build argument 'cmake_target_skip_unavailable' from command line to 'False'
[0.393s] Level 5:colcon.colcon_core.verb:set package 'tongquan_sldasm' build argument 'cmake_clean_cache' from command line to 'False'
[0.393s] Level 5:colcon.colcon_core.verb:set package 'tongquan_sldasm' build argument 'cmake_clean_first' from command line to 'False'
[0.393s] Level 5:colcon.colcon_core.verb:set package 'tongquan_sldasm' build argument 'cmake_force_configure' from command line to 'False'
[0.393s] Level 5:colcon.colcon_core.verb:set package 'tongquan_sldasm' build argument 'ament_cmake_args' from command line to 'None'
[0.393s] Level 5:colcon.colcon_core.verb:set package 'tongquan_sldasm' build argument 'catkin_cmake_args' from command line to 'None'
[0.393s] Level 5:colcon.colcon_core.verb:set package 'tongquan_sldasm' build argument 'catkin_skip_building_tests' from command line to 'False'
[0.393s] DEBUG:colcon.colcon_core.verb:Building package 'tongquan_sldasm' with the following arguments: {'ament_cmake_args': None, 'build_base': '/home/logan/exos_new_ws/build/tongquan_sldasm', 'catkin_cmake_args': None, 'catkin_skip_building_tests': False, 'cmake_args': None, 'cmake_clean_cache': False, 'cmake_clean_first': False, 'cmake_force_configure': False, 'cmake_target': None, 'cmake_target_skip_unavailable': False, 'install_base': '/home/logan/exos_new_ws/install/tongquan_sldasm', 'merge_install': False, 'path': '/home/logan/exos_new_ws/src/tongquan_sldasm', 'symlink_install': False, 'test_result_base': None}
[0.394s] Level 5:colcon.colcon_core.verb:set package 'chan' build argument 'cmake_args' from command line to 'None'
[0.394s] Level 5:colcon.colcon_core.verb:set package 'chan' build argument 'cmake_target' from command line to 'None'
[0.394s] Level 5:colcon.colcon_core.verb:set package 'chan' build argument 'cmake_target_skip_unavailable' from command line to 'False'
[0.394s] Level 5:colcon.colcon_core.verb:set package 'chan' build argument 'cmake_clean_cache' from command line to 'False'
[0.394s] Level 5:colcon.colcon_core.verb:set package 'chan' build argument 'cmake_clean_first' from command line to 'False'
[0.394s] Level 5:colcon.colcon_core.verb:set package 'chan' build argument 'cmake_force_configure' from command line to 'False'
[0.394s] Level 5:colcon.colcon_core.verb:set package 'chan' build argument 'ament_cmake_args' from command line to 'None'
[0.394s] Level 5:colcon.colcon_core.verb:set package 'chan' build argument 'catkin_cmake_args' from command line to 'None'
[0.394s] Level 5:colcon.colcon_core.verb:set package 'chan' build argument 'catkin_skip_building_tests' from command line to 'False'
[0.394s] DEBUG:colcon.colcon_core.verb:Building package 'chan' with the following arguments: {'ament_cmake_args': None, 'build_base': '/home/logan/exos_new_ws/build/chan', 'catkin_cmake_args': None, 'catkin_skip_building_tests': False, 'cmake_args': None, 'cmake_clean_cache': False, 'cmake_clean_first': False, 'cmake_force_configure': False, 'cmake_target': None, 'cmake_target_skip_unavailable': False, 'install_base': '/home/logan/exos_new_ws/install/chan', 'merge_install': False, 'path': '/home/logan/exos_new_ws/src/chan', 'symlink_install': False, 'test_result_base': None}
[0.394s] Level 5:colcon.colcon_core.verb:set package 'moveit' build argument 'cmake_args' from command line to 'None'
[0.394s] Level 5:colcon.colcon_core.verb:set package 'moveit' build argument 'cmake_target' from command line to 'None'
[0.394s] Level 5:colcon.colcon_core.verb:set package 'moveit' build argument 'cmake_target_skip_unavailable' from command line to 'False'
[0.394s] Level 5:colcon.colcon_core.verb:set package 'moveit' build argument 'cmake_clean_cache' from command line to 'False'
[0.394s] Level 5:colcon.colcon_core.verb:set package 'moveit' build argument 'cmake_clean_first' from command line to 'False'
[0.394s] Level 5:colcon.colcon_core.verb:set package 'moveit' build argument 'cmake_force_configure' from command line to 'False'
[0.394s] Level 5:colcon.colcon_core.verb:set package 'moveit' build argument 'ament_cmake_args' from command line to 'None'
[0.394s] Level 5:colcon.colcon_core.verb:set package 'moveit' build argument 'catkin_cmake_args' from command line to 'None'
[0.394s] Level 5:colcon.colcon_core.verb:set package 'moveit' build argument 'catkin_skip_building_tests' from command line to 'False'
[0.394s] DEBUG:colcon.colcon_core.verb:Building package 'moveit' with the following arguments: {'ament_cmake_args': None, 'build_base': '/home/logan/exos_new_ws/build/moveit', 'catkin_cmake_args': None, 'catkin_skip_building_tests': False, 'cmake_args': None, 'cmake_clean_cache': False, 'cmake_clean_first': False, 'cmake_force_configure': False, 'cmake_target': None, 'cmake_target_skip_unavailable': False, 'install_base': '/home/logan/exos_new_ws/install/moveit', 'merge_install': False, 'path': '/home/logan/exos_new_ws/src/moveit', 'symlink_install': False, 'test_result_base': None}
[0.394s] INFO:colcon.colcon_core.executor:Executing jobs using 'parallel' executor
[0.395s] DEBUG:colcon.colcon_parallel_executor.executor.parallel:run_until_complete
[0.396s] INFO:colcon.colcon_ros.task.ament_cmake.build:Building ROS package in '/home/logan/exos_new_ws/src/tongquan_sldasm' with build type 'ament_cmake'
[0.396s] INFO:colcon.colcon_cmake.task.cmake.build:Building CMake package in '/home/logan/exos_new_ws/src/tongquan_sldasm'
[0.400s] INFO:colcon.colcon_core.plugin_system:Skipping extension 'colcon_core.shell.bat': Not used on non-Windows systems
[0.400s] INFO:colcon.colcon_core.shell:Skip shell extension 'powershell' for command environment: Not usable outside of PowerShell
[0.400s] DEBUG:colcon.colcon_core.shell:Skip shell extension 'dsv' for command environment
[0.406s] DEBUG:colcon.colcon_core.event_handler.log_command:Invoking command in '/home/logan/exos_new_ws/build/tongquan_sldasm': /usr/bin/cmake --build /home/logan/exos_new_ws/build/tongquan_sldasm -- -j12 -l12
[0.472s] DEBUG:colcon.colcon_core.event_handler.log_command:Invoked command in '/home/logan/exos_new_ws/build/tongquan_sldasm' returned '0': /usr/bin/cmake --build /home/logan/exos_new_ws/build/tongquan_sldasm -- -j12 -l12
[0.503s] DEBUG:colcon.colcon_core.event_handler.log_command:Invoking command in '/home/logan/exos_new_ws/build/tongquan_sldasm': /usr/bin/cmake --install /home/logan/exos_new_ws/build/tongquan_sldasm
[0.516s] Level 1:colcon.colcon_core.environment:create_environment_scripts_only(tongquan_sldasm)
[0.517s] DEBUG:colcon.colcon_core.event_handler.log_command:Invoked command in '/home/logan/exos_new_ws/build/tongquan_sldasm' returned '0': /usr/bin/cmake --install /home/logan/exos_new_ws/build/tongquan_sldasm
[0.521s] Level 1:colcon.colcon_core.environment:checking '/home/logan/exos_new_ws/install/tongquan_sldasm' for CMake module files
[0.522s] Level 1:colcon.colcon_core.environment:checking '/home/logan/exos_new_ws/install/tongquan_sldasm' for CMake config files
[0.522s] Level 1:colcon.colcon_core.shell:create_environment_hook('tongquan_sldasm', 'cmake_prefix_path')
[0.523s] INFO:colcon.colcon_core.shell:Creating environment hook '/home/logan/exos_new_ws/install/tongquan_sldasm/share/tongquan_sldasm/hook/cmake_prefix_path.ps1'
[0.524s] INFO:colcon.colcon_core.shell:Creating environment descriptor '/home/logan/exos_new_ws/install/tongquan_sldasm/share/tongquan_sldasm/hook/cmake_prefix_path.dsv'
[0.524s] INFO:colcon.colcon_core.shell:Creating environment hook '/home/logan/exos_new_ws/install/tongquan_sldasm/share/tongquan_sldasm/hook/cmake_prefix_path.sh'
[0.525s] Level 1:colcon.colcon_core.environment:checking '/home/logan/exos_new_ws/install/tongquan_sldasm/bin'
[0.525s] Level 1:colcon.colcon_core.environment:checking '/home/logan/exos_new_ws/install/tongquan_sldasm/lib/pkgconfig/tongquan_sldasm.pc'
[0.527s] Level 1:colcon.colcon_core.environment:checking '/home/logan/exos_new_ws/install/tongquan_sldasm/lib/python3.10/site-packages'
[0.527s] Level 1:colcon.colcon_core.environment:checking '/home/logan/exos_new_ws/install/tongquan_sldasm/bin'
[0.527s] INFO:colcon.colcon_core.shell:Creating package script '/home/logan/exos_new_ws/install/tongquan_sldasm/share/tongquan_sldasm/package.ps1'
[0.528s] INFO:colcon.colcon_core.shell:Creating package descriptor '/home/logan/exos_new_ws/install/tongquan_sldasm/share/tongquan_sldasm/package.dsv'
[0.529s] INFO:colcon.colcon_core.shell:Creating package script '/home/logan/exos_new_ws/install/tongquan_sldasm/share/tongquan_sldasm/package.sh'
[0.529s] INFO:colcon.colcon_core.shell:Creating package script '/home/logan/exos_new_ws/install/tongquan_sldasm/share/tongquan_sldasm/package.bash'
[0.530s] INFO:colcon.colcon_core.shell:Creating package script '/home/logan/exos_new_ws/install/tongquan_sldasm/share/tongquan_sldasm/package.zsh'
[0.531s] Level 1:colcon.colcon_core.environment:create_file_with_runtime_dependencies(/home/logan/exos_new_ws/install/tongquan_sldasm/share/colcon-core/packages/tongquan_sldasm)
[0.554s] Level 1:colcon.colcon_core.environment:create_environment_scripts_only(tongquan_sldasm)
[0.555s] Level 1:colcon.colcon_core.environment:checking '/home/logan/exos_new_ws/install/tongquan_sldasm' for CMake module files
[0.555s] Level 1:colcon.colcon_core.environment:checking '/home/logan/exos_new_ws/install/tongquan_sldasm' for CMake config files
[0.555s] Level 1:colcon.colcon_core.shell:create_environment_hook('tongquan_sldasm', 'cmake_prefix_path')
[0.556s] INFO:colcon.colcon_core.shell:Creating environment hook '/home/logan/exos_new_ws/install/tongquan_sldasm/share/tongquan_sldasm/hook/cmake_prefix_path.ps1'
[0.556s] INFO:colcon.colcon_core.shell:Creating environment descriptor '/home/logan/exos_new_ws/install/tongquan_sldasm/share/tongquan_sldasm/hook/cmake_prefix_path.dsv'
[0.556s] INFO:colcon.colcon_core.shell:Creating environment hook '/home/logan/exos_new_ws/install/tongquan_sldasm/share/tongquan_sldasm/hook/cmake_prefix_path.sh'
[0.557s] Level 1:colcon.colcon_core.environment:checking '/home/logan/exos_new_ws/install/tongquan_sldasm/bin'
[0.557s] Level 1:colcon.colcon_core.environment:checking '/home/logan/exos_new_ws/install/tongquan_sldasm/lib/pkgconfig/tongquan_sldasm.pc'
[0.557s] Level 1:colcon.colcon_core.environment:checking '/home/logan/exos_new_ws/install/tongquan_sldasm/lib/python3.10/site-packages'
[0.557s] Level 1:colcon.colcon_core.environment:checking '/home/logan/exos_new_ws/install/tongquan_sldasm/bin'
[0.557s] INFO:colcon.colcon_core.shell:Creating package script '/home/logan/exos_new_ws/install/tongquan_sldasm/share/tongquan_sldasm/package.ps1'
[0.558s] INFO:colcon.colcon_core.shell:Creating package descriptor '/home/logan/exos_new_ws/install/tongquan_sldasm/share/tongquan_sldasm/package.dsv'
[0.558s] INFO:colcon.colcon_core.shell:Creating package script '/home/logan/exos_new_ws/install/tongquan_sldasm/share/tongquan_sldasm/package.sh'
[0.559s] INFO:colcon.colcon_core.shell:Creating package script '/home/logan/exos_new_ws/install/tongquan_sldasm/share/tongquan_sldasm/package.bash'
[0.559s] INFO:colcon.colcon_core.shell:Creating package script '/home/logan/exos_new_ws/install/tongquan_sldasm/share/tongquan_sldasm/package.zsh'
[0.559s] Level 1:colcon.colcon_core.environment:create_file_with_runtime_dependencies(/home/logan/exos_new_ws/install/tongquan_sldasm/share/colcon-core/packages/tongquan_sldasm)
[0.560s] INFO:colcon.colcon_ros.task.ament_cmake.build:Building ROS package in '/home/logan/exos_new_ws/src/chan' with build type 'ament_cmake'
[0.560s] INFO:colcon.colcon_cmake.task.cmake.build:Building CMake package in '/home/logan/exos_new_ws/src/chan'
[0.560s] INFO:colcon.colcon_core.shell:Skip shell extension 'powershell' for command environment: Not usable outside of PowerShell
[0.560s] DEBUG:colcon.colcon_core.shell:Skip shell extension 'dsv' for command environment
[0.561s] INFO:colcon.colcon_ros.task.ament_cmake.build:Building ROS package in '/home/logan/exos_new_ws/src/moveit' with build type 'ament_cmake'
[0.561s] INFO:colcon.colcon_cmake.task.cmake.build:Building CMake package in '/home/logan/exos_new_ws/src/moveit'
[0.562s] INFO:colcon.colcon_core.shell:Skip shell extension 'powershell' for command environment: Not usable outside of PowerShell
[0.562s] DEBUG:colcon.colcon_core.shell:Skip shell extension 'dsv' for command environment
[0.568s] DEBUG:colcon.colcon_core.event_handler.log_command:Invoking command in '/home/logan/exos_new_ws/build/chan': AMENT_PREFIX_PATH=/home/logan/exos_new_ws/install/tongquan_sldasm CMAKE_PREFIX_PATH=/home/logan/exos_new_ws/install/tongquan_sldasm /usr/bin/cmake --build /home/logan/exos_new_ws/build/chan -- -j12 -l12
[0.570s] DEBUG:colcon.colcon_core.event_handler.log_command:Invoking command in '/home/logan/exos_new_ws/build/moveit': AMENT_PREFIX_PATH=/home/logan/exos_new_ws/install/tongquan_sldasm CMAKE_PREFIX_PATH=/home/logan/exos_new_ws/install/tongquan_sldasm /usr/bin/cmake --build /home/logan/exos_new_ws/build/moveit -- -j12 -l12
[0.608s] DEBUG:colcon.colcon_core.event_handler.log_command:Invoked command in '/home/logan/exos_new_ws/build/moveit' returned '0': AMENT_PREFIX_PATH=/home/logan/exos_new_ws/install/tongquan_sldasm CMAKE_PREFIX_PATH=/home/logan/exos_new_ws/install/tongquan_sldasm /usr/bin/cmake --build /home/logan/exos_new_ws/build/moveit -- -j12 -l12
[0.609s] DEBUG:colcon.colcon_core.event_handler.log_command:Invoked command in '/home/logan/exos_new_ws/build/chan' returned '0': AMENT_PREFIX_PATH=/home/logan/exos_new_ws/install/tongquan_sldasm CMAKE_PREFIX_PATH=/home/logan/exos_new_ws/install/tongquan_sldasm /usr/bin/cmake --build /home/logan/exos_new_ws/build/chan -- -j12 -l12
[0.630s] DEBUG:colcon.colcon_core.event_handler.log_command:Invoking command in '/home/logan/exos_new_ws/build/moveit': AMENT_PREFIX_PATH=/home/logan/exos_new_ws/install/tongquan_sldasm CMAKE_PREFIX_PATH=/home/logan/exos_new_ws/install/tongquan_sldasm /usr/bin/cmake --install /home/logan/exos_new_ws/build/moveit
[0.631s] DEBUG:colcon.colcon_core.event_handler.log_command:Invoking command in '/home/logan/exos_new_ws/build/chan': AMENT_PREFIX_PATH=/home/logan/exos_new_ws/install/tongquan_sldasm CMAKE_PREFIX_PATH=/home/logan/exos_new_ws/install/tongquan_sldasm /usr/bin/cmake --install /home/logan/exos_new_ws/build/chan
[0.644s] Level 1:colcon.colcon_core.environment:create_environment_scripts_only(moveit)
[0.645s] Level 1:colcon.colcon_core.environment:checking '/home/logan/exos_new_ws/install/moveit' for CMake module files
[0.645s] DEBUG:colcon.colcon_core.event_handler.log_command:Invoked command in '/home/logan/exos_new_ws/build/moveit' returned '0': AMENT_PREFIX_PATH=/home/logan/exos_new_ws/install/tongquan_sldasm CMAKE_PREFIX_PATH=/home/logan/exos_new_ws/install/tongquan_sldasm /usr/bin/cmake --install /home/logan/exos_new_ws/build/moveit
[0.645s] Level 1:colcon.colcon_core.environment:checking '/home/logan/exos_new_ws/install/moveit' for CMake config files
[0.646s] Level 1:colcon.colcon_core.shell:create_environment_hook('moveit', 'cmake_prefix_path')
[0.646s] INFO:colcon.colcon_core.shell:Creating environment hook '/home/logan/exos_new_ws/install/moveit/share/moveit/hook/cmake_prefix_path.ps1'
[0.647s] INFO:colcon.colcon_core.shell:Creating environment descriptor '/home/logan/exos_new_ws/install/moveit/share/moveit/hook/cmake_prefix_path.dsv'
[0.647s] INFO:colcon.colcon_core.shell:Creating environment hook '/home/logan/exos_new_ws/install/moveit/share/moveit/hook/cmake_prefix_path.sh'
[0.648s] Level 1:colcon.colcon_core.environment:checking '/home/logan/exos_new_ws/install/moveit/bin'
[0.648s] Level 1:colcon.colcon_core.environment:checking '/home/logan/exos_new_ws/install/moveit/lib/pkgconfig/moveit.pc'
[0.648s] Level 1:colcon.colcon_core.environment:checking '/home/logan/exos_new_ws/install/moveit/lib/python3.10/site-packages'
[0.648s] Level 1:colcon.colcon_core.environment:checking '/home/logan/exos_new_ws/install/moveit/bin'
[0.648s] INFO:colcon.colcon_core.shell:Creating package script '/home/logan/exos_new_ws/install/moveit/share/moveit/package.ps1'
[0.649s] INFO:colcon.colcon_core.shell:Creating package descriptor '/home/logan/exos_new_ws/install/moveit/share/moveit/package.dsv'
[0.649s] INFO:colcon.colcon_core.shell:Creating package script '/home/logan/exos_new_ws/install/moveit/share/moveit/package.sh'
[0.649s] INFO:colcon.colcon_core.shell:Creating package script '/home/logan/exos_new_ws/install/moveit/share/moveit/package.bash'
[0.650s] INFO:colcon.colcon_core.shell:Creating package script '/home/logan/exos_new_ws/install/moveit/share/moveit/package.zsh'
[0.650s] Level 1:colcon.colcon_core.environment:create_file_with_runtime_dependencies(/home/logan/exos_new_ws/install/moveit/share/colcon-core/packages/moveit)
[0.651s] Level 1:colcon.colcon_core.environment:create_environment_scripts_only(chan)
[0.651s] Level 1:colcon.colcon_core.environment:checking '/home/logan/exos_new_ws/install/chan' for CMake module files
[0.651s] DEBUG:colcon.colcon_core.event_handler.log_command:Invoked command in '/home/logan/exos_new_ws/build/chan' returned '0': AMENT_PREFIX_PATH=/home/logan/exos_new_ws/install/tongquan_sldasm CMAKE_PREFIX_PATH=/home/logan/exos_new_ws/install/tongquan_sldasm /usr/bin/cmake --install /home/logan/exos_new_ws/build/chan
[0.652s] Level 1:colcon.colcon_core.environment:checking '/home/logan/exos_new_ws/install/chan' for CMake config files
[0.652s] Level 1:colcon.colcon_core.shell:create_environment_hook('chan', 'cmake_prefix_path')
[0.652s] INFO:colcon.colcon_core.shell:Creating environment hook '/home/logan/exos_new_ws/install/chan/share/chan/hook/cmake_prefix_path.ps1'
[0.653s] INFO:colcon.colcon_core.shell:Creating environment descriptor '/home/logan/exos_new_ws/install/chan/share/chan/hook/cmake_prefix_path.dsv'
[0.653s] INFO:colcon.colcon_core.shell:Creating environment hook '/home/logan/exos_new_ws/install/chan/share/chan/hook/cmake_prefix_path.sh'
[0.654s] Level 1:colcon.colcon_core.environment:checking '/home/logan/exos_new_ws/install/chan/bin'
[0.654s] Level 1:colcon.colcon_core.environment:checking '/home/logan/exos_new_ws/install/chan/lib/pkgconfig/chan.pc'
[0.654s] Level 1:colcon.colcon_core.environment:checking '/home/logan/exos_new_ws/install/chan/lib/python3.10/site-packages'
[0.654s] Level 1:colcon.colcon_core.environment:checking '/home/logan/exos_new_ws/install/chan/bin'
[0.654s] INFO:colcon.colcon_core.shell:Creating package script '/home/logan/exos_new_ws/install/chan/share/chan/package.ps1'
[0.655s] INFO:colcon.colcon_core.shell:Creating package descriptor '/home/logan/exos_new_ws/install/chan/share/chan/package.dsv'
[0.655s] INFO:colcon.colcon_core.shell:Creating package script '/home/logan/exos_new_ws/install/chan/share/chan/package.sh'
[0.655s] INFO:colcon.colcon_core.shell:Creating package script '/home/logan/exos_new_ws/install/chan/share/chan/package.bash'
[0.656s] INFO:colcon.colcon_core.shell:Creating package script '/home/logan/exos_new_ws/install/chan/share/chan/package.zsh'
[0.656s] Level 1:colcon.colcon_core.environment:create_file_with_runtime_dependencies(/home/logan/exos_new_ws/install/chan/share/colcon-core/packages/chan)
[0.671s] Level 1:colcon.colcon_core.environment:create_environment_scripts_only(moveit)
[0.672s] Level 1:colcon.colcon_core.environment:checking '/home/logan/exos_new_ws/install/moveit' for CMake module files
[0.672s] Level 1:colcon.colcon_core.environment:checking '/home/logan/exos_new_ws/install/moveit' for CMake config files
[0.673s] Level 1:colcon.colcon_core.shell:create_environment_hook('moveit', 'cmake_prefix_path')
[0.673s] INFO:colcon.colcon_core.shell:Creating environment hook '/home/logan/exos_new_ws/install/moveit/share/moveit/hook/cmake_prefix_path.ps1'
[0.673s] INFO:colcon.colcon_core.shell:Creating environment descriptor '/home/logan/exos_new_ws/install/moveit/share/moveit/hook/cmake_prefix_path.dsv'
[0.674s] INFO:colcon.colcon_core.shell:Creating environment hook '/home/logan/exos_new_ws/install/moveit/share/moveit/hook/cmake_prefix_path.sh'
[0.674s] Level 1:colcon.colcon_core.environment:checking '/home/logan/exos_new_ws/install/moveit/bin'
[0.674s] Level 1:colcon.colcon_core.environment:checking '/home/logan/exos_new_ws/install/moveit/lib/pkgconfig/moveit.pc'
[0.674s] Level 1:colcon.colcon_core.environment:checking '/home/logan/exos_new_ws/install/moveit/lib/python3.10/site-packages'
[0.674s] Level 1:colcon.colcon_core.environment:checking '/home/logan/exos_new_ws/install/moveit/bin'
[0.675s] INFO:colcon.colcon_core.shell:Creating package script '/home/logan/exos_new_ws/install/moveit/share/moveit/package.ps1'
[0.675s] INFO:colcon.colcon_core.shell:Creating package descriptor '/home/logan/exos_new_ws/install/moveit/share/moveit/package.dsv'
[0.675s] INFO:colcon.colcon_core.shell:Creating package script '/home/logan/exos_new_ws/install/moveit/share/moveit/package.sh'
[0.676s] INFO:colcon.colcon_core.shell:Creating package script '/home/logan/exos_new_ws/install/moveit/share/moveit/package.bash'
[0.676s] INFO:colcon.colcon_core.shell:Creating package script '/home/logan/exos_new_ws/install/moveit/share/moveit/package.zsh'
[0.677s] Level 1:colcon.colcon_core.environment:create_file_with_runtime_dependencies(/home/logan/exos_new_ws/install/moveit/share/colcon-core/packages/moveit)
[0.678s] Level 1:colcon.colcon_core.environment:create_environment_scripts_only(chan)
[0.678s] Level 1:colcon.colcon_core.environment:checking '/home/logan/exos_new_ws/install/chan' for CMake module files
[0.678s] Level 1:colcon.colcon_core.environment:checking '/home/logan/exos_new_ws/install/chan' for CMake config files
[0.679s] Level 1:colcon.colcon_core.shell:create_environment_hook('chan', 'cmake_prefix_path')
[0.679s] INFO:colcon.colcon_core.shell:Creating environment hook '/home/logan/exos_new_ws/install/chan/share/chan/hook/cmake_prefix_path.ps1'
[0.679s] INFO:colcon.colcon_core.shell:Creating environment descriptor '/home/logan/exos_new_ws/install/chan/share/chan/hook/cmake_prefix_path.dsv'
[0.680s] INFO:colcon.colcon_core.shell:Creating environment hook '/home/logan/exos_new_ws/install/chan/share/chan/hook/cmake_prefix_path.sh'
[0.680s] Level 1:colcon.colcon_core.environment:checking '/home/logan/exos_new_ws/install/chan/bin'
[0.680s] Level 1:colcon.colcon_core.environment:checking '/home/logan/exos_new_ws/install/chan/lib/pkgconfig/chan.pc'
[0.680s] Level 1:colcon.colcon_core.environment:checking '/home/logan/exos_new_ws/install/chan/lib/python3.10/site-packages'
[0.680s] Level 1:colcon.colcon_core.environment:checking '/home/logan/exos_new_ws/install/chan/bin'
[0.681s] INFO:colcon.colcon_core.shell:Creating package script '/home/logan/exos_new_ws/install/chan/share/chan/package.ps1'
[0.681s] INFO:colcon.colcon_core.shell:Creating package descriptor '/home/logan/exos_new_ws/install/chan/share/chan/package.dsv'
[0.681s] INFO:colcon.colcon_core.shell:Creating package script '/home/logan/exos_new_ws/install/chan/share/chan/package.sh'
[0.682s] INFO:colcon.colcon_core.shell:Creating package script '/home/logan/exos_new_ws/install/chan/share/chan/package.bash'
[0.682s] INFO:colcon.colcon_core.shell:Creating package script '/home/logan/exos_new_ws/install/chan/share/chan/package.zsh'
[0.682s] Level 1:colcon.colcon_core.environment:create_file_with_runtime_dependencies(/home/logan/exos_new_ws/install/chan/share/colcon-core/packages/chan)
[0.683s] DEBUG:colcon.colcon_parallel_executor.executor.parallel:closing loop
[0.683s] DEBUG:colcon.colcon_parallel_executor.executor.parallel:loop closed
[0.683s] DEBUG:colcon.colcon_parallel_executor.executor.parallel:run_until_complete finished with '0'
[0.683s] DEBUG:colcon.colcon_core.event_reactor:joining thread
[0.689s] INFO:colcon.colcon_core.plugin_system:Skipping extension 'colcon_notification.desktop_notification.terminal_notifier': Not used on non-Darwin systems
[0.689s] INFO:colcon.colcon_core.plugin_system:Skipping extension 'colcon_notification.desktop_notification.win32': Not used on non-Windows systems
[0.689s] INFO:colcon.colcon_notification.desktop_notification:Sending desktop notification using 'notify2'
[0.709s] DEBUG:colcon.colcon_core.event_reactor:joined thread
[0.709s] INFO:colcon.colcon_core.shell:Creating prefix script '/home/logan/exos_new_ws/install/local_setup.ps1'
[0.711s] INFO:colcon.colcon_core.shell:Creating prefix util module '/home/logan/exos_new_ws/install/_local_setup_util_ps1.py'
[0.712s] INFO:colcon.colcon_core.shell:Creating prefix chain script '/home/logan/exos_new_ws/install/setup.ps1'
[0.713s] INFO:colcon.colcon_core.shell:Creating prefix script '/home/logan/exos_new_ws/install/local_setup.sh'
[0.713s] INFO:colcon.colcon_core.shell:Creating prefix util module '/home/logan/exos_new_ws/install/_local_setup_util_sh.py'
[0.714s] INFO:colcon.colcon_core.shell:Creating prefix chain script '/home/logan/exos_new_ws/install/setup.sh'
[0.715s] INFO:colcon.colcon_core.shell:Creating prefix script '/home/logan/exos_new_ws/install/local_setup.bash'
[0.715s] INFO:colcon.colcon_core.shell:Creating prefix chain script '/home/logan/exos_new_ws/install/setup.bash'
[0.716s] INFO:colcon.colcon_core.shell:Creating prefix script '/home/logan/exos_new_ws/install/local_setup.zsh'
[0.716s] INFO:colcon.colcon_core.shell:Creating prefix chain script '/home/logan/exos_new_ws/install/setup.zsh'
