[0.262s] DEBUG:colcon:Command line arguments: ['/usr/bin/colcon', 'build']
[0.262s] DEBUG:colcon:Parsed command line arguments: Namespace(log_base=None, log_level=None, verb_name='build', build_base='build', install_base='install', merge_install=False, symlink_install=False, test_result_base=None, continue_on_error=False, executor='parallel', parallel_workers=12, event_handlers=None, ignore_user_meta=False, metas=['./colcon.meta'], base_paths=['.'], packages_ignore=None, packages_ignore_regex=None, paths=None, packages_up_to=None, packages_up_to_regex=None, packages_above=None, packages_above_and_dependencies=None, packages_above_depth=None, packages_select_by_dep=None, packages_skip_by_dep=None, packages_skip_up_to=None, packages_select_build_failed=False, packages_skip_build_finished=False, packages_select_test_failures=False, packages_skip_test_passed=False, packages_select=None, packages_skip=None, packages_select_regex=None, packages_skip_regex=None, packages_start=None, packages_end=None, allow_overriding=[], cmake_args=None, cmake_target=None, cmake_target_skip_unavailable=False, cmake_clean_cache=False, cmake_clean_first=False, cmake_force_configure=False, ament_cmake_args=None, catkin_cmake_args=None, catkin_skip_building_tests=False, mixin_files=None, mixin=None, verb_parser=<colcon_mixin.mixin.mixin_argument.MixinArgumentDecorator object at 0x7a2f853fae30>, verb_extension=<colcon_core.verb.build.BuildVerb object at 0x7a2f853fa3b0>, main=<bound method BuildVerb.main of <colcon_core.verb.build.BuildVerb object at 0x7a2f853fa3b0>>, mixin_verb=('build',))
[0.634s] Level 1:colcon.colcon_core.package_discovery:discover_packages(colcon_meta) check parameters
[0.635s] Level 1:colcon.colcon_core.package_discovery:discover_packages(recursive) check parameters
[0.635s] Level 1:colcon.colcon_core.package_discovery:discover_packages(ignore) check parameters
[0.635s] Level 1:colcon.colcon_core.package_discovery:discover_packages(path) check parameters
[0.635s] Level 1:colcon.colcon_core.package_discovery:discover_packages(colcon_meta) discover
[0.635s] Level 1:colcon.colcon_core.package_discovery:discover_packages(recursive) discover
[0.635s] INFO:colcon.colcon_core.package_discovery:Crawling recursively for packages in '/home/logan/exos_new_ws'
[0.635s] Level 1:colcon.colcon_core.package_identification:_identify(.) by extensions ['ignore', 'ignore_ament_install']
[0.635s] Level 1:colcon.colcon_core.package_identification:_identify(.) by extension 'ignore'
[0.635s] Level 1:colcon.colcon_core.package_identification:_identify(.) by extension 'ignore_ament_install'
[0.636s] Level 1:colcon.colcon_core.package_identification:_identify(.) by extensions ['colcon_pkg']
[0.636s] Level 1:colcon.colcon_core.package_identification:_identify(.) by extension 'colcon_pkg'
[0.636s] Level 1:colcon.colcon_core.package_identification:_identify(.) by extensions ['colcon_meta']
[0.636s] Level 1:colcon.colcon_core.package_identification:_identify(.) by extension 'colcon_meta'
[0.636s] Level 1:colcon.colcon_core.package_identification:_identify(.) by extensions ['ros']
[0.636s] Level 1:colcon.colcon_core.package_identification:_identify(.) by extension 'ros'
[0.659s] Level 1:colcon.colcon_core.package_identification:_identify(.) by extensions ['cmake', 'python']
[0.659s] Level 1:colcon.colcon_core.package_identification:_identify(.) by extension 'cmake'
[0.659s] Level 1:colcon.colcon_core.package_identification:_identify(.) by extension 'python'
[0.660s] Level 1:colcon.colcon_core.package_identification:_identify(.) by extensions ['python_setup_py']
[0.660s] Level 1:colcon.colcon_core.package_identification:_identify(.) by extension 'python_setup_py'
[0.660s] Level 1:colcon.colcon_core.package_identification:_identify(build) by extensions ['ignore', 'ignore_ament_install']
[0.660s] Level 1:colcon.colcon_core.package_identification:_identify(build) by extension 'ignore'
[0.660s] Level 1:colcon.colcon_core.package_identification:_identify(build) ignored
[0.660s] Level 1:colcon.colcon_core.package_identification:_identify(install) by extensions ['ignore', 'ignore_ament_install']
[0.661s] Level 1:colcon.colcon_core.package_identification:_identify(install) by extension 'ignore'
[0.661s] Level 1:colcon.colcon_core.package_identification:_identify(install) ignored
[0.663s] Level 1:colcon.colcon_core.package_identification:_identify(log) by extensions ['ignore', 'ignore_ament_install']
[0.663s] Level 1:colcon.colcon_core.package_identification:_identify(log) by extension 'ignore'
[0.663s] Level 1:colcon.colcon_core.package_identification:_identify(log) ignored
[0.663s] Level 1:colcon.colcon_core.package_identification:_identify(src) by extensions ['ignore', 'ignore_ament_install']
[0.663s] Level 1:colcon.colcon_core.package_identification:_identify(src) by extension 'ignore'
[0.663s] Level 1:colcon.colcon_core.package_identification:_identify(src) by extension 'ignore_ament_install'
[0.664s] Level 1:colcon.colcon_core.package_identification:_identify(src) by extensions ['colcon_pkg']
[0.664s] Level 1:colcon.colcon_core.package_identification:_identify(src) by extension 'colcon_pkg'
[0.664s] Level 1:colcon.colcon_core.package_identification:_identify(src) by extensions ['colcon_meta']
[0.664s] Level 1:colcon.colcon_core.package_identification:_identify(src) by extension 'colcon_meta'
[0.664s] Level 1:colcon.colcon_core.package_identification:_identify(src) by extensions ['ros']
[0.664s] Level 1:colcon.colcon_core.package_identification:_identify(src) by extension 'ros'
[0.664s] Level 1:colcon.colcon_core.package_identification:_identify(src) by extensions ['cmake', 'python']
[0.664s] Level 1:colcon.colcon_core.package_identification:_identify(src) by extension 'cmake'
[0.664s] Level 1:colcon.colcon_core.package_identification:_identify(src) by extension 'python'
[0.664s] Level 1:colcon.colcon_core.package_identification:_identify(src) by extensions ['python_setup_py']
[0.664s] Level 1:colcon.colcon_core.package_identification:_identify(src) by extension 'python_setup_py'
[0.665s] Level 1:colcon.colcon_core.package_identification:_identify(src/chan) by extensions ['ignore', 'ignore_ament_install']
[0.665s] Level 1:colcon.colcon_core.package_identification:_identify(src/chan) by extension 'ignore'
[0.665s] Level 1:colcon.colcon_core.package_identification:_identify(src/chan) by extension 'ignore_ament_install'
[0.665s] Level 1:colcon.colcon_core.package_identification:_identify(src/chan) by extensions ['colcon_pkg']
[0.665s] Level 1:colcon.colcon_core.package_identification:_identify(src/chan) by extension 'colcon_pkg'
[0.665s] Level 1:colcon.colcon_core.package_identification:_identify(src/chan) by extensions ['colcon_meta']
[0.665s] Level 1:colcon.colcon_core.package_identification:_identify(src/chan) by extension 'colcon_meta'
[0.665s] Level 1:colcon.colcon_core.package_identification:_identify(src/chan) by extensions ['ros']
[0.665s] Level 1:colcon.colcon_core.package_identification:_identify(src/chan) by extension 'ros'
[0.671s] DEBUG:colcon.colcon_core.package_identification:Package 'src/chan' with type 'ros.ament_cmake' and name 'chan'
[0.671s] Level 1:colcon.colcon_core.package_identification:_identify(src/control_exos) by extensions ['ignore', 'ignore_ament_install']
[0.671s] Level 1:colcon.colcon_core.package_identification:_identify(src/control_exos) by extension 'ignore'
[0.671s] Level 1:colcon.colcon_core.package_identification:_identify(src/control_exos) by extension 'ignore_ament_install'
[0.672s] Level 1:colcon.colcon_core.package_identification:_identify(src/control_exos) by extensions ['colcon_pkg']
[0.672s] Level 1:colcon.colcon_core.package_identification:_identify(src/control_exos) by extension 'colcon_pkg'
[0.672s] Level 1:colcon.colcon_core.package_identification:_identify(src/control_exos) by extensions ['colcon_meta']
[0.672s] Level 1:colcon.colcon_core.package_identification:_identify(src/control_exos) by extension 'colcon_meta'
[0.672s] Level 1:colcon.colcon_core.package_identification:_identify(src/control_exos) by extensions ['ros']
[0.672s] Level 1:colcon.colcon_core.package_identification:_identify(src/control_exos) by extension 'ros'
[0.673s] DEBUG:colcon.colcon_core.package_identification:Package 'src/control_exos' with type 'ros.ament_cmake' and name 'control_exos'
[0.673s] Level 1:colcon.colcon_core.package_identification:_identify(src/moveit) by extensions ['ignore', 'ignore_ament_install']
[0.674s] Level 1:colcon.colcon_core.package_identification:_identify(src/moveit) by extension 'ignore'
[0.674s] Level 1:colcon.colcon_core.package_identification:_identify(src/moveit) by extension 'ignore_ament_install'
[0.674s] Level 1:colcon.colcon_core.package_identification:_identify(src/moveit) by extensions ['colcon_pkg']
[0.674s] Level 1:colcon.colcon_core.package_identification:_identify(src/moveit) by extension 'colcon_pkg'
[0.674s] Level 1:colcon.colcon_core.package_identification:_identify(src/moveit) by extensions ['colcon_meta']
[0.674s] Level 1:colcon.colcon_core.package_identification:_identify(src/moveit) by extension 'colcon_meta'
[0.674s] Level 1:colcon.colcon_core.package_identification:_identify(src/moveit) by extensions ['ros']
[0.674s] Level 1:colcon.colcon_core.package_identification:_identify(src/moveit) by extension 'ros'
[0.677s] DEBUG:colcon.colcon_core.package_identification:Package 'src/moveit' with type 'ros.ament_cmake' and name 'moveit'
[0.678s] Level 1:colcon.colcon_core.package_identification:_identify(src/moveit_2) by extensions ['ignore', 'ignore_ament_install']
[0.678s] Level 1:colcon.colcon_core.package_identification:_identify(src/moveit_2) by extension 'ignore'
[0.678s] Level 1:colcon.colcon_core.package_identification:_identify(src/moveit_2) by extension 'ignore_ament_install'
[0.678s] Level 1:colcon.colcon_core.package_identification:_identify(src/moveit_2) by extensions ['colcon_pkg']
[0.678s] Level 1:colcon.colcon_core.package_identification:_identify(src/moveit_2) by extension 'colcon_pkg'
[0.678s] Level 1:colcon.colcon_core.package_identification:_identify(src/moveit_2) by extensions ['colcon_meta']
[0.678s] Level 1:colcon.colcon_core.package_identification:_identify(src/moveit_2) by extension 'colcon_meta'
[0.679s] Level 1:colcon.colcon_core.package_identification:_identify(src/moveit_2) by extensions ['ros']
[0.679s] Level 1:colcon.colcon_core.package_identification:_identify(src/moveit_2) by extension 'ros'
[0.680s] DEBUG:colcon.colcon_core.package_identification:Package 'src/moveit_2' with type 'ros.ament_cmake' and name 'moveit_2'
[0.680s] Level 1:colcon.colcon_core.package_identification:_identify(src/moveit_true) by extensions ['ignore', 'ignore_ament_install']
[0.681s] Level 1:colcon.colcon_core.package_identification:_identify(src/moveit_true) by extension 'ignore'
[0.681s] Level 1:colcon.colcon_core.package_identification:_identify(src/moveit_true) by extension 'ignore_ament_install'
[0.681s] Level 1:colcon.colcon_core.package_identification:_identify(src/moveit_true) by extensions ['colcon_pkg']
[0.681s] Level 1:colcon.colcon_core.package_identification:_identify(src/moveit_true) by extension 'colcon_pkg'
[0.681s] Level 1:colcon.colcon_core.package_identification:_identify(src/moveit_true) by extensions ['colcon_meta']
[0.681s] Level 1:colcon.colcon_core.package_identification:_identify(src/moveit_true) by extension 'colcon_meta'
[0.681s] Level 1:colcon.colcon_core.package_identification:_identify(src/moveit_true) by extensions ['ros']
[0.681s] Level 1:colcon.colcon_core.package_identification:_identify(src/moveit_true) by extension 'ros'
[0.683s] DEBUG:colcon.colcon_core.package_identification:Package 'src/moveit_true' with type 'ros.ament_cmake' and name 'moveit_true'
[0.683s] Level 1:colcon.colcon_core.package_identification:_identify(src/tongquan_sldasm) by extensions ['ignore', 'ignore_ament_install']
[0.683s] Level 1:colcon.colcon_core.package_identification:_identify(src/tongquan_sldasm) by extension 'ignore'
[0.683s] Level 1:colcon.colcon_core.package_identification:_identify(src/tongquan_sldasm) by extension 'ignore_ament_install'
[0.684s] Level 1:colcon.colcon_core.package_identification:_identify(src/tongquan_sldasm) by extensions ['colcon_pkg']
[0.684s] Level 1:colcon.colcon_core.package_identification:_identify(src/tongquan_sldasm) by extension 'colcon_pkg'
[0.684s] Level 1:colcon.colcon_core.package_identification:_identify(src/tongquan_sldasm) by extensions ['colcon_meta']
[0.684s] Level 1:colcon.colcon_core.package_identification:_identify(src/tongquan_sldasm) by extension 'colcon_meta'
[0.684s] Level 1:colcon.colcon_core.package_identification:_identify(src/tongquan_sldasm) by extensions ['ros']
[0.684s] Level 1:colcon.colcon_core.package_identification:_identify(src/tongquan_sldasm) by extension 'ros'
[0.686s] DEBUG:colcon.colcon_core.package_identification:Package 'src/tongquan_sldasm' with type 'ros.ament_cmake' and name 'tongquan_sldasm'
[0.686s] Level 1:colcon.colcon_core.package_discovery:discover_packages(recursive) using defaults
[0.686s] Level 1:colcon.colcon_core.package_discovery:discover_packages(ignore) discover
[0.686s] Level 1:colcon.colcon_core.package_discovery:discover_packages(ignore) using defaults
[0.686s] Level 1:colcon.colcon_core.package_discovery:discover_packages(path) discover
[0.686s] Level 1:colcon.colcon_core.package_discovery:discover_packages(path) using defaults
[0.730s] Level 1:colcon.colcon_core.package_discovery:discover_packages(prefix_path) check parameters
[0.730s] Level 1:colcon.colcon_core.package_discovery:discover_packages(prefix_path) discover
[0.734s] DEBUG:colcon.colcon_installed_package_information.package_discovery:Found 6 installed packages in /home/logan/exos_new_ws/install
[0.738s] DEBUG:colcon.colcon_installed_package_information.package_discovery:Found 367 installed packages in /opt/ros/humble
[0.742s] Level 1:colcon.colcon_core.package_discovery:discover_packages(prefix_path) using defaults
[0.861s] Level 5:colcon.colcon_core.verb:set package 'control_exos' build argument 'cmake_args' from command line to 'None'
[0.861s] Level 5:colcon.colcon_core.verb:set package 'control_exos' build argument 'cmake_target' from command line to 'None'
[0.861s] Level 5:colcon.colcon_core.verb:set package 'control_exos' build argument 'cmake_target_skip_unavailable' from command line to 'False'
[0.861s] Level 5:colcon.colcon_core.verb:set package 'control_exos' build argument 'cmake_clean_cache' from command line to 'False'
[0.861s] Level 5:colcon.colcon_core.verb:set package 'control_exos' build argument 'cmake_clean_first' from command line to 'False'
[0.861s] Level 5:colcon.colcon_core.verb:set package 'control_exos' build argument 'cmake_force_configure' from command line to 'False'
[0.861s] Level 5:colcon.colcon_core.verb:set package 'control_exos' build argument 'ament_cmake_args' from command line to 'None'
[0.861s] Level 5:colcon.colcon_core.verb:set package 'control_exos' build argument 'catkin_cmake_args' from command line to 'None'
[0.862s] Level 5:colcon.colcon_core.verb:set package 'control_exos' build argument 'catkin_skip_building_tests' from command line to 'False'
[0.862s] DEBUG:colcon.colcon_core.verb:Building package 'control_exos' with the following arguments: {'ament_cmake_args': None, 'build_base': '/home/logan/exos_new_ws/build/control_exos', 'catkin_cmake_args': None, 'catkin_skip_building_tests': False, 'cmake_args': None, 'cmake_clean_cache': False, 'cmake_clean_first': False, 'cmake_force_configure': False, 'cmake_target': None, 'cmake_target_skip_unavailable': False, 'install_base': '/home/logan/exos_new_ws/install/control_exos', 'merge_install': False, 'path': '/home/logan/exos_new_ws/src/control_exos', 'symlink_install': False, 'test_result_base': None}
[0.862s] Level 5:colcon.colcon_core.verb:set package 'tongquan_sldasm' build argument 'cmake_args' from command line to 'None'
[0.862s] Level 5:colcon.colcon_core.verb:set package 'tongquan_sldasm' build argument 'cmake_target' from command line to 'None'
[0.862s] Level 5:colcon.colcon_core.verb:set package 'tongquan_sldasm' build argument 'cmake_target_skip_unavailable' from command line to 'False'
[0.863s] Level 5:colcon.colcon_core.verb:set package 'tongquan_sldasm' build argument 'cmake_clean_cache' from command line to 'False'
[0.863s] Level 5:colcon.colcon_core.verb:set package 'tongquan_sldasm' build argument 'cmake_clean_first' from command line to 'False'
[0.863s] Level 5:colcon.colcon_core.verb:set package 'tongquan_sldasm' build argument 'cmake_force_configure' from command line to 'False'
[0.863s] Level 5:colcon.colcon_core.verb:set package 'tongquan_sldasm' build argument 'ament_cmake_args' from command line to 'None'
[0.863s] Level 5:colcon.colcon_core.verb:set package 'tongquan_sldasm' build argument 'catkin_cmake_args' from command line to 'None'
[0.863s] Level 5:colcon.colcon_core.verb:set package 'tongquan_sldasm' build argument 'catkin_skip_building_tests' from command line to 'False'
[0.863s] DEBUG:colcon.colcon_core.verb:Building package 'tongquan_sldasm' with the following arguments: {'ament_cmake_args': None, 'build_base': '/home/logan/exos_new_ws/build/tongquan_sldasm', 'catkin_cmake_args': None, 'catkin_skip_building_tests': False, 'cmake_args': None, 'cmake_clean_cache': False, 'cmake_clean_first': False, 'cmake_force_configure': False, 'cmake_target': None, 'cmake_target_skip_unavailable': False, 'install_base': '/home/logan/exos_new_ws/install/tongquan_sldasm', 'merge_install': False, 'path': '/home/logan/exos_new_ws/src/tongquan_sldasm', 'symlink_install': False, 'test_result_base': None}
[0.864s] Level 5:colcon.colcon_core.verb:set package 'chan' build argument 'cmake_args' from command line to 'None'
[0.864s] Level 5:colcon.colcon_core.verb:set package 'chan' build argument 'cmake_target' from command line to 'None'
[0.864s] Level 5:colcon.colcon_core.verb:set package 'chan' build argument 'cmake_target_skip_unavailable' from command line to 'False'
[0.864s] Level 5:colcon.colcon_core.verb:set package 'chan' build argument 'cmake_clean_cache' from command line to 'False'
[0.864s] Level 5:colcon.colcon_core.verb:set package 'chan' build argument 'cmake_clean_first' from command line to 'False'
[0.864s] Level 5:colcon.colcon_core.verb:set package 'chan' build argument 'cmake_force_configure' from command line to 'False'
[0.864s] Level 5:colcon.colcon_core.verb:set package 'chan' build argument 'ament_cmake_args' from command line to 'None'
[0.864s] Level 5:colcon.colcon_core.verb:set package 'chan' build argument 'catkin_cmake_args' from command line to 'None'
[0.864s] Level 5:colcon.colcon_core.verb:set package 'chan' build argument 'catkin_skip_building_tests' from command line to 'False'
[0.864s] DEBUG:colcon.colcon_core.verb:Building package 'chan' with the following arguments: {'ament_cmake_args': None, 'build_base': '/home/logan/exos_new_ws/build/chan', 'catkin_cmake_args': None, 'catkin_skip_building_tests': False, 'cmake_args': None, 'cmake_clean_cache': False, 'cmake_clean_first': False, 'cmake_force_configure': False, 'cmake_target': None, 'cmake_target_skip_unavailable': False, 'install_base': '/home/logan/exos_new_ws/install/chan', 'merge_install': False, 'path': '/home/logan/exos_new_ws/src/chan', 'symlink_install': False, 'test_result_base': None}
[0.865s] Level 5:colcon.colcon_core.verb:set package 'moveit' build argument 'cmake_args' from command line to 'None'
[0.865s] Level 5:colcon.colcon_core.verb:set package 'moveit' build argument 'cmake_target' from command line to 'None'
[0.865s] Level 5:colcon.colcon_core.verb:set package 'moveit' build argument 'cmake_target_skip_unavailable' from command line to 'False'
[0.865s] Level 5:colcon.colcon_core.verb:set package 'moveit' build argument 'cmake_clean_cache' from command line to 'False'
[0.865s] Level 5:colcon.colcon_core.verb:set package 'moveit' build argument 'cmake_clean_first' from command line to 'False'
[0.865s] Level 5:colcon.colcon_core.verb:set package 'moveit' build argument 'cmake_force_configure' from command line to 'False'
[0.865s] Level 5:colcon.colcon_core.verb:set package 'moveit' build argument 'ament_cmake_args' from command line to 'None'
[0.865s] Level 5:colcon.colcon_core.verb:set package 'moveit' build argument 'catkin_cmake_args' from command line to 'None'
[0.865s] Level 5:colcon.colcon_core.verb:set package 'moveit' build argument 'catkin_skip_building_tests' from command line to 'False'
[0.865s] DEBUG:colcon.colcon_core.verb:Building package 'moveit' with the following arguments: {'ament_cmake_args': None, 'build_base': '/home/logan/exos_new_ws/build/moveit', 'catkin_cmake_args': None, 'catkin_skip_building_tests': False, 'cmake_args': None, 'cmake_clean_cache': False, 'cmake_clean_first': False, 'cmake_force_configure': False, 'cmake_target': None, 'cmake_target_skip_unavailable': False, 'install_base': '/home/logan/exos_new_ws/install/moveit', 'merge_install': False, 'path': '/home/logan/exos_new_ws/src/moveit', 'symlink_install': False, 'test_result_base': None}
[0.866s] Level 5:colcon.colcon_core.verb:set package 'moveit_2' build argument 'cmake_args' from command line to 'None'
[0.866s] Level 5:colcon.colcon_core.verb:set package 'moveit_2' build argument 'cmake_target' from command line to 'None'
[0.866s] Level 5:colcon.colcon_core.verb:set package 'moveit_2' build argument 'cmake_target_skip_unavailable' from command line to 'False'
[0.866s] Level 5:colcon.colcon_core.verb:set package 'moveit_2' build argument 'cmake_clean_cache' from command line to 'False'
[0.866s] Level 5:colcon.colcon_core.verb:set package 'moveit_2' build argument 'cmake_clean_first' from command line to 'False'
[0.866s] Level 5:colcon.colcon_core.verb:set package 'moveit_2' build argument 'cmake_force_configure' from command line to 'False'
[0.866s] Level 5:colcon.colcon_core.verb:set package 'moveit_2' build argument 'ament_cmake_args' from command line to 'None'
[0.866s] Level 5:colcon.colcon_core.verb:set package 'moveit_2' build argument 'catkin_cmake_args' from command line to 'None'
[0.866s] Level 5:colcon.colcon_core.verb:set package 'moveit_2' build argument 'catkin_skip_building_tests' from command line to 'False'
[0.866s] DEBUG:colcon.colcon_core.verb:Building package 'moveit_2' with the following arguments: {'ament_cmake_args': None, 'build_base': '/home/logan/exos_new_ws/build/moveit_2', 'catkin_cmake_args': None, 'catkin_skip_building_tests': False, 'cmake_args': None, 'cmake_clean_cache': False, 'cmake_clean_first': False, 'cmake_force_configure': False, 'cmake_target': None, 'cmake_target_skip_unavailable': False, 'install_base': '/home/logan/exos_new_ws/install/moveit_2', 'merge_install': False, 'path': '/home/logan/exos_new_ws/src/moveit_2', 'symlink_install': False, 'test_result_base': None}
[0.867s] Level 5:colcon.colcon_core.verb:set package 'moveit_true' build argument 'cmake_args' from command line to 'None'
[0.867s] Level 5:colcon.colcon_core.verb:set package 'moveit_true' build argument 'cmake_target' from command line to 'None'
[0.867s] Level 5:colcon.colcon_core.verb:set package 'moveit_true' build argument 'cmake_target_skip_unavailable' from command line to 'False'
[0.867s] Level 5:colcon.colcon_core.verb:set package 'moveit_true' build argument 'cmake_clean_cache' from command line to 'False'
[0.867s] Level 5:colcon.colcon_core.verb:set package 'moveit_true' build argument 'cmake_clean_first' from command line to 'False'
[0.867s] Level 5:colcon.colcon_core.verb:set package 'moveit_true' build argument 'cmake_force_configure' from command line to 'False'
[0.867s] Level 5:colcon.colcon_core.verb:set package 'moveit_true' build argument 'ament_cmake_args' from command line to 'None'
[0.867s] Level 5:colcon.colcon_core.verb:set package 'moveit_true' build argument 'catkin_cmake_args' from command line to 'None'
[0.868s] Level 5:colcon.colcon_core.verb:set package 'moveit_true' build argument 'catkin_skip_building_tests' from command line to 'False'
[0.868s] DEBUG:colcon.colcon_core.verb:Building package 'moveit_true' with the following arguments: {'ament_cmake_args': None, 'build_base': '/home/logan/exos_new_ws/build/moveit_true', 'catkin_cmake_args': None, 'catkin_skip_building_tests': False, 'cmake_args': None, 'cmake_clean_cache': False, 'cmake_clean_first': False, 'cmake_force_configure': False, 'cmake_target': None, 'cmake_target_skip_unavailable': False, 'install_base': '/home/logan/exos_new_ws/install/moveit_true', 'merge_install': False, 'path': '/home/logan/exos_new_ws/src/moveit_true', 'symlink_install': False, 'test_result_base': None}
[0.868s] INFO:colcon.colcon_core.executor:Executing jobs using 'parallel' executor
[0.870s] DEBUG:colcon.colcon_parallel_executor.executor.parallel:run_until_complete
[0.871s] INFO:colcon.colcon_ros.task.ament_cmake.build:Building ROS package in '/home/logan/exos_new_ws/src/tongquan_sldasm' with build type 'ament_cmake'
[0.871s] INFO:colcon.colcon_cmake.task.cmake.build:Building CMake package in '/home/logan/exos_new_ws/src/tongquan_sldasm'
[0.875s] INFO:colcon.colcon_core.plugin_system:Skipping extension 'colcon_core.shell.bat': Not used on non-Windows systems
[0.875s] INFO:colcon.colcon_core.shell:Skip shell extension 'powershell' for command environment: Not usable outside of PowerShell
[0.875s] DEBUG:colcon.colcon_core.shell:Skip shell extension 'dsv' for command environment
[0.884s] INFO:colcon.colcon_ros.task.ament_cmake.build:Building ROS package in '/home/logan/exos_new_ws/src/control_exos' with build type 'ament_cmake'
[0.884s] INFO:colcon.colcon_cmake.task.cmake.build:Building CMake package in '/home/logan/exos_new_ws/src/control_exos'
[0.885s] INFO:colcon.colcon_core.shell:Skip shell extension 'powershell' for command environment: Not usable outside of PowerShell
[0.885s] DEBUG:colcon.colcon_core.shell:Skip shell extension 'dsv' for command environment
[0.897s] DEBUG:colcon.colcon_core.event_handler.log_command:Invoking command in '/home/logan/exos_new_ws/build/tongquan_sldasm': CMAKE_PREFIX_PATH=${CMAKE_PREFIX_PATH}:/opt/ros/humble /usr/bin/cmake --build /home/logan/exos_new_ws/build/tongquan_sldasm -- -j12 -l12
[0.901s] DEBUG:colcon.colcon_core.event_handler.log_command:Invoking command in '/home/logan/exos_new_ws/build/control_exos': CMAKE_PREFIX_PATH=${CMAKE_PREFIX_PATH}:/opt/ros/humble /usr/bin/cmake --build /home/logan/exos_new_ws/build/control_exos -- -j12 -l12
[0.981s] DEBUG:colcon.colcon_core.event_handler.log_command:Invoked command in '/home/logan/exos_new_ws/build/tongquan_sldasm' returned '0': CMAKE_PREFIX_PATH=${CMAKE_PREFIX_PATH}:/opt/ros/humble /usr/bin/cmake --build /home/logan/exos_new_ws/build/tongquan_sldasm -- -j12 -l12
[0.986s] DEBUG:colcon.colcon_core.event_handler.log_command:Invoked command in '/home/logan/exos_new_ws/build/control_exos' returned '0': CMAKE_PREFIX_PATH=${CMAKE_PREFIX_PATH}:/opt/ros/humble /usr/bin/cmake --build /home/logan/exos_new_ws/build/control_exos -- -j12 -l12
[1.045s] DEBUG:colcon.colcon_core.event_handler.log_command:Invoking command in '/home/logan/exos_new_ws/build/tongquan_sldasm': CMAKE_PREFIX_PATH=${CMAKE_PREFIX_PATH}:/opt/ros/humble /usr/bin/cmake --install /home/logan/exos_new_ws/build/tongquan_sldasm
[1.048s] DEBUG:colcon.colcon_core.event_handler.log_command:Invoking command in '/home/logan/exos_new_ws/build/control_exos': CMAKE_PREFIX_PATH=${CMAKE_PREFIX_PATH}:/opt/ros/humble /usr/bin/cmake --install /home/logan/exos_new_ws/build/control_exos
[1.086s] Level 1:colcon.colcon_core.environment:create_environment_scripts_only(tongquan_sldasm)
[1.087s] DEBUG:colcon.colcon_core.event_handler.log_command:Invoked command in '/home/logan/exos_new_ws/build/tongquan_sldasm' returned '0': CMAKE_PREFIX_PATH=${CMAKE_PREFIX_PATH}:/opt/ros/humble /usr/bin/cmake --install /home/logan/exos_new_ws/build/tongquan_sldasm
[1.090s] Level 1:colcon.colcon_core.environment:checking '/home/logan/exos_new_ws/install/tongquan_sldasm' for CMake module files
[1.090s] Level 1:colcon.colcon_core.environment:checking '/home/logan/exos_new_ws/install/tongquan_sldasm' for CMake config files
[1.091s] Level 1:colcon.colcon_core.shell:create_environment_hook('tongquan_sldasm', 'cmake_prefix_path')
[1.091s] INFO:colcon.colcon_core.shell:Creating environment hook '/home/logan/exos_new_ws/install/tongquan_sldasm/share/tongquan_sldasm/hook/cmake_prefix_path.ps1'
[1.092s] INFO:colcon.colcon_core.shell:Creating environment descriptor '/home/logan/exos_new_ws/install/tongquan_sldasm/share/tongquan_sldasm/hook/cmake_prefix_path.dsv'
[1.092s] INFO:colcon.colcon_core.shell:Creating environment hook '/home/logan/exos_new_ws/install/tongquan_sldasm/share/tongquan_sldasm/hook/cmake_prefix_path.sh'
[1.093s] Level 1:colcon.colcon_core.environment:checking '/home/logan/exos_new_ws/install/tongquan_sldasm/bin'
[1.094s] Level 1:colcon.colcon_core.environment:checking '/home/logan/exos_new_ws/install/tongquan_sldasm/lib/pkgconfig/tongquan_sldasm.pc'
[1.094s] Level 1:colcon.colcon_core.environment:checking '/home/logan/exos_new_ws/install/tongquan_sldasm/lib/python3.10/site-packages'
[1.094s] Level 1:colcon.colcon_core.environment:checking '/home/logan/exos_new_ws/install/tongquan_sldasm/bin'
[1.094s] INFO:colcon.colcon_core.shell:Creating package script '/home/logan/exos_new_ws/install/tongquan_sldasm/share/tongquan_sldasm/package.ps1'
[1.096s] INFO:colcon.colcon_core.shell:Creating package descriptor '/home/logan/exos_new_ws/install/tongquan_sldasm/share/tongquan_sldasm/package.dsv'
[1.096s] INFO:colcon.colcon_core.shell:Creating package script '/home/logan/exos_new_ws/install/tongquan_sldasm/share/tongquan_sldasm/package.sh'
[1.097s] INFO:colcon.colcon_core.shell:Creating package script '/home/logan/exos_new_ws/install/tongquan_sldasm/share/tongquan_sldasm/package.bash'
[1.098s] INFO:colcon.colcon_core.shell:Creating package script '/home/logan/exos_new_ws/install/tongquan_sldasm/share/tongquan_sldasm/package.zsh'
[1.098s] Level 1:colcon.colcon_core.environment:create_file_with_runtime_dependencies(/home/logan/exos_new_ws/install/tongquan_sldasm/share/colcon-core/packages/tongquan_sldasm)
[1.101s] Level 1:colcon.colcon_core.environment:create_environment_scripts_only(control_exos)
[1.101s] Level 1:colcon.colcon_core.environment:checking '/home/logan/exos_new_ws/install/control_exos' for CMake module files
[1.102s] DEBUG:colcon.colcon_core.event_handler.log_command:Invoked command in '/home/logan/exos_new_ws/build/control_exos' returned '0': CMAKE_PREFIX_PATH=${CMAKE_PREFIX_PATH}:/opt/ros/humble /usr/bin/cmake --install /home/logan/exos_new_ws/build/control_exos
[1.102s] Level 1:colcon.colcon_core.environment:checking '/home/logan/exos_new_ws/install/control_exos' for CMake config files
[1.102s] Level 1:colcon.colcon_core.shell:create_environment_hook('control_exos', 'cmake_prefix_path')
[1.103s] INFO:colcon.colcon_core.shell:Creating environment hook '/home/logan/exos_new_ws/install/control_exos/share/control_exos/hook/cmake_prefix_path.ps1'
[1.103s] INFO:colcon.colcon_core.shell:Creating environment descriptor '/home/logan/exos_new_ws/install/control_exos/share/control_exos/hook/cmake_prefix_path.dsv'
[1.103s] INFO:colcon.colcon_core.shell:Creating environment hook '/home/logan/exos_new_ws/install/control_exos/share/control_exos/hook/cmake_prefix_path.sh'
[1.104s] Level 1:colcon.colcon_core.environment:checking '/home/logan/exos_new_ws/install/control_exos/lib'
[1.104s] Level 1:colcon.colcon_core.environment:checking '/home/logan/exos_new_ws/install/control_exos/bin'
[1.104s] Level 1:colcon.colcon_core.environment:checking '/home/logan/exos_new_ws/install/control_exos/lib/pkgconfig/control_exos.pc'
[1.105s] Level 1:colcon.colcon_core.environment:checking '/home/logan/exos_new_ws/install/control_exos/lib/python3.10/site-packages'
[1.105s] Level 1:colcon.colcon_core.environment:checking '/home/logan/exos_new_ws/install/control_exos/bin'
[1.105s] INFO:colcon.colcon_core.shell:Creating package script '/home/logan/exos_new_ws/install/control_exos/share/control_exos/package.ps1'
[1.106s] INFO:colcon.colcon_core.shell:Creating package descriptor '/home/logan/exos_new_ws/install/control_exos/share/control_exos/package.dsv'
[1.106s] INFO:colcon.colcon_core.shell:Creating package script '/home/logan/exos_new_ws/install/control_exos/share/control_exos/package.sh'
[1.107s] INFO:colcon.colcon_core.shell:Creating package script '/home/logan/exos_new_ws/install/control_exos/share/control_exos/package.bash'
[1.107s] INFO:colcon.colcon_core.shell:Creating package script '/home/logan/exos_new_ws/install/control_exos/share/control_exos/package.zsh'
[1.107s] Level 1:colcon.colcon_core.environment:create_file_with_runtime_dependencies(/home/logan/exos_new_ws/install/control_exos/share/colcon-core/packages/control_exos)
[1.143s] Level 1:colcon.colcon_core.environment:create_environment_scripts_only(tongquan_sldasm)
[1.144s] Level 1:colcon.colcon_core.environment:checking '/home/logan/exos_new_ws/install/tongquan_sldasm' for CMake module files
[1.145s] Level 1:colcon.colcon_core.environment:checking '/home/logan/exos_new_ws/install/tongquan_sldasm' for CMake config files
[1.146s] Level 1:colcon.colcon_core.shell:create_environment_hook('tongquan_sldasm', 'cmake_prefix_path')
[1.146s] INFO:colcon.colcon_core.shell:Creating environment hook '/home/logan/exos_new_ws/install/tongquan_sldasm/share/tongquan_sldasm/hook/cmake_prefix_path.ps1'
[1.147s] INFO:colcon.colcon_core.shell:Creating environment descriptor '/home/logan/exos_new_ws/install/tongquan_sldasm/share/tongquan_sldasm/hook/cmake_prefix_path.dsv'
[1.147s] INFO:colcon.colcon_core.shell:Creating environment hook '/home/logan/exos_new_ws/install/tongquan_sldasm/share/tongquan_sldasm/hook/cmake_prefix_path.sh'
[1.148s] Level 1:colcon.colcon_core.environment:checking '/home/logan/exos_new_ws/install/tongquan_sldasm/bin'
[1.148s] Level 1:colcon.colcon_core.environment:checking '/home/logan/exos_new_ws/install/tongquan_sldasm/lib/pkgconfig/tongquan_sldasm.pc'
[1.149s] Level 1:colcon.colcon_core.environment:checking '/home/logan/exos_new_ws/install/tongquan_sldasm/lib/python3.10/site-packages'
[1.149s] Level 1:colcon.colcon_core.environment:checking '/home/logan/exos_new_ws/install/tongquan_sldasm/bin'
[1.150s] INFO:colcon.colcon_core.shell:Creating package script '/home/logan/exos_new_ws/install/tongquan_sldasm/share/tongquan_sldasm/package.ps1'
[1.151s] INFO:colcon.colcon_core.shell:Creating package descriptor '/home/logan/exos_new_ws/install/tongquan_sldasm/share/tongquan_sldasm/package.dsv'
[1.152s] INFO:colcon.colcon_core.shell:Creating package script '/home/logan/exos_new_ws/install/tongquan_sldasm/share/tongquan_sldasm/package.sh'
[1.152s] INFO:colcon.colcon_core.shell:Creating package script '/home/logan/exos_new_ws/install/tongquan_sldasm/share/tongquan_sldasm/package.bash'
[1.153s] INFO:colcon.colcon_core.shell:Creating package script '/home/logan/exos_new_ws/install/tongquan_sldasm/share/tongquan_sldasm/package.zsh'
[1.154s] Level 1:colcon.colcon_core.environment:create_file_with_runtime_dependencies(/home/logan/exos_new_ws/install/tongquan_sldasm/share/colcon-core/packages/tongquan_sldasm)
[1.155s] INFO:colcon.colcon_ros.task.ament_cmake.build:Building ROS package in '/home/logan/exos_new_ws/src/chan' with build type 'ament_cmake'
[1.156s] INFO:colcon.colcon_cmake.task.cmake.build:Building CMake package in '/home/logan/exos_new_ws/src/chan'
[1.156s] INFO:colcon.colcon_core.shell:Skip shell extension 'powershell' for command environment: Not usable outside of PowerShell
[1.156s] DEBUG:colcon.colcon_core.shell:Skip shell extension 'dsv' for command environment
[1.164s] INFO:colcon.colcon_ros.task.ament_cmake.build:Building ROS package in '/home/logan/exos_new_ws/src/moveit' with build type 'ament_cmake'
[1.164s] INFO:colcon.colcon_cmake.task.cmake.build:Building CMake package in '/home/logan/exos_new_ws/src/moveit'
[1.165s] INFO:colcon.colcon_core.shell:Skip shell extension 'powershell' for command environment: Not usable outside of PowerShell
[1.165s] DEBUG:colcon.colcon_core.shell:Skip shell extension 'dsv' for command environment
[1.173s] INFO:colcon.colcon_ros.task.ament_cmake.build:Building ROS package in '/home/logan/exos_new_ws/src/moveit_2' with build type 'ament_cmake'
[1.173s] INFO:colcon.colcon_cmake.task.cmake.build:Building CMake package in '/home/logan/exos_new_ws/src/moveit_2'
[1.174s] INFO:colcon.colcon_core.shell:Skip shell extension 'powershell' for command environment: Not usable outside of PowerShell
[1.174s] DEBUG:colcon.colcon_core.shell:Skip shell extension 'dsv' for command environment
[1.181s] INFO:colcon.colcon_ros.task.ament_cmake.build:Building ROS package in '/home/logan/exos_new_ws/src/moveit_true' with build type 'ament_cmake'
[1.181s] INFO:colcon.colcon_cmake.task.cmake.build:Building CMake package in '/home/logan/exos_new_ws/src/moveit_true'
[1.182s] INFO:colcon.colcon_core.shell:Skip shell extension 'powershell' for command environment: Not usable outside of PowerShell
[1.182s] DEBUG:colcon.colcon_core.shell:Skip shell extension 'dsv' for command environment
[1.192s] Level 1:colcon.colcon_core.environment:create_environment_scripts_only(control_exos)
[1.192s] Level 1:colcon.colcon_core.environment:checking '/home/logan/exos_new_ws/install/control_exos' for CMake module files
[1.193s] Level 1:colcon.colcon_core.environment:checking '/home/logan/exos_new_ws/install/control_exos' for CMake config files
[1.194s] Level 1:colcon.colcon_core.shell:create_environment_hook('control_exos', 'cmake_prefix_path')
[1.194s] INFO:colcon.colcon_core.shell:Creating environment hook '/home/logan/exos_new_ws/install/control_exos/share/control_exos/hook/cmake_prefix_path.ps1'
[1.195s] INFO:colcon.colcon_core.shell:Creating environment descriptor '/home/logan/exos_new_ws/install/control_exos/share/control_exos/hook/cmake_prefix_path.dsv'
[1.195s] INFO:colcon.colcon_core.shell:Creating environment hook '/home/logan/exos_new_ws/install/control_exos/share/control_exos/hook/cmake_prefix_path.sh'
[1.196s] Level 1:colcon.colcon_core.environment:checking '/home/logan/exos_new_ws/install/control_exos/lib'
[1.197s] Level 1:colcon.colcon_core.environment:checking '/home/logan/exos_new_ws/install/control_exos/bin'
[1.197s] Level 1:colcon.colcon_core.environment:checking '/home/logan/exos_new_ws/install/control_exos/lib/pkgconfig/control_exos.pc'
[1.197s] Level 1:colcon.colcon_core.environment:checking '/home/logan/exos_new_ws/install/control_exos/lib/python3.10/site-packages'
[1.198s] Level 1:colcon.colcon_core.environment:checking '/home/logan/exos_new_ws/install/control_exos/bin'
[1.198s] INFO:colcon.colcon_core.shell:Creating package script '/home/logan/exos_new_ws/install/control_exos/share/control_exos/package.ps1'
[1.199s] INFO:colcon.colcon_core.shell:Creating package descriptor '/home/logan/exos_new_ws/install/control_exos/share/control_exos/package.dsv'
[1.200s] INFO:colcon.colcon_core.shell:Creating package script '/home/logan/exos_new_ws/install/control_exos/share/control_exos/package.sh'
[1.201s] INFO:colcon.colcon_core.shell:Creating package script '/home/logan/exos_new_ws/install/control_exos/share/control_exos/package.bash'
[1.201s] INFO:colcon.colcon_core.shell:Creating package script '/home/logan/exos_new_ws/install/control_exos/share/control_exos/package.zsh'
[1.202s] Level 1:colcon.colcon_core.environment:create_file_with_runtime_dependencies(/home/logan/exos_new_ws/install/control_exos/share/colcon-core/packages/control_exos)
[1.209s] DEBUG:colcon.colcon_core.event_handler.log_command:Invoking command in '/home/logan/exos_new_ws/build/chan': CMAKE_PREFIX_PATH=/home/logan/exos_new_ws/install/tongquan_sldasm:/home/logan/exos_new_ws/install/moveit_true:/home/logan/exos_new_ws/install/moveit_2:/home/logan/exos_new_ws/install/moveit:/home/logan/exos_new_ws/install/chan:/home/logan/exos_new_ws/install/control_exos:/opt/ros/humble /usr/bin/cmake --build /home/logan/exos_new_ws/build/chan -- -j12 -l12
[1.213s] DEBUG:colcon.colcon_core.event_handler.log_command:Invoking command in '/home/logan/exos_new_ws/build/moveit': CMAKE_PREFIX_PATH=/home/logan/exos_new_ws/install/tongquan_sldasm:/home/logan/exos_new_ws/install/moveit_true:/home/logan/exos_new_ws/install/moveit_2:/home/logan/exos_new_ws/install/moveit:/home/logan/exos_new_ws/install/chan:/home/logan/exos_new_ws/install/control_exos:/opt/ros/humble /usr/bin/cmake --build /home/logan/exos_new_ws/build/moveit -- -j12 -l12
[1.219s] DEBUG:colcon.colcon_core.event_handler.log_command:Invoking command in '/home/logan/exos_new_ws/build/moveit_2': CMAKE_PREFIX_PATH=/home/logan/exos_new_ws/install/tongquan_sldasm:/home/logan/exos_new_ws/install/moveit_true:/home/logan/exos_new_ws/install/moveit_2:/home/logan/exos_new_ws/install/moveit:/home/logan/exos_new_ws/install/chan:/home/logan/exos_new_ws/install/control_exos:/opt/ros/humble /usr/bin/cmake --build /home/logan/exos_new_ws/build/moveit_2 -- -j12 -l12
[1.224s] DEBUG:colcon.colcon_core.event_handler.log_command:Invoking command in '/home/logan/exos_new_ws/build/moveit_true': CMAKE_PREFIX_PATH=/home/logan/exos_new_ws/install/tongquan_sldasm:/home/logan/exos_new_ws/install/moveit_true:/home/logan/exos_new_ws/install/moveit_2:/home/logan/exos_new_ws/install/moveit:/home/logan/exos_new_ws/install/chan:/home/logan/exos_new_ws/install/control_exos:/opt/ros/humble /usr/bin/cmake --build /home/logan/exos_new_ws/build/moveit_true -- -j12 -l12
[1.274s] DEBUG:colcon.colcon_core.event_handler.log_command:Invoked command in '/home/logan/exos_new_ws/build/chan' returned '0': CMAKE_PREFIX_PATH=/home/logan/exos_new_ws/install/tongquan_sldasm:/home/logan/exos_new_ws/install/moveit_true:/home/logan/exos_new_ws/install/moveit_2:/home/logan/exos_new_ws/install/moveit:/home/logan/exos_new_ws/install/chan:/home/logan/exos_new_ws/install/control_exos:/opt/ros/humble /usr/bin/cmake --build /home/logan/exos_new_ws/build/chan -- -j12 -l12
[1.283s] DEBUG:colcon.colcon_core.event_handler.log_command:Invoked command in '/home/logan/exos_new_ws/build/moveit' returned '0': CMAKE_PREFIX_PATH=/home/logan/exos_new_ws/install/tongquan_sldasm:/home/logan/exos_new_ws/install/moveit_true:/home/logan/exos_new_ws/install/moveit_2:/home/logan/exos_new_ws/install/moveit:/home/logan/exos_new_ws/install/chan:/home/logan/exos_new_ws/install/control_exos:/opt/ros/humble /usr/bin/cmake --build /home/logan/exos_new_ws/build/moveit -- -j12 -l12
[1.285s] DEBUG:colcon.colcon_core.event_handler.log_command:Invoked command in '/home/logan/exos_new_ws/build/moveit_2' returned '0': CMAKE_PREFIX_PATH=/home/logan/exos_new_ws/install/tongquan_sldasm:/home/logan/exos_new_ws/install/moveit_true:/home/logan/exos_new_ws/install/moveit_2:/home/logan/exos_new_ws/install/moveit:/home/logan/exos_new_ws/install/chan:/home/logan/exos_new_ws/install/control_exos:/opt/ros/humble /usr/bin/cmake --build /home/logan/exos_new_ws/build/moveit_2 -- -j12 -l12
[1.289s] DEBUG:colcon.colcon_core.event_handler.log_command:Invoked command in '/home/logan/exos_new_ws/build/moveit_true' returned '0': CMAKE_PREFIX_PATH=/home/logan/exos_new_ws/install/tongquan_sldasm:/home/logan/exos_new_ws/install/moveit_true:/home/logan/exos_new_ws/install/moveit_2:/home/logan/exos_new_ws/install/moveit:/home/logan/exos_new_ws/install/chan:/home/logan/exos_new_ws/install/control_exos:/opt/ros/humble /usr/bin/cmake --build /home/logan/exos_new_ws/build/moveit_true -- -j12 -l12
[1.313s] DEBUG:colcon.colcon_core.event_handler.log_command:Invoking command in '/home/logan/exos_new_ws/build/chan': CMAKE_PREFIX_PATH=/home/logan/exos_new_ws/install/tongquan_sldasm:/home/logan/exos_new_ws/install/moveit_true:/home/logan/exos_new_ws/install/moveit_2:/home/logan/exos_new_ws/install/moveit:/home/logan/exos_new_ws/install/chan:/home/logan/exos_new_ws/install/control_exos:/opt/ros/humble /usr/bin/cmake --install /home/logan/exos_new_ws/build/chan
[1.316s] DEBUG:colcon.colcon_core.event_handler.log_command:Invoking command in '/home/logan/exos_new_ws/build/moveit': CMAKE_PREFIX_PATH=/home/logan/exos_new_ws/install/tongquan_sldasm:/home/logan/exos_new_ws/install/moveit_true:/home/logan/exos_new_ws/install/moveit_2:/home/logan/exos_new_ws/install/moveit:/home/logan/exos_new_ws/install/chan:/home/logan/exos_new_ws/install/control_exos:/opt/ros/humble /usr/bin/cmake --install /home/logan/exos_new_ws/build/moveit
[1.323s] DEBUG:colcon.colcon_core.event_handler.log_command:Invoking command in '/home/logan/exos_new_ws/build/moveit_2': CMAKE_PREFIX_PATH=/home/logan/exos_new_ws/install/tongquan_sldasm:/home/logan/exos_new_ws/install/moveit_true:/home/logan/exos_new_ws/install/moveit_2:/home/logan/exos_new_ws/install/moveit:/home/logan/exos_new_ws/install/chan:/home/logan/exos_new_ws/install/control_exos:/opt/ros/humble /usr/bin/cmake --install /home/logan/exos_new_ws/build/moveit_2
[1.332s] DEBUG:colcon.colcon_core.event_handler.log_command:Invoking command in '/home/logan/exos_new_ws/build/moveit_true': CMAKE_PREFIX_PATH=/home/logan/exos_new_ws/install/tongquan_sldasm:/home/logan/exos_new_ws/install/moveit_true:/home/logan/exos_new_ws/install/moveit_2:/home/logan/exos_new_ws/install/moveit:/home/logan/exos_new_ws/install/chan:/home/logan/exos_new_ws/install/control_exos:/opt/ros/humble /usr/bin/cmake --install /home/logan/exos_new_ws/build/moveit_true
[1.355s] Level 1:colcon.colcon_core.environment:create_environment_scripts_only(moveit_2)
[1.356s] Level 1:colcon.colcon_core.environment:checking '/home/logan/exos_new_ws/install/moveit_2' for CMake module files
[1.362s] Level 1:colcon.colcon_core.environment:checking '/home/logan/exos_new_ws/install/moveit_2' for CMake config files
[1.365s] DEBUG:colcon.colcon_core.event_handler.log_command:Invoked command in '/home/logan/exos_new_ws/build/moveit_2' returned '0': CMAKE_PREFIX_PATH=/home/logan/exos_new_ws/install/tongquan_sldasm:/home/logan/exos_new_ws/install/moveit_true:/home/logan/exos_new_ws/install/moveit_2:/home/logan/exos_new_ws/install/moveit:/home/logan/exos_new_ws/install/chan:/home/logan/exos_new_ws/install/control_exos:/opt/ros/humble /usr/bin/cmake --install /home/logan/exos_new_ws/build/moveit_2
[1.367s] Level 1:colcon.colcon_core.shell:create_environment_hook('moveit_2', 'cmake_prefix_path')
[1.368s] INFO:colcon.colcon_core.shell:Creating environment hook '/home/logan/exos_new_ws/install/moveit_2/share/moveit_2/hook/cmake_prefix_path.ps1'
[1.371s] INFO:colcon.colcon_core.shell:Creating environment descriptor '/home/logan/exos_new_ws/install/moveit_2/share/moveit_2/hook/cmake_prefix_path.dsv'
[1.372s] INFO:colcon.colcon_core.shell:Creating environment hook '/home/logan/exos_new_ws/install/moveit_2/share/moveit_2/hook/cmake_prefix_path.sh'
[1.373s] Level 1:colcon.colcon_core.environment:checking '/home/logan/exos_new_ws/install/moveit_2/bin'
[1.374s] Level 1:colcon.colcon_core.environment:checking '/home/logan/exos_new_ws/install/moveit_2/lib/pkgconfig/moveit_2.pc'
[1.374s] Level 1:colcon.colcon_core.environment:checking '/home/logan/exos_new_ws/install/moveit_2/lib/python3.10/site-packages'
[1.374s] Level 1:colcon.colcon_core.environment:checking '/home/logan/exos_new_ws/install/moveit_2/bin'
[1.375s] INFO:colcon.colcon_core.shell:Creating package script '/home/logan/exos_new_ws/install/moveit_2/share/moveit_2/package.ps1'
[1.376s] INFO:colcon.colcon_core.shell:Creating package descriptor '/home/logan/exos_new_ws/install/moveit_2/share/moveit_2/package.dsv'
[1.377s] INFO:colcon.colcon_core.shell:Creating package script '/home/logan/exos_new_ws/install/moveit_2/share/moveit_2/package.sh'
[1.377s] INFO:colcon.colcon_core.shell:Creating package script '/home/logan/exos_new_ws/install/moveit_2/share/moveit_2/package.bash'
[1.378s] INFO:colcon.colcon_core.shell:Creating package script '/home/logan/exos_new_ws/install/moveit_2/share/moveit_2/package.zsh'
[1.379s] Level 1:colcon.colcon_core.environment:create_file_with_runtime_dependencies(/home/logan/exos_new_ws/install/moveit_2/share/colcon-core/packages/moveit_2)
[1.382s] Level 1:colcon.colcon_core.environment:create_environment_scripts_only(moveit)
[1.382s] Level 1:colcon.colcon_core.environment:checking '/home/logan/exos_new_ws/install/moveit' for CMake module files
[1.384s] DEBUG:colcon.colcon_core.event_handler.log_command:Invoked command in '/home/logan/exos_new_ws/build/moveit' returned '0': CMAKE_PREFIX_PATH=/home/logan/exos_new_ws/install/tongquan_sldasm:/home/logan/exos_new_ws/install/moveit_true:/home/logan/exos_new_ws/install/moveit_2:/home/logan/exos_new_ws/install/moveit:/home/logan/exos_new_ws/install/chan:/home/logan/exos_new_ws/install/control_exos:/opt/ros/humble /usr/bin/cmake --install /home/logan/exos_new_ws/build/moveit
[1.384s] Level 1:colcon.colcon_core.environment:checking '/home/logan/exos_new_ws/install/moveit' for CMake config files
[1.386s] Level 1:colcon.colcon_core.shell:create_environment_hook('moveit', 'cmake_prefix_path')
[1.386s] INFO:colcon.colcon_core.shell:Creating environment hook '/home/logan/exos_new_ws/install/moveit/share/moveit/hook/cmake_prefix_path.ps1'
[1.387s] INFO:colcon.colcon_core.shell:Creating environment descriptor '/home/logan/exos_new_ws/install/moveit/share/moveit/hook/cmake_prefix_path.dsv'
[1.387s] INFO:colcon.colcon_core.shell:Creating environment hook '/home/logan/exos_new_ws/install/moveit/share/moveit/hook/cmake_prefix_path.sh'
[1.388s] Level 1:colcon.colcon_core.environment:checking '/home/logan/exos_new_ws/install/moveit/bin'
[1.388s] Level 1:colcon.colcon_core.environment:checking '/home/logan/exos_new_ws/install/moveit/lib/pkgconfig/moveit.pc'
[1.389s] Level 1:colcon.colcon_core.environment:checking '/home/logan/exos_new_ws/install/moveit/lib/python3.10/site-packages'
[1.389s] Level 1:colcon.colcon_core.environment:checking '/home/logan/exos_new_ws/install/moveit/bin'
[1.390s] INFO:colcon.colcon_core.shell:Creating package script '/home/logan/exos_new_ws/install/moveit/share/moveit/package.ps1'
[1.391s] INFO:colcon.colcon_core.shell:Creating package descriptor '/home/logan/exos_new_ws/install/moveit/share/moveit/package.dsv'
[1.391s] INFO:colcon.colcon_core.shell:Creating package script '/home/logan/exos_new_ws/install/moveit/share/moveit/package.sh'
[1.392s] INFO:colcon.colcon_core.shell:Creating package script '/home/logan/exos_new_ws/install/moveit/share/moveit/package.bash'
[1.393s] INFO:colcon.colcon_core.shell:Creating package script '/home/logan/exos_new_ws/install/moveit/share/moveit/package.zsh'
[1.393s] Level 1:colcon.colcon_core.environment:create_file_with_runtime_dependencies(/home/logan/exos_new_ws/install/moveit/share/colcon-core/packages/moveit)
[1.395s] Level 1:colcon.colcon_core.environment:create_environment_scripts_only(moveit_true)
[1.396s] Level 1:colcon.colcon_core.environment:checking '/home/logan/exos_new_ws/install/moveit_true' for CMake module files
[1.397s] DEBUG:colcon.colcon_core.event_handler.log_command:Invoked command in '/home/logan/exos_new_ws/build/moveit_true' returned '0': CMAKE_PREFIX_PATH=/home/logan/exos_new_ws/install/tongquan_sldasm:/home/logan/exos_new_ws/install/moveit_true:/home/logan/exos_new_ws/install/moveit_2:/home/logan/exos_new_ws/install/moveit:/home/logan/exos_new_ws/install/chan:/home/logan/exos_new_ws/install/control_exos:/opt/ros/humble /usr/bin/cmake --install /home/logan/exos_new_ws/build/moveit_true
[1.397s] Level 1:colcon.colcon_core.environment:checking '/home/logan/exos_new_ws/install/moveit_true' for CMake config files
[1.398s] Level 1:colcon.colcon_core.shell:create_environment_hook('moveit_true', 'cmake_prefix_path')
[1.399s] INFO:colcon.colcon_core.shell:Creating environment hook '/home/logan/exos_new_ws/install/moveit_true/share/moveit_true/hook/cmake_prefix_path.ps1'
[1.399s] INFO:colcon.colcon_core.shell:Creating environment descriptor '/home/logan/exos_new_ws/install/moveit_true/share/moveit_true/hook/cmake_prefix_path.dsv'
[1.400s] INFO:colcon.colcon_core.shell:Creating environment hook '/home/logan/exos_new_ws/install/moveit_true/share/moveit_true/hook/cmake_prefix_path.sh'
[1.401s] Level 1:colcon.colcon_core.environment:checking '/home/logan/exos_new_ws/install/moveit_true/bin'
[1.401s] Level 1:colcon.colcon_core.environment:checking '/home/logan/exos_new_ws/install/moveit_true/lib/pkgconfig/moveit_true.pc'
[1.402s] Level 1:colcon.colcon_core.environment:checking '/home/logan/exos_new_ws/install/moveit_true/lib/python3.10/site-packages'
[1.402s] Level 1:colcon.colcon_core.environment:checking '/home/logan/exos_new_ws/install/moveit_true/bin'
[1.403s] INFO:colcon.colcon_core.shell:Creating package script '/home/logan/exos_new_ws/install/moveit_true/share/moveit_true/package.ps1'
[1.403s] INFO:colcon.colcon_core.shell:Creating package descriptor '/home/logan/exos_new_ws/install/moveit_true/share/moveit_true/package.dsv'
[1.404s] INFO:colcon.colcon_core.shell:Creating package script '/home/logan/exos_new_ws/install/moveit_true/share/moveit_true/package.sh'
[1.405s] INFO:colcon.colcon_core.shell:Creating package script '/home/logan/exos_new_ws/install/moveit_true/share/moveit_true/package.bash'
[1.405s] INFO:colcon.colcon_core.shell:Creating package script '/home/logan/exos_new_ws/install/moveit_true/share/moveit_true/package.zsh'
[1.406s] Level 1:colcon.colcon_core.environment:create_file_with_runtime_dependencies(/home/logan/exos_new_ws/install/moveit_true/share/colcon-core/packages/moveit_true)
[1.408s] Level 1:colcon.colcon_core.environment:create_environment_scripts_only(chan)
[1.408s] Level 1:colcon.colcon_core.environment:checking '/home/logan/exos_new_ws/install/chan' for CMake module files
[1.409s] DEBUG:colcon.colcon_core.event_handler.log_command:Invoked command in '/home/logan/exos_new_ws/build/chan' returned '0': CMAKE_PREFIX_PATH=/home/logan/exos_new_ws/install/tongquan_sldasm:/home/logan/exos_new_ws/install/moveit_true:/home/logan/exos_new_ws/install/moveit_2:/home/logan/exos_new_ws/install/moveit:/home/logan/exos_new_ws/install/chan:/home/logan/exos_new_ws/install/control_exos:/opt/ros/humble /usr/bin/cmake --install /home/logan/exos_new_ws/build/chan
[1.410s] Level 1:colcon.colcon_core.environment:checking '/home/logan/exos_new_ws/install/chan' for CMake config files
[1.411s] Level 1:colcon.colcon_core.shell:create_environment_hook('chan', 'cmake_prefix_path')
[1.411s] INFO:colcon.colcon_core.shell:Creating environment hook '/home/logan/exos_new_ws/install/chan/share/chan/hook/cmake_prefix_path.ps1'
[1.412s] INFO:colcon.colcon_core.shell:Creating environment descriptor '/home/logan/exos_new_ws/install/chan/share/chan/hook/cmake_prefix_path.dsv'
[1.413s] INFO:colcon.colcon_core.shell:Creating environment hook '/home/logan/exos_new_ws/install/chan/share/chan/hook/cmake_prefix_path.sh'
[1.414s] Level 1:colcon.colcon_core.environment:checking '/home/logan/exos_new_ws/install/chan/bin'
[1.414s] Level 1:colcon.colcon_core.environment:checking '/home/logan/exos_new_ws/install/chan/lib/pkgconfig/chan.pc'
[1.414s] Level 1:colcon.colcon_core.environment:checking '/home/logan/exos_new_ws/install/chan/lib/python3.10/site-packages'
[1.415s] Level 1:colcon.colcon_core.environment:checking '/home/logan/exos_new_ws/install/chan/bin'
[1.415s] INFO:colcon.colcon_core.shell:Creating package script '/home/logan/exos_new_ws/install/chan/share/chan/package.ps1'
[1.416s] INFO:colcon.colcon_core.shell:Creating package descriptor '/home/logan/exos_new_ws/install/chan/share/chan/package.dsv'
[1.417s] INFO:colcon.colcon_core.shell:Creating package script '/home/logan/exos_new_ws/install/chan/share/chan/package.sh'
[1.418s] INFO:colcon.colcon_core.shell:Creating package script '/home/logan/exos_new_ws/install/chan/share/chan/package.bash'
[1.418s] INFO:colcon.colcon_core.shell:Creating package script '/home/logan/exos_new_ws/install/chan/share/chan/package.zsh'
[1.419s] Level 1:colcon.colcon_core.environment:create_file_with_runtime_dependencies(/home/logan/exos_new_ws/install/chan/share/colcon-core/packages/chan)
[1.421s] Level 1:colcon.colcon_core.environment:create_environment_scripts_only(moveit_2)
[1.422s] Level 1:colcon.colcon_core.environment:checking '/home/logan/exos_new_ws/install/moveit_2' for CMake module files
[1.422s] Level 1:colcon.colcon_core.environment:checking '/home/logan/exos_new_ws/install/moveit_2' for CMake config files
[1.423s] Level 1:colcon.colcon_core.shell:create_environment_hook('moveit_2', 'cmake_prefix_path')
[1.423s] INFO:colcon.colcon_core.shell:Creating environment hook '/home/logan/exos_new_ws/install/moveit_2/share/moveit_2/hook/cmake_prefix_path.ps1'
[1.423s] INFO:colcon.colcon_core.shell:Creating environment descriptor '/home/logan/exos_new_ws/install/moveit_2/share/moveit_2/hook/cmake_prefix_path.dsv'
[1.424s] INFO:colcon.colcon_core.shell:Creating environment hook '/home/logan/exos_new_ws/install/moveit_2/share/moveit_2/hook/cmake_prefix_path.sh'
[1.424s] Level 1:colcon.colcon_core.environment:checking '/home/logan/exos_new_ws/install/moveit_2/bin'
[1.424s] Level 1:colcon.colcon_core.environment:checking '/home/logan/exos_new_ws/install/moveit_2/lib/pkgconfig/moveit_2.pc'
[1.425s] Level 1:colcon.colcon_core.environment:checking '/home/logan/exos_new_ws/install/moveit_2/lib/python3.10/site-packages'
[1.425s] Level 1:colcon.colcon_core.environment:checking '/home/logan/exos_new_ws/install/moveit_2/bin'
[1.425s] INFO:colcon.colcon_core.shell:Creating package script '/home/logan/exos_new_ws/install/moveit_2/share/moveit_2/package.ps1'
[1.426s] INFO:colcon.colcon_core.shell:Creating package descriptor '/home/logan/exos_new_ws/install/moveit_2/share/moveit_2/package.dsv'
[1.427s] INFO:colcon.colcon_core.shell:Creating package script '/home/logan/exos_new_ws/install/moveit_2/share/moveit_2/package.sh'
[1.427s] INFO:colcon.colcon_core.shell:Creating package script '/home/logan/exos_new_ws/install/moveit_2/share/moveit_2/package.bash'
[1.427s] INFO:colcon.colcon_core.shell:Creating package script '/home/logan/exos_new_ws/install/moveit_2/share/moveit_2/package.zsh'
[1.428s] Level 1:colcon.colcon_core.environment:create_file_with_runtime_dependencies(/home/logan/exos_new_ws/install/moveit_2/share/colcon-core/packages/moveit_2)
[1.429s] Level 1:colcon.colcon_core.environment:create_environment_scripts_only(moveit)
[1.429s] Level 1:colcon.colcon_core.environment:checking '/home/logan/exos_new_ws/install/moveit' for CMake module files
[1.431s] Level 1:colcon.colcon_core.environment:checking '/home/logan/exos_new_ws/install/moveit' for CMake config files
[1.432s] Level 1:colcon.colcon_core.shell:create_environment_hook('moveit', 'cmake_prefix_path')
[1.432s] INFO:colcon.colcon_core.shell:Creating environment hook '/home/logan/exos_new_ws/install/moveit/share/moveit/hook/cmake_prefix_path.ps1'
[1.433s] INFO:colcon.colcon_core.shell:Creating environment descriptor '/home/logan/exos_new_ws/install/moveit/share/moveit/hook/cmake_prefix_path.dsv'
[1.434s] INFO:colcon.colcon_core.shell:Creating environment hook '/home/logan/exos_new_ws/install/moveit/share/moveit/hook/cmake_prefix_path.sh'
[1.435s] Level 1:colcon.colcon_core.environment:checking '/home/logan/exos_new_ws/install/moveit/bin'
[1.435s] Level 1:colcon.colcon_core.environment:checking '/home/logan/exos_new_ws/install/moveit/lib/pkgconfig/moveit.pc'
[1.435s] Level 1:colcon.colcon_core.environment:checking '/home/logan/exos_new_ws/install/moveit/lib/python3.10/site-packages'
[1.436s] Level 1:colcon.colcon_core.environment:checking '/home/logan/exos_new_ws/install/moveit/bin'
[1.436s] INFO:colcon.colcon_core.shell:Creating package script '/home/logan/exos_new_ws/install/moveit/share/moveit/package.ps1'
[1.437s] INFO:colcon.colcon_core.shell:Creating package descriptor '/home/logan/exos_new_ws/install/moveit/share/moveit/package.dsv'
[1.438s] INFO:colcon.colcon_core.shell:Creating package script '/home/logan/exos_new_ws/install/moveit/share/moveit/package.sh'
[1.439s] INFO:colcon.colcon_core.shell:Creating package script '/home/logan/exos_new_ws/install/moveit/share/moveit/package.bash'
[1.440s] INFO:colcon.colcon_core.shell:Creating package script '/home/logan/exos_new_ws/install/moveit/share/moveit/package.zsh'
[1.440s] Level 1:colcon.colcon_core.environment:create_file_with_runtime_dependencies(/home/logan/exos_new_ws/install/moveit/share/colcon-core/packages/moveit)
[1.448s] Level 1:colcon.colcon_core.environment:create_environment_scripts_only(chan)
[1.448s] Level 1:colcon.colcon_core.environment:checking '/home/logan/exos_new_ws/install/chan' for CMake module files
[1.449s] Level 1:colcon.colcon_core.environment:checking '/home/logan/exos_new_ws/install/chan' for CMake config files
[1.449s] Level 1:colcon.colcon_core.shell:create_environment_hook('chan', 'cmake_prefix_path')
[1.450s] INFO:colcon.colcon_core.shell:Creating environment hook '/home/logan/exos_new_ws/install/chan/share/chan/hook/cmake_prefix_path.ps1'
[1.450s] INFO:colcon.colcon_core.shell:Creating environment descriptor '/home/logan/exos_new_ws/install/chan/share/chan/hook/cmake_prefix_path.dsv'
[1.450s] INFO:colcon.colcon_core.shell:Creating environment hook '/home/logan/exos_new_ws/install/chan/share/chan/hook/cmake_prefix_path.sh'
[1.451s] Level 1:colcon.colcon_core.environment:checking '/home/logan/exos_new_ws/install/chan/bin'
[1.451s] Level 1:colcon.colcon_core.environment:checking '/home/logan/exos_new_ws/install/chan/lib/pkgconfig/chan.pc'
[1.451s] Level 1:colcon.colcon_core.environment:checking '/home/logan/exos_new_ws/install/chan/lib/python3.10/site-packages'
[1.452s] Level 1:colcon.colcon_core.environment:checking '/home/logan/exos_new_ws/install/chan/bin'
[1.452s] INFO:colcon.colcon_core.shell:Creating package script '/home/logan/exos_new_ws/install/chan/share/chan/package.ps1'
[1.452s] INFO:colcon.colcon_core.shell:Creating package descriptor '/home/logan/exos_new_ws/install/chan/share/chan/package.dsv'
[1.453s] INFO:colcon.colcon_core.shell:Creating package script '/home/logan/exos_new_ws/install/chan/share/chan/package.sh'
[1.453s] INFO:colcon.colcon_core.shell:Creating package script '/home/logan/exos_new_ws/install/chan/share/chan/package.bash'
[1.454s] INFO:colcon.colcon_core.shell:Creating package script '/home/logan/exos_new_ws/install/chan/share/chan/package.zsh'
[1.454s] Level 1:colcon.colcon_core.environment:create_file_with_runtime_dependencies(/home/logan/exos_new_ws/install/chan/share/colcon-core/packages/chan)
[1.455s] Level 1:colcon.colcon_core.environment:create_environment_scripts_only(moveit_true)
[1.456s] Level 1:colcon.colcon_core.environment:checking '/home/logan/exos_new_ws/install/moveit_true' for CMake module files
[1.456s] Level 1:colcon.colcon_core.environment:checking '/home/logan/exos_new_ws/install/moveit_true' for CMake config files
[1.457s] Level 1:colcon.colcon_core.shell:create_environment_hook('moveit_true', 'cmake_prefix_path')
[1.457s] INFO:colcon.colcon_core.shell:Creating environment hook '/home/logan/exos_new_ws/install/moveit_true/share/moveit_true/hook/cmake_prefix_path.ps1'
[1.458s] INFO:colcon.colcon_core.shell:Creating environment descriptor '/home/logan/exos_new_ws/install/moveit_true/share/moveit_true/hook/cmake_prefix_path.dsv'
[1.458s] INFO:colcon.colcon_core.shell:Creating environment hook '/home/logan/exos_new_ws/install/moveit_true/share/moveit_true/hook/cmake_prefix_path.sh'
[1.459s] Level 1:colcon.colcon_core.environment:checking '/home/logan/exos_new_ws/install/moveit_true/bin'
[1.459s] Level 1:colcon.colcon_core.environment:checking '/home/logan/exos_new_ws/install/moveit_true/lib/pkgconfig/moveit_true.pc'
[1.459s] Level 1:colcon.colcon_core.environment:checking '/home/logan/exos_new_ws/install/moveit_true/lib/python3.10/site-packages'
[1.459s] Level 1:colcon.colcon_core.environment:checking '/home/logan/exos_new_ws/install/moveit_true/bin'
[1.460s] INFO:colcon.colcon_core.shell:Creating package script '/home/logan/exos_new_ws/install/moveit_true/share/moveit_true/package.ps1'
[1.460s] INFO:colcon.colcon_core.shell:Creating package descriptor '/home/logan/exos_new_ws/install/moveit_true/share/moveit_true/package.dsv'
[1.461s] INFO:colcon.colcon_core.shell:Creating package script '/home/logan/exos_new_ws/install/moveit_true/share/moveit_true/package.sh'
[1.461s] INFO:colcon.colcon_core.shell:Creating package script '/home/logan/exos_new_ws/install/moveit_true/share/moveit_true/package.bash'
[1.461s] INFO:colcon.colcon_core.shell:Creating package script '/home/logan/exos_new_ws/install/moveit_true/share/moveit_true/package.zsh'
[1.462s] Level 1:colcon.colcon_core.environment:create_file_with_runtime_dependencies(/home/logan/exos_new_ws/install/moveit_true/share/colcon-core/packages/moveit_true)
[1.462s] DEBUG:colcon.colcon_parallel_executor.executor.parallel:closing loop
[1.463s] DEBUG:colcon.colcon_parallel_executor.executor.parallel:loop closed
[1.463s] DEBUG:colcon.colcon_parallel_executor.executor.parallel:run_until_complete finished with '0'
[1.463s] DEBUG:colcon.colcon_core.event_reactor:joining thread
[1.469s] INFO:colcon.colcon_core.plugin_system:Skipping extension 'colcon_notification.desktop_notification.terminal_notifier': Not used on non-Darwin systems
[1.469s] INFO:colcon.colcon_core.plugin_system:Skipping extension 'colcon_notification.desktop_notification.win32': Not used on non-Windows systems
[1.469s] INFO:colcon.colcon_notification.desktop_notification:Sending desktop notification using 'notify2'
[1.483s] DEBUG:colcon.colcon_core.event_reactor:joined thread
[1.484s] INFO:colcon.colcon_core.shell:Creating prefix script '/home/logan/exos_new_ws/install/local_setup.ps1'
[1.486s] INFO:colcon.colcon_core.shell:Creating prefix util module '/home/logan/exos_new_ws/install/_local_setup_util_ps1.py'
[1.488s] INFO:colcon.colcon_core.shell:Creating prefix chain script '/home/logan/exos_new_ws/install/setup.ps1'
[1.491s] INFO:colcon.colcon_core.shell:Creating prefix script '/home/logan/exos_new_ws/install/local_setup.sh'
[1.492s] INFO:colcon.colcon_core.shell:Creating prefix util module '/home/logan/exos_new_ws/install/_local_setup_util_sh.py'
[1.493s] INFO:colcon.colcon_core.shell:Creating prefix chain script '/home/logan/exos_new_ws/install/setup.sh'
[1.495s] INFO:colcon.colcon_core.shell:Creating prefix script '/home/logan/exos_new_ws/install/local_setup.bash'
[1.496s] INFO:colcon.colcon_core.shell:Creating prefix chain script '/home/logan/exos_new_ws/install/setup.bash'
[1.498s] INFO:colcon.colcon_core.shell:Creating prefix script '/home/logan/exos_new_ws/install/local_setup.zsh'
[1.499s] INFO:colcon.colcon_core.shell:Creating prefix chain script '/home/logan/exos_new_ws/install/setup.zsh'
