[0.013s] Invoking command in '/home/logan/exos_new_ws/build/control_exos': CMAKE_PREFIX_PATH=/opt/ros/humble /usr/bin/cmake --build /home/logan/exos_new_ws/build/control_exos -- -j12 -l12
[0.044s] -- Found ament_cmake: 1.3.10 (/opt/ros/humble/share/ament_cmake/cmake)
[0.260s] -- Found rclpy: 3.3.14 (/opt/ros/humble/share/rclpy/cmake)
[0.417s] -- Configuring done
[0.421s] -- Generating done
[0.423s] -- Build files have been written to: /home/logan/exos_new_ws/build/control_exos
[0.457s] Invoked command in '/home/logan/exos_new_ws/build/control_exos' returned '0': CMAKE_PREFIX_PATH=/opt/ros/humble /usr/bin/cmake --build /home/logan/exos_new_ws/build/control_exos -- -j12 -l12
[0.494s] Invoking command in '/home/logan/exos_new_ws/build/control_exos': CMAKE_PREFIX_PATH=/opt/ros/humble /usr/bin/cmake --install /home/logan/exos_new_ws/build/control_exos
[0.505s] -- Install configuration: ""
[0.505s] -- Installing: /home/logan/exos_new_ws/install/control_exos/lib/control_exos/node_control.py
[0.506s] -- Installing: /home/logan/exos_new_ws/install/control_exos/share/ament_index/resource_index/package_run_dependencies/control_exos
[0.506s] -- Up-to-date: /home/logan/exos_new_ws/install/control_exos/share/ament_index/resource_index/parent_prefix_path/control_exos
[0.506s] -- Up-to-date: /home/logan/exos_new_ws/install/control_exos/share/control_exos/environment/ament_prefix_path.sh
[0.507s] -- Installing: /home/logan/exos_new_ws/install/control_exos/share/control_exos/environment/ament_prefix_path.dsv
[0.507s] -- Up-to-date: /home/logan/exos_new_ws/install/control_exos/share/control_exos/environment/path.sh
[0.507s] -- Installing: /home/logan/exos_new_ws/install/control_exos/share/control_exos/environment/path.dsv
[0.507s] -- Up-to-date: /home/logan/exos_new_ws/install/control_exos/share/control_exos/local_setup.bash
[0.507s] -- Up-to-date: /home/logan/exos_new_ws/install/control_exos/share/control_exos/local_setup.sh
[0.508s] -- Up-to-date: /home/logan/exos_new_ws/install/control_exos/share/control_exos/local_setup.zsh
[0.508s] -- Installing: /home/logan/exos_new_ws/install/control_exos/share/control_exos/local_setup.dsv
[0.508s] -- Installing: /home/logan/exos_new_ws/install/control_exos/share/control_exos/package.dsv
[0.509s] -- Up-to-date: /home/logan/exos_new_ws/install/control_exos/share/ament_index/resource_index/packages/control_exos
[0.509s] -- Installing: /home/logan/exos_new_ws/install/control_exos/share/control_exos/cmake/control_exosConfig.cmake
[0.509s] -- Installing: /home/logan/exos_new_ws/install/control_exos/share/control_exos/cmake/control_exosConfig-version.cmake
[0.509s] -- Installing: /home/logan/exos_new_ws/install/control_exos/share/control_exos/package.xml
[0.513s] Invoked command in '/home/logan/exos_new_ws/build/control_exos' returned '0': CMAKE_PREFIX_PATH=/opt/ros/humble /usr/bin/cmake --install /home/logan/exos_new_ws/build/control_exos
