[0.010s] Invoking command in '/home/logan/exos_new_ws/build/moveit': CMAKE_PREFIX_PATH=/home/logan/exos_new_ws/install/tongquan_sldasm:/home/logan/exos_new_ws/install/moveIt:/opt/ros/humble /usr/bin/cmake /home/logan/exos_new_ws/src/moveit -DCMAKE_INSTALL_PREFIX=/home/logan/exos_new_ws/install/moveit
[0.074s] -- The C compiler identification is GNU 11.4.0
[0.138s] -- The CXX compiler identification is GNU 11.4.0
[0.147s] -- Detecting C compiler ABI info
[0.230s] -- Detecting C compiler ABI info - done
[0.238s] -- Check for working C compiler: /usr/bin/cc - skipped
[0.238s] -- Detecting C compile features
[0.238s] -- Detecting C compile features - done
[0.241s] -- Detecting CXX compiler ABI info
[0.336s] -- Detecting CXX compiler ABI info - done
[0.343s] -- Check for working CXX compiler: /usr/bin/c++ - skipped
[0.344s] -- Detecting CXX compile features
[0.344s] -- Detecting CXX compile features - done
[0.347s] -- Found ament_cmake: 1.3.10 (/opt/ros/humble/share/ament_cmake/cmake)
[0.490s] -- Found Python3: /usr/bin/python3 (found version "3.10.12") found components: Interpreter 
[0.594s] -- Configuring done
[0.596s] -- Generating done
[0.597s] -- Build files have been written to: /home/logan/exos_new_ws/build/moveit
[0.600s] Invoked command in '/home/logan/exos_new_ws/build/moveit' returned '0': CMAKE_PREFIX_PATH=/home/logan/exos_new_ws/install/tongquan_sldasm:/home/logan/exos_new_ws/install/moveIt:/opt/ros/humble /usr/bin/cmake /home/logan/exos_new_ws/src/moveit -DCMAKE_INSTALL_PREFIX=/home/logan/exos_new_ws/install/moveit
[0.602s] Invoking command in '/home/logan/exos_new_ws/build/moveit': CMAKE_PREFIX_PATH=/home/logan/exos_new_ws/install/tongquan_sldasm:/home/logan/exos_new_ws/install/moveIt:/opt/ros/humble /usr/bin/cmake --build /home/logan/exos_new_ws/build/moveit -- -j12 -l12
[0.635s] Invoked command in '/home/logan/exos_new_ws/build/moveit' returned '0': CMAKE_PREFIX_PATH=/home/logan/exos_new_ws/install/tongquan_sldasm:/home/logan/exos_new_ws/install/moveIt:/opt/ros/humble /usr/bin/cmake --build /home/logan/exos_new_ws/build/moveit -- -j12 -l12
[0.657s] Invoking command in '/home/logan/exos_new_ws/build/moveit': CMAKE_PREFIX_PATH=/home/logan/exos_new_ws/install/tongquan_sldasm:/home/logan/exos_new_ws/install/moveIt:/opt/ros/humble /usr/bin/cmake --install /home/logan/exos_new_ws/build/moveit
[0.662s] -- Install configuration: ""
[0.663s] -- Installing: /home/logan/exos_new_ws/install/moveit/share/ament_index/resource_index/package_run_dependencies/moveit
[0.663s] -- Installing: /home/logan/exos_new_ws/install/moveit/share/ament_index/resource_index/parent_prefix_path/moveit
[0.663s] -- Installing: /home/logan/exos_new_ws/install/moveit/share/moveit/environment/ament_prefix_path.sh
[0.663s] -- Installing: /home/logan/exos_new_ws/install/moveit/share/moveit/environment/ament_prefix_path.dsv
[0.663s] -- Installing: /home/logan/exos_new_ws/install/moveit/share/moveit/environment/path.sh
[0.663s] -- Installing: /home/logan/exos_new_ws/install/moveit/share/moveit/environment/path.dsv
[0.663s] -- Installing: /home/logan/exos_new_ws/install/moveit/share/moveit/local_setup.bash
[0.663s] -- Installing: /home/logan/exos_new_ws/install/moveit/share/moveit/local_setup.sh
[0.664s] -- Installing: /home/logan/exos_new_ws/install/moveit/share/moveit/local_setup.zsh
[0.664s] -- Installing: /home/logan/exos_new_ws/install/moveit/share/moveit/local_setup.dsv
[0.664s] -- Installing: /home/logan/exos_new_ws/install/moveit/share/moveit/package.dsv
[0.664s] -- Installing: /home/logan/exos_new_ws/install/moveit/share/ament_index/resource_index/packages/moveit
[0.664s] -- Installing: /home/logan/exos_new_ws/install/moveit/share/moveit/cmake/moveitConfig.cmake
[0.664s] -- Installing: /home/logan/exos_new_ws/install/moveit/share/moveit/cmake/moveitConfig-version.cmake
[0.664s] -- Installing: /home/logan/exos_new_ws/install/moveit/share/moveit/package.xml
[0.664s] -- Installing: /home/logan/exos_new_ws/install/moveit/share/moveit/launch
[0.664s] -- Installing: /home/logan/exos_new_ws/install/moveit/share/moveit/launch/move_group.launch.py
[0.665s] -- Installing: /home/logan/exos_new_ws/install/moveit/share/moveit/launch/demo.launch.py
[0.665s] -- Installing: /home/logan/exos_new_ws/install/moveit/share/moveit/launch/warehouse_db.launch.py
[0.665s] -- Installing: /home/logan/exos_new_ws/install/moveit/share/moveit/launch/static_virtual_joint_tfs.launch.py
[0.665s] -- Installing: /home/logan/exos_new_ws/install/moveit/share/moveit/launch/setup_assistant.launch.py
[0.665s] -- Installing: /home/logan/exos_new_ws/install/moveit/share/moveit/launch/moveit_rviz.launch.py
[0.665s] -- Installing: /home/logan/exos_new_ws/install/moveit/share/moveit/launch/spawn_controllers.launch.py
[0.665s] -- Installing: /home/logan/exos_new_ws/install/moveit/share/moveit/launch/rsp.launch.py
[0.665s] -- Installing: /home/logan/exos_new_ws/install/moveit/share/moveit/config
[0.665s] -- Installing: /home/logan/exos_new_ws/install/moveit/share/moveit/config/moveit_controllers.yaml
[0.665s] -- Installing: /home/logan/exos_new_ws/install/moveit/share/moveit/config/tongquan_sldasm.urdf.xacro
[0.665s] -- Installing: /home/logan/exos_new_ws/install/moveit/share/moveit/config/moveit.rviz
[0.665s] -- Installing: /home/logan/exos_new_ws/install/moveit/share/moveit/config/tongquan_sldasm.ros2_control.xacro
[0.666s] -- Installing: /home/logan/exos_new_ws/install/moveit/share/moveit/config/kinematics.yaml
[0.666s] -- Installing: /home/logan/exos_new_ws/install/moveit/share/moveit/config/tongquan_sldasm.srdf
[0.666s] -- Installing: /home/logan/exos_new_ws/install/moveit/share/moveit/config/joint_limits.yaml
[0.666s] -- Installing: /home/logan/exos_new_ws/install/moveit/share/moveit/config/pilz_cartesian_limits.yaml
[0.666s] -- Installing: /home/logan/exos_new_ws/install/moveit/share/moveit/config/initial_positions.yaml
[0.666s] -- Installing: /home/logan/exos_new_ws/install/moveit/share/moveit/config/ros2_controllers.yaml
[0.666s] -- Installing: /home/logan/exos_new_ws/install/moveit/share/moveit/.setup_assistant
[0.668s] Invoked command in '/home/logan/exos_new_ws/build/moveit' returned '0': CMAKE_PREFIX_PATH=/home/logan/exos_new_ws/install/tongquan_sldasm:/home/logan/exos_new_ws/install/moveIt:/opt/ros/humble /usr/bin/cmake --install /home/logan/exos_new_ws/build/moveit
