[0.008s] Invoking command in '/home/logan/exos_new_ws/build/moveit': AMENT_PREFIX_PATH=/home/logan/exos_new_ws/install/tongquan_sldasm CMAKE_PREFIX_PATH=/home/logan/exos_new_ws/install/tongquan_sldasm /usr/bin/cmake /home/logan/exos_new_ws/src/moveit -DCMAKE_INSTALL_PREFIX=/home/logan/exos_new_ws/install/moveit
[0.096s] -- The C compiler identification is GNU 11.4.0
[0.186s] -- The CXX compiler identification is GNU 11.4.0
[0.197s] -- Detecting C compiler ABI info
[0.278s] -- Detecting C compiler ABI info - done
[0.286s] -- Check for working C compiler: /usr/bin/cc - skipped
[0.287s] -- Detecting C compile features
[0.287s] -- Detecting C compile features - done
[0.291s] -- Detecting CXX compiler ABI info
[0.385s] -- Detecting CXX compiler ABI info - done
[0.390s] -- Check for working CXX compiler: /usr/bin/c++ - skipped
[0.391s] -- Detecting CXX compile features
[0.391s] -- Detecting CXX compile features - done
[0.399s] [31mCMake Error at CMakeLists.txt:4 (find_package):
[0.399s]   By not providing "Findament_cmake.cmake" in CMAKE_MODULE_PATH this project
[0.399s]   has asked CMake to find a package configuration file provided by
[0.400s]   "ament_cmake", but CMake did not find one.
[0.400s] 
[0.400s]   Could not find a package configuration file provided by "ament_cmake" with
[0.400s]   any of the following names:
[0.400s] 
[0.400s]     ament_cmakeConfig.cmake
[0.400s]     ament_cmake-config.cmake
[0.400s] 
[0.400s]   Add the installation prefix of "ament_cmake" to CMAKE_PREFIX_PATH or set
[0.400s]   "ament_cmake_DIR" to a directory containing one of the above files.  If
[0.400s]   "ament_cmake" provides a separate development package or SDK, be sure it
[0.400s]   has been installed.
[0.400s] 
[0.400s] [0m
[0.400s] -- Configuring incomplete, errors occurred!
[0.400s] See also "/home/logan/exos_new_ws/build/moveit/CMakeFiles/CMakeOutput.log".
[0.402s] Invoked command in '/home/logan/exos_new_ws/build/moveit' returned '1': AMENT_PREFIX_PATH=/home/logan/exos_new_ws/install/tongquan_sldasm CMAKE_PREFIX_PATH=/home/logan/exos_new_ws/install/tongquan_sldasm /usr/bin/cmake /home/logan/exos_new_ws/src/moveit -DCMAKE_INSTALL_PREFIX=/home/logan/exos_new_ws/install/moveit
