[0.032s] Invoking command in '/home/logan/exos_new_ws/build/moveit_true': CMAKE_PREFIX_PATH=/home/logan/exos_new_ws/install/tongquan_sldasm:/home/logan/exos_new_ws/install/moveit_true:/home/logan/exos_new_ws/install/moveit_2:/home/logan/exos_new_ws/install/moveit:/home/logan/exos_new_ws/install/chan:/home/logan/exos_new_ws/install/control_exos:/opt/ros/humble /usr/bin/cmake --build /home/logan/exos_new_ws/build/moveit_true -- -j12 -l12
[0.090s] Invoked command in '/home/logan/exos_new_ws/build/moveit_true' returned '0': CMAKE_PREFIX_PATH=/home/logan/exos_new_ws/install/tongquan_sldasm:/home/logan/exos_new_ws/install/moveit_true:/home/logan/exos_new_ws/install/moveit_2:/home/logan/exos_new_ws/install/moveit:/home/logan/exos_new_ws/install/chan:/home/logan/exos_new_ws/install/control_exos:/opt/ros/humble /usr/bin/cmake --build /home/logan/exos_new_ws/build/moveit_true -- -j12 -l12
[0.126s] Invoking command in '/home/logan/exos_new_ws/build/moveit_true': CMAKE_PREFIX_PATH=/home/logan/exos_new_ws/install/tongquan_sldasm:/home/logan/exos_new_ws/install/moveit_true:/home/logan/exos_new_ws/install/moveit_2:/home/logan/exos_new_ws/install/moveit:/home/logan/exos_new_ws/install/chan:/home/logan/exos_new_ws/install/control_exos:/opt/ros/humble /usr/bin/cmake --install /home/logan/exos_new_ws/build/moveit_true
[0.136s] -- Install configuration: ""
[0.137s] -- Execute custom install script
[0.137s] -- Up-to-date symlink: /home/logan/exos_new_ws/install/moveit_true/share/ament_index/resource_index/package_run_dependencies/moveit_true
[0.138s] -- Up-to-date symlink: /home/logan/exos_new_ws/install/moveit_true/share/ament_index/resource_index/parent_prefix_path/moveit_true
[0.138s] -- Up-to-date symlink: /home/logan/exos_new_ws/install/moveit_true/share/moveit_true/environment/ament_prefix_path.sh
[0.138s] -- Up-to-date symlink: /home/logan/exos_new_ws/install/moveit_true/share/moveit_true/environment/ament_prefix_path.dsv
[0.138s] -- Up-to-date symlink: /home/logan/exos_new_ws/install/moveit_true/share/moveit_true/environment/path.sh
[0.138s] -- Up-to-date symlink: /home/logan/exos_new_ws/install/moveit_true/share/moveit_true/environment/path.dsv
[0.139s] -- Up-to-date symlink: /home/logan/exos_new_ws/install/moveit_true/share/moveit_true/local_setup.bash
[0.139s] -- Up-to-date symlink: /home/logan/exos_new_ws/install/moveit_true/share/moveit_true/local_setup.sh
[0.139s] -- Up-to-date symlink: /home/logan/exos_new_ws/install/moveit_true/share/moveit_true/local_setup.zsh
[0.139s] -- Up-to-date symlink: /home/logan/exos_new_ws/install/moveit_true/share/moveit_true/local_setup.dsv
[0.139s] -- Symlinking: /home/logan/exos_new_ws/install/moveit_true/share/moveit_true/package.dsv
[0.157s] -- Up-to-date symlink: /home/logan/exos_new_ws/install/moveit_true/share/ament_index/resource_index/packages/moveit_true
[0.158s] -- Up-to-date symlink: /home/logan/exos_new_ws/install/moveit_true/share/moveit_true/cmake/moveit_trueConfig.cmake
[0.158s] -- Up-to-date symlink: /home/logan/exos_new_ws/install/moveit_true/share/moveit_true/cmake/moveit_trueConfig-version.cmake
[0.158s] -- Up-to-date symlink: /home/logan/exos_new_ws/install/moveit_true/share/moveit_true/package.xml
[0.158s] -- Up-to-date symlink: /home/logan/exos_new_ws/install/moveit_true/share/moveit_true/launch/demo.launch.py
[0.158s] -- Up-to-date symlink: /home/logan/exos_new_ws/install/moveit_true/share/moveit_true/launch/move_group.launch.py
[0.158s] -- Up-to-date symlink: /home/logan/exos_new_ws/install/moveit_true/share/moveit_true/launch/moveit_rviz.launch.py
[0.158s] -- Up-to-date symlink: /home/logan/exos_new_ws/install/moveit_true/share/moveit_true/launch/rsp.launch.py
[0.158s] -- Up-to-date symlink: /home/logan/exos_new_ws/install/moveit_true/share/moveit_true/launch/setup_assistant.launch.py
[0.158s] -- Up-to-date symlink: /home/logan/exos_new_ws/install/moveit_true/share/moveit_true/launch/spawn_controllers.launch.py
[0.159s] -- Up-to-date symlink: /home/logan/exos_new_ws/install/moveit_true/share/moveit_true/launch/static_virtual_joint_tfs.launch.py
[0.159s] -- Up-to-date symlink: /home/logan/exos_new_ws/install/moveit_true/share/moveit_true/launch/warehouse_db.launch.py
[0.159s] -- Up-to-date symlink: /home/logan/exos_new_ws/install/moveit_true/share/moveit_true/config/initial_positions.yaml
[0.159s] -- Up-to-date symlink: /home/logan/exos_new_ws/install/moveit_true/share/moveit_true/config/joint_limits.yaml
[0.159s] -- Up-to-date symlink: /home/logan/exos_new_ws/install/moveit_true/share/moveit_true/config/kinematics.yaml
[0.159s] -- Up-to-date symlink: /home/logan/exos_new_ws/install/moveit_true/share/moveit_true/config/moveit.rviz
[0.159s] -- Up-to-date symlink: /home/logan/exos_new_ws/install/moveit_true/share/moveit_true/config/moveit_controllers.yaml
[0.159s] -- Up-to-date symlink: /home/logan/exos_new_ws/install/moveit_true/share/moveit_true/config/pilz_cartesian_limits.yaml
[0.159s] -- Up-to-date symlink: /home/logan/exos_new_ws/install/moveit_true/share/moveit_true/config/ros2_controllers.yaml
[0.159s] -- Up-to-date symlink: /home/logan/exos_new_ws/install/moveit_true/share/moveit_true/config/tongquan_sldasm.ros2_control.xacro
[0.160s] -- Up-to-date symlink: /home/logan/exos_new_ws/install/moveit_true/share/moveit_true/config/tongquan_sldasm.srdf
[0.160s] -- Up-to-date symlink: /home/logan/exos_new_ws/install/moveit_true/share/moveit_true/config/tongquan_sldasm.urdf.xacro
[0.160s] -- Up-to-date symlink: /home/logan/exos_new_ws/install/moveit_true/share/moveit_true/.setup_assistant
[0.187s] Invoked command in '/home/logan/exos_new_ws/build/moveit_true' returned '0': CMAKE_PREFIX_PATH=/home/logan/exos_new_ws/install/tongquan_sldasm:/home/logan/exos_new_ws/install/moveit_true:/home/logan/exos_new_ws/install/moveit_2:/home/logan/exos_new_ws/install/moveit:/home/logan/exos_new_ws/install/chan:/home/logan/exos_new_ws/install/control_exos:/opt/ros/humble /usr/bin/cmake --install /home/logan/exos_new_ws/build/moveit_true
