[0.007s] Invoking command in '/home/logan/exos_new_ws/build/moveit': AMENT_PREFIX_PATH=/home/logan/exos_new_ws/install/tongquan_sldasm CMAKE_PREFIX_PATH=/home/logan/exos_new_ws/install/tongquan_sldasm /usr/bin/cmake /home/logan/exos_new_ws/src/moveit -DCMAKE_INSTALL_PREFIX=/home/logan/exos_new_ws/install/moveit
[0.030s] [31mCMake Error at CMakeLists.txt:4 (find_package):
[0.030s]   By not providing "Findament_cmake.cmake" in CMAKE_MODULE_PATH this project
[0.030s]   has asked CMake to find a package configuration file provided by
[0.030s]   "ament_cmake", but CMake did not find one.
[0.030s] 
[0.030s]   Could not find a package configuration file provided by "ament_cmake" with
[0.030s]   any of the following names:
[0.030s] 
[0.030s]     ament_cmakeConfig.cmake
[0.030s]     ament_cmake-config.cmake
[0.030s] 
[0.030s]   Add the installation prefix of "ament_cmake" to CMAKE_PREFIX_PATH or set
[0.030s]   "ament_cmake_DIR" to a directory containing one of the above files.  If
[0.030s]   "ament_cmake" provides a separate development package or SDK, be sure it
[0.030s]   has been installed.
[0.031s] 
[0.031s] [0m
[0.031s] -- Configuring incomplete, errors occurred!
[0.031s] See also "/home/logan/exos_new_ws/build/moveit/CMakeFiles/CMakeOutput.log".
[0.032s] Invoked command in '/home/logan/exos_new_ws/build/moveit' returned '1': AMENT_PREFIX_PATH=/home/logan/exos_new_ws/install/tongquan_sldasm CMAKE_PREFIX_PATH=/home/logan/exos_new_ws/install/tongquan_sldasm /usr/bin/cmake /home/logan/exos_new_ws/src/moveit -DCMAKE_INSTALL_PREFIX=/home/logan/exos_new_ws/install/moveit
