[0.011s] Invoking command in '/home/logan/exos_new_ws/build/tongquan_sldasm': /usr/bin/cmake --build /home/logan/exos_new_ws/build/tongquan_sldasm -- -j12 -l12
[0.055s] Invoked command in '/home/logan/exos_new_ws/build/tongquan_sldasm' returned '0': /usr/bin/cmake --build /home/logan/exos_new_ws/build/tongquan_sldasm -- -j12 -l12
[0.089s] Invoking command in '/home/logan/exos_new_ws/build/tongquan_sldasm': /usr/bin/cmake --install /home/logan/exos_new_ws/build/tongquan_sldasm
[0.098s] -- Install configuration: ""
[0.098s] -- Up-to-date: /home/logan/exos_new_ws/install/tongquan_sldasm/share/tongquan_sldasm/config
[0.099s] -- Up-to-date: /home/logan/exos_new_ws/install/tongquan_sldasm/share/tongquan_sldasm/config/joint_names_tongquan.SLDASM.yaml
[0.099s] -- Up-to-date: /home/logan/exos_new_ws/install/tongquan_sldasm/share/tongquan_sldasm/config/joint_trajectory_controller.yaml
[0.099s] -- Up-to-date: /home/logan/exos_new_ws/install/tongquan_sldasm/share/tongquan_sldasm/launch
[0.099s] -- Installing: /home/logan/exos_new_ws/install/tongquan_sldasm/share/tongquan_sldasm/launch/demo2.launch.py
[0.099s] -- Up-to-date: /home/logan/exos_new_ws/install/tongquan_sldasm/share/tongquan_sldasm/launch/display.launch.py
[0.099s] -- Installing: /home/logan/exos_new_ws/install/tongquan_sldasm/share/tongquan_sldasm/launch/gazebo.launch.py
[0.100s] -- Up-to-date: /home/logan/exos_new_ws/install/tongquan_sldasm/share/tongquan_sldasm/launch/demo_gazebo.launch.py
[0.100s] -- Up-to-date: /home/logan/exos_new_ws/install/tongquan_sldasm/share/tongquan_sldasm/meshes
[0.100s] -- Up-to-date: /home/logan/exos_new_ws/install/tongquan_sldasm/share/tongquan_sldasm/meshes/dau_goi_phai_link.STL
[0.100s] -- Up-to-date: /home/logan/exos_new_ws/install/tongquan_sldasm/share/tongquan_sldasm/meshes/chan_trai_link.STL
[0.100s] -- Up-to-date: /home/logan/exos_new_ws/install/tongquan_sldasm/share/tongquan_sldasm/meshes/dau_goi_trai_link.STL
[0.100s] -- Up-to-date: /home/logan/exos_new_ws/install/tongquan_sldasm/share/tongquan_sldasm/meshes/chan_phai_link.STL
[0.100s] -- Up-to-date: /home/logan/exos_new_ws/install/tongquan_sldasm/share/tongquan_sldasm/meshes/base_link.STL
[0.100s] -- Up-to-date: /home/logan/exos_new_ws/install/tongquan_sldasm/share/tongquan_sldasm/urdf
[0.101s] -- Up-to-date: /home/logan/exos_new_ws/install/tongquan_sldasm/share/tongquan_sldasm/urdf/tongquan_sldasm.urdf
[0.101s] -- Up-to-date: /home/logan/exos_new_ws/install/tongquan_sldasm/share/tongquan_sldasm/urdf/tongquan_sldasm.csv
[0.101s] -- Up-to-date: /home/logan/exos_new_ws/install/tongquan_sldasm/share/ament_index/resource_index/package_run_dependencies/tongquan_sldasm
[0.101s] -- Up-to-date: /home/logan/exos_new_ws/install/tongquan_sldasm/share/ament_index/resource_index/parent_prefix_path/tongquan_sldasm
[0.101s] -- Up-to-date: /home/logan/exos_new_ws/install/tongquan_sldasm/share/tongquan_sldasm/environment/ament_prefix_path.sh
[0.101s] -- Up-to-date: /home/logan/exos_new_ws/install/tongquan_sldasm/share/tongquan_sldasm/environment/ament_prefix_path.dsv
[0.101s] -- Up-to-date: /home/logan/exos_new_ws/install/tongquan_sldasm/share/tongquan_sldasm/environment/path.sh
[0.101s] -- Up-to-date: /home/logan/exos_new_ws/install/tongquan_sldasm/share/tongquan_sldasm/environment/path.dsv
[0.101s] -- Up-to-date: /home/logan/exos_new_ws/install/tongquan_sldasm/share/tongquan_sldasm/local_setup.bash
[0.101s] -- Up-to-date: /home/logan/exos_new_ws/install/tongquan_sldasm/share/tongquan_sldasm/local_setup.sh
[0.101s] -- Up-to-date: /home/logan/exos_new_ws/install/tongquan_sldasm/share/tongquan_sldasm/local_setup.zsh
[0.101s] -- Up-to-date: /home/logan/exos_new_ws/install/tongquan_sldasm/share/tongquan_sldasm/local_setup.dsv
[0.101s] -- Installing: /home/logan/exos_new_ws/install/tongquan_sldasm/share/tongquan_sldasm/package.dsv
[0.102s] -- Up-to-date: /home/logan/exos_new_ws/install/tongquan_sldasm/share/ament_index/resource_index/packages/tongquan_sldasm
[0.102s] -- Up-to-date: /home/logan/exos_new_ws/install/tongquan_sldasm/share/tongquan_sldasm/cmake/tongquan_sldasmConfig.cmake
[0.102s] -- Up-to-date: /home/logan/exos_new_ws/install/tongquan_sldasm/share/tongquan_sldasm/cmake/tongquan_sldasmConfig-version.cmake
[0.102s] -- Up-to-date: /home/logan/exos_new_ws/install/tongquan_sldasm/share/tongquan_sldasm/package.xml
[0.105s] Invoked command in '/home/logan/exos_new_ws/build/tongquan_sldasm' returned '0': /usr/bin/cmake --install /home/logan/exos_new_ws/build/tongquan_sldasm
