[0.017s] Invoking command in '/home/logan/exos_new_ws/build/control_exos': CMAKE_PREFIX_PATH=/opt/ros/humble /usr/bin/cmake --build /home/logan/exos_new_ws/build/control_exos -- -j12 -l12
[0.118s] Invoked command in '/home/logan/exos_new_ws/build/control_exos' returned '0': CMAKE_PREFIX_PATH=/opt/ros/humble /usr/bin/cmake --build /home/logan/exos_new_ws/build/control_exos -- -j12 -l12
[0.183s] Invoking command in '/home/logan/exos_new_ws/build/control_exos': CMAKE_PREFIX_PATH=/opt/ros/humble /usr/bin/cmake --install /home/logan/exos_new_ws/build/control_exos
[0.198s] -- Install configuration: ""
[0.199s] -- Execute custom install script
[0.201s] -- Up-to-date symlink: /home/logan/exos_new_ws/install/control_exos/lib/control_exos/hi.py
[0.201s] -- Up-to-date symlink: /home/logan/exos_new_ws/install/control_exos/lib/control_exos/plot.py
[0.202s] -- Up-to-date symlink: /home/logan/exos_new_ws/install/control_exos/lib/control_exos/node_control_true.py
[0.202s] -- Up-to-date symlink: /home/logan/exos_new_ws/install/control_exos/lib/control_exos/contact_mc.py
[0.203s] -- Up-to-date symlink: /home/logan/exos_new_ws/install/control_exos/lib/control_exos/serial_monitor.py
[0.203s] -- Up-to-date symlink: /home/logan/exos_new_ws/install/control_exos/lib/control_exos/check_contact.py
[0.203s] -- Up-to-date symlink: /home/logan/exos_new_ws/install/control_exos/lib/control_exos/check_data_ros.py
[0.204s] -- Up-to-date symlink: /home/logan/exos_new_ws/install/control_exos/lib/control_exos/contact.py
[0.204s] -- Up-to-date symlink: /home/logan/exos_new_ws/install/control_exos/lib/control_exos/donghoc.py
[0.205s] -- Up-to-date symlink: /home/logan/exos_new_ws/install/control_exos/lib/control_exos/mathplot.py
[0.205s] -- Up-to-date symlink: /home/logan/exos_new_ws/install/control_exos/lib/control_exos/control_angle.py
[0.206s] -- Up-to-date symlink: /home/logan/exos_new_ws/install/control_exos/share/ament_index/resource_index/package_run_dependencies/control_exos
[0.206s] -- Up-to-date symlink: /home/logan/exos_new_ws/install/control_exos/share/ament_index/resource_index/parent_prefix_path/control_exos
[0.207s] -- Up-to-date symlink: /home/logan/exos_new_ws/install/control_exos/share/control_exos/environment/ament_prefix_path.sh
[0.207s] -- Up-to-date symlink: /home/logan/exos_new_ws/install/control_exos/share/control_exos/environment/ament_prefix_path.dsv
[0.207s] -- Up-to-date symlink: /home/logan/exos_new_ws/install/control_exos/share/control_exos/environment/path.sh
[0.208s] -- Up-to-date symlink: /home/logan/exos_new_ws/install/control_exos/share/control_exos/environment/path.dsv
[0.208s] -- Up-to-date symlink: /home/logan/exos_new_ws/install/control_exos/share/control_exos/local_setup.bash
[0.208s] -- Up-to-date symlink: /home/logan/exos_new_ws/install/control_exos/share/control_exos/local_setup.sh
[0.209s] -- Up-to-date symlink: /home/logan/exos_new_ws/install/control_exos/share/control_exos/local_setup.zsh
[0.209s] -- Up-to-date symlink: /home/logan/exos_new_ws/install/control_exos/share/control_exos/local_setup.dsv
[0.209s] -- Symlinking: /home/logan/exos_new_ws/install/control_exos/share/control_exos/package.dsv
[0.223s] -- Up-to-date symlink: /home/logan/exos_new_ws/install/control_exos/share/ament_index/resource_index/packages/control_exos
[0.223s] -- Up-to-date symlink: /home/logan/exos_new_ws/install/control_exos/share/control_exos/cmake/control_exosConfig.cmake
[0.223s] -- Up-to-date symlink: /home/logan/exos_new_ws/install/control_exos/share/control_exos/cmake/control_exosConfig-version.cmake
[0.224s] -- Up-to-date symlink: /home/logan/exos_new_ws/install/control_exos/share/control_exos/package.xml
[0.226s] Invoked command in '/home/logan/exos_new_ws/build/control_exos' returned '0': CMAKE_PREFIX_PATH=/opt/ros/humble /usr/bin/cmake --install /home/logan/exos_new_ws/build/control_exos
