[0mCMake Error: The current CMakeCache.txt directory /home/logan/exoskeleton_irobotlab/build/control_exos/CMakeCache.txt is different than the directory /home/logan/exos_new_ws/build/control_exos where CMakeCache.txt was created. This may result in binaries being created in the wrong place. If you are not sure, reedit the CMakeCache.txt[0m
-- Install configuration: ""
-- Up-to-date: /home/logan/exos_new_ws/install/control_exos/lib/control_exos/hi.py
-- Up-to-date: /home/logan/exos_new_ws/install/control_exos/lib/control_exos/push_angle.py
-- Up-to-date: /home/logan/exos_new_ws/install/control_exos/lib/control_exos/node_control_true.py
-- Up-to-date: /home/logan/exos_new_ws/install/control_exos/lib/control_exos/contact_mc.py
-- Up-to-date: /home/logan/exos_new_ws/install/control_exos/lib/control_exos/serial_monitor.py
-- Up-to-date: /home/logan/exos_new_ws/install/control_exos/lib/control_exos/check_contact.py
-- Up-to-date: /home/logan/exos_new_ws/install/control_exos/lib/control_exos/check_data_ros.py
-- Up-to-date: /home/logan/exos_new_ws/install/control_exos/share/ament_index/resource_index/package_run_dependencies/control_exos
-- Up-to-date: /home/logan/exos_new_ws/install/control_exos/share/ament_index/resource_index/parent_prefix_path/control_exos
-- Up-to-date: /home/logan/exos_new_ws/install/control_exos/share/control_exos/environment/ament_prefix_path.sh
-- Up-to-date: /home/logan/exos_new_ws/install/control_exos/share/control_exos/environment/ament_prefix_path.dsv
-- Up-to-date: /home/logan/exos_new_ws/install/control_exos/share/control_exos/environment/path.sh
-- Up-to-date: /home/logan/exos_new_ws/install/control_exos/share/control_exos/environment/path.dsv
-- Up-to-date: /home/logan/exos_new_ws/install/control_exos/share/control_exos/local_setup.bash
-- Up-to-date: /home/logan/exos_new_ws/install/control_exos/share/control_exos/local_setup.sh
-- Up-to-date: /home/logan/exos_new_ws/install/control_exos/share/control_exos/local_setup.zsh
-- Up-to-date: /home/logan/exos_new_ws/install/control_exos/share/control_exos/local_setup.dsv
-- Installing: /home/logan/exos_new_ws/install/control_exos/share/control_exos/package.dsv
-- Up-to-date: /home/logan/exos_new_ws/install/control_exos/share/ament_index/resource_index/packages/control_exos
-- Up-to-date: /home/logan/exos_new_ws/install/control_exos/share/control_exos/cmake/control_exosConfig.cmake
-- Up-to-date: /home/logan/exos_new_ws/install/control_exos/share/control_exos/cmake/control_exosConfig-version.cmake
-- Up-to-date: /home/logan/exos_new_ws/install/control_exos/share/control_exos/package.xml
