[0.013s] Invoking command in '/home/logan/exoskeleton_irobotlab/build/control_exos': /usr/bin/cmake --build /home/logan/exoskeleton_irobotlab/build/control_exos -- -j12 -l12
[0.034s] [0mCMake Error: The current CMakeCache.txt directory /home/logan/exoskeleton_irobotlab/build/control_exos/CMakeCache.txt is different than the directory /home/logan/exos_new_ws/build/control_exos where CMakeCache.txt was created. This may result in binaries being created in the wrong place. If you are not sure, reedit the CMakeCache.txt[0m
[0.114s] Invoked command in '/home/logan/exoskeleton_irobotlab/build/control_exos' returned '0': /usr/bin/cmake --build /home/logan/exoskeleton_irobotlab/build/control_exos -- -j12 -l12
[0.161s] Invoking command in '/home/logan/exoskeleton_irobotlab/build/control_exos': /usr/bin/cmake --install /home/logan/exoskeleton_irobotlab/build/control_exos
[0.177s] -- Install configuration: ""
[0.178s] -- Up-to-date: /home/logan/exos_new_ws/install/control_exos/lib/control_exos/hi.py
[0.179s] -- Up-to-date: /home/logan/exos_new_ws/install/control_exos/lib/control_exos/push_angle.py
[0.179s] -- Up-to-date: /home/logan/exos_new_ws/install/control_exos/lib/control_exos/node_control_true.py
[0.179s] -- Up-to-date: /home/logan/exos_new_ws/install/control_exos/lib/control_exos/contact_mc.py
[0.179s] -- Up-to-date: /home/logan/exos_new_ws/install/control_exos/lib/control_exos/serial_monitor.py
[0.179s] -- Up-to-date: /home/logan/exos_new_ws/install/control_exos/lib/control_exos/check_contact.py
[0.179s] -- Up-to-date: /home/logan/exos_new_ws/install/control_exos/lib/control_exos/check_data_ros.py
[0.180s] -- Up-to-date: /home/logan/exos_new_ws/install/control_exos/share/ament_index/resource_index/package_run_dependencies/control_exos
[0.180s] -- Up-to-date: /home/logan/exos_new_ws/install/control_exos/share/ament_index/resource_index/parent_prefix_path/control_exos
[0.180s] -- Up-to-date: /home/logan/exos_new_ws/install/control_exos/share/control_exos/environment/ament_prefix_path.sh
[0.181s] -- Up-to-date: /home/logan/exos_new_ws/install/control_exos/share/control_exos/environment/ament_prefix_path.dsv
[0.181s] -- Up-to-date: /home/logan/exos_new_ws/install/control_exos/share/control_exos/environment/path.sh
[0.181s] -- Up-to-date: /home/logan/exos_new_ws/install/control_exos/share/control_exos/environment/path.dsv
[0.181s] -- Up-to-date: /home/logan/exos_new_ws/install/control_exos/share/control_exos/local_setup.bash
[0.181s] -- Up-to-date: /home/logan/exos_new_ws/install/control_exos/share/control_exos/local_setup.sh
[0.181s] -- Up-to-date: /home/logan/exos_new_ws/install/control_exos/share/control_exos/local_setup.zsh
[0.181s] -- Up-to-date: /home/logan/exos_new_ws/install/control_exos/share/control_exos/local_setup.dsv
[0.181s] -- Installing: /home/logan/exos_new_ws/install/control_exos/share/control_exos/package.dsv
[0.181s] -- Up-to-date: /home/logan/exos_new_ws/install/control_exos/share/ament_index/resource_index/packages/control_exos
[0.181s] -- Up-to-date: /home/logan/exos_new_ws/install/control_exos/share/control_exos/cmake/control_exosConfig.cmake
[0.181s] -- Up-to-date: /home/logan/exos_new_ws/install/control_exos/share/control_exos/cmake/control_exosConfig-version.cmake
[0.181s] -- Up-to-date: /home/logan/exos_new_ws/install/control_exos/share/control_exos/package.xml
[0.201s] Invoked command in '/home/logan/exoskeleton_irobotlab/build/control_exos' returned '0': /usr/bin/cmake --install /home/logan/exoskeleton_irobotlab/build/control_exos
