-- Install configuration: ""
-- Up-to-date: /home/logan/exos_new_ws/install/tongquan_sldasm/share/tongquan_sldasm/config
-- Up-to-date: /home/logan/exos_new_ws/install/tongquan_sldasm/share/tongquan_sldasm/config/joint_names_tongquan.SLDASM.yaml
-- Up-to-date: /home/logan/exos_new_ws/install/tongquan_sldasm/share/tongquan_sldasm/config/joint_trajectory_controller.yaml
-- Up-to-date: /home/logan/exos_new_ws/install/tongquan_sldasm/share/tongquan_sldasm/launch
-- Up-to-date: /home/logan/exos_new_ws/install/tongquan_sldasm/share/tongquan_sldasm/launch/display.launch.py
-- Up-to-date: /home/logan/exos_new_ws/install/tongquan_sldasm/share/tongquan_sldasm/launch/gazebo.launch.py
-- Up-to-date: /home/logan/exos_new_ws/install/tongquan_sldasm/share/tongquan_sldasm/launch/demo_gazebo.launch.py
-- Up-to-date: /home/logan/exos_new_ws/install/tongquan_sldasm/share/tongquan_sldasm/meshes
-- Up-to-date: /home/logan/exos_new_ws/install/tongquan_sldasm/share/tongquan_sldasm/meshes/dau_goi_phai_link.STL
-- Up-to-date: /home/logan/exos_new_ws/install/tongquan_sldasm/share/tongquan_sldasm/meshes/chan_trai_link.STL
-- Up-to-date: /home/logan/exos_new_ws/install/tongquan_sldasm/share/tongquan_sldasm/meshes/dau_goi_trai_link.STL
-- Up-to-date: /home/logan/exos_new_ws/install/tongquan_sldasm/share/tongquan_sldasm/meshes/chan_phai_link.STL
-- Up-to-date: /home/logan/exos_new_ws/install/tongquan_sldasm/share/tongquan_sldasm/meshes/base_link.STL
-- Up-to-date: /home/logan/exos_new_ws/install/tongquan_sldasm/share/tongquan_sldasm/urdf
-- Up-to-date: /home/logan/exos_new_ws/install/tongquan_sldasm/share/tongquan_sldasm/urdf/tongquan_sldasm.urdf
-- Up-to-date: /home/logan/exos_new_ws/install/tongquan_sldasm/share/tongquan_sldasm/urdf/tongquan_sldasm.csv
-- Up-to-date: /home/logan/exos_new_ws/install/tongquan_sldasm/share/ament_index/resource_index/package_run_dependencies/tongquan_sldasm
-- Up-to-date: /home/logan/exos_new_ws/install/tongquan_sldasm/share/ament_index/resource_index/parent_prefix_path/tongquan_sldasm
-- Up-to-date: /home/logan/exos_new_ws/install/tongquan_sldasm/share/tongquan_sldasm/environment/ament_prefix_path.sh
-- Up-to-date: /home/logan/exos_new_ws/install/tongquan_sldasm/share/tongquan_sldasm/environment/ament_prefix_path.dsv
-- Up-to-date: /home/logan/exos_new_ws/install/tongquan_sldasm/share/tongquan_sldasm/environment/path.sh
-- Up-to-date: /home/logan/exos_new_ws/install/tongquan_sldasm/share/tongquan_sldasm/environment/path.dsv
-- Up-to-date: /home/logan/exos_new_ws/install/tongquan_sldasm/share/tongquan_sldasm/local_setup.bash
-- Up-to-date: /home/logan/exos_new_ws/install/tongquan_sldasm/share/tongquan_sldasm/local_setup.sh
-- Up-to-date: /home/logan/exos_new_ws/install/tongquan_sldasm/share/tongquan_sldasm/local_setup.zsh
-- Up-to-date: /home/logan/exos_new_ws/install/tongquan_sldasm/share/tongquan_sldasm/local_setup.dsv
-- Installing: /home/logan/exos_new_ws/install/tongquan_sldasm/share/tongquan_sldasm/package.dsv
-- Up-to-date: /home/logan/exos_new_ws/install/tongquan_sldasm/share/ament_index/resource_index/packages/tongquan_sldasm
-- Up-to-date: /home/logan/exos_new_ws/install/tongquan_sldasm/share/tongquan_sldasm/cmake/tongquan_sldasmConfig.cmake
-- Up-to-date: /home/logan/exos_new_ws/install/tongquan_sldasm/share/tongquan_sldasm/cmake/tongquan_sldasmConfig-version.cmake
-- Up-to-date: /home/logan/exos_new_ws/install/tongquan_sldasm/share/tongquan_sldasm/package.xml
