[0.009s] Invoking command in '/home/logan/exos_new_ws/build/moveit': AMENT_PREFIX_PATH=/home/logan/exos_new_ws/install/tongquan_sldasm:${AMENT_PREFIX_PATH} CMAKE_PREFIX_PATH=/home/logan/exos_new_ws/install/tongquan_sldasm${CMAKE_PREFIX_PATH} /usr/bin/cmake /home/logan/exos_new_ws/src/moveit -DCMAKE_INSTALL_PREFIX=/home/logan/exos_new_ws/install/moveit
[0.023s] -- Found ament_cmake: 1.3.10 (/opt/ros/humble/share/ament_cmake/cmake)
[0.183s] -- Found Python3: /usr/bin/python3 (found version "3.10.12") found components: Interpreter 
[0.305s] -- Configuring done
[0.307s] -- Generating done
[0.308s] -- Build files have been written to: /home/logan/exos_new_ws/build/moveit
[0.310s] Invoked command in '/home/logan/exos_new_ws/build/moveit' returned '0': AMENT_PREFIX_PATH=/home/logan/exos_new_ws/install/tongquan_sldasm:${AMENT_PREFIX_PATH} CMAKE_PREFIX_PATH=/home/logan/exos_new_ws/install/tongquan_sldasm${CMAKE_PREFIX_PATH} /usr/bin/cmake /home/logan/exos_new_ws/src/moveit -DCMAKE_INSTALL_PREFIX=/home/logan/exos_new_ws/install/moveit
[0.311s] Invoking command in '/home/logan/exos_new_ws/build/moveit': AMENT_PREFIX_PATH=/home/logan/exos_new_ws/install/tongquan_sldasm:${AMENT_PREFIX_PATH} CMAKE_PREFIX_PATH=/home/logan/exos_new_ws/install/tongquan_sldasm${CMAKE_PREFIX_PATH} /usr/bin/cmake --build /home/logan/exos_new_ws/build/moveit -- -j12 -l12
[0.347s] Invoked command in '/home/logan/exos_new_ws/build/moveit' returned '0': AMENT_PREFIX_PATH=/home/logan/exos_new_ws/install/tongquan_sldasm:${AMENT_PREFIX_PATH} CMAKE_PREFIX_PATH=/home/logan/exos_new_ws/install/tongquan_sldasm${CMAKE_PREFIX_PATH} /usr/bin/cmake --build /home/logan/exos_new_ws/build/moveit -- -j12 -l12
[0.369s] Invoking command in '/home/logan/exos_new_ws/build/moveit': AMENT_PREFIX_PATH=/home/logan/exos_new_ws/install/tongquan_sldasm:${AMENT_PREFIX_PATH} CMAKE_PREFIX_PATH=/home/logan/exos_new_ws/install/tongquan_sldasm${CMAKE_PREFIX_PATH} /usr/bin/cmake --install /home/logan/exos_new_ws/build/moveit
[0.375s] -- Install configuration: ""
[0.375s] -- Installing: /home/logan/exos_new_ws/install/moveit/share/ament_index/resource_index/package_run_dependencies/moveit
[0.376s] -- Installing: /home/logan/exos_new_ws/install/moveit/share/ament_index/resource_index/parent_prefix_path/moveit
[0.376s] -- Installing: /home/logan/exos_new_ws/install/moveit/share/moveit/environment/ament_prefix_path.sh
[0.376s] -- Installing: /home/logan/exos_new_ws/install/moveit/share/moveit/environment/ament_prefix_path.dsv
[0.376s] -- Installing: /home/logan/exos_new_ws/install/moveit/share/moveit/environment/path.sh
[0.376s] -- Installing: /home/logan/exos_new_ws/install/moveit/share/moveit/environment/path.dsv
[0.376s] -- Installing: /home/logan/exos_new_ws/install/moveit/share/moveit/local_setup.bash
[0.376s] -- Installing: /home/logan/exos_new_ws/install/moveit/share/moveit/local_setup.sh
[0.376s] -- Installing: /home/logan/exos_new_ws/install/moveit/share/moveit/local_setup.zsh
[0.377s] -- Installing: /home/logan/exos_new_ws/install/moveit/share/moveit/local_setup.dsv
[0.377s] -- Installing: /home/logan/exos_new_ws/install/moveit/share/moveit/package.dsv
[0.377s] -- Installing: /home/logan/exos_new_ws/install/moveit/share/ament_index/resource_index/packages/moveit
[0.377s] -- Installing: /home/logan/exos_new_ws/install/moveit/share/moveit/cmake/moveitConfig.cmake
[0.377s] -- Installing: /home/logan/exos_new_ws/install/moveit/share/moveit/cmake/moveitConfig-version.cmake
[0.377s] -- Installing: /home/logan/exos_new_ws/install/moveit/share/moveit/package.xml
[0.377s] -- Installing: /home/logan/exos_new_ws/install/moveit/share/moveit/launch
[0.377s] -- Installing: /home/logan/exos_new_ws/install/moveit/share/moveit/launch/move_group.launch.py
[0.377s] -- Installing: /home/logan/exos_new_ws/install/moveit/share/moveit/launch/demo.launch.py
[0.377s] -- Installing: /home/logan/exos_new_ws/install/moveit/share/moveit/launch/warehouse_db.launch.py
[0.378s] -- Installing: /home/logan/exos_new_ws/install/moveit/share/moveit/launch/static_virtual_joint_tfs.launch.py
[0.378s] -- Installing: /home/logan/exos_new_ws/install/moveit/share/moveit/launch/setup_assistant.launch.py
[0.378s] -- Installing: /home/logan/exos_new_ws/install/moveit/share/moveit/launch/moveit_rviz.launch.py
[0.378s] -- Installing: /home/logan/exos_new_ws/install/moveit/share/moveit/launch/spawn_controllers.launch.py
[0.378s] -- Installing: /home/logan/exos_new_ws/install/moveit/share/moveit/launch/rsp.launch.py
[0.378s] -- Installing: /home/logan/exos_new_ws/install/moveit/share/moveit/config
[0.378s] -- Installing: /home/logan/exos_new_ws/install/moveit/share/moveit/config/moveit_controllers.yaml
[0.378s] -- Installing: /home/logan/exos_new_ws/install/moveit/share/moveit/config/tongquan_sldasm.urdf.xacro
[0.378s] -- Installing: /home/logan/exos_new_ws/install/moveit/share/moveit/config/moveit.rviz
[0.378s] -- Installing: /home/logan/exos_new_ws/install/moveit/share/moveit/config/tongquan_sldasm.ros2_control.xacro
[0.378s] -- Installing: /home/logan/exos_new_ws/install/moveit/share/moveit/config/kinematics.yaml
[0.379s] -- Installing: /home/logan/exos_new_ws/install/moveit/share/moveit/config/tongquan_sldasm.srdf
[0.379s] -- Installing: /home/logan/exos_new_ws/install/moveit/share/moveit/config/joint_limits.yaml
[0.379s] -- Installing: /home/logan/exos_new_ws/install/moveit/share/moveit/config/pilz_cartesian_limits.yaml
[0.379s] -- Installing: /home/logan/exos_new_ws/install/moveit/share/moveit/config/initial_positions.yaml
[0.379s] -- Installing: /home/logan/exos_new_ws/install/moveit/share/moveit/config/ros2_controllers.yaml
[0.379s] -- Installing: /home/logan/exos_new_ws/install/moveit/share/moveit/.setup_assistant
[0.381s] Invoked command in '/home/logan/exos_new_ws/build/moveit' returned '0': AMENT_PREFIX_PATH=/home/logan/exos_new_ws/install/tongquan_sldasm:${AMENT_PREFIX_PATH} CMAKE_PREFIX_PATH=/home/logan/exos_new_ws/install/tongquan_sldasm${CMAKE_PREFIX_PATH} /usr/bin/cmake --install /home/logan/exos_new_ws/build/moveit
