[0.258s] DEBUG:colcon:Command line arguments: ['/usr/bin/colcon', 'build']
[0.258s] DEBUG:colcon:Parsed command line arguments: Namespace(log_base=None, log_level=None, verb_name='build', build_base='build', install_base='install', merge_install=False, symlink_install=False, test_result_base=None, continue_on_error=False, executor='parallel', parallel_workers=12, event_handlers=None, ignore_user_meta=False, metas=['./colcon.meta'], base_paths=['.'], packages_ignore=None, packages_ignore_regex=None, paths=None, packages_up_to=None, packages_up_to_regex=None, packages_above=None, packages_above_and_dependencies=None, packages_above_depth=None, packages_select_by_dep=None, packages_skip_by_dep=None, packages_skip_up_to=None, packages_select_build_failed=False, packages_skip_build_finished=False, packages_select_test_failures=False, packages_skip_test_passed=False, packages_select=None, packages_skip=None, packages_select_regex=None, packages_skip_regex=None, packages_start=None, packages_end=None, allow_overriding=[], cmake_args=None, cmake_target=None, cmake_target_skip_unavailable=False, cmake_clean_cache=False, cmake_clean_first=False, cmake_force_configure=False, ament_cmake_args=None, catkin_cmake_args=None, catkin_skip_building_tests=False, mixin_files=None, mixin=None, verb_parser=<colcon_mixin.mixin.mixin_argument.MixinArgumentDecorator object at 0x7d82e9b02e60>, verb_extension=<colcon_core.verb.build.BuildVerb object at 0x7d82e9b023e0>, main=<bound method BuildVerb.main of <colcon_core.verb.build.BuildVerb object at 0x7d82e9b023e0>>, mixin_verb=('build',))
[0.623s] Level 1:colcon.colcon_core.package_discovery:discover_packages(colcon_meta) check parameters
[0.623s] Level 1:colcon.colcon_core.package_discovery:discover_packages(recursive) check parameters
[0.623s] Level 1:colcon.colcon_core.package_discovery:discover_packages(ignore) check parameters
[0.623s] Level 1:colcon.colcon_core.package_discovery:discover_packages(path) check parameters
[0.623s] Level 1:colcon.colcon_core.package_discovery:discover_packages(colcon_meta) discover
[0.624s] Level 1:colcon.colcon_core.package_discovery:discover_packages(recursive) discover
[0.624s] INFO:colcon.colcon_core.package_discovery:Crawling recursively for packages in '/home/logan/exos_new_ws'
[0.624s] Level 1:colcon.colcon_core.package_identification:_identify(.) by extensions ['ignore', 'ignore_ament_install']
[0.624s] Level 1:colcon.colcon_core.package_identification:_identify(.) by extension 'ignore'
[0.624s] Level 1:colcon.colcon_core.package_identification:_identify(.) by extension 'ignore_ament_install'
[0.624s] Level 1:colcon.colcon_core.package_identification:_identify(.) by extensions ['colcon_pkg']
[0.624s] Level 1:colcon.colcon_core.package_identification:_identify(.) by extension 'colcon_pkg'
[0.624s] Level 1:colcon.colcon_core.package_identification:_identify(.) by extensions ['colcon_meta']
[0.625s] Level 1:colcon.colcon_core.package_identification:_identify(.) by extension 'colcon_meta'
[0.625s] Level 1:colcon.colcon_core.package_identification:_identify(.) by extensions ['ros']
[0.625s] Level 1:colcon.colcon_core.package_identification:_identify(.) by extension 'ros'
[0.647s] Level 1:colcon.colcon_core.package_identification:_identify(.) by extensions ['cmake', 'python']
[0.647s] Level 1:colcon.colcon_core.package_identification:_identify(.) by extension 'cmake'
[0.647s] Level 1:colcon.colcon_core.package_identification:_identify(.) by extension 'python'
[0.647s] Level 1:colcon.colcon_core.package_identification:_identify(.) by extensions ['python_setup_py']
[0.647s] Level 1:colcon.colcon_core.package_identification:_identify(.) by extension 'python_setup_py'
[0.647s] Level 1:colcon.colcon_core.package_identification:_identify(build) by extensions ['ignore', 'ignore_ament_install']
[0.648s] Level 1:colcon.colcon_core.package_identification:_identify(build) by extension 'ignore'
[0.648s] Level 1:colcon.colcon_core.package_identification:_identify(build) ignored
[0.648s] Level 1:colcon.colcon_core.package_identification:_identify(install) by extensions ['ignore', 'ignore_ament_install']
[0.648s] Level 1:colcon.colcon_core.package_identification:_identify(install) by extension 'ignore'
[0.648s] Level 1:colcon.colcon_core.package_identification:_identify(install) ignored
[0.650s] Level 1:colcon.colcon_core.package_identification:_identify(log) by extensions ['ignore', 'ignore_ament_install']
[0.650s] Level 1:colcon.colcon_core.package_identification:_identify(log) by extension 'ignore'
[0.650s] Level 1:colcon.colcon_core.package_identification:_identify(log) ignored
[0.650s] Level 1:colcon.colcon_core.package_identification:_identify(src) by extensions ['ignore', 'ignore_ament_install']
[0.650s] Level 1:colcon.colcon_core.package_identification:_identify(src) by extension 'ignore'
[0.650s] Level 1:colcon.colcon_core.package_identification:_identify(src) by extension 'ignore_ament_install'
[0.650s] Level 1:colcon.colcon_core.package_identification:_identify(src) by extensions ['colcon_pkg']
[0.651s] Level 1:colcon.colcon_core.package_identification:_identify(src) by extension 'colcon_pkg'
[0.651s] Level 1:colcon.colcon_core.package_identification:_identify(src) by extensions ['colcon_meta']
[0.651s] Level 1:colcon.colcon_core.package_identification:_identify(src) by extension 'colcon_meta'
[0.651s] Level 1:colcon.colcon_core.package_identification:_identify(src) by extensions ['ros']
[0.651s] Level 1:colcon.colcon_core.package_identification:_identify(src) by extension 'ros'
[0.651s] Level 1:colcon.colcon_core.package_identification:_identify(src) by extensions ['cmake', 'python']
[0.651s] Level 1:colcon.colcon_core.package_identification:_identify(src) by extension 'cmake'
[0.651s] Level 1:colcon.colcon_core.package_identification:_identify(src) by extension 'python'
[0.651s] Level 1:colcon.colcon_core.package_identification:_identify(src) by extensions ['python_setup_py']
[0.651s] Level 1:colcon.colcon_core.package_identification:_identify(src) by extension 'python_setup_py'
[0.652s] Level 1:colcon.colcon_core.package_identification:_identify(src/chan) by extensions ['ignore', 'ignore_ament_install']
[0.652s] Level 1:colcon.colcon_core.package_identification:_identify(src/chan) by extension 'ignore'
[0.652s] Level 1:colcon.colcon_core.package_identification:_identify(src/chan) by extension 'ignore_ament_install'
[0.652s] Level 1:colcon.colcon_core.package_identification:_identify(src/chan) by extensions ['colcon_pkg']
[0.652s] Level 1:colcon.colcon_core.package_identification:_identify(src/chan) by extension 'colcon_pkg'
[0.652s] Level 1:colcon.colcon_core.package_identification:_identify(src/chan) by extensions ['colcon_meta']
[0.652s] Level 1:colcon.colcon_core.package_identification:_identify(src/chan) by extension 'colcon_meta'
[0.652s] Level 1:colcon.colcon_core.package_identification:_identify(src/chan) by extensions ['ros']
[0.652s] Level 1:colcon.colcon_core.package_identification:_identify(src/chan) by extension 'ros'
[0.658s] DEBUG:colcon.colcon_core.package_identification:Package 'src/chan' with type 'ros.ament_cmake' and name 'chan'
[0.658s] Level 1:colcon.colcon_core.package_identification:_identify(src/control_exos) by extensions ['ignore', 'ignore_ament_install']
[0.658s] Level 1:colcon.colcon_core.package_identification:_identify(src/control_exos) by extension 'ignore'
[0.658s] Level 1:colcon.colcon_core.package_identification:_identify(src/control_exos) by extension 'ignore_ament_install'
[0.658s] Level 1:colcon.colcon_core.package_identification:_identify(src/control_exos) by extensions ['colcon_pkg']
[0.659s] Level 1:colcon.colcon_core.package_identification:_identify(src/control_exos) by extension 'colcon_pkg'
[0.659s] Level 1:colcon.colcon_core.package_identification:_identify(src/control_exos) by extensions ['colcon_meta']
[0.659s] Level 1:colcon.colcon_core.package_identification:_identify(src/control_exos) by extension 'colcon_meta'
[0.659s] Level 1:colcon.colcon_core.package_identification:_identify(src/control_exos) by extensions ['ros']
[0.659s] Level 1:colcon.colcon_core.package_identification:_identify(src/control_exos) by extension 'ros'
[0.660s] DEBUG:colcon.colcon_core.package_identification:Package 'src/control_exos' with type 'ros.ament_cmake' and name 'control_exos'
[0.660s] Level 1:colcon.colcon_core.package_identification:_identify(src/moveit) by extensions ['ignore', 'ignore_ament_install']
[0.660s] Level 1:colcon.colcon_core.package_identification:_identify(src/moveit) by extension 'ignore'
[0.661s] Level 1:colcon.colcon_core.package_identification:_identify(src/moveit) by extension 'ignore_ament_install'
[0.661s] Level 1:colcon.colcon_core.package_identification:_identify(src/moveit) by extensions ['colcon_pkg']
[0.661s] Level 1:colcon.colcon_core.package_identification:_identify(src/moveit) by extension 'colcon_pkg'
[0.661s] Level 1:colcon.colcon_core.package_identification:_identify(src/moveit) by extensions ['colcon_meta']
[0.661s] Level 1:colcon.colcon_core.package_identification:_identify(src/moveit) by extension 'colcon_meta'
[0.661s] Level 1:colcon.colcon_core.package_identification:_identify(src/moveit) by extensions ['ros']
[0.661s] Level 1:colcon.colcon_core.package_identification:_identify(src/moveit) by extension 'ros'
[0.664s] DEBUG:colcon.colcon_core.package_identification:Package 'src/moveit' with type 'ros.ament_cmake' and name 'moveit'
[0.665s] Level 1:colcon.colcon_core.package_identification:_identify(src/moveit_2) by extensions ['ignore', 'ignore_ament_install']
[0.665s] Level 1:colcon.colcon_core.package_identification:_identify(src/moveit_2) by extension 'ignore'
[0.665s] Level 1:colcon.colcon_core.package_identification:_identify(src/moveit_2) by extension 'ignore_ament_install'
[0.665s] Level 1:colcon.colcon_core.package_identification:_identify(src/moveit_2) by extensions ['colcon_pkg']
[0.665s] Level 1:colcon.colcon_core.package_identification:_identify(src/moveit_2) by extension 'colcon_pkg'
[0.665s] Level 1:colcon.colcon_core.package_identification:_identify(src/moveit_2) by extensions ['colcon_meta']
[0.665s] Level 1:colcon.colcon_core.package_identification:_identify(src/moveit_2) by extension 'colcon_meta'
[0.665s] Level 1:colcon.colcon_core.package_identification:_identify(src/moveit_2) by extensions ['ros']
[0.665s] Level 1:colcon.colcon_core.package_identification:_identify(src/moveit_2) by extension 'ros'
[0.667s] DEBUG:colcon.colcon_core.package_identification:Package 'src/moveit_2' with type 'ros.ament_cmake' and name 'moveit_2'
[0.667s] Level 1:colcon.colcon_core.package_identification:_identify(src/moveit_true) by extensions ['ignore', 'ignore_ament_install']
[0.668s] Level 1:colcon.colcon_core.package_identification:_identify(src/moveit_true) by extension 'ignore'
[0.668s] Level 1:colcon.colcon_core.package_identification:_identify(src/moveit_true) by extension 'ignore_ament_install'
[0.668s] Level 1:colcon.colcon_core.package_identification:_identify(src/moveit_true) by extensions ['colcon_pkg']
[0.668s] Level 1:colcon.colcon_core.package_identification:_identify(src/moveit_true) by extension 'colcon_pkg'
[0.668s] Level 1:colcon.colcon_core.package_identification:_identify(src/moveit_true) by extensions ['colcon_meta']
[0.668s] Level 1:colcon.colcon_core.package_identification:_identify(src/moveit_true) by extension 'colcon_meta'
[0.668s] Level 1:colcon.colcon_core.package_identification:_identify(src/moveit_true) by extensions ['ros']
[0.668s] Level 1:colcon.colcon_core.package_identification:_identify(src/moveit_true) by extension 'ros'
[0.670s] DEBUG:colcon.colcon_core.package_identification:Package 'src/moveit_true' with type 'ros.ament_cmake' and name 'moveit_true'
[0.670s] Level 1:colcon.colcon_core.package_identification:_identify(src/tongquan_sldasm) by extensions ['ignore', 'ignore_ament_install']
[0.670s] Level 1:colcon.colcon_core.package_identification:_identify(src/tongquan_sldasm) by extension 'ignore'
[0.670s] Level 1:colcon.colcon_core.package_identification:_identify(src/tongquan_sldasm) by extension 'ignore_ament_install'
[0.670s] Level 1:colcon.colcon_core.package_identification:_identify(src/tongquan_sldasm) by extensions ['colcon_pkg']
[0.671s] Level 1:colcon.colcon_core.package_identification:_identify(src/tongquan_sldasm) by extension 'colcon_pkg'
[0.671s] Level 1:colcon.colcon_core.package_identification:_identify(src/tongquan_sldasm) by extensions ['colcon_meta']
[0.671s] Level 1:colcon.colcon_core.package_identification:_identify(src/tongquan_sldasm) by extension 'colcon_meta'
[0.671s] Level 1:colcon.colcon_core.package_identification:_identify(src/tongquan_sldasm) by extensions ['ros']
[0.671s] Level 1:colcon.colcon_core.package_identification:_identify(src/tongquan_sldasm) by extension 'ros'
[0.673s] DEBUG:colcon.colcon_core.package_identification:Package 'src/tongquan_sldasm' with type 'ros.ament_cmake' and name 'tongquan_sldasm'
[0.673s] Level 1:colcon.colcon_core.package_discovery:discover_packages(recursive) using defaults
[0.673s] Level 1:colcon.colcon_core.package_discovery:discover_packages(ignore) discover
[0.673s] Level 1:colcon.colcon_core.package_discovery:discover_packages(ignore) using defaults
[0.673s] Level 1:colcon.colcon_core.package_discovery:discover_packages(path) discover
[0.673s] Level 1:colcon.colcon_core.package_discovery:discover_packages(path) using defaults
[0.716s] Level 1:colcon.colcon_core.package_discovery:discover_packages(prefix_path) check parameters
[0.716s] Level 1:colcon.colcon_core.package_discovery:discover_packages(prefix_path) discover
[0.723s] DEBUG:colcon.colcon_installed_package_information.package_discovery:Found 365 installed packages in /opt/ros/humble
[0.726s] Level 1:colcon.colcon_core.package_discovery:discover_packages(prefix_path) using defaults
[0.842s] Level 5:colcon.colcon_core.verb:set package 'control_exos' build argument 'cmake_args' from command line to 'None'
[0.843s] Level 5:colcon.colcon_core.verb:set package 'control_exos' build argument 'cmake_target' from command line to 'None'
[0.843s] Level 5:colcon.colcon_core.verb:set package 'control_exos' build argument 'cmake_target_skip_unavailable' from command line to 'False'
[0.843s] Level 5:colcon.colcon_core.verb:set package 'control_exos' build argument 'cmake_clean_cache' from command line to 'False'
[0.843s] Level 5:colcon.colcon_core.verb:set package 'control_exos' build argument 'cmake_clean_first' from command line to 'False'
[0.843s] Level 5:colcon.colcon_core.verb:set package 'control_exos' build argument 'cmake_force_configure' from command line to 'False'
[0.843s] Level 5:colcon.colcon_core.verb:set package 'control_exos' build argument 'ament_cmake_args' from command line to 'None'
[0.843s] Level 5:colcon.colcon_core.verb:set package 'control_exos' build argument 'catkin_cmake_args' from command line to 'None'
[0.843s] Level 5:colcon.colcon_core.verb:set package 'control_exos' build argument 'catkin_skip_building_tests' from command line to 'False'
[0.843s] DEBUG:colcon.colcon_core.verb:Building package 'control_exos' with the following arguments: {'ament_cmake_args': None, 'build_base': '/home/logan/exos_new_ws/build/control_exos', 'catkin_cmake_args': None, 'catkin_skip_building_tests': False, 'cmake_args': None, 'cmake_clean_cache': False, 'cmake_clean_first': False, 'cmake_force_configure': False, 'cmake_target': None, 'cmake_target_skip_unavailable': False, 'install_base': '/home/logan/exos_new_ws/install/control_exos', 'merge_install': False, 'path': '/home/logan/exos_new_ws/src/control_exos', 'symlink_install': False, 'test_result_base': None}
[0.844s] Level 5:colcon.colcon_core.verb:set package 'tongquan_sldasm' build argument 'cmake_args' from command line to 'None'
[0.844s] Level 5:colcon.colcon_core.verb:set package 'tongquan_sldasm' build argument 'cmake_target' from command line to 'None'
[0.844s] Level 5:colcon.colcon_core.verb:set package 'tongquan_sldasm' build argument 'cmake_target_skip_unavailable' from command line to 'False'
[0.844s] Level 5:colcon.colcon_core.verb:set package 'tongquan_sldasm' build argument 'cmake_clean_cache' from command line to 'False'
[0.844s] Level 5:colcon.colcon_core.verb:set package 'tongquan_sldasm' build argument 'cmake_clean_first' from command line to 'False'
[0.844s] Level 5:colcon.colcon_core.verb:set package 'tongquan_sldasm' build argument 'cmake_force_configure' from command line to 'False'
[0.844s] Level 5:colcon.colcon_core.verb:set package 'tongquan_sldasm' build argument 'ament_cmake_args' from command line to 'None'
[0.844s] Level 5:colcon.colcon_core.verb:set package 'tongquan_sldasm' build argument 'catkin_cmake_args' from command line to 'None'
[0.844s] Level 5:colcon.colcon_core.verb:set package 'tongquan_sldasm' build argument 'catkin_skip_building_tests' from command line to 'False'
[0.844s] DEBUG:colcon.colcon_core.verb:Building package 'tongquan_sldasm' with the following arguments: {'ament_cmake_args': None, 'build_base': '/home/logan/exos_new_ws/build/tongquan_sldasm', 'catkin_cmake_args': None, 'catkin_skip_building_tests': False, 'cmake_args': None, 'cmake_clean_cache': False, 'cmake_clean_first': False, 'cmake_force_configure': False, 'cmake_target': None, 'cmake_target_skip_unavailable': False, 'install_base': '/home/logan/exos_new_ws/install/tongquan_sldasm', 'merge_install': False, 'path': '/home/logan/exos_new_ws/src/tongquan_sldasm', 'symlink_install': False, 'test_result_base': None}
[0.845s] Level 5:colcon.colcon_core.verb:set package 'chan' build argument 'cmake_args' from command line to 'None'
[0.845s] Level 5:colcon.colcon_core.verb:set package 'chan' build argument 'cmake_target' from command line to 'None'
[0.845s] Level 5:colcon.colcon_core.verb:set package 'chan' build argument 'cmake_target_skip_unavailable' from command line to 'False'
[0.845s] Level 5:colcon.colcon_core.verb:set package 'chan' build argument 'cmake_clean_cache' from command line to 'False'
[0.845s] Level 5:colcon.colcon_core.verb:set package 'chan' build argument 'cmake_clean_first' from command line to 'False'
[0.845s] Level 5:colcon.colcon_core.verb:set package 'chan' build argument 'cmake_force_configure' from command line to 'False'
[0.845s] Level 5:colcon.colcon_core.verb:set package 'chan' build argument 'ament_cmake_args' from command line to 'None'
[0.845s] Level 5:colcon.colcon_core.verb:set package 'chan' build argument 'catkin_cmake_args' from command line to 'None'
[0.845s] Level 5:colcon.colcon_core.verb:set package 'chan' build argument 'catkin_skip_building_tests' from command line to 'False'
[0.845s] DEBUG:colcon.colcon_core.verb:Building package 'chan' with the following arguments: {'ament_cmake_args': None, 'build_base': '/home/logan/exos_new_ws/build/chan', 'catkin_cmake_args': None, 'catkin_skip_building_tests': False, 'cmake_args': None, 'cmake_clean_cache': False, 'cmake_clean_first': False, 'cmake_force_configure': False, 'cmake_target': None, 'cmake_target_skip_unavailable': False, 'install_base': '/home/logan/exos_new_ws/install/chan', 'merge_install': False, 'path': '/home/logan/exos_new_ws/src/chan', 'symlink_install': False, 'test_result_base': None}
[0.846s] Level 5:colcon.colcon_core.verb:set package 'moveit' build argument 'cmake_args' from command line to 'None'
[0.846s] Level 5:colcon.colcon_core.verb:set package 'moveit' build argument 'cmake_target' from command line to 'None'
[0.846s] Level 5:colcon.colcon_core.verb:set package 'moveit' build argument 'cmake_target_skip_unavailable' from command line to 'False'
[0.846s] Level 5:colcon.colcon_core.verb:set package 'moveit' build argument 'cmake_clean_cache' from command line to 'False'
[0.846s] Level 5:colcon.colcon_core.verb:set package 'moveit' build argument 'cmake_clean_first' from command line to 'False'
[0.846s] Level 5:colcon.colcon_core.verb:set package 'moveit' build argument 'cmake_force_configure' from command line to 'False'
[0.846s] Level 5:colcon.colcon_core.verb:set package 'moveit' build argument 'ament_cmake_args' from command line to 'None'
[0.846s] Level 5:colcon.colcon_core.verb:set package 'moveit' build argument 'catkin_cmake_args' from command line to 'None'
[0.847s] Level 5:colcon.colcon_core.verb:set package 'moveit' build argument 'catkin_skip_building_tests' from command line to 'False'
[0.847s] DEBUG:colcon.colcon_core.verb:Building package 'moveit' with the following arguments: {'ament_cmake_args': None, 'build_base': '/home/logan/exos_new_ws/build/moveit', 'catkin_cmake_args': None, 'catkin_skip_building_tests': False, 'cmake_args': None, 'cmake_clean_cache': False, 'cmake_clean_first': False, 'cmake_force_configure': False, 'cmake_target': None, 'cmake_target_skip_unavailable': False, 'install_base': '/home/logan/exos_new_ws/install/moveit', 'merge_install': False, 'path': '/home/logan/exos_new_ws/src/moveit', 'symlink_install': False, 'test_result_base': None}
[0.847s] Level 5:colcon.colcon_core.verb:set package 'moveit_2' build argument 'cmake_args' from command line to 'None'
[0.847s] Level 5:colcon.colcon_core.verb:set package 'moveit_2' build argument 'cmake_target' from command line to 'None'
[0.847s] Level 5:colcon.colcon_core.verb:set package 'moveit_2' build argument 'cmake_target_skip_unavailable' from command line to 'False'
[0.847s] Level 5:colcon.colcon_core.verb:set package 'moveit_2' build argument 'cmake_clean_cache' from command line to 'False'
[0.848s] Level 5:colcon.colcon_core.verb:set package 'moveit_2' build argument 'cmake_clean_first' from command line to 'False'
[0.848s] Level 5:colcon.colcon_core.verb:set package 'moveit_2' build argument 'cmake_force_configure' from command line to 'False'
[0.848s] Level 5:colcon.colcon_core.verb:set package 'moveit_2' build argument 'ament_cmake_args' from command line to 'None'
[0.848s] Level 5:colcon.colcon_core.verb:set package 'moveit_2' build argument 'catkin_cmake_args' from command line to 'None'
[0.848s] Level 5:colcon.colcon_core.verb:set package 'moveit_2' build argument 'catkin_skip_building_tests' from command line to 'False'
[0.848s] DEBUG:colcon.colcon_core.verb:Building package 'moveit_2' with the following arguments: {'ament_cmake_args': None, 'build_base': '/home/logan/exos_new_ws/build/moveit_2', 'catkin_cmake_args': None, 'catkin_skip_building_tests': False, 'cmake_args': None, 'cmake_clean_cache': False, 'cmake_clean_first': False, 'cmake_force_configure': False, 'cmake_target': None, 'cmake_target_skip_unavailable': False, 'install_base': '/home/logan/exos_new_ws/install/moveit_2', 'merge_install': False, 'path': '/home/logan/exos_new_ws/src/moveit_2', 'symlink_install': False, 'test_result_base': None}
[0.848s] Level 5:colcon.colcon_core.verb:set package 'moveit_true' build argument 'cmake_args' from command line to 'None'
[0.849s] Level 5:colcon.colcon_core.verb:set package 'moveit_true' build argument 'cmake_target' from command line to 'None'
[0.849s] Level 5:colcon.colcon_core.verb:set package 'moveit_true' build argument 'cmake_target_skip_unavailable' from command line to 'False'
[0.849s] Level 5:colcon.colcon_core.verb:set package 'moveit_true' build argument 'cmake_clean_cache' from command line to 'False'
[0.849s] Level 5:colcon.colcon_core.verb:set package 'moveit_true' build argument 'cmake_clean_first' from command line to 'False'
[0.849s] Level 5:colcon.colcon_core.verb:set package 'moveit_true' build argument 'cmake_force_configure' from command line to 'False'
[0.849s] Level 5:colcon.colcon_core.verb:set package 'moveit_true' build argument 'ament_cmake_args' from command line to 'None'
[0.849s] Level 5:colcon.colcon_core.verb:set package 'moveit_true' build argument 'catkin_cmake_args' from command line to 'None'
[0.849s] Level 5:colcon.colcon_core.verb:set package 'moveit_true' build argument 'catkin_skip_building_tests' from command line to 'False'
[0.849s] DEBUG:colcon.colcon_core.verb:Building package 'moveit_true' with the following arguments: {'ament_cmake_args': None, 'build_base': '/home/logan/exos_new_ws/build/moveit_true', 'catkin_cmake_args': None, 'catkin_skip_building_tests': False, 'cmake_args': None, 'cmake_clean_cache': False, 'cmake_clean_first': False, 'cmake_force_configure': False, 'cmake_target': None, 'cmake_target_skip_unavailable': False, 'install_base': '/home/logan/exos_new_ws/install/moveit_true', 'merge_install': False, 'path': '/home/logan/exos_new_ws/src/moveit_true', 'symlink_install': False, 'test_result_base': None}
[0.849s] INFO:colcon.colcon_core.executor:Executing jobs using 'parallel' executor
[0.851s] DEBUG:colcon.colcon_parallel_executor.executor.parallel:run_until_complete
[0.852s] INFO:colcon.colcon_ros.task.ament_cmake.build:Building ROS package in '/home/logan/exos_new_ws/src/tongquan_sldasm' with build type 'ament_cmake'
[0.852s] INFO:colcon.colcon_cmake.task.cmake.build:Building CMake package in '/home/logan/exos_new_ws/src/tongquan_sldasm'
[0.856s] INFO:colcon.colcon_core.plugin_system:Skipping extension 'colcon_core.shell.bat': Not used on non-Windows systems
[0.857s] INFO:colcon.colcon_core.shell:Skip shell extension 'powershell' for command environment: Not usable outside of PowerShell
[0.857s] DEBUG:colcon.colcon_core.shell:Skip shell extension 'dsv' for command environment
[0.864s] INFO:colcon.colcon_ros.task.ament_cmake.build:Building ROS package in '/home/logan/exos_new_ws/src/control_exos' with build type 'ament_cmake'
[0.864s] INFO:colcon.colcon_cmake.task.cmake.build:Building CMake package in '/home/logan/exos_new_ws/src/control_exos'
[0.864s] INFO:colcon.colcon_core.shell:Skip shell extension 'powershell' for command environment: Not usable outside of PowerShell
[0.864s] DEBUG:colcon.colcon_core.shell:Skip shell extension 'dsv' for command environment
[0.880s] DEBUG:colcon.colcon_core.event_handler.log_command:Invoking command in '/home/logan/exos_new_ws/build/tongquan_sldasm': CMAKE_PREFIX_PATH=/opt/ros/humble /usr/bin/cmake --build /home/logan/exos_new_ws/build/tongquan_sldasm -- -j12 -l12
[0.885s] DEBUG:colcon.colcon_core.event_handler.log_command:Invoking command in '/home/logan/exos_new_ws/build/control_exos': CMAKE_PREFIX_PATH=/opt/ros/humble /usr/bin/cmake --build /home/logan/exos_new_ws/build/control_exos -- -j12 -l12
[0.962s] DEBUG:colcon.colcon_core.event_handler.log_command:Invoked command in '/home/logan/exos_new_ws/build/tongquan_sldasm' returned '0': CMAKE_PREFIX_PATH=/opt/ros/humble /usr/bin/cmake --build /home/logan/exos_new_ws/build/tongquan_sldasm -- -j12 -l12
[0.968s] DEBUG:colcon.colcon_core.event_handler.log_command:Invoked command in '/home/logan/exos_new_ws/build/control_exos' returned '0': CMAKE_PREFIX_PATH=/opt/ros/humble /usr/bin/cmake --build /home/logan/exos_new_ws/build/control_exos -- -j12 -l12
[1.030s] DEBUG:colcon.colcon_core.event_handler.log_command:Invoking command in '/home/logan/exos_new_ws/build/tongquan_sldasm': CMAKE_PREFIX_PATH=/opt/ros/humble /usr/bin/cmake --install /home/logan/exos_new_ws/build/tongquan_sldasm
[1.031s] DEBUG:colcon.colcon_core.event_handler.log_command:Invoking command in '/home/logan/exos_new_ws/build/control_exos': CMAKE_PREFIX_PATH=/opt/ros/humble /usr/bin/cmake --install /home/logan/exos_new_ws/build/control_exos
[1.048s] Level 1:colcon.colcon_core.environment:create_environment_scripts_only(tongquan_sldasm)
[1.050s] DEBUG:colcon.colcon_core.event_handler.log_command:Invoked command in '/home/logan/exos_new_ws/build/tongquan_sldasm' returned '0': CMAKE_PREFIX_PATH=/opt/ros/humble /usr/bin/cmake --install /home/logan/exos_new_ws/build/tongquan_sldasm
[1.053s] Level 1:colcon.colcon_core.environment:checking '/home/logan/exos_new_ws/install/tongquan_sldasm' for CMake module files
[1.053s] Level 1:colcon.colcon_core.environment:checking '/home/logan/exos_new_ws/install/tongquan_sldasm' for CMake config files
[1.054s] Level 1:colcon.colcon_core.shell:create_environment_hook('tongquan_sldasm', 'cmake_prefix_path')
[1.054s] INFO:colcon.colcon_core.shell:Creating environment hook '/home/logan/exos_new_ws/install/tongquan_sldasm/share/tongquan_sldasm/hook/cmake_prefix_path.ps1'
[1.054s] INFO:colcon.colcon_core.shell:Creating environment descriptor '/home/logan/exos_new_ws/install/tongquan_sldasm/share/tongquan_sldasm/hook/cmake_prefix_path.dsv'
[1.055s] INFO:colcon.colcon_core.shell:Creating environment hook '/home/logan/exos_new_ws/install/tongquan_sldasm/share/tongquan_sldasm/hook/cmake_prefix_path.sh'
[1.056s] Level 1:colcon.colcon_core.environment:checking '/home/logan/exos_new_ws/install/tongquan_sldasm/bin'
[1.056s] Level 1:colcon.colcon_core.environment:checking '/home/logan/exos_new_ws/install/tongquan_sldasm/lib/pkgconfig/tongquan_sldasm.pc'
[1.056s] Level 1:colcon.colcon_core.environment:checking '/home/logan/exos_new_ws/install/tongquan_sldasm/lib/python3.10/site-packages'
[1.057s] Level 1:colcon.colcon_core.environment:checking '/home/logan/exos_new_ws/install/tongquan_sldasm/bin'
[1.057s] INFO:colcon.colcon_core.shell:Creating package script '/home/logan/exos_new_ws/install/tongquan_sldasm/share/tongquan_sldasm/package.ps1'
[1.058s] INFO:colcon.colcon_core.shell:Creating package descriptor '/home/logan/exos_new_ws/install/tongquan_sldasm/share/tongquan_sldasm/package.dsv'
[1.059s] INFO:colcon.colcon_core.shell:Creating package script '/home/logan/exos_new_ws/install/tongquan_sldasm/share/tongquan_sldasm/package.sh'
[1.060s] INFO:colcon.colcon_core.shell:Creating package script '/home/logan/exos_new_ws/install/tongquan_sldasm/share/tongquan_sldasm/package.bash'
[1.060s] INFO:colcon.colcon_core.shell:Creating package script '/home/logan/exos_new_ws/install/tongquan_sldasm/share/tongquan_sldasm/package.zsh'
[1.061s] Level 1:colcon.colcon_core.environment:create_file_with_runtime_dependencies(/home/logan/exos_new_ws/install/tongquan_sldasm/share/colcon-core/packages/tongquan_sldasm)
[1.063s] Level 1:colcon.colcon_core.environment:create_environment_scripts_only(control_exos)
[1.063s] Level 1:colcon.colcon_core.environment:checking '/home/logan/exos_new_ws/install/control_exos' for CMake module files
[1.064s] DEBUG:colcon.colcon_core.event_handler.log_command:Invoked command in '/home/logan/exos_new_ws/build/control_exos' returned '0': CMAKE_PREFIX_PATH=/opt/ros/humble /usr/bin/cmake --install /home/logan/exos_new_ws/build/control_exos
[1.065s] Level 1:colcon.colcon_core.environment:checking '/home/logan/exos_new_ws/install/control_exos' for CMake config files
[1.065s] Level 1:colcon.colcon_core.shell:create_environment_hook('control_exos', 'cmake_prefix_path')
[1.065s] INFO:colcon.colcon_core.shell:Creating environment hook '/home/logan/exos_new_ws/install/control_exos/share/control_exos/hook/cmake_prefix_path.ps1'
[1.066s] INFO:colcon.colcon_core.shell:Creating environment descriptor '/home/logan/exos_new_ws/install/control_exos/share/control_exos/hook/cmake_prefix_path.dsv'
[1.066s] INFO:colcon.colcon_core.shell:Creating environment hook '/home/logan/exos_new_ws/install/control_exos/share/control_exos/hook/cmake_prefix_path.sh'
[1.067s] Level 1:colcon.colcon_core.environment:checking '/home/logan/exos_new_ws/install/control_exos/lib'
[1.067s] Level 1:colcon.colcon_core.environment:checking '/home/logan/exos_new_ws/install/control_exos/bin'
[1.067s] Level 1:colcon.colcon_core.environment:checking '/home/logan/exos_new_ws/install/control_exos/lib/pkgconfig/control_exos.pc'
[1.067s] Level 1:colcon.colcon_core.environment:checking '/home/logan/exos_new_ws/install/control_exos/lib/python3.10/site-packages'
[1.068s] Level 1:colcon.colcon_core.environment:checking '/home/logan/exos_new_ws/install/control_exos/bin'
[1.068s] INFO:colcon.colcon_core.shell:Creating package script '/home/logan/exos_new_ws/install/control_exos/share/control_exos/package.ps1'
[1.068s] INFO:colcon.colcon_core.shell:Creating package descriptor '/home/logan/exos_new_ws/install/control_exos/share/control_exos/package.dsv'
[1.069s] INFO:colcon.colcon_core.shell:Creating package script '/home/logan/exos_new_ws/install/control_exos/share/control_exos/package.sh'
[1.069s] INFO:colcon.colcon_core.shell:Creating package script '/home/logan/exos_new_ws/install/control_exos/share/control_exos/package.bash'
[1.070s] INFO:colcon.colcon_core.shell:Creating package script '/home/logan/exos_new_ws/install/control_exos/share/control_exos/package.zsh'
[1.070s] Level 1:colcon.colcon_core.environment:create_file_with_runtime_dependencies(/home/logan/exos_new_ws/install/control_exos/share/colcon-core/packages/control_exos)
[1.103s] Level 1:colcon.colcon_core.environment:create_environment_scripts_only(tongquan_sldasm)
[1.104s] Level 1:colcon.colcon_core.environment:checking '/home/logan/exos_new_ws/install/tongquan_sldasm' for CMake module files
[1.104s] Level 1:colcon.colcon_core.environment:checking '/home/logan/exos_new_ws/install/tongquan_sldasm' for CMake config files
[1.105s] Level 1:colcon.colcon_core.shell:create_environment_hook('tongquan_sldasm', 'cmake_prefix_path')
[1.105s] INFO:colcon.colcon_core.shell:Creating environment hook '/home/logan/exos_new_ws/install/tongquan_sldasm/share/tongquan_sldasm/hook/cmake_prefix_path.ps1'
[1.105s] INFO:colcon.colcon_core.shell:Creating environment descriptor '/home/logan/exos_new_ws/install/tongquan_sldasm/share/tongquan_sldasm/hook/cmake_prefix_path.dsv'
[1.106s] INFO:colcon.colcon_core.shell:Creating environment hook '/home/logan/exos_new_ws/install/tongquan_sldasm/share/tongquan_sldasm/hook/cmake_prefix_path.sh'
[1.106s] Level 1:colcon.colcon_core.environment:checking '/home/logan/exos_new_ws/install/tongquan_sldasm/bin'
[1.107s] Level 1:colcon.colcon_core.environment:checking '/home/logan/exos_new_ws/install/tongquan_sldasm/lib/pkgconfig/tongquan_sldasm.pc'
[1.107s] Level 1:colcon.colcon_core.environment:checking '/home/logan/exos_new_ws/install/tongquan_sldasm/lib/python3.10/site-packages'
[1.107s] Level 1:colcon.colcon_core.environment:checking '/home/logan/exos_new_ws/install/tongquan_sldasm/bin'
[1.107s] INFO:colcon.colcon_core.shell:Creating package script '/home/logan/exos_new_ws/install/tongquan_sldasm/share/tongquan_sldasm/package.ps1'
[1.108s] INFO:colcon.colcon_core.shell:Creating package descriptor '/home/logan/exos_new_ws/install/tongquan_sldasm/share/tongquan_sldasm/package.dsv'
[1.108s] INFO:colcon.colcon_core.shell:Creating package script '/home/logan/exos_new_ws/install/tongquan_sldasm/share/tongquan_sldasm/package.sh'
[1.109s] INFO:colcon.colcon_core.shell:Creating package script '/home/logan/exos_new_ws/install/tongquan_sldasm/share/tongquan_sldasm/package.bash'
[1.109s] INFO:colcon.colcon_core.shell:Creating package script '/home/logan/exos_new_ws/install/tongquan_sldasm/share/tongquan_sldasm/package.zsh'
[1.110s] Level 1:colcon.colcon_core.environment:create_file_with_runtime_dependencies(/home/logan/exos_new_ws/install/tongquan_sldasm/share/colcon-core/packages/tongquan_sldasm)
[1.110s] INFO:colcon.colcon_ros.task.ament_cmake.build:Building ROS package in '/home/logan/exos_new_ws/src/chan' with build type 'ament_cmake'
[1.111s] INFO:colcon.colcon_cmake.task.cmake.build:Building CMake package in '/home/logan/exos_new_ws/src/chan'
[1.111s] INFO:colcon.colcon_core.shell:Skip shell extension 'powershell' for command environment: Not usable outside of PowerShell
[1.111s] DEBUG:colcon.colcon_core.shell:Skip shell extension 'dsv' for command environment
[1.115s] INFO:colcon.colcon_ros.task.ament_cmake.build:Building ROS package in '/home/logan/exos_new_ws/src/moveit' with build type 'ament_cmake'
[1.115s] INFO:colcon.colcon_cmake.task.cmake.build:Building CMake package in '/home/logan/exos_new_ws/src/moveit'
[1.115s] INFO:colcon.colcon_core.shell:Skip shell extension 'powershell' for command environment: Not usable outside of PowerShell
[1.116s] DEBUG:colcon.colcon_core.shell:Skip shell extension 'dsv' for command environment
[1.119s] INFO:colcon.colcon_ros.task.ament_cmake.build:Building ROS package in '/home/logan/exos_new_ws/src/moveit_2' with build type 'ament_cmake'
[1.120s] INFO:colcon.colcon_cmake.task.cmake.build:Building CMake package in '/home/logan/exos_new_ws/src/moveit_2'
[1.120s] INFO:colcon.colcon_core.shell:Skip shell extension 'powershell' for command environment: Not usable outside of PowerShell
[1.120s] DEBUG:colcon.colcon_core.shell:Skip shell extension 'dsv' for command environment
[1.124s] INFO:colcon.colcon_ros.task.ament_cmake.build:Building ROS package in '/home/logan/exos_new_ws/src/moveit_true' with build type 'ament_cmake'
[1.124s] INFO:colcon.colcon_cmake.task.cmake.build:Building CMake package in '/home/logan/exos_new_ws/src/moveit_true'
[1.124s] INFO:colcon.colcon_core.shell:Skip shell extension 'powershell' for command environment: Not usable outside of PowerShell
[1.124s] DEBUG:colcon.colcon_core.shell:Skip shell extension 'dsv' for command environment
[1.129s] Level 1:colcon.colcon_core.environment:create_environment_scripts_only(control_exos)
[1.130s] Level 1:colcon.colcon_core.environment:checking '/home/logan/exos_new_ws/install/control_exos' for CMake module files
[1.130s] Level 1:colcon.colcon_core.environment:checking '/home/logan/exos_new_ws/install/control_exos' for CMake config files
[1.131s] Level 1:colcon.colcon_core.shell:create_environment_hook('control_exos', 'cmake_prefix_path')
[1.131s] INFO:colcon.colcon_core.shell:Creating environment hook '/home/logan/exos_new_ws/install/control_exos/share/control_exos/hook/cmake_prefix_path.ps1'
[1.131s] INFO:colcon.colcon_core.shell:Creating environment descriptor '/home/logan/exos_new_ws/install/control_exos/share/control_exos/hook/cmake_prefix_path.dsv'
[1.132s] INFO:colcon.colcon_core.shell:Creating environment hook '/home/logan/exos_new_ws/install/control_exos/share/control_exos/hook/cmake_prefix_path.sh'
[1.132s] Level 1:colcon.colcon_core.environment:checking '/home/logan/exos_new_ws/install/control_exos/lib'
[1.132s] Level 1:colcon.colcon_core.environment:checking '/home/logan/exos_new_ws/install/control_exos/bin'
[1.133s] Level 1:colcon.colcon_core.environment:checking '/home/logan/exos_new_ws/install/control_exos/lib/pkgconfig/control_exos.pc'
[1.133s] Level 1:colcon.colcon_core.environment:checking '/home/logan/exos_new_ws/install/control_exos/lib/python3.10/site-packages'
[1.133s] Level 1:colcon.colcon_core.environment:checking '/home/logan/exos_new_ws/install/control_exos/bin'
[1.133s] INFO:colcon.colcon_core.shell:Creating package script '/home/logan/exos_new_ws/install/control_exos/share/control_exos/package.ps1'
[1.134s] INFO:colcon.colcon_core.shell:Creating package descriptor '/home/logan/exos_new_ws/install/control_exos/share/control_exos/package.dsv'
[1.134s] INFO:colcon.colcon_core.shell:Creating package script '/home/logan/exos_new_ws/install/control_exos/share/control_exos/package.sh'
[1.135s] INFO:colcon.colcon_core.shell:Creating package script '/home/logan/exos_new_ws/install/control_exos/share/control_exos/package.bash'
[1.135s] INFO:colcon.colcon_core.shell:Creating package script '/home/logan/exos_new_ws/install/control_exos/share/control_exos/package.zsh'
[1.136s] Level 1:colcon.colcon_core.environment:create_file_with_runtime_dependencies(/home/logan/exos_new_ws/install/control_exos/share/colcon-core/packages/control_exos)
[1.140s] DEBUG:colcon.colcon_core.event_handler.log_command:Invoking command in '/home/logan/exos_new_ws/build/chan': AMENT_PREFIX_PATH=/home/logan/exos_new_ws/install/tongquan_sldasm:${AMENT_PREFIX_PATH} CMAKE_PREFIX_PATH=/home/logan/exos_new_ws/install/tongquan_sldasm:/opt/ros/humble /usr/bin/cmake --build /home/logan/exos_new_ws/build/chan -- -j12 -l12
[1.143s] DEBUG:colcon.colcon_core.event_handler.log_command:Invoking command in '/home/logan/exos_new_ws/build/moveit': AMENT_PREFIX_PATH=/home/logan/exos_new_ws/install/tongquan_sldasm:${AMENT_PREFIX_PATH} CMAKE_PREFIX_PATH=/home/logan/exos_new_ws/install/tongquan_sldasm:/opt/ros/humble /usr/bin/cmake --build /home/logan/exos_new_ws/build/moveit -- -j12 -l12
[1.148s] DEBUG:colcon.colcon_core.event_handler.log_command:Invoking command in '/home/logan/exos_new_ws/build/moveit_2': AMENT_PREFIX_PATH=/home/logan/exos_new_ws/install/tongquan_sldasm:${AMENT_PREFIX_PATH} CMAKE_PREFIX_PATH=/home/logan/exos_new_ws/install/tongquan_sldasm:/opt/ros/humble /usr/bin/cmake --build /home/logan/exos_new_ws/build/moveit_2 -- -j12 -l12
[1.153s] DEBUG:colcon.colcon_core.event_handler.log_command:Invoking command in '/home/logan/exos_new_ws/build/moveit_true': AMENT_PREFIX_PATH=/home/logan/exos_new_ws/install/tongquan_sldasm:${AMENT_PREFIX_PATH} CMAKE_PREFIX_PATH=/home/logan/exos_new_ws/install/tongquan_sldasm:/opt/ros/humble /usr/bin/cmake --build /home/logan/exos_new_ws/build/moveit_true -- -j12 -l12
[1.201s] DEBUG:colcon.colcon_core.event_handler.log_command:Invoked command in '/home/logan/exos_new_ws/build/chan' returned '0': AMENT_PREFIX_PATH=/home/logan/exos_new_ws/install/tongquan_sldasm:${AMENT_PREFIX_PATH} CMAKE_PREFIX_PATH=/home/logan/exos_new_ws/install/tongquan_sldasm:/opt/ros/humble /usr/bin/cmake --build /home/logan/exos_new_ws/build/chan -- -j12 -l12
[1.204s] DEBUG:colcon.colcon_core.event_handler.log_command:Invoked command in '/home/logan/exos_new_ws/build/moveit' returned '0': AMENT_PREFIX_PATH=/home/logan/exos_new_ws/install/tongquan_sldasm:${AMENT_PREFIX_PATH} CMAKE_PREFIX_PATH=/home/logan/exos_new_ws/install/tongquan_sldasm:/opt/ros/humble /usr/bin/cmake --build /home/logan/exos_new_ws/build/moveit -- -j12 -l12
[1.206s] DEBUG:colcon.colcon_core.event_handler.log_command:Invoked command in '/home/logan/exos_new_ws/build/moveit_2' returned '0': AMENT_PREFIX_PATH=/home/logan/exos_new_ws/install/tongquan_sldasm:${AMENT_PREFIX_PATH} CMAKE_PREFIX_PATH=/home/logan/exos_new_ws/install/tongquan_sldasm:/opt/ros/humble /usr/bin/cmake --build /home/logan/exos_new_ws/build/moveit_2 -- -j12 -l12
[1.219s] DEBUG:colcon.colcon_core.event_handler.log_command:Invoked command in '/home/logan/exos_new_ws/build/moveit_true' returned '0': AMENT_PREFIX_PATH=/home/logan/exos_new_ws/install/tongquan_sldasm:${AMENT_PREFIX_PATH} CMAKE_PREFIX_PATH=/home/logan/exos_new_ws/install/tongquan_sldasm:/opt/ros/humble /usr/bin/cmake --build /home/logan/exos_new_ws/build/moveit_true -- -j12 -l12
[1.238s] DEBUG:colcon.colcon_core.event_handler.log_command:Invoking command in '/home/logan/exos_new_ws/build/moveit': AMENT_PREFIX_PATH=/home/logan/exos_new_ws/install/tongquan_sldasm:${AMENT_PREFIX_PATH} CMAKE_PREFIX_PATH=/home/logan/exos_new_ws/install/tongquan_sldasm:/opt/ros/humble /usr/bin/cmake --install /home/logan/exos_new_ws/build/moveit
[1.245s] DEBUG:colcon.colcon_core.event_handler.log_command:Invoking command in '/home/logan/exos_new_ws/build/chan': AMENT_PREFIX_PATH=/home/logan/exos_new_ws/install/tongquan_sldasm:${AMENT_PREFIX_PATH} CMAKE_PREFIX_PATH=/home/logan/exos_new_ws/install/tongquan_sldasm:/opt/ros/humble /usr/bin/cmake --install /home/logan/exos_new_ws/build/chan
[1.248s] DEBUG:colcon.colcon_core.event_handler.log_command:Invoking command in '/home/logan/exos_new_ws/build/moveit_2': AMENT_PREFIX_PATH=/home/logan/exos_new_ws/install/tongquan_sldasm:${AMENT_PREFIX_PATH} CMAKE_PREFIX_PATH=/home/logan/exos_new_ws/install/tongquan_sldasm:/opt/ros/humble /usr/bin/cmake --install /home/logan/exos_new_ws/build/moveit_2
[1.264s] Level 1:colcon.colcon_core.environment:create_environment_scripts_only(chan)
[1.265s] Level 1:colcon.colcon_core.environment:checking '/home/logan/exos_new_ws/install/chan' for CMake module files
[1.266s] DEBUG:colcon.colcon_core.event_handler.log_command:Invoked command in '/home/logan/exos_new_ws/build/chan' returned '0': AMENT_PREFIX_PATH=/home/logan/exos_new_ws/install/tongquan_sldasm:${AMENT_PREFIX_PATH} CMAKE_PREFIX_PATH=/home/logan/exos_new_ws/install/tongquan_sldasm:/opt/ros/humble /usr/bin/cmake --install /home/logan/exos_new_ws/build/chan
[1.270s] Level 1:colcon.colcon_core.environment:checking '/home/logan/exos_new_ws/install/chan' for CMake config files
[1.271s] Level 1:colcon.colcon_core.shell:create_environment_hook('chan', 'cmake_prefix_path')
[1.271s] INFO:colcon.colcon_core.shell:Creating environment hook '/home/logan/exos_new_ws/install/chan/share/chan/hook/cmake_prefix_path.ps1'
[1.272s] INFO:colcon.colcon_core.shell:Creating environment descriptor '/home/logan/exos_new_ws/install/chan/share/chan/hook/cmake_prefix_path.dsv'
[1.273s] INFO:colcon.colcon_core.shell:Creating environment hook '/home/logan/exos_new_ws/install/chan/share/chan/hook/cmake_prefix_path.sh'
[1.274s] Level 1:colcon.colcon_core.environment:checking '/home/logan/exos_new_ws/install/chan/bin'
[1.274s] Level 1:colcon.colcon_core.environment:checking '/home/logan/exos_new_ws/install/chan/lib/pkgconfig/chan.pc'
[1.275s] Level 1:colcon.colcon_core.environment:checking '/home/logan/exos_new_ws/install/chan/lib/python3.10/site-packages'
[1.275s] Level 1:colcon.colcon_core.environment:checking '/home/logan/exos_new_ws/install/chan/bin'
[1.276s] INFO:colcon.colcon_core.shell:Creating package script '/home/logan/exos_new_ws/install/chan/share/chan/package.ps1'
[1.276s] INFO:colcon.colcon_core.shell:Creating package descriptor '/home/logan/exos_new_ws/install/chan/share/chan/package.dsv'
[1.277s] INFO:colcon.colcon_core.shell:Creating package script '/home/logan/exos_new_ws/install/chan/share/chan/package.sh'
[1.278s] INFO:colcon.colcon_core.shell:Creating package script '/home/logan/exos_new_ws/install/chan/share/chan/package.bash'
[1.279s] INFO:colcon.colcon_core.shell:Creating package script '/home/logan/exos_new_ws/install/chan/share/chan/package.zsh'
[1.279s] Level 1:colcon.colcon_core.environment:create_file_with_runtime_dependencies(/home/logan/exos_new_ws/install/chan/share/colcon-core/packages/chan)
[1.282s] Level 1:colcon.colcon_core.environment:create_environment_scripts_only(moveit)
[1.282s] DEBUG:colcon.colcon_core.event_handler.log_command:Invoked command in '/home/logan/exos_new_ws/build/moveit' returned '0': AMENT_PREFIX_PATH=/home/logan/exos_new_ws/install/tongquan_sldasm:${AMENT_PREFIX_PATH} CMAKE_PREFIX_PATH=/home/logan/exos_new_ws/install/tongquan_sldasm:/opt/ros/humble /usr/bin/cmake --install /home/logan/exos_new_ws/build/moveit
[1.282s] Level 1:colcon.colcon_core.environment:checking '/home/logan/exos_new_ws/install/moveit' for CMake module files
[1.283s] Level 1:colcon.colcon_core.environment:checking '/home/logan/exos_new_ws/install/moveit' for CMake config files
[1.284s] Level 1:colcon.colcon_core.shell:create_environment_hook('moveit', 'cmake_prefix_path')
[1.285s] INFO:colcon.colcon_core.shell:Creating environment hook '/home/logan/exos_new_ws/install/moveit/share/moveit/hook/cmake_prefix_path.ps1'
[1.285s] INFO:colcon.colcon_core.shell:Creating environment descriptor '/home/logan/exos_new_ws/install/moveit/share/moveit/hook/cmake_prefix_path.dsv'
[1.286s] INFO:colcon.colcon_core.shell:Creating environment hook '/home/logan/exos_new_ws/install/moveit/share/moveit/hook/cmake_prefix_path.sh'
[1.287s] Level 1:colcon.colcon_core.environment:checking '/home/logan/exos_new_ws/install/moveit/bin'
[1.287s] Level 1:colcon.colcon_core.environment:checking '/home/logan/exos_new_ws/install/moveit/lib/pkgconfig/moveit.pc'
[1.288s] Level 1:colcon.colcon_core.environment:checking '/home/logan/exos_new_ws/install/moveit/lib/python3.10/site-packages'
[1.288s] Level 1:colcon.colcon_core.environment:checking '/home/logan/exos_new_ws/install/moveit/bin'
[1.289s] INFO:colcon.colcon_core.shell:Creating package script '/home/logan/exos_new_ws/install/moveit/share/moveit/package.ps1'
[1.289s] INFO:colcon.colcon_core.shell:Creating package descriptor '/home/logan/exos_new_ws/install/moveit/share/moveit/package.dsv'
[1.290s] INFO:colcon.colcon_core.shell:Creating package script '/home/logan/exos_new_ws/install/moveit/share/moveit/package.sh'
[1.291s] INFO:colcon.colcon_core.shell:Creating package script '/home/logan/exos_new_ws/install/moveit/share/moveit/package.bash'
[1.292s] INFO:colcon.colcon_core.shell:Creating package script '/home/logan/exos_new_ws/install/moveit/share/moveit/package.zsh'
[1.292s] Level 1:colcon.colcon_core.environment:create_file_with_runtime_dependencies(/home/logan/exos_new_ws/install/moveit/share/colcon-core/packages/moveit)
[1.297s] DEBUG:colcon.colcon_core.event_handler.log_command:Invoking command in '/home/logan/exos_new_ws/build/moveit_true': AMENT_PREFIX_PATH=/home/logan/exos_new_ws/install/tongquan_sldasm:${AMENT_PREFIX_PATH} CMAKE_PREFIX_PATH=/home/logan/exos_new_ws/install/tongquan_sldasm:/opt/ros/humble /usr/bin/cmake --install /home/logan/exos_new_ws/build/moveit_true
[1.297s] Level 1:colcon.colcon_core.environment:create_environment_scripts_only(moveit_2)
[1.298s] Level 1:colcon.colcon_core.environment:checking '/home/logan/exos_new_ws/install/moveit_2' for CMake module files
[1.299s] DEBUG:colcon.colcon_core.event_handler.log_command:Invoked command in '/home/logan/exos_new_ws/build/moveit_2' returned '0': AMENT_PREFIX_PATH=/home/logan/exos_new_ws/install/tongquan_sldasm:${AMENT_PREFIX_PATH} CMAKE_PREFIX_PATH=/home/logan/exos_new_ws/install/tongquan_sldasm:/opt/ros/humble /usr/bin/cmake --install /home/logan/exos_new_ws/build/moveit_2
[1.300s] Level 1:colcon.colcon_core.environment:checking '/home/logan/exos_new_ws/install/moveit_2' for CMake config files
[1.300s] Level 1:colcon.colcon_core.shell:create_environment_hook('moveit_2', 'cmake_prefix_path')
[1.301s] INFO:colcon.colcon_core.shell:Creating environment hook '/home/logan/exos_new_ws/install/moveit_2/share/moveit_2/hook/cmake_prefix_path.ps1'
[1.302s] INFO:colcon.colcon_core.shell:Creating environment descriptor '/home/logan/exos_new_ws/install/moveit_2/share/moveit_2/hook/cmake_prefix_path.dsv'
[1.302s] INFO:colcon.colcon_core.shell:Creating environment hook '/home/logan/exos_new_ws/install/moveit_2/share/moveit_2/hook/cmake_prefix_path.sh'
[1.303s] Level 1:colcon.colcon_core.environment:checking '/home/logan/exos_new_ws/install/moveit_2/bin'
[1.304s] Level 1:colcon.colcon_core.environment:checking '/home/logan/exos_new_ws/install/moveit_2/lib/pkgconfig/moveit_2.pc'
[1.304s] Level 1:colcon.colcon_core.environment:checking '/home/logan/exos_new_ws/install/moveit_2/lib/python3.10/site-packages'
[1.304s] Level 1:colcon.colcon_core.environment:checking '/home/logan/exos_new_ws/install/moveit_2/bin'
[1.305s] INFO:colcon.colcon_core.shell:Creating package script '/home/logan/exos_new_ws/install/moveit_2/share/moveit_2/package.ps1'
[1.306s] INFO:colcon.colcon_core.shell:Creating package descriptor '/home/logan/exos_new_ws/install/moveit_2/share/moveit_2/package.dsv'
[1.309s] INFO:colcon.colcon_core.shell:Creating package script '/home/logan/exos_new_ws/install/moveit_2/share/moveit_2/package.sh'
[1.313s] INFO:colcon.colcon_core.shell:Creating package script '/home/logan/exos_new_ws/install/moveit_2/share/moveit_2/package.bash'
[1.314s] INFO:colcon.colcon_core.shell:Creating package script '/home/logan/exos_new_ws/install/moveit_2/share/moveit_2/package.zsh'
[1.314s] Level 1:colcon.colcon_core.environment:create_file_with_runtime_dependencies(/home/logan/exos_new_ws/install/moveit_2/share/colcon-core/packages/moveit_2)
[1.317s] Level 1:colcon.colcon_core.environment:create_environment_scripts_only(moveit_true)
[1.318s] Level 1:colcon.colcon_core.environment:checking '/home/logan/exos_new_ws/install/moveit_true' for CMake module files
[1.318s] DEBUG:colcon.colcon_core.event_handler.log_command:Invoked command in '/home/logan/exos_new_ws/build/moveit_true' returned '0': AMENT_PREFIX_PATH=/home/logan/exos_new_ws/install/tongquan_sldasm:${AMENT_PREFIX_PATH} CMAKE_PREFIX_PATH=/home/logan/exos_new_ws/install/tongquan_sldasm:/opt/ros/humble /usr/bin/cmake --install /home/logan/exos_new_ws/build/moveit_true
[1.319s] Level 1:colcon.colcon_core.environment:checking '/home/logan/exos_new_ws/install/moveit_true' for CMake config files
[1.319s] Level 1:colcon.colcon_core.shell:create_environment_hook('moveit_true', 'cmake_prefix_path')
[1.319s] INFO:colcon.colcon_core.shell:Creating environment hook '/home/logan/exos_new_ws/install/moveit_true/share/moveit_true/hook/cmake_prefix_path.ps1'
[1.320s] INFO:colcon.colcon_core.shell:Creating environment descriptor '/home/logan/exos_new_ws/install/moveit_true/share/moveit_true/hook/cmake_prefix_path.dsv'
[1.320s] INFO:colcon.colcon_core.shell:Creating environment hook '/home/logan/exos_new_ws/install/moveit_true/share/moveit_true/hook/cmake_prefix_path.sh'
[1.321s] Level 1:colcon.colcon_core.environment:checking '/home/logan/exos_new_ws/install/moveit_true/bin'
[1.321s] Level 1:colcon.colcon_core.environment:checking '/home/logan/exos_new_ws/install/moveit_true/lib/pkgconfig/moveit_true.pc'
[1.321s] Level 1:colcon.colcon_core.environment:checking '/home/logan/exos_new_ws/install/moveit_true/lib/python3.10/site-packages'
[1.322s] Level 1:colcon.colcon_core.environment:checking '/home/logan/exos_new_ws/install/moveit_true/bin'
[1.322s] INFO:colcon.colcon_core.shell:Creating package script '/home/logan/exos_new_ws/install/moveit_true/share/moveit_true/package.ps1'
[1.322s] INFO:colcon.colcon_core.shell:Creating package descriptor '/home/logan/exos_new_ws/install/moveit_true/share/moveit_true/package.dsv'
[1.323s] INFO:colcon.colcon_core.shell:Creating package script '/home/logan/exos_new_ws/install/moveit_true/share/moveit_true/package.sh'
[1.323s] INFO:colcon.colcon_core.shell:Creating package script '/home/logan/exos_new_ws/install/moveit_true/share/moveit_true/package.bash'
[1.324s] INFO:colcon.colcon_core.shell:Creating package script '/home/logan/exos_new_ws/install/moveit_true/share/moveit_true/package.zsh'
[1.324s] Level 1:colcon.colcon_core.environment:create_file_with_runtime_dependencies(/home/logan/exos_new_ws/install/moveit_true/share/colcon-core/packages/moveit_true)
[1.326s] Level 1:colcon.colcon_core.environment:create_environment_scripts_only(chan)
[1.326s] Level 1:colcon.colcon_core.environment:checking '/home/logan/exos_new_ws/install/chan' for CMake module files
[1.327s] Level 1:colcon.colcon_core.environment:checking '/home/logan/exos_new_ws/install/chan' for CMake config files
[1.327s] Level 1:colcon.colcon_core.shell:create_environment_hook('chan', 'cmake_prefix_path')
[1.328s] INFO:colcon.colcon_core.shell:Creating environment hook '/home/logan/exos_new_ws/install/chan/share/chan/hook/cmake_prefix_path.ps1'
[1.328s] INFO:colcon.colcon_core.shell:Creating environment descriptor '/home/logan/exos_new_ws/install/chan/share/chan/hook/cmake_prefix_path.dsv'
[1.328s] INFO:colcon.colcon_core.shell:Creating environment hook '/home/logan/exos_new_ws/install/chan/share/chan/hook/cmake_prefix_path.sh'
[1.329s] Level 1:colcon.colcon_core.environment:checking '/home/logan/exos_new_ws/install/chan/bin'
[1.329s] Level 1:colcon.colcon_core.environment:checking '/home/logan/exos_new_ws/install/chan/lib/pkgconfig/chan.pc'
[1.329s] Level 1:colcon.colcon_core.environment:checking '/home/logan/exos_new_ws/install/chan/lib/python3.10/site-packages'
[1.330s] Level 1:colcon.colcon_core.environment:checking '/home/logan/exos_new_ws/install/chan/bin'
[1.330s] INFO:colcon.colcon_core.shell:Creating package script '/home/logan/exos_new_ws/install/chan/share/chan/package.ps1'
[1.331s] INFO:colcon.colcon_core.shell:Creating package descriptor '/home/logan/exos_new_ws/install/chan/share/chan/package.dsv'
[1.331s] INFO:colcon.colcon_core.shell:Creating package script '/home/logan/exos_new_ws/install/chan/share/chan/package.sh'
[1.332s] INFO:colcon.colcon_core.shell:Creating package script '/home/logan/exos_new_ws/install/chan/share/chan/package.bash'
[1.332s] INFO:colcon.colcon_core.shell:Creating package script '/home/logan/exos_new_ws/install/chan/share/chan/package.zsh'
[1.333s] Level 1:colcon.colcon_core.environment:create_file_with_runtime_dependencies(/home/logan/exos_new_ws/install/chan/share/colcon-core/packages/chan)
[1.334s] Level 1:colcon.colcon_core.environment:create_environment_scripts_only(moveit)
[1.334s] Level 1:colcon.colcon_core.environment:checking '/home/logan/exos_new_ws/install/moveit' for CMake module files
[1.335s] Level 1:colcon.colcon_core.environment:checking '/home/logan/exos_new_ws/install/moveit' for CMake config files
[1.336s] Level 1:colcon.colcon_core.shell:create_environment_hook('moveit', 'cmake_prefix_path')
[1.336s] INFO:colcon.colcon_core.shell:Creating environment hook '/home/logan/exos_new_ws/install/moveit/share/moveit/hook/cmake_prefix_path.ps1'
[1.336s] INFO:colcon.colcon_core.shell:Creating environment descriptor '/home/logan/exos_new_ws/install/moveit/share/moveit/hook/cmake_prefix_path.dsv'
[1.337s] INFO:colcon.colcon_core.shell:Creating environment hook '/home/logan/exos_new_ws/install/moveit/share/moveit/hook/cmake_prefix_path.sh'
[1.337s] Level 1:colcon.colcon_core.environment:checking '/home/logan/exos_new_ws/install/moveit/bin'
[1.337s] Level 1:colcon.colcon_core.environment:checking '/home/logan/exos_new_ws/install/moveit/lib/pkgconfig/moveit.pc'
[1.338s] Level 1:colcon.colcon_core.environment:checking '/home/logan/exos_new_ws/install/moveit/lib/python3.10/site-packages'
[1.338s] Level 1:colcon.colcon_core.environment:checking '/home/logan/exos_new_ws/install/moveit/bin'
[1.338s] INFO:colcon.colcon_core.shell:Creating package script '/home/logan/exos_new_ws/install/moveit/share/moveit/package.ps1'
[1.339s] INFO:colcon.colcon_core.shell:Creating package descriptor '/home/logan/exos_new_ws/install/moveit/share/moveit/package.dsv'
[1.339s] INFO:colcon.colcon_core.shell:Creating package script '/home/logan/exos_new_ws/install/moveit/share/moveit/package.sh'
[1.340s] INFO:colcon.colcon_core.shell:Creating package script '/home/logan/exos_new_ws/install/moveit/share/moveit/package.bash'
[1.340s] INFO:colcon.colcon_core.shell:Creating package script '/home/logan/exos_new_ws/install/moveit/share/moveit/package.zsh'
[1.341s] Level 1:colcon.colcon_core.environment:create_file_with_runtime_dependencies(/home/logan/exos_new_ws/install/moveit/share/colcon-core/packages/moveit)
[1.350s] Level 1:colcon.colcon_core.environment:create_environment_scripts_only(moveit_2)
[1.350s] Level 1:colcon.colcon_core.environment:checking '/home/logan/exos_new_ws/install/moveit_2' for CMake module files
[1.351s] Level 1:colcon.colcon_core.environment:checking '/home/logan/exos_new_ws/install/moveit_2' for CMake config files
[1.351s] Level 1:colcon.colcon_core.shell:create_environment_hook('moveit_2', 'cmake_prefix_path')
[1.351s] INFO:colcon.colcon_core.shell:Creating environment hook '/home/logan/exos_new_ws/install/moveit_2/share/moveit_2/hook/cmake_prefix_path.ps1'
[1.352s] INFO:colcon.colcon_core.shell:Creating environment descriptor '/home/logan/exos_new_ws/install/moveit_2/share/moveit_2/hook/cmake_prefix_path.dsv'
[1.352s] INFO:colcon.colcon_core.shell:Creating environment hook '/home/logan/exos_new_ws/install/moveit_2/share/moveit_2/hook/cmake_prefix_path.sh'
[1.353s] Level 1:colcon.colcon_core.environment:checking '/home/logan/exos_new_ws/install/moveit_2/bin'
[1.353s] Level 1:colcon.colcon_core.environment:checking '/home/logan/exos_new_ws/install/moveit_2/lib/pkgconfig/moveit_2.pc'
[1.353s] Level 1:colcon.colcon_core.environment:checking '/home/logan/exos_new_ws/install/moveit_2/lib/python3.10/site-packages'
[1.353s] Level 1:colcon.colcon_core.environment:checking '/home/logan/exos_new_ws/install/moveit_2/bin'
[1.354s] INFO:colcon.colcon_core.shell:Creating package script '/home/logan/exos_new_ws/install/moveit_2/share/moveit_2/package.ps1'
[1.354s] INFO:colcon.colcon_core.shell:Creating package descriptor '/home/logan/exos_new_ws/install/moveit_2/share/moveit_2/package.dsv'
[1.355s] INFO:colcon.colcon_core.shell:Creating package script '/home/logan/exos_new_ws/install/moveit_2/share/moveit_2/package.sh'
[1.355s] INFO:colcon.colcon_core.shell:Creating package script '/home/logan/exos_new_ws/install/moveit_2/share/moveit_2/package.bash'
[1.356s] INFO:colcon.colcon_core.shell:Creating package script '/home/logan/exos_new_ws/install/moveit_2/share/moveit_2/package.zsh'
[1.356s] Level 1:colcon.colcon_core.environment:create_file_with_runtime_dependencies(/home/logan/exos_new_ws/install/moveit_2/share/colcon-core/packages/moveit_2)
[1.362s] Level 1:colcon.colcon_core.environment:create_environment_scripts_only(moveit_true)
[1.363s] Level 1:colcon.colcon_core.environment:checking '/home/logan/exos_new_ws/install/moveit_true' for CMake module files
[1.363s] Level 1:colcon.colcon_core.environment:checking '/home/logan/exos_new_ws/install/moveit_true' for CMake config files
[1.364s] Level 1:colcon.colcon_core.shell:create_environment_hook('moveit_true', 'cmake_prefix_path')
[1.364s] INFO:colcon.colcon_core.shell:Creating environment hook '/home/logan/exos_new_ws/install/moveit_true/share/moveit_true/hook/cmake_prefix_path.ps1'
[1.364s] INFO:colcon.colcon_core.shell:Creating environment descriptor '/home/logan/exos_new_ws/install/moveit_true/share/moveit_true/hook/cmake_prefix_path.dsv'
[1.365s] INFO:colcon.colcon_core.shell:Creating environment hook '/home/logan/exos_new_ws/install/moveit_true/share/moveit_true/hook/cmake_prefix_path.sh'
[1.365s] Level 1:colcon.colcon_core.environment:checking '/home/logan/exos_new_ws/install/moveit_true/bin'
[1.365s] Level 1:colcon.colcon_core.environment:checking '/home/logan/exos_new_ws/install/moveit_true/lib/pkgconfig/moveit_true.pc'
[1.366s] Level 1:colcon.colcon_core.environment:checking '/home/logan/exos_new_ws/install/moveit_true/lib/python3.10/site-packages'
[1.366s] Level 1:colcon.colcon_core.environment:checking '/home/logan/exos_new_ws/install/moveit_true/bin'
[1.366s] INFO:colcon.colcon_core.shell:Creating package script '/home/logan/exos_new_ws/install/moveit_true/share/moveit_true/package.ps1'
[1.367s] INFO:colcon.colcon_core.shell:Creating package descriptor '/home/logan/exos_new_ws/install/moveit_true/share/moveit_true/package.dsv'
[1.367s] INFO:colcon.colcon_core.shell:Creating package script '/home/logan/exos_new_ws/install/moveit_true/share/moveit_true/package.sh'
[1.368s] INFO:colcon.colcon_core.shell:Creating package script '/home/logan/exos_new_ws/install/moveit_true/share/moveit_true/package.bash'
[1.368s] INFO:colcon.colcon_core.shell:Creating package script '/home/logan/exos_new_ws/install/moveit_true/share/moveit_true/package.zsh'
[1.369s] Level 1:colcon.colcon_core.environment:create_file_with_runtime_dependencies(/home/logan/exos_new_ws/install/moveit_true/share/colcon-core/packages/moveit_true)
[1.369s] DEBUG:colcon.colcon_parallel_executor.executor.parallel:closing loop
[1.369s] DEBUG:colcon.colcon_parallel_executor.executor.parallel:loop closed
[1.369s] DEBUG:colcon.colcon_parallel_executor.executor.parallel:run_until_complete finished with '0'
[1.370s] DEBUG:colcon.colcon_core.event_reactor:joining thread
[1.376s] INFO:colcon.colcon_core.plugin_system:Skipping extension 'colcon_notification.desktop_notification.terminal_notifier': Not used on non-Darwin systems
[1.376s] INFO:colcon.colcon_core.plugin_system:Skipping extension 'colcon_notification.desktop_notification.win32': Not used on non-Windows systems
[1.376s] INFO:colcon.colcon_notification.desktop_notification:Sending desktop notification using 'notify2'
[1.390s] DEBUG:colcon.colcon_core.event_reactor:joined thread
[1.391s] INFO:colcon.colcon_core.shell:Creating prefix script '/home/logan/exos_new_ws/install/local_setup.ps1'
[1.392s] INFO:colcon.colcon_core.shell:Creating prefix util module '/home/logan/exos_new_ws/install/_local_setup_util_ps1.py'
[1.393s] INFO:colcon.colcon_core.shell:Creating prefix chain script '/home/logan/exos_new_ws/install/setup.ps1'
[1.394s] INFO:colcon.colcon_core.shell:Creating prefix script '/home/logan/exos_new_ws/install/local_setup.sh'
[1.395s] INFO:colcon.colcon_core.shell:Creating prefix util module '/home/logan/exos_new_ws/install/_local_setup_util_sh.py'
[1.396s] INFO:colcon.colcon_core.shell:Creating prefix chain script '/home/logan/exos_new_ws/install/setup.sh'
[1.397s] INFO:colcon.colcon_core.shell:Creating prefix script '/home/logan/exos_new_ws/install/local_setup.bash'
[1.397s] INFO:colcon.colcon_core.shell:Creating prefix chain script '/home/logan/exos_new_ws/install/setup.bash'
[1.398s] INFO:colcon.colcon_core.shell:Creating prefix script '/home/logan/exos_new_ws/install/local_setup.zsh'
[1.399s] INFO:colcon.colcon_core.shell:Creating prefix chain script '/home/logan/exos_new_ws/install/setup.zsh'
