[0.011s] Invoking command in '/home/logan/exos_new_ws/build/tongquan_sldasm': CMAKE_PREFIX_PATH=/opt/ros/humble /usr/bin/cmake /home/logan/exos_new_ws/src/tongquan_sldasm -DCMAKE_INSTALL_PREFIX=/home/logan/exos_new_ws/install/tongquan_sldasm
[0.025s] -- Found ament_cmake: 1.3.10 (/opt/ros/humble/share/ament_cmake/cmake)
[0.168s] [31mCMake Error at CMakeLists.txt:10 (find_package):
[0.168s]   By not providing "Findroslaunch.cmake" in CMAKE_MODULE_PATH this project
[0.168s]   has asked CMake to find a package configuration file provided by
[0.168s]   "roslaunch", but CMake did not find one.
[0.168s] 
[0.168s]   Could not find a package configuration file provided by "roslaunch" with
[0.168s]   any of the following names:
[0.169s] 
[0.169s]     roslaunchConfig.cmake
[0.169s]     roslaunch-config.cmake
[0.169s] 
[0.169s]   Add the installation prefix of "roslaunch" to CMAKE_PREFIX_PATH or set
[0.169s]   "roslaunch_DIR" to a directory containing one of the above files.  If
[0.169s]   "roslaunch" provides a separate development package or SDK, be sure it has
[0.169s]   been installed.
[0.169s] 
[0.169s] [0m
[0.169s] -- Configuring incomplete, errors occurred!
[0.169s] See also "/home/logan/exos_new_ws/build/tongquan_sldasm/CMakeFiles/CMakeOutput.log".
[0.170s] Invoked command in '/home/logan/exos_new_ws/build/tongquan_sldasm' returned '1': CMAKE_PREFIX_PATH=/opt/ros/humble /usr/bin/cmake /home/logan/exos_new_ws/src/tongquan_sldasm -DCMAKE_INSTALL_PREFIX=/home/logan/exos_new_ws/install/tongquan_sldasm
