[0.023s] Invoking command in '/home/logan/exos_new_ws/build/control_exos': CMAKE_PREFIX_PATH=${CMAKE_PREFIX_PATH}:/opt/ros/humble /usr/bin/cmake --build /home/logan/exos_new_ws/build/control_exos -- -j12 -l12
[0.076s] -- Found ament_cmake: 1.3.10 (/opt/ros/humble/share/ament_cmake/cmake)
[0.350s] -- Found rclpy: 3.3.14 (/opt/ros/humble/share/rclpy/cmake)
[0.350s] -- Found control_msgs: 4.6.0 (/opt/ros/humble/share/control_msgs/cmake)
[0.417s] -- Found rosidl_generator_c: 3.1.5 (/opt/ros/humble/share/rosidl_generator_c/cmake)
[0.421s] -- Found rosidl_adapter: 3.1.5 (/opt/ros/humble/share/rosidl_adapter/cmake)
[0.440s] -- Found rosidl_generator_cpp: 3.1.5 (/opt/ros/humble/share/rosidl_generator_cpp/cmake)
[0.455s] -- Using all available rosidl_typesupport_c: rosidl_typesupport_fastrtps_c;rosidl_typesupport_introspection_c
[0.472s] -- Using all available rosidl_typesupport_cpp: rosidl_typesupport_fastrtps_cpp;rosidl_typesupport_introspection_cpp
[0.793s] -- Configuring done
[0.801s] -- Generating done
[0.803s] -- Build files have been written to: /home/logan/exos_new_ws/build/control_exos
[0.854s] Invoked command in '/home/logan/exos_new_ws/build/control_exos' returned '0': CMAKE_PREFIX_PATH=${CMAKE_PREFIX_PATH}:/opt/ros/humble /usr/bin/cmake --build /home/logan/exos_new_ws/build/control_exos -- -j12 -l12
[0.904s] Invoking command in '/home/logan/exos_new_ws/build/control_exos': CMAKE_PREFIX_PATH=${CMAKE_PREFIX_PATH}:/opt/ros/humble /usr/bin/cmake --install /home/logan/exos_new_ws/build/control_exos
[0.914s] -- Install configuration: ""
[0.914s] -- Up-to-date: /home/logan/exos_new_ws/install/control_exos/lib/control_exos/hi.py
[0.914s] -- Up-to-date: /home/logan/exos_new_ws/install/control_exos/lib/control_exos/push_angle.py
[0.915s] -- Up-to-date: /home/logan/exos_new_ws/install/control_exos/lib/control_exos/node_control_true.py
[0.915s] -- Up-to-date: /home/logan/exos_new_ws/install/control_exos/lib/control_exos/contact_mc.py
[0.915s] -- Up-to-date: /home/logan/exos_new_ws/install/control_exos/lib/control_exos/serial_monitor.py
[0.915s] -- Up-to-date: /home/logan/exos_new_ws/install/control_exos/lib/control_exos/check_contact.py
[0.915s] -- Up-to-date: /home/logan/exos_new_ws/install/control_exos/lib/control_exos/check_data_ros.py
[0.915s] -- Installing: /home/logan/exos_new_ws/install/control_exos/lib/control_exos/contact.py
[0.916s] -- Up-to-date: /home/logan/exos_new_ws/install/control_exos/share/ament_index/resource_index/package_run_dependencies/control_exos
[0.916s] -- Installing: /home/logan/exos_new_ws/install/control_exos/share/ament_index/resource_index/parent_prefix_path/control_exos
[0.916s] -- Up-to-date: /home/logan/exos_new_ws/install/control_exos/share/control_exos/environment/ament_prefix_path.sh
[0.916s] -- Installing: /home/logan/exos_new_ws/install/control_exos/share/control_exos/environment/ament_prefix_path.dsv
[0.916s] -- Up-to-date: /home/logan/exos_new_ws/install/control_exos/share/control_exos/environment/path.sh
[0.916s] -- Installing: /home/logan/exos_new_ws/install/control_exos/share/control_exos/environment/path.dsv
[0.916s] -- Up-to-date: /home/logan/exos_new_ws/install/control_exos/share/control_exos/local_setup.bash
[0.916s] -- Up-to-date: /home/logan/exos_new_ws/install/control_exos/share/control_exos/local_setup.sh
[0.917s] -- Up-to-date: /home/logan/exos_new_ws/install/control_exos/share/control_exos/local_setup.zsh
[0.917s] -- Installing: /home/logan/exos_new_ws/install/control_exos/share/control_exos/local_setup.dsv
[0.917s] -- Installing: /home/logan/exos_new_ws/install/control_exos/share/control_exos/package.dsv
[0.917s] -- Up-to-date: /home/logan/exos_new_ws/install/control_exos/share/ament_index/resource_index/packages/control_exos
[0.917s] -- Up-to-date: /home/logan/exos_new_ws/install/control_exos/share/control_exos/cmake/control_exosConfig.cmake
[0.917s] -- Up-to-date: /home/logan/exos_new_ws/install/control_exos/share/control_exos/cmake/control_exosConfig-version.cmake
[0.918s] -- Up-to-date: /home/logan/exos_new_ws/install/control_exos/share/control_exos/package.xml
[0.921s] Invoked command in '/home/logan/exos_new_ws/build/control_exos' returned '0': CMAKE_PREFIX_PATH=${CMAKE_PREFIX_PATH}:/opt/ros/humble /usr/bin/cmake --install /home/logan/exos_new_ws/build/control_exos
