[0.009s] Invoking command in '/home/logan/exos_new_ws/build/exos_moveit2': CMAKE_PREFIX_PATH=/home/logan/exos_new_ws/install/tongquan_sldasm:/home/logan/exos_new_ws/install/exos_moveIt2:/opt/ros/humble /usr/bin/cmake /home/logan/exos_new_ws/src/exos_moveit2 -DCMAKE_INSTALL_PREFIX=/home/logan/exos_new_ws/install/exos_moveit2
[0.069s] -- The C compiler identification is GNU 11.4.0
[0.125s] -- The CXX compiler identification is GNU 11.4.0
[0.130s] -- Detecting C compiler ABI info
[0.192s] -- Detecting C compiler ABI info - done
[0.197s] -- Check for working C compiler: /usr/bin/cc - skipped
[0.197s] -- Detecting C compile features
[0.197s] -- Detecting C compile features - done
[0.199s] -- Detecting CXX compiler ABI info
[0.261s] -- Detecting CXX compiler ABI info - done
[0.266s] -- Check for working CXX compiler: /usr/bin/c++ - skipped
[0.267s] -- Detecting CXX compile features
[0.268s] -- Detecting CXX compile features - done
[0.269s] -- Found ament_cmake: 1.3.10 (/opt/ros/humble/share/ament_cmake/cmake)
[0.377s] -- Found Python3: /usr/bin/python3 (found version "3.10.12") found components: Interpreter 
[0.484s] -- Configuring done
[0.486s] -- Generating done
[0.487s] -- Build files have been written to: /home/logan/exos_new_ws/build/exos_moveit2
[0.491s] Invoked command in '/home/logan/exos_new_ws/build/exos_moveit2' returned '0': CMAKE_PREFIX_PATH=/home/logan/exos_new_ws/install/tongquan_sldasm:/home/logan/exos_new_ws/install/exos_moveIt2:/opt/ros/humble /usr/bin/cmake /home/logan/exos_new_ws/src/exos_moveit2 -DCMAKE_INSTALL_PREFIX=/home/logan/exos_new_ws/install/exos_moveit2
[0.492s] Invoking command in '/home/logan/exos_new_ws/build/exos_moveit2': CMAKE_PREFIX_PATH=/home/logan/exos_new_ws/install/tongquan_sldasm:/home/logan/exos_new_ws/install/exos_moveIt2:/opt/ros/humble /usr/bin/cmake --build /home/logan/exos_new_ws/build/exos_moveit2 -- -j12 -l12
[0.524s] Invoked command in '/home/logan/exos_new_ws/build/exos_moveit2' returned '0': CMAKE_PREFIX_PATH=/home/logan/exos_new_ws/install/tongquan_sldasm:/home/logan/exos_new_ws/install/exos_moveIt2:/opt/ros/humble /usr/bin/cmake --build /home/logan/exos_new_ws/build/exos_moveit2 -- -j12 -l12
[0.546s] Invoking command in '/home/logan/exos_new_ws/build/exos_moveit2': CMAKE_PREFIX_PATH=/home/logan/exos_new_ws/install/tongquan_sldasm:/home/logan/exos_new_ws/install/exos_moveIt2:/opt/ros/humble /usr/bin/cmake --install /home/logan/exos_new_ws/build/exos_moveit2
[0.552s] -- Install configuration: ""
[0.552s] -- Installing: /home/logan/exos_new_ws/install/exos_moveit2/share/ament_index/resource_index/package_run_dependencies/exos_moveit2
[0.552s] -- Installing: /home/logan/exos_new_ws/install/exos_moveit2/share/ament_index/resource_index/parent_prefix_path/exos_moveit2
[0.552s] -- Installing: /home/logan/exos_new_ws/install/exos_moveit2/share/exos_moveit2/environment/ament_prefix_path.sh
[0.552s] -- Installing: /home/logan/exos_new_ws/install/exos_moveit2/share/exos_moveit2/environment/ament_prefix_path.dsv
[0.552s] -- Installing: /home/logan/exos_new_ws/install/exos_moveit2/share/exos_moveit2/environment/path.sh
[0.553s] -- Installing: /home/logan/exos_new_ws/install/exos_moveit2/share/exos_moveit2/environment/path.dsv
[0.553s] -- Installing: /home/logan/exos_new_ws/install/exos_moveit2/share/exos_moveit2/local_setup.bash
[0.553s] -- Installing: /home/logan/exos_new_ws/install/exos_moveit2/share/exos_moveit2/local_setup.sh
[0.553s] -- Installing: /home/logan/exos_new_ws/install/exos_moveit2/share/exos_moveit2/local_setup.zsh
[0.553s] -- Installing: /home/logan/exos_new_ws/install/exos_moveit2/share/exos_moveit2/local_setup.dsv
[0.553s] -- Installing: /home/logan/exos_new_ws/install/exos_moveit2/share/exos_moveit2/package.dsv
[0.553s] -- Installing: /home/logan/exos_new_ws/install/exos_moveit2/share/ament_index/resource_index/packages/exos_moveit2
[0.553s] -- Installing: /home/logan/exos_new_ws/install/exos_moveit2/share/exos_moveit2/cmake/exos_moveit2Config.cmake
[0.553s] -- Installing: /home/logan/exos_new_ws/install/exos_moveit2/share/exos_moveit2/cmake/exos_moveit2Config-version.cmake
[0.554s] -- Installing: /home/logan/exos_new_ws/install/exos_moveit2/share/exos_moveit2/package.xml
[0.554s] -- Installing: /home/logan/exos_new_ws/install/exos_moveit2/share/exos_moveit2/launch
[0.554s] -- Installing: /home/logan/exos_new_ws/install/exos_moveit2/share/exos_moveit2/launch/move_group.launch.py
[0.554s] -- Installing: /home/logan/exos_new_ws/install/exos_moveit2/share/exos_moveit2/launch/demo.launch.py
[0.554s] -- Installing: /home/logan/exos_new_ws/install/exos_moveit2/share/exos_moveit2/launch/warehouse_db.launch.py
[0.554s] -- Installing: /home/logan/exos_new_ws/install/exos_moveit2/share/exos_moveit2/launch/static_virtual_joint_tfs.launch.py
[0.554s] -- Installing: /home/logan/exos_new_ws/install/exos_moveit2/share/exos_moveit2/launch/setup_assistant.launch.py
[0.554s] -- Installing: /home/logan/exos_new_ws/install/exos_moveit2/share/exos_moveit2/launch/moveit_rviz.launch.py
[0.554s] -- Installing: /home/logan/exos_new_ws/install/exos_moveit2/share/exos_moveit2/launch/spawn_controllers.launch.py
[0.554s] -- Installing: /home/logan/exos_new_ws/install/exos_moveit2/share/exos_moveit2/launch/rsp.launch.py
[0.554s] -- Installing: /home/logan/exos_new_ws/install/exos_moveit2/share/exos_moveit2/config
[0.555s] -- Installing: /home/logan/exos_new_ws/install/exos_moveit2/share/exos_moveit2/config/moveit_controllers.yaml
[0.555s] -- Installing: /home/logan/exos_new_ws/install/exos_moveit2/share/exos_moveit2/config/tongquan_sldasm.urdf.xacro
[0.555s] -- Installing: /home/logan/exos_new_ws/install/exos_moveit2/share/exos_moveit2/config/moveit.rviz
[0.555s] -- Installing: /home/logan/exos_new_ws/install/exos_moveit2/share/exos_moveit2/config/tongquan_sldasm.ros2_control.xacro
[0.555s] -- Installing: /home/logan/exos_new_ws/install/exos_moveit2/share/exos_moveit2/config/sensors_3d.yaml
[0.555s] -- Installing: /home/logan/exos_new_ws/install/exos_moveit2/share/exos_moveit2/config/tongquan_sldasm.srdf
[0.555s] -- Installing: /home/logan/exos_new_ws/install/exos_moveit2/share/exos_moveit2/config/joint_limits.yaml
[0.555s] -- Installing: /home/logan/exos_new_ws/install/exos_moveit2/share/exos_moveit2/config/pilz_cartesian_limits.yaml
[0.556s] -- Installing: /home/logan/exos_new_ws/install/exos_moveit2/share/exos_moveit2/config/initial_positions.yaml
[0.556s] -- Installing: /home/logan/exos_new_ws/install/exos_moveit2/share/exos_moveit2/config/ros2_controllers.yaml
[0.556s] -- Installing: /home/logan/exos_new_ws/install/exos_moveit2/share/exos_moveit2/.setup_assistant
[0.557s] Invoked command in '/home/logan/exos_new_ws/build/exos_moveit2' returned '0': CMAKE_PREFIX_PATH=/home/logan/exos_new_ws/install/tongquan_sldasm:/home/logan/exos_new_ws/install/exos_moveIt2:/opt/ros/humble /usr/bin/cmake --install /home/logan/exos_new_ws/build/exos_moveit2
