[0.027s] Invoking command in '/home/logan/exos_new_ws/build/moveit_true': CMAKE_PREFIX_PATH=/home/logan/exos_new_ws/install/tongquan_sldasm:/home/logan/exos_new_ws/install/moveit_true:/home/logan/exos_new_ws/install/moveit_2:/home/logan/exos_new_ws/install/moveit:/home/logan/exos_new_ws/install/chan:/home/logan/exos_new_ws/install/control_exos:/opt/ros/humble /usr/bin/cmake --build /home/logan/exos_new_ws/build/moveit_true -- -j12 -l12
[0.106s] Invoked command in '/home/logan/exos_new_ws/build/moveit_true' returned '0': CMAKE_PREFIX_PATH=/home/logan/exos_new_ws/install/tongquan_sldasm:/home/logan/exos_new_ws/install/moveit_true:/home/logan/exos_new_ws/install/moveit_2:/home/logan/exos_new_ws/install/moveit:/home/logan/exos_new_ws/install/chan:/home/logan/exos_new_ws/install/control_exos:/opt/ros/humble /usr/bin/cmake --build /home/logan/exos_new_ws/build/moveit_true -- -j12 -l12
[0.150s] Invoking command in '/home/logan/exos_new_ws/build/moveit_true': CMAKE_PREFIX_PATH=/home/logan/exos_new_ws/install/tongquan_sldasm:/home/logan/exos_new_ws/install/moveit_true:/home/logan/exos_new_ws/install/moveit_2:/home/logan/exos_new_ws/install/moveit:/home/logan/exos_new_ws/install/chan:/home/logan/exos_new_ws/install/control_exos:/opt/ros/humble /usr/bin/cmake --install /home/logan/exos_new_ws/build/moveit_true
[0.163s] -- Install configuration: ""
[0.164s] -- Up-to-date: /home/logan/exos_new_ws/install/moveit_true/share/ament_index/resource_index/package_run_dependencies/moveit_true
[0.164s] -- Up-to-date: /home/logan/exos_new_ws/install/moveit_true/share/ament_index/resource_index/parent_prefix_path/moveit_true
[0.164s] -- Up-to-date: /home/logan/exos_new_ws/install/moveit_true/share/moveit_true/environment/ament_prefix_path.sh
[0.165s] -- Up-to-date: /home/logan/exos_new_ws/install/moveit_true/share/moveit_true/environment/ament_prefix_path.dsv
[0.165s] -- Up-to-date: /home/logan/exos_new_ws/install/moveit_true/share/moveit_true/environment/path.sh
[0.165s] -- Up-to-date: /home/logan/exos_new_ws/install/moveit_true/share/moveit_true/environment/path.dsv
[0.165s] -- Up-to-date: /home/logan/exos_new_ws/install/moveit_true/share/moveit_true/local_setup.bash
[0.165s] -- Up-to-date: /home/logan/exos_new_ws/install/moveit_true/share/moveit_true/local_setup.sh
[0.165s] -- Up-to-date: /home/logan/exos_new_ws/install/moveit_true/share/moveit_true/local_setup.zsh
[0.165s] -- Up-to-date: /home/logan/exos_new_ws/install/moveit_true/share/moveit_true/local_setup.dsv
[0.165s] -- Installing: /home/logan/exos_new_ws/install/moveit_true/share/moveit_true/package.dsv
[0.165s] -- Up-to-date: /home/logan/exos_new_ws/install/moveit_true/share/ament_index/resource_index/packages/moveit_true
[0.166s] -- Up-to-date: /home/logan/exos_new_ws/install/moveit_true/share/moveit_true/cmake/moveit_trueConfig.cmake
[0.166s] -- Up-to-date: /home/logan/exos_new_ws/install/moveit_true/share/moveit_true/cmake/moveit_trueConfig-version.cmake
[0.166s] -- Up-to-date: /home/logan/exos_new_ws/install/moveit_true/share/moveit_true/package.xml
[0.166s] -- Up-to-date: /home/logan/exos_new_ws/install/moveit_true/share/moveit_true/launch
[0.166s] -- Up-to-date: /home/logan/exos_new_ws/install/moveit_true/share/moveit_true/launch/move_group.launch.py
[0.166s] -- Up-to-date: /home/logan/exos_new_ws/install/moveit_true/share/moveit_true/launch/demo.launch.py
[0.166s] -- Up-to-date: /home/logan/exos_new_ws/install/moveit_true/share/moveit_true/launch/warehouse_db.launch.py
[0.166s] -- Up-to-date: /home/logan/exos_new_ws/install/moveit_true/share/moveit_true/launch/static_virtual_joint_tfs.launch.py
[0.167s] -- Up-to-date: /home/logan/exos_new_ws/install/moveit_true/share/moveit_true/launch/setup_assistant.launch.py
[0.167s] -- Up-to-date: /home/logan/exos_new_ws/install/moveit_true/share/moveit_true/launch/moveit_rviz.launch.py
[0.167s] -- Up-to-date: /home/logan/exos_new_ws/install/moveit_true/share/moveit_true/launch/spawn_controllers.launch.py
[0.167s] -- Up-to-date: /home/logan/exos_new_ws/install/moveit_true/share/moveit_true/launch/rsp.launch.py
[0.167s] -- Up-to-date: /home/logan/exos_new_ws/install/moveit_true/share/moveit_true/config
[0.167s] -- Up-to-date: /home/logan/exos_new_ws/install/moveit_true/share/moveit_true/config/moveit_controllers.yaml
[0.168s] -- Up-to-date: /home/logan/exos_new_ws/install/moveit_true/share/moveit_true/config/tongquan_sldasm.urdf.xacro
[0.168s] -- Up-to-date: /home/logan/exos_new_ws/install/moveit_true/share/moveit_true/config/moveit.rviz
[0.168s] -- Up-to-date: /home/logan/exos_new_ws/install/moveit_true/share/moveit_true/config/tongquan_sldasm.ros2_control.xacro
[0.168s] -- Up-to-date: /home/logan/exos_new_ws/install/moveit_true/share/moveit_true/config/kinematics.yaml
[0.168s] -- Up-to-date: /home/logan/exos_new_ws/install/moveit_true/share/moveit_true/config/tongquan_sldasm.srdf
[0.169s] -- Up-to-date: /home/logan/exos_new_ws/install/moveit_true/share/moveit_true/config/joint_limits.yaml
[0.169s] -- Up-to-date: /home/logan/exos_new_ws/install/moveit_true/share/moveit_true/config/pilz_cartesian_limits.yaml
[0.169s] -- Up-to-date: /home/logan/exos_new_ws/install/moveit_true/share/moveit_true/config/initial_positions.yaml
[0.169s] -- Up-to-date: /home/logan/exos_new_ws/install/moveit_true/share/moveit_true/config/ros2_controllers.yaml
[0.170s] -- Up-to-date: /home/logan/exos_new_ws/install/moveit_true/share/moveit_true/.setup_assistant
[0.175s] Invoked command in '/home/logan/exos_new_ws/build/moveit_true' returned '0': CMAKE_PREFIX_PATH=/home/logan/exos_new_ws/install/tongquan_sldasm:/home/logan/exos_new_ws/install/moveit_true:/home/logan/exos_new_ws/install/moveit_2:/home/logan/exos_new_ws/install/moveit:/home/logan/exos_new_ws/install/chan:/home/logan/exos_new_ws/install/control_exos:/opt/ros/humble /usr/bin/cmake --install /home/logan/exos_new_ws/build/moveit_true
