[0.012s] Invoking command in '/home/logan/exos_new_ws/build/tongquan_sldasm': CMAKE_PREFIX_PATH=/opt/ros/humble /usr/bin/cmake /home/logan/exos_new_ws/src/tongquan_sldasm -DCMAKE_INSTALL_PREFIX=/home/logan/exos_new_ws/install/tongquan_sldasm
[0.077s] -- The C compiler identification is GNU 11.4.0
[0.141s] -- The CXX compiler identification is GNU 11.4.0
[0.150s] -- Detecting C compiler ABI info
[0.232s] -- Detecting C compiler ABI info - done
[0.240s] -- Check for working C compiler: /usr/bin/cc - skipped
[0.240s] -- Detecting C compile features
[0.240s] -- Detecting C compile features - done
[0.244s] -- Detecting CXX compiler ABI info
[0.336s] -- Detecting CXX compiler ABI info - done
[0.343s] -- Check for working CXX compiler: /usr/bin/c++ - skipped
[0.344s] -- Detecting CXX compile features
[0.344s] -- Detecting CXX compile features - done
[0.347s] -- Found ament_cmake: 1.3.10 (/opt/ros/humble/share/ament_cmake/cmake)
[0.502s] -- Found Python3: /usr/bin/python3 (found version "3.10.12") found components: Interpreter 
[0.569s] [31mCMake Error at CMakeLists.txt:10 (find_package):
[0.569s]   By not providing "Findroslaunch.cmake" in CMAKE_MODULE_PATH this project
[0.570s]   has asked CMake to find a package configuration file provided by
[0.570s]   "roslaunch", but CMake did not find one.
[0.570s] 
[0.570s]   Could not find a package configuration file provided by "roslaunch" with
[0.570s]   any of the following names:
[0.570s] 
[0.570s]     roslaunchConfig.cmake
[0.570s]     roslaunch-config.cmake
[0.570s] 
[0.570s]   Add the installation prefix of "roslaunch" to CMAKE_PREFIX_PATH or set
[0.570s]   "roslaunch_DIR" to a directory containing one of the above files.  If
[0.570s]   "roslaunch" provides a separate development package or SDK, be sure it has
[0.570s]   been installed.
[0.570s] 
[0.571s] [0m
[0.571s] -- Configuring incomplete, errors occurred!
[0.571s] See also "/home/logan/exos_new_ws/build/tongquan_sldasm/CMakeFiles/CMakeOutput.log".
[0.573s] Invoked command in '/home/logan/exos_new_ws/build/tongquan_sldasm' returned '1': CMAKE_PREFIX_PATH=/opt/ros/humble /usr/bin/cmake /home/logan/exos_new_ws/src/tongquan_sldasm -DCMAKE_INSTALL_PREFIX=/home/logan/exos_new_ws/install/tongquan_sldasm
