[0.270s] DEBUG:colcon:Command line arguments: ['/usr/bin/colcon', 'build']
[0.270s] DEBUG:colcon:Parsed command line arguments: Namespace(log_base=None, log_level=None, verb_name='build', build_base='build', install_base='install', merge_install=False, symlink_install=False, test_result_base=None, continue_on_error=False, executor='parallel', parallel_workers=12, event_handlers=None, ignore_user_meta=False, metas=['./colcon.meta'], base_paths=['.'], packages_ignore=None, packages_ignore_regex=None, paths=None, packages_up_to=None, packages_up_to_regex=None, packages_above=None, packages_above_and_dependencies=None, packages_above_depth=None, packages_select_by_dep=None, packages_skip_by_dep=None, packages_skip_up_to=None, packages_select_build_failed=False, packages_skip_build_finished=False, packages_select_test_failures=False, packages_skip_test_passed=False, packages_select=None, packages_skip=None, packages_select_regex=None, packages_skip_regex=None, packages_start=None, packages_end=None, allow_overriding=[], cmake_args=None, cmake_target=None, cmake_target_skip_unavailable=False, cmake_clean_cache=False, cmake_clean_first=False, cmake_force_configure=False, ament_cmake_args=None, catkin_cmake_args=None, catkin_skip_building_tests=False, mixin_files=None, mixin=None, verb_parser=<colcon_mixin.mixin.mixin_argument.MixinArgumentDecorator object at 0x721b9e84ada0>, verb_extension=<colcon_core.verb.build.BuildVerb object at 0x721b9e84a320>, main=<bound method BuildVerb.main of <colcon_core.verb.build.BuildVerb object at 0x721b9e84a320>>, mixin_verb=('build',))
[0.594s] Level 1:colcon.colcon_core.package_discovery:discover_packages(colcon_meta) check parameters
[0.594s] Level 1:colcon.colcon_core.package_discovery:discover_packages(recursive) check parameters
[0.594s] Level 1:colcon.colcon_core.package_discovery:discover_packages(ignore) check parameters
[0.594s] Level 1:colcon.colcon_core.package_discovery:discover_packages(path) check parameters
[0.594s] Level 1:colcon.colcon_core.package_discovery:discover_packages(colcon_meta) discover
[0.594s] Level 1:colcon.colcon_core.package_discovery:discover_packages(recursive) discover
[0.594s] INFO:colcon.colcon_core.package_discovery:Crawling recursively for packages in '/home/logan/exos_new_ws'
[0.594s] Level 1:colcon.colcon_core.package_identification:_identify(.) by extensions ['ignore', 'ignore_ament_install']
[0.594s] Level 1:colcon.colcon_core.package_identification:_identify(.) by extension 'ignore'
[0.594s] Level 1:colcon.colcon_core.package_identification:_identify(.) by extension 'ignore_ament_install'
[0.594s] Level 1:colcon.colcon_core.package_identification:_identify(.) by extensions ['colcon_pkg']
[0.594s] Level 1:colcon.colcon_core.package_identification:_identify(.) by extension 'colcon_pkg'
[0.595s] Level 1:colcon.colcon_core.package_identification:_identify(.) by extensions ['colcon_meta']
[0.595s] Level 1:colcon.colcon_core.package_identification:_identify(.) by extension 'colcon_meta'
[0.595s] Level 1:colcon.colcon_core.package_identification:_identify(.) by extensions ['ros']
[0.595s] Level 1:colcon.colcon_core.package_identification:_identify(.) by extension 'ros'
[0.609s] Level 1:colcon.colcon_core.package_identification:_identify(.) by extensions ['cmake', 'python']
[0.609s] Level 1:colcon.colcon_core.package_identification:_identify(.) by extension 'cmake'
[0.609s] Level 1:colcon.colcon_core.package_identification:_identify(.) by extension 'python'
[0.609s] Level 1:colcon.colcon_core.package_identification:_identify(.) by extensions ['python_setup_py']
[0.609s] Level 1:colcon.colcon_core.package_identification:_identify(.) by extension 'python_setup_py'
[0.609s] Level 1:colcon.colcon_core.package_identification:_identify(build) by extensions ['ignore', 'ignore_ament_install']
[0.609s] Level 1:colcon.colcon_core.package_identification:_identify(build) by extension 'ignore'
[0.609s] Level 1:colcon.colcon_core.package_identification:_identify(build) ignored
[0.610s] Level 1:colcon.colcon_core.package_identification:_identify(install) by extensions ['ignore', 'ignore_ament_install']
[0.610s] Level 1:colcon.colcon_core.package_identification:_identify(install) by extension 'ignore'
[0.610s] Level 1:colcon.colcon_core.package_identification:_identify(install) ignored
[0.611s] Level 1:colcon.colcon_core.package_identification:_identify(log) by extensions ['ignore', 'ignore_ament_install']
[0.611s] Level 1:colcon.colcon_core.package_identification:_identify(log) by extension 'ignore'
[0.611s] Level 1:colcon.colcon_core.package_identification:_identify(log) ignored
[0.611s] Level 1:colcon.colcon_core.package_identification:_identify(src) by extensions ['ignore', 'ignore_ament_install']
[0.611s] Level 1:colcon.colcon_core.package_identification:_identify(src) by extension 'ignore'
[0.611s] Level 1:colcon.colcon_core.package_identification:_identify(src) by extension 'ignore_ament_install'
[0.611s] Level 1:colcon.colcon_core.package_identification:_identify(src) by extensions ['colcon_pkg']
[0.611s] Level 1:colcon.colcon_core.package_identification:_identify(src) by extension 'colcon_pkg'
[0.612s] Level 1:colcon.colcon_core.package_identification:_identify(src) by extensions ['colcon_meta']
[0.612s] Level 1:colcon.colcon_core.package_identification:_identify(src) by extension 'colcon_meta'
[0.612s] Level 1:colcon.colcon_core.package_identification:_identify(src) by extensions ['ros']
[0.612s] Level 1:colcon.colcon_core.package_identification:_identify(src) by extension 'ros'
[0.612s] Level 1:colcon.colcon_core.package_identification:_identify(src) by extensions ['cmake', 'python']
[0.612s] Level 1:colcon.colcon_core.package_identification:_identify(src) by extension 'cmake'
[0.612s] Level 1:colcon.colcon_core.package_identification:_identify(src) by extension 'python'
[0.612s] Level 1:colcon.colcon_core.package_identification:_identify(src) by extensions ['python_setup_py']
[0.612s] Level 1:colcon.colcon_core.package_identification:_identify(src) by extension 'python_setup_py'
[0.612s] Level 1:colcon.colcon_core.package_identification:_identify(src/chan) by extensions ['ignore', 'ignore_ament_install']
[0.612s] Level 1:colcon.colcon_core.package_identification:_identify(src/chan) by extension 'ignore'
[0.612s] Level 1:colcon.colcon_core.package_identification:_identify(src/chan) by extension 'ignore_ament_install'
[0.612s] Level 1:colcon.colcon_core.package_identification:_identify(src/chan) by extensions ['colcon_pkg']
[0.612s] Level 1:colcon.colcon_core.package_identification:_identify(src/chan) by extension 'colcon_pkg'
[0.613s] Level 1:colcon.colcon_core.package_identification:_identify(src/chan) by extensions ['colcon_meta']
[0.613s] Level 1:colcon.colcon_core.package_identification:_identify(src/chan) by extension 'colcon_meta'
[0.613s] Level 1:colcon.colcon_core.package_identification:_identify(src/chan) by extensions ['ros']
[0.613s] Level 1:colcon.colcon_core.package_identification:_identify(src/chan) by extension 'ros'
[0.616s] DEBUG:colcon.colcon_core.package_identification:Package 'src/chan' with type 'ros.ament_cmake' and name 'chan'
[0.617s] Level 1:colcon.colcon_core.package_identification:_identify(src/control_exos) by extensions ['ignore', 'ignore_ament_install']
[0.617s] Level 1:colcon.colcon_core.package_identification:_identify(src/control_exos) by extension 'ignore'
[0.617s] Level 1:colcon.colcon_core.package_identification:_identify(src/control_exos) by extension 'ignore_ament_install'
[0.617s] Level 1:colcon.colcon_core.package_identification:_identify(src/control_exos) by extensions ['colcon_pkg']
[0.617s] Level 1:colcon.colcon_core.package_identification:_identify(src/control_exos) by extension 'colcon_pkg'
[0.617s] Level 1:colcon.colcon_core.package_identification:_identify(src/control_exos) by extensions ['colcon_meta']
[0.617s] Level 1:colcon.colcon_core.package_identification:_identify(src/control_exos) by extension 'colcon_meta'
[0.617s] Level 1:colcon.colcon_core.package_identification:_identify(src/control_exos) by extensions ['ros']
[0.617s] Level 1:colcon.colcon_core.package_identification:_identify(src/control_exos) by extension 'ros'
[0.618s] DEBUG:colcon.colcon_core.package_identification:Package 'src/control_exos' with type 'ros.ament_cmake' and name 'control_exos'
[0.618s] Level 1:colcon.colcon_core.package_identification:_identify(src/moveit) by extensions ['ignore', 'ignore_ament_install']
[0.618s] Level 1:colcon.colcon_core.package_identification:_identify(src/moveit) by extension 'ignore'
[0.618s] Level 1:colcon.colcon_core.package_identification:_identify(src/moveit) by extension 'ignore_ament_install'
[0.619s] Level 1:colcon.colcon_core.package_identification:_identify(src/moveit) by extensions ['colcon_pkg']
[0.619s] Level 1:colcon.colcon_core.package_identification:_identify(src/moveit) by extension 'colcon_pkg'
[0.619s] Level 1:colcon.colcon_core.package_identification:_identify(src/moveit) by extensions ['colcon_meta']
[0.619s] Level 1:colcon.colcon_core.package_identification:_identify(src/moveit) by extension 'colcon_meta'
[0.619s] Level 1:colcon.colcon_core.package_identification:_identify(src/moveit) by extensions ['ros']
[0.619s] Level 1:colcon.colcon_core.package_identification:_identify(src/moveit) by extension 'ros'
[0.621s] DEBUG:colcon.colcon_core.package_identification:Package 'src/moveit' with type 'ros.ament_cmake' and name 'moveit'
[0.621s] Level 1:colcon.colcon_core.package_identification:_identify(src/moveit_2) by extensions ['ignore', 'ignore_ament_install']
[0.621s] Level 1:colcon.colcon_core.package_identification:_identify(src/moveit_2) by extension 'ignore'
[0.621s] Level 1:colcon.colcon_core.package_identification:_identify(src/moveit_2) by extension 'ignore_ament_install'
[0.621s] Level 1:colcon.colcon_core.package_identification:_identify(src/moveit_2) by extensions ['colcon_pkg']
[0.621s] Level 1:colcon.colcon_core.package_identification:_identify(src/moveit_2) by extension 'colcon_pkg'
[0.622s] Level 1:colcon.colcon_core.package_identification:_identify(src/moveit_2) by extensions ['colcon_meta']
[0.622s] Level 1:colcon.colcon_core.package_identification:_identify(src/moveit_2) by extension 'colcon_meta'
[0.622s] Level 1:colcon.colcon_core.package_identification:_identify(src/moveit_2) by extensions ['ros']
[0.622s] Level 1:colcon.colcon_core.package_identification:_identify(src/moveit_2) by extension 'ros'
[0.623s] DEBUG:colcon.colcon_core.package_identification:Package 'src/moveit_2' with type 'ros.ament_cmake' and name 'moveit_2'
[0.623s] Level 1:colcon.colcon_core.package_identification:_identify(src/tongquan_sldasm) by extensions ['ignore', 'ignore_ament_install']
[0.623s] Level 1:colcon.colcon_core.package_identification:_identify(src/tongquan_sldasm) by extension 'ignore'
[0.623s] Level 1:colcon.colcon_core.package_identification:_identify(src/tongquan_sldasm) by extension 'ignore_ament_install'
[0.624s] Level 1:colcon.colcon_core.package_identification:_identify(src/tongquan_sldasm) by extensions ['colcon_pkg']
[0.624s] Level 1:colcon.colcon_core.package_identification:_identify(src/tongquan_sldasm) by extension 'colcon_pkg'
[0.624s] Level 1:colcon.colcon_core.package_identification:_identify(src/tongquan_sldasm) by extensions ['colcon_meta']
[0.624s] Level 1:colcon.colcon_core.package_identification:_identify(src/tongquan_sldasm) by extension 'colcon_meta'
[0.624s] Level 1:colcon.colcon_core.package_identification:_identify(src/tongquan_sldasm) by extensions ['ros']
[0.624s] Level 1:colcon.colcon_core.package_identification:_identify(src/tongquan_sldasm) by extension 'ros'
[0.625s] DEBUG:colcon.colcon_core.package_identification:Package 'src/tongquan_sldasm' with type 'ros.ament_cmake' and name 'tongquan_sldasm'
[0.625s] Level 1:colcon.colcon_core.package_discovery:discover_packages(recursive) using defaults
[0.625s] Level 1:colcon.colcon_core.package_discovery:discover_packages(ignore) discover
[0.625s] Level 1:colcon.colcon_core.package_discovery:discover_packages(ignore) using defaults
[0.625s] Level 1:colcon.colcon_core.package_discovery:discover_packages(path) discover
[0.625s] Level 1:colcon.colcon_core.package_discovery:discover_packages(path) using defaults
[0.657s] Level 1:colcon.colcon_core.package_discovery:discover_packages(prefix_path) check parameters
[0.657s] Level 1:colcon.colcon_core.package_discovery:discover_packages(prefix_path) discover
[0.661s] DEBUG:colcon.colcon_installed_package_information.package_discovery:Found 365 installed packages in /opt/ros/humble
[0.664s] Level 1:colcon.colcon_core.package_discovery:discover_packages(prefix_path) using defaults
[0.774s] Level 5:colcon.colcon_core.verb:set package 'control_exos' build argument 'cmake_args' from command line to 'None'
[0.774s] Level 5:colcon.colcon_core.verb:set package 'control_exos' build argument 'cmake_target' from command line to 'None'
[0.774s] Level 5:colcon.colcon_core.verb:set package 'control_exos' build argument 'cmake_target_skip_unavailable' from command line to 'False'
[0.774s] Level 5:colcon.colcon_core.verb:set package 'control_exos' build argument 'cmake_clean_cache' from command line to 'False'
[0.774s] Level 5:colcon.colcon_core.verb:set package 'control_exos' build argument 'cmake_clean_first' from command line to 'False'
[0.774s] Level 5:colcon.colcon_core.verb:set package 'control_exos' build argument 'cmake_force_configure' from command line to 'False'
[0.774s] Level 5:colcon.colcon_core.verb:set package 'control_exos' build argument 'ament_cmake_args' from command line to 'None'
[0.774s] Level 5:colcon.colcon_core.verb:set package 'control_exos' build argument 'catkin_cmake_args' from command line to 'None'
[0.774s] Level 5:colcon.colcon_core.verb:set package 'control_exos' build argument 'catkin_skip_building_tests' from command line to 'False'
[0.774s] DEBUG:colcon.colcon_core.verb:Building package 'control_exos' with the following arguments: {'ament_cmake_args': None, 'build_base': '/home/logan/exos_new_ws/build/control_exos', 'catkin_cmake_args': None, 'catkin_skip_building_tests': False, 'cmake_args': None, 'cmake_clean_cache': False, 'cmake_clean_first': False, 'cmake_force_configure': False, 'cmake_target': None, 'cmake_target_skip_unavailable': False, 'install_base': '/home/logan/exos_new_ws/install/control_exos', 'merge_install': False, 'path': '/home/logan/exos_new_ws/src/control_exos', 'symlink_install': False, 'test_result_base': None}
[0.775s] Level 5:colcon.colcon_core.verb:set package 'tongquan_sldasm' build argument 'cmake_args' from command line to 'None'
[0.775s] Level 5:colcon.colcon_core.verb:set package 'tongquan_sldasm' build argument 'cmake_target' from command line to 'None'
[0.775s] Level 5:colcon.colcon_core.verb:set package 'tongquan_sldasm' build argument 'cmake_target_skip_unavailable' from command line to 'False'
[0.775s] Level 5:colcon.colcon_core.verb:set package 'tongquan_sldasm' build argument 'cmake_clean_cache' from command line to 'False'
[0.775s] Level 5:colcon.colcon_core.verb:set package 'tongquan_sldasm' build argument 'cmake_clean_first' from command line to 'False'
[0.775s] Level 5:colcon.colcon_core.verb:set package 'tongquan_sldasm' build argument 'cmake_force_configure' from command line to 'False'
[0.775s] Level 5:colcon.colcon_core.verb:set package 'tongquan_sldasm' build argument 'ament_cmake_args' from command line to 'None'
[0.775s] Level 5:colcon.colcon_core.verb:set package 'tongquan_sldasm' build argument 'catkin_cmake_args' from command line to 'None'
[0.775s] Level 5:colcon.colcon_core.verb:set package 'tongquan_sldasm' build argument 'catkin_skip_building_tests' from command line to 'False'
[0.776s] DEBUG:colcon.colcon_core.verb:Building package 'tongquan_sldasm' with the following arguments: {'ament_cmake_args': None, 'build_base': '/home/logan/exos_new_ws/build/tongquan_sldasm', 'catkin_cmake_args': None, 'catkin_skip_building_tests': False, 'cmake_args': None, 'cmake_clean_cache': False, 'cmake_clean_first': False, 'cmake_force_configure': False, 'cmake_target': None, 'cmake_target_skip_unavailable': False, 'install_base': '/home/logan/exos_new_ws/install/tongquan_sldasm', 'merge_install': False, 'path': '/home/logan/exos_new_ws/src/tongquan_sldasm', 'symlink_install': False, 'test_result_base': None}
[0.776s] Level 5:colcon.colcon_core.verb:set package 'chan' build argument 'cmake_args' from command line to 'None'
[0.776s] Level 5:colcon.colcon_core.verb:set package 'chan' build argument 'cmake_target' from command line to 'None'
[0.776s] Level 5:colcon.colcon_core.verb:set package 'chan' build argument 'cmake_target_skip_unavailable' from command line to 'False'
[0.776s] Level 5:colcon.colcon_core.verb:set package 'chan' build argument 'cmake_clean_cache' from command line to 'False'
[0.776s] Level 5:colcon.colcon_core.verb:set package 'chan' build argument 'cmake_clean_first' from command line to 'False'
[0.776s] Level 5:colcon.colcon_core.verb:set package 'chan' build argument 'cmake_force_configure' from command line to 'False'
[0.777s] Level 5:colcon.colcon_core.verb:set package 'chan' build argument 'ament_cmake_args' from command line to 'None'
[0.777s] Level 5:colcon.colcon_core.verb:set package 'chan' build argument 'catkin_cmake_args' from command line to 'None'
[0.777s] Level 5:colcon.colcon_core.verb:set package 'chan' build argument 'catkin_skip_building_tests' from command line to 'False'
[0.777s] DEBUG:colcon.colcon_core.verb:Building package 'chan' with the following arguments: {'ament_cmake_args': None, 'build_base': '/home/logan/exos_new_ws/build/chan', 'catkin_cmake_args': None, 'catkin_skip_building_tests': False, 'cmake_args': None, 'cmake_clean_cache': False, 'cmake_clean_first': False, 'cmake_force_configure': False, 'cmake_target': None, 'cmake_target_skip_unavailable': False, 'install_base': '/home/logan/exos_new_ws/install/chan', 'merge_install': False, 'path': '/home/logan/exos_new_ws/src/chan', 'symlink_install': False, 'test_result_base': None}
[0.777s] Level 5:colcon.colcon_core.verb:set package 'moveit' build argument 'cmake_args' from command line to 'None'
[0.777s] Level 5:colcon.colcon_core.verb:set package 'moveit' build argument 'cmake_target' from command line to 'None'
[0.777s] Level 5:colcon.colcon_core.verb:set package 'moveit' build argument 'cmake_target_skip_unavailable' from command line to 'False'
[0.778s] Level 5:colcon.colcon_core.verb:set package 'moveit' build argument 'cmake_clean_cache' from command line to 'False'
[0.778s] Level 5:colcon.colcon_core.verb:set package 'moveit' build argument 'cmake_clean_first' from command line to 'False'
[0.778s] Level 5:colcon.colcon_core.verb:set package 'moveit' build argument 'cmake_force_configure' from command line to 'False'
[0.778s] Level 5:colcon.colcon_core.verb:set package 'moveit' build argument 'ament_cmake_args' from command line to 'None'
[0.778s] Level 5:colcon.colcon_core.verb:set package 'moveit' build argument 'catkin_cmake_args' from command line to 'None'
[0.778s] Level 5:colcon.colcon_core.verb:set package 'moveit' build argument 'catkin_skip_building_tests' from command line to 'False'
[0.778s] DEBUG:colcon.colcon_core.verb:Building package 'moveit' with the following arguments: {'ament_cmake_args': None, 'build_base': '/home/logan/exos_new_ws/build/moveit', 'catkin_cmake_args': None, 'catkin_skip_building_tests': False, 'cmake_args': None, 'cmake_clean_cache': False, 'cmake_clean_first': False, 'cmake_force_configure': False, 'cmake_target': None, 'cmake_target_skip_unavailable': False, 'install_base': '/home/logan/exos_new_ws/install/moveit', 'merge_install': False, 'path': '/home/logan/exos_new_ws/src/moveit', 'symlink_install': False, 'test_result_base': None}
[0.778s] Level 5:colcon.colcon_core.verb:set package 'moveit_2' build argument 'cmake_args' from command line to 'None'
[0.779s] Level 5:colcon.colcon_core.verb:set package 'moveit_2' build argument 'cmake_target' from command line to 'None'
[0.779s] Level 5:colcon.colcon_core.verb:set package 'moveit_2' build argument 'cmake_target_skip_unavailable' from command line to 'False'
[0.779s] Level 5:colcon.colcon_core.verb:set package 'moveit_2' build argument 'cmake_clean_cache' from command line to 'False'
[0.779s] Level 5:colcon.colcon_core.verb:set package 'moveit_2' build argument 'cmake_clean_first' from command line to 'False'
[0.779s] Level 5:colcon.colcon_core.verb:set package 'moveit_2' build argument 'cmake_force_configure' from command line to 'False'
[0.779s] Level 5:colcon.colcon_core.verb:set package 'moveit_2' build argument 'ament_cmake_args' from command line to 'None'
[0.779s] Level 5:colcon.colcon_core.verb:set package 'moveit_2' build argument 'catkin_cmake_args' from command line to 'None'
[0.779s] Level 5:colcon.colcon_core.verb:set package 'moveit_2' build argument 'catkin_skip_building_tests' from command line to 'False'
[0.779s] DEBUG:colcon.colcon_core.verb:Building package 'moveit_2' with the following arguments: {'ament_cmake_args': None, 'build_base': '/home/logan/exos_new_ws/build/moveit_2', 'catkin_cmake_args': None, 'catkin_skip_building_tests': False, 'cmake_args': None, 'cmake_clean_cache': False, 'cmake_clean_first': False, 'cmake_force_configure': False, 'cmake_target': None, 'cmake_target_skip_unavailable': False, 'install_base': '/home/logan/exos_new_ws/install/moveit_2', 'merge_install': False, 'path': '/home/logan/exos_new_ws/src/moveit_2', 'symlink_install': False, 'test_result_base': None}
[0.779s] INFO:colcon.colcon_core.executor:Executing jobs using 'parallel' executor
[0.782s] DEBUG:colcon.colcon_parallel_executor.executor.parallel:run_until_complete
[0.782s] INFO:colcon.colcon_ros.task.ament_cmake.build:Building ROS package in '/home/logan/exos_new_ws/src/tongquan_sldasm' with build type 'ament_cmake'
[0.782s] INFO:colcon.colcon_cmake.task.cmake.build:Building CMake package in '/home/logan/exos_new_ws/src/tongquan_sldasm'
[0.788s] INFO:colcon.colcon_core.plugin_system:Skipping extension 'colcon_core.shell.bat': Not used on non-Windows systems
[0.788s] INFO:colcon.colcon_core.shell:Skip shell extension 'powershell' for command environment: Not usable outside of PowerShell
[0.788s] DEBUG:colcon.colcon_core.shell:Skip shell extension 'dsv' for command environment
[0.793s] INFO:colcon.colcon_ros.task.ament_cmake.build:Building ROS package in '/home/logan/exos_new_ws/src/control_exos' with build type 'ament_cmake'
[0.793s] INFO:colcon.colcon_cmake.task.cmake.build:Building CMake package in '/home/logan/exos_new_ws/src/control_exos'
[0.794s] INFO:colcon.colcon_core.shell:Skip shell extension 'powershell' for command environment: Not usable outside of PowerShell
[0.794s] DEBUG:colcon.colcon_core.shell:Skip shell extension 'dsv' for command environment
[0.802s] DEBUG:colcon.colcon_core.event_handler.log_command:Invoking command in '/home/logan/exos_new_ws/build/tongquan_sldasm': CMAKE_PREFIX_PATH=/opt/ros/humble /usr/bin/cmake --build /home/logan/exos_new_ws/build/tongquan_sldasm -- -j12 -l12
[0.810s] DEBUG:colcon.colcon_core.event_handler.log_command:Invoking command in '/home/logan/exos_new_ws/build/control_exos': CMAKE_PREFIX_PATH=/opt/ros/humble /usr/bin/cmake --build /home/logan/exos_new_ws/build/control_exos -- -j12 -l12
[0.882s] DEBUG:colcon.colcon_core.event_handler.log_command:Invoked command in '/home/logan/exos_new_ws/build/tongquan_sldasm' returned '0': CMAKE_PREFIX_PATH=/opt/ros/humble /usr/bin/cmake --build /home/logan/exos_new_ws/build/tongquan_sldasm -- -j12 -l12
[0.890s] DEBUG:colcon.colcon_core.event_handler.log_command:Invoked command in '/home/logan/exos_new_ws/build/control_exos' returned '0': CMAKE_PREFIX_PATH=/opt/ros/humble /usr/bin/cmake --build /home/logan/exos_new_ws/build/control_exos -- -j12 -l12
[0.929s] DEBUG:colcon.colcon_core.event_handler.log_command:Invoking command in '/home/logan/exos_new_ws/build/tongquan_sldasm': CMAKE_PREFIX_PATH=/opt/ros/humble /usr/bin/cmake --install /home/logan/exos_new_ws/build/tongquan_sldasm
[0.931s] DEBUG:colcon.colcon_core.event_handler.log_command:Invoking command in '/home/logan/exos_new_ws/build/control_exos': CMAKE_PREFIX_PATH=/opt/ros/humble /usr/bin/cmake --install /home/logan/exos_new_ws/build/control_exos
[0.950s] Level 1:colcon.colcon_core.environment:create_environment_scripts_only(tongquan_sldasm)
[0.951s] DEBUG:colcon.colcon_core.event_handler.log_command:Invoked command in '/home/logan/exos_new_ws/build/tongquan_sldasm' returned '0': CMAKE_PREFIX_PATH=/opt/ros/humble /usr/bin/cmake --install /home/logan/exos_new_ws/build/tongquan_sldasm
[0.956s] Level 1:colcon.colcon_core.environment:checking '/home/logan/exos_new_ws/install/tongquan_sldasm' for CMake module files
[0.956s] Level 1:colcon.colcon_core.environment:checking '/home/logan/exos_new_ws/install/tongquan_sldasm' for CMake config files
[0.957s] Level 1:colcon.colcon_core.shell:create_environment_hook('tongquan_sldasm', 'cmake_prefix_path')
[0.957s] INFO:colcon.colcon_core.shell:Creating environment hook '/home/logan/exos_new_ws/install/tongquan_sldasm/share/tongquan_sldasm/hook/cmake_prefix_path.ps1'
[0.958s] INFO:colcon.colcon_core.shell:Creating environment descriptor '/home/logan/exos_new_ws/install/tongquan_sldasm/share/tongquan_sldasm/hook/cmake_prefix_path.dsv'
[0.959s] INFO:colcon.colcon_core.shell:Creating environment hook '/home/logan/exos_new_ws/install/tongquan_sldasm/share/tongquan_sldasm/hook/cmake_prefix_path.sh'
[0.960s] Level 1:colcon.colcon_core.environment:checking '/home/logan/exos_new_ws/install/tongquan_sldasm/bin'
[0.960s] Level 1:colcon.colcon_core.environment:checking '/home/logan/exos_new_ws/install/tongquan_sldasm/lib/pkgconfig/tongquan_sldasm.pc'
[0.960s] Level 1:colcon.colcon_core.environment:checking '/home/logan/exos_new_ws/install/tongquan_sldasm/lib/python3.10/site-packages'
[0.961s] Level 1:colcon.colcon_core.environment:checking '/home/logan/exos_new_ws/install/tongquan_sldasm/bin'
[0.961s] INFO:colcon.colcon_core.shell:Creating package script '/home/logan/exos_new_ws/install/tongquan_sldasm/share/tongquan_sldasm/package.ps1'
[0.962s] INFO:colcon.colcon_core.shell:Creating package descriptor '/home/logan/exos_new_ws/install/tongquan_sldasm/share/tongquan_sldasm/package.dsv'
[0.963s] INFO:colcon.colcon_core.shell:Creating package script '/home/logan/exos_new_ws/install/tongquan_sldasm/share/tongquan_sldasm/package.sh'
[0.964s] INFO:colcon.colcon_core.shell:Creating package script '/home/logan/exos_new_ws/install/tongquan_sldasm/share/tongquan_sldasm/package.bash'
[0.965s] INFO:colcon.colcon_core.shell:Creating package script '/home/logan/exos_new_ws/install/tongquan_sldasm/share/tongquan_sldasm/package.zsh'
[0.966s] Level 1:colcon.colcon_core.environment:create_file_with_runtime_dependencies(/home/logan/exos_new_ws/install/tongquan_sldasm/share/colcon-core/packages/tongquan_sldasm)
[0.968s] Level 1:colcon.colcon_core.environment:create_environment_scripts_only(control_exos)
[0.968s] Level 1:colcon.colcon_core.environment:checking '/home/logan/exos_new_ws/install/control_exos' for CMake module files
[0.969s] DEBUG:colcon.colcon_core.event_handler.log_command:Invoked command in '/home/logan/exos_new_ws/build/control_exos' returned '0': CMAKE_PREFIX_PATH=/opt/ros/humble /usr/bin/cmake --install /home/logan/exos_new_ws/build/control_exos
[0.969s] Level 1:colcon.colcon_core.environment:checking '/home/logan/exos_new_ws/install/control_exos' for CMake config files
[0.970s] Level 1:colcon.colcon_core.shell:create_environment_hook('control_exos', 'cmake_prefix_path')
[0.970s] INFO:colcon.colcon_core.shell:Creating environment hook '/home/logan/exos_new_ws/install/control_exos/share/control_exos/hook/cmake_prefix_path.ps1'
[0.970s] INFO:colcon.colcon_core.shell:Creating environment descriptor '/home/logan/exos_new_ws/install/control_exos/share/control_exos/hook/cmake_prefix_path.dsv'
[0.971s] INFO:colcon.colcon_core.shell:Creating environment hook '/home/logan/exos_new_ws/install/control_exos/share/control_exos/hook/cmake_prefix_path.sh'
[0.971s] Level 1:colcon.colcon_core.environment:checking '/home/logan/exos_new_ws/install/control_exos/lib'
[0.972s] Level 1:colcon.colcon_core.environment:checking '/home/logan/exos_new_ws/install/control_exos/bin'
[0.972s] Level 1:colcon.colcon_core.environment:checking '/home/logan/exos_new_ws/install/control_exos/lib/pkgconfig/control_exos.pc'
[0.972s] Level 1:colcon.colcon_core.environment:checking '/home/logan/exos_new_ws/install/control_exos/lib/python3.10/site-packages'
[0.972s] Level 1:colcon.colcon_core.environment:checking '/home/logan/exos_new_ws/install/control_exos/bin'
[0.972s] INFO:colcon.colcon_core.shell:Creating package script '/home/logan/exos_new_ws/install/control_exos/share/control_exos/package.ps1'
[0.973s] INFO:colcon.colcon_core.shell:Creating package descriptor '/home/logan/exos_new_ws/install/control_exos/share/control_exos/package.dsv'
[0.973s] INFO:colcon.colcon_core.shell:Creating package script '/home/logan/exos_new_ws/install/control_exos/share/control_exos/package.sh'
[0.974s] INFO:colcon.colcon_core.shell:Creating package script '/home/logan/exos_new_ws/install/control_exos/share/control_exos/package.bash'
[0.974s] INFO:colcon.colcon_core.shell:Creating package script '/home/logan/exos_new_ws/install/control_exos/share/control_exos/package.zsh'
[0.975s] Level 1:colcon.colcon_core.environment:create_file_with_runtime_dependencies(/home/logan/exos_new_ws/install/control_exos/share/colcon-core/packages/control_exos)
[1.009s] Level 1:colcon.colcon_core.environment:create_environment_scripts_only(tongquan_sldasm)
[1.009s] Level 1:colcon.colcon_core.environment:checking '/home/logan/exos_new_ws/install/tongquan_sldasm' for CMake module files
[1.010s] Level 1:colcon.colcon_core.environment:checking '/home/logan/exos_new_ws/install/tongquan_sldasm' for CMake config files
[1.010s] Level 1:colcon.colcon_core.shell:create_environment_hook('tongquan_sldasm', 'cmake_prefix_path')
[1.010s] INFO:colcon.colcon_core.shell:Creating environment hook '/home/logan/exos_new_ws/install/tongquan_sldasm/share/tongquan_sldasm/hook/cmake_prefix_path.ps1'
[1.011s] INFO:colcon.colcon_core.shell:Creating environment descriptor '/home/logan/exos_new_ws/install/tongquan_sldasm/share/tongquan_sldasm/hook/cmake_prefix_path.dsv'
[1.011s] INFO:colcon.colcon_core.shell:Creating environment hook '/home/logan/exos_new_ws/install/tongquan_sldasm/share/tongquan_sldasm/hook/cmake_prefix_path.sh'
[1.012s] Level 1:colcon.colcon_core.environment:checking '/home/logan/exos_new_ws/install/tongquan_sldasm/bin'
[1.012s] Level 1:colcon.colcon_core.environment:checking '/home/logan/exos_new_ws/install/tongquan_sldasm/lib/pkgconfig/tongquan_sldasm.pc'
[1.012s] Level 1:colcon.colcon_core.environment:checking '/home/logan/exos_new_ws/install/tongquan_sldasm/lib/python3.10/site-packages'
[1.013s] Level 1:colcon.colcon_core.environment:checking '/home/logan/exos_new_ws/install/tongquan_sldasm/bin'
[1.013s] INFO:colcon.colcon_core.shell:Creating package script '/home/logan/exos_new_ws/install/tongquan_sldasm/share/tongquan_sldasm/package.ps1'
[1.013s] INFO:colcon.colcon_core.shell:Creating package descriptor '/home/logan/exos_new_ws/install/tongquan_sldasm/share/tongquan_sldasm/package.dsv'
[1.014s] INFO:colcon.colcon_core.shell:Creating package script '/home/logan/exos_new_ws/install/tongquan_sldasm/share/tongquan_sldasm/package.sh'
[1.014s] INFO:colcon.colcon_core.shell:Creating package script '/home/logan/exos_new_ws/install/tongquan_sldasm/share/tongquan_sldasm/package.bash'
[1.015s] INFO:colcon.colcon_core.shell:Creating package script '/home/logan/exos_new_ws/install/tongquan_sldasm/share/tongquan_sldasm/package.zsh'
[1.015s] Level 1:colcon.colcon_core.environment:create_file_with_runtime_dependencies(/home/logan/exos_new_ws/install/tongquan_sldasm/share/colcon-core/packages/tongquan_sldasm)
[1.016s] INFO:colcon.colcon_ros.task.ament_cmake.build:Building ROS package in '/home/logan/exos_new_ws/src/chan' with build type 'ament_cmake'
[1.016s] INFO:colcon.colcon_cmake.task.cmake.build:Building CMake package in '/home/logan/exos_new_ws/src/chan'
[1.017s] INFO:colcon.colcon_core.shell:Skip shell extension 'powershell' for command environment: Not usable outside of PowerShell
[1.017s] DEBUG:colcon.colcon_core.shell:Skip shell extension 'dsv' for command environment
[1.021s] INFO:colcon.colcon_ros.task.ament_cmake.build:Building ROS package in '/home/logan/exos_new_ws/src/moveit' with build type 'ament_cmake'
[1.021s] INFO:colcon.colcon_cmake.task.cmake.build:Building CMake package in '/home/logan/exos_new_ws/src/moveit'
[1.021s] INFO:colcon.colcon_core.shell:Skip shell extension 'powershell' for command environment: Not usable outside of PowerShell
[1.021s] DEBUG:colcon.colcon_core.shell:Skip shell extension 'dsv' for command environment
[1.025s] INFO:colcon.colcon_ros.task.ament_cmake.build:Building ROS package in '/home/logan/exos_new_ws/src/moveit_2' with build type 'ament_cmake'
[1.025s] INFO:colcon.colcon_cmake.task.cmake.build:Building CMake package in '/home/logan/exos_new_ws/src/moveit_2'
[1.025s] INFO:colcon.colcon_core.shell:Skip shell extension 'powershell' for command environment: Not usable outside of PowerShell
[1.025s] DEBUG:colcon.colcon_core.shell:Skip shell extension 'dsv' for command environment
[1.031s] Level 1:colcon.colcon_core.environment:create_environment_scripts_only(control_exos)
[1.031s] Level 1:colcon.colcon_core.environment:checking '/home/logan/exos_new_ws/install/control_exos' for CMake module files
[1.031s] Level 1:colcon.colcon_core.environment:checking '/home/logan/exos_new_ws/install/control_exos' for CMake config files
[1.032s] Level 1:colcon.colcon_core.shell:create_environment_hook('control_exos', 'cmake_prefix_path')
[1.032s] INFO:colcon.colcon_core.shell:Creating environment hook '/home/logan/exos_new_ws/install/control_exos/share/control_exos/hook/cmake_prefix_path.ps1'
[1.032s] INFO:colcon.colcon_core.shell:Creating environment descriptor '/home/logan/exos_new_ws/install/control_exos/share/control_exos/hook/cmake_prefix_path.dsv'
[1.033s] INFO:colcon.colcon_core.shell:Creating environment hook '/home/logan/exos_new_ws/install/control_exos/share/control_exos/hook/cmake_prefix_path.sh'
[1.033s] Level 1:colcon.colcon_core.environment:checking '/home/logan/exos_new_ws/install/control_exos/lib'
[1.033s] Level 1:colcon.colcon_core.environment:checking '/home/logan/exos_new_ws/install/control_exos/bin'
[1.034s] Level 1:colcon.colcon_core.environment:checking '/home/logan/exos_new_ws/install/control_exos/lib/pkgconfig/control_exos.pc'
[1.034s] Level 1:colcon.colcon_core.environment:checking '/home/logan/exos_new_ws/install/control_exos/lib/python3.10/site-packages'
[1.034s] Level 1:colcon.colcon_core.environment:checking '/home/logan/exos_new_ws/install/control_exos/bin'
[1.034s] INFO:colcon.colcon_core.shell:Creating package script '/home/logan/exos_new_ws/install/control_exos/share/control_exos/package.ps1'
[1.035s] INFO:colcon.colcon_core.shell:Creating package descriptor '/home/logan/exos_new_ws/install/control_exos/share/control_exos/package.dsv'
[1.035s] INFO:colcon.colcon_core.shell:Creating package script '/home/logan/exos_new_ws/install/control_exos/share/control_exos/package.sh'
[1.036s] INFO:colcon.colcon_core.shell:Creating package script '/home/logan/exos_new_ws/install/control_exos/share/control_exos/package.bash'
[1.036s] INFO:colcon.colcon_core.shell:Creating package script '/home/logan/exos_new_ws/install/control_exos/share/control_exos/package.zsh'
[1.037s] Level 1:colcon.colcon_core.environment:create_file_with_runtime_dependencies(/home/logan/exos_new_ws/install/control_exos/share/colcon-core/packages/control_exos)
[1.042s] DEBUG:colcon.colcon_core.event_handler.log_command:Invoking command in '/home/logan/exos_new_ws/build/chan': AMENT_PREFIX_PATH=/home/logan/exos_new_ws/install/tongquan_sldasm:${AMENT_PREFIX_PATH} CMAKE_PREFIX_PATH=/home/logan/exos_new_ws/install/tongquan_sldasm:/opt/ros/humble /usr/bin/cmake --build /home/logan/exos_new_ws/build/chan -- -j12 -l12
[1.045s] DEBUG:colcon.colcon_core.event_handler.log_command:Invoking command in '/home/logan/exos_new_ws/build/moveit': AMENT_PREFIX_PATH=/home/logan/exos_new_ws/install/tongquan_sldasm:${AMENT_PREFIX_PATH} CMAKE_PREFIX_PATH=/home/logan/exos_new_ws/install/tongquan_sldasm:/opt/ros/humble /usr/bin/cmake --build /home/logan/exos_new_ws/build/moveit -- -j12 -l12
[1.048s] DEBUG:colcon.colcon_core.event_handler.log_command:Invoking command in '/home/logan/exos_new_ws/build/moveit_2': AMENT_PREFIX_PATH=/home/logan/exos_new_ws/install/tongquan_sldasm:${AMENT_PREFIX_PATH} CMAKE_PREFIX_PATH=/home/logan/exos_new_ws/install/tongquan_sldasm:/opt/ros/humble /usr/bin/cmake --build /home/logan/exos_new_ws/build/moveit_2 -- -j12 -l12
[1.104s] DEBUG:colcon.colcon_core.event_handler.log_command:Invoked command in '/home/logan/exos_new_ws/build/chan' returned '0': AMENT_PREFIX_PATH=/home/logan/exos_new_ws/install/tongquan_sldasm:${AMENT_PREFIX_PATH} CMAKE_PREFIX_PATH=/home/logan/exos_new_ws/install/tongquan_sldasm:/opt/ros/humble /usr/bin/cmake --build /home/logan/exos_new_ws/build/chan -- -j12 -l12
[1.111s] DEBUG:colcon.colcon_core.event_handler.log_command:Invoked command in '/home/logan/exos_new_ws/build/moveit' returned '0': AMENT_PREFIX_PATH=/home/logan/exos_new_ws/install/tongquan_sldasm:${AMENT_PREFIX_PATH} CMAKE_PREFIX_PATH=/home/logan/exos_new_ws/install/tongquan_sldasm:/opt/ros/humble /usr/bin/cmake --build /home/logan/exos_new_ws/build/moveit -- -j12 -l12
[1.115s] DEBUG:colcon.colcon_core.event_handler.log_command:Invoked command in '/home/logan/exos_new_ws/build/moveit_2' returned '0': AMENT_PREFIX_PATH=/home/logan/exos_new_ws/install/tongquan_sldasm:${AMENT_PREFIX_PATH} CMAKE_PREFIX_PATH=/home/logan/exos_new_ws/install/tongquan_sldasm:/opt/ros/humble /usr/bin/cmake --build /home/logan/exos_new_ws/build/moveit_2 -- -j12 -l12
[1.143s] DEBUG:colcon.colcon_core.event_handler.log_command:Invoking command in '/home/logan/exos_new_ws/build/chan': AMENT_PREFIX_PATH=/home/logan/exos_new_ws/install/tongquan_sldasm:${AMENT_PREFIX_PATH} CMAKE_PREFIX_PATH=/home/logan/exos_new_ws/install/tongquan_sldasm:/opt/ros/humble /usr/bin/cmake --install /home/logan/exos_new_ws/build/chan
[1.149s] DEBUG:colcon.colcon_core.event_handler.log_command:Invoking command in '/home/logan/exos_new_ws/build/moveit_2': AMENT_PREFIX_PATH=/home/logan/exos_new_ws/install/tongquan_sldasm:${AMENT_PREFIX_PATH} CMAKE_PREFIX_PATH=/home/logan/exos_new_ws/install/tongquan_sldasm:/opt/ros/humble /usr/bin/cmake --install /home/logan/exos_new_ws/build/moveit_2
[1.151s] DEBUG:colcon.colcon_core.event_handler.log_command:Invoking command in '/home/logan/exos_new_ws/build/moveit': AMENT_PREFIX_PATH=/home/logan/exos_new_ws/install/tongquan_sldasm:${AMENT_PREFIX_PATH} CMAKE_PREFIX_PATH=/home/logan/exos_new_ws/install/tongquan_sldasm:/opt/ros/humble /usr/bin/cmake --install /home/logan/exos_new_ws/build/moveit
[1.159s] Level 1:colcon.colcon_core.environment:create_environment_scripts_only(chan)
[1.160s] Level 1:colcon.colcon_core.environment:checking '/home/logan/exos_new_ws/install/chan' for CMake module files
[1.160s] DEBUG:colcon.colcon_core.event_handler.log_command:Invoked command in '/home/logan/exos_new_ws/build/chan' returned '0': AMENT_PREFIX_PATH=/home/logan/exos_new_ws/install/tongquan_sldasm:${AMENT_PREFIX_PATH} CMAKE_PREFIX_PATH=/home/logan/exos_new_ws/install/tongquan_sldasm:/opt/ros/humble /usr/bin/cmake --install /home/logan/exos_new_ws/build/chan
[1.161s] Level 1:colcon.colcon_core.environment:checking '/home/logan/exos_new_ws/install/chan' for CMake config files
[1.162s] Level 1:colcon.colcon_core.shell:create_environment_hook('chan', 'cmake_prefix_path')
[1.162s] INFO:colcon.colcon_core.shell:Creating environment hook '/home/logan/exos_new_ws/install/chan/share/chan/hook/cmake_prefix_path.ps1'
[1.164s] INFO:colcon.colcon_core.shell:Creating environment descriptor '/home/logan/exos_new_ws/install/chan/share/chan/hook/cmake_prefix_path.dsv'
[1.166s] INFO:colcon.colcon_core.shell:Creating environment hook '/home/logan/exos_new_ws/install/chan/share/chan/hook/cmake_prefix_path.sh'
[1.168s] Level 1:colcon.colcon_core.environment:checking '/home/logan/exos_new_ws/install/chan/bin'
[1.169s] Level 1:colcon.colcon_core.environment:checking '/home/logan/exos_new_ws/install/chan/lib/pkgconfig/chan.pc'
[1.169s] Level 1:colcon.colcon_core.environment:checking '/home/logan/exos_new_ws/install/chan/lib/python3.10/site-packages'
[1.169s] Level 1:colcon.colcon_core.environment:checking '/home/logan/exos_new_ws/install/chan/bin'
[1.170s] INFO:colcon.colcon_core.shell:Creating package script '/home/logan/exos_new_ws/install/chan/share/chan/package.ps1'
[1.172s] INFO:colcon.colcon_core.shell:Creating package descriptor '/home/logan/exos_new_ws/install/chan/share/chan/package.dsv'
[1.172s] INFO:colcon.colcon_core.shell:Creating package script '/home/logan/exos_new_ws/install/chan/share/chan/package.sh'
[1.172s] INFO:colcon.colcon_core.shell:Creating package script '/home/logan/exos_new_ws/install/chan/share/chan/package.bash'
[1.173s] INFO:colcon.colcon_core.shell:Creating package script '/home/logan/exos_new_ws/install/chan/share/chan/package.zsh'
[1.173s] Level 1:colcon.colcon_core.environment:create_file_with_runtime_dependencies(/home/logan/exos_new_ws/install/chan/share/colcon-core/packages/chan)
[1.175s] Level 1:colcon.colcon_core.environment:create_environment_scripts_only(moveit)
[1.176s] Level 1:colcon.colcon_core.environment:checking '/home/logan/exos_new_ws/install/moveit' for CMake module files
[1.176s] DEBUG:colcon.colcon_core.event_handler.log_command:Invoked command in '/home/logan/exos_new_ws/build/moveit' returned '0': AMENT_PREFIX_PATH=/home/logan/exos_new_ws/install/tongquan_sldasm:${AMENT_PREFIX_PATH} CMAKE_PREFIX_PATH=/home/logan/exos_new_ws/install/tongquan_sldasm:/opt/ros/humble /usr/bin/cmake --install /home/logan/exos_new_ws/build/moveit
[1.177s] Level 1:colcon.colcon_core.environment:checking '/home/logan/exos_new_ws/install/moveit' for CMake config files
[1.178s] Level 1:colcon.colcon_core.shell:create_environment_hook('moveit', 'cmake_prefix_path')
[1.178s] INFO:colcon.colcon_core.shell:Creating environment hook '/home/logan/exos_new_ws/install/moveit/share/moveit/hook/cmake_prefix_path.ps1'
[1.178s] INFO:colcon.colcon_core.shell:Creating environment descriptor '/home/logan/exos_new_ws/install/moveit/share/moveit/hook/cmake_prefix_path.dsv'
[1.179s] INFO:colcon.colcon_core.shell:Creating environment hook '/home/logan/exos_new_ws/install/moveit/share/moveit/hook/cmake_prefix_path.sh'
[1.179s] Level 1:colcon.colcon_core.environment:checking '/home/logan/exos_new_ws/install/moveit/bin'
[1.179s] Level 1:colcon.colcon_core.environment:checking '/home/logan/exos_new_ws/install/moveit/lib/pkgconfig/moveit.pc'
[1.180s] Level 1:colcon.colcon_core.environment:checking '/home/logan/exos_new_ws/install/moveit/lib/python3.10/site-packages'
[1.180s] Level 1:colcon.colcon_core.environment:checking '/home/logan/exos_new_ws/install/moveit/bin'
[1.180s] INFO:colcon.colcon_core.shell:Creating package script '/home/logan/exos_new_ws/install/moveit/share/moveit/package.ps1'
[1.181s] INFO:colcon.colcon_core.shell:Creating package descriptor '/home/logan/exos_new_ws/install/moveit/share/moveit/package.dsv'
[1.181s] INFO:colcon.colcon_core.shell:Creating package script '/home/logan/exos_new_ws/install/moveit/share/moveit/package.sh'
[1.182s] INFO:colcon.colcon_core.shell:Creating package script '/home/logan/exos_new_ws/install/moveit/share/moveit/package.bash'
[1.182s] INFO:colcon.colcon_core.shell:Creating package script '/home/logan/exos_new_ws/install/moveit/share/moveit/package.zsh'
[1.182s] Level 1:colcon.colcon_core.environment:create_file_with_runtime_dependencies(/home/logan/exos_new_ws/install/moveit/share/colcon-core/packages/moveit)
[1.184s] Level 1:colcon.colcon_core.environment:create_environment_scripts_only(moveit_2)
[1.184s] Level 1:colcon.colcon_core.environment:checking '/home/logan/exos_new_ws/install/moveit_2' for CMake module files
[1.184s] DEBUG:colcon.colcon_core.event_handler.log_command:Invoked command in '/home/logan/exos_new_ws/build/moveit_2' returned '0': AMENT_PREFIX_PATH=/home/logan/exos_new_ws/install/tongquan_sldasm:${AMENT_PREFIX_PATH} CMAKE_PREFIX_PATH=/home/logan/exos_new_ws/install/tongquan_sldasm:/opt/ros/humble /usr/bin/cmake --install /home/logan/exos_new_ws/build/moveit_2
[1.185s] Level 1:colcon.colcon_core.environment:checking '/home/logan/exos_new_ws/install/moveit_2' for CMake config files
[1.186s] Level 1:colcon.colcon_core.shell:create_environment_hook('moveit_2', 'cmake_prefix_path')
[1.186s] INFO:colcon.colcon_core.shell:Creating environment hook '/home/logan/exos_new_ws/install/moveit_2/share/moveit_2/hook/cmake_prefix_path.ps1'
[1.186s] INFO:colcon.colcon_core.shell:Creating environment descriptor '/home/logan/exos_new_ws/install/moveit_2/share/moveit_2/hook/cmake_prefix_path.dsv'
[1.187s] INFO:colcon.colcon_core.shell:Creating environment hook '/home/logan/exos_new_ws/install/moveit_2/share/moveit_2/hook/cmake_prefix_path.sh'
[1.187s] Level 1:colcon.colcon_core.environment:checking '/home/logan/exos_new_ws/install/moveit_2/bin'
[1.187s] Level 1:colcon.colcon_core.environment:checking '/home/logan/exos_new_ws/install/moveit_2/lib/pkgconfig/moveit_2.pc'
[1.187s] Level 1:colcon.colcon_core.environment:checking '/home/logan/exos_new_ws/install/moveit_2/lib/python3.10/site-packages'
[1.188s] Level 1:colcon.colcon_core.environment:checking '/home/logan/exos_new_ws/install/moveit_2/bin'
[1.188s] INFO:colcon.colcon_core.shell:Creating package script '/home/logan/exos_new_ws/install/moveit_2/share/moveit_2/package.ps1'
[1.188s] INFO:colcon.colcon_core.shell:Creating package descriptor '/home/logan/exos_new_ws/install/moveit_2/share/moveit_2/package.dsv'
[1.189s] INFO:colcon.colcon_core.shell:Creating package script '/home/logan/exos_new_ws/install/moveit_2/share/moveit_2/package.sh'
[1.190s] INFO:colcon.colcon_core.shell:Creating package script '/home/logan/exos_new_ws/install/moveit_2/share/moveit_2/package.bash'
[1.190s] INFO:colcon.colcon_core.shell:Creating package script '/home/logan/exos_new_ws/install/moveit_2/share/moveit_2/package.zsh'
[1.190s] Level 1:colcon.colcon_core.environment:create_file_with_runtime_dependencies(/home/logan/exos_new_ws/install/moveit_2/share/colcon-core/packages/moveit_2)
[1.213s] Level 1:colcon.colcon_core.environment:create_environment_scripts_only(chan)
[1.214s] Level 1:colcon.colcon_core.environment:checking '/home/logan/exos_new_ws/install/chan' for CMake module files
[1.214s] Level 1:colcon.colcon_core.environment:checking '/home/logan/exos_new_ws/install/chan' for CMake config files
[1.215s] Level 1:colcon.colcon_core.shell:create_environment_hook('chan', 'cmake_prefix_path')
[1.215s] INFO:colcon.colcon_core.shell:Creating environment hook '/home/logan/exos_new_ws/install/chan/share/chan/hook/cmake_prefix_path.ps1'
[1.215s] INFO:colcon.colcon_core.shell:Creating environment descriptor '/home/logan/exos_new_ws/install/chan/share/chan/hook/cmake_prefix_path.dsv'
[1.216s] INFO:colcon.colcon_core.shell:Creating environment hook '/home/logan/exos_new_ws/install/chan/share/chan/hook/cmake_prefix_path.sh'
[1.216s] Level 1:colcon.colcon_core.environment:checking '/home/logan/exos_new_ws/install/chan/bin'
[1.217s] Level 1:colcon.colcon_core.environment:checking '/home/logan/exos_new_ws/install/chan/lib/pkgconfig/chan.pc'
[1.217s] Level 1:colcon.colcon_core.environment:checking '/home/logan/exos_new_ws/install/chan/lib/python3.10/site-packages'
[1.217s] Level 1:colcon.colcon_core.environment:checking '/home/logan/exos_new_ws/install/chan/bin'
[1.217s] INFO:colcon.colcon_core.shell:Creating package script '/home/logan/exos_new_ws/install/chan/share/chan/package.ps1'
[1.218s] INFO:colcon.colcon_core.shell:Creating package descriptor '/home/logan/exos_new_ws/install/chan/share/chan/package.dsv'
[1.218s] INFO:colcon.colcon_core.shell:Creating package script '/home/logan/exos_new_ws/install/chan/share/chan/package.sh'
[1.219s] INFO:colcon.colcon_core.shell:Creating package script '/home/logan/exos_new_ws/install/chan/share/chan/package.bash'
[1.219s] INFO:colcon.colcon_core.shell:Creating package script '/home/logan/exos_new_ws/install/chan/share/chan/package.zsh'
[1.220s] Level 1:colcon.colcon_core.environment:create_file_with_runtime_dependencies(/home/logan/exos_new_ws/install/chan/share/colcon-core/packages/chan)
[1.221s] Level 1:colcon.colcon_core.environment:create_environment_scripts_only(moveit)
[1.222s] Level 1:colcon.colcon_core.environment:checking '/home/logan/exos_new_ws/install/moveit' for CMake module files
[1.222s] Level 1:colcon.colcon_core.environment:checking '/home/logan/exos_new_ws/install/moveit' for CMake config files
[1.223s] Level 1:colcon.colcon_core.shell:create_environment_hook('moveit', 'cmake_prefix_path')
[1.223s] INFO:colcon.colcon_core.shell:Creating environment hook '/home/logan/exos_new_ws/install/moveit/share/moveit/hook/cmake_prefix_path.ps1'
[1.223s] INFO:colcon.colcon_core.shell:Creating environment descriptor '/home/logan/exos_new_ws/install/moveit/share/moveit/hook/cmake_prefix_path.dsv'
[1.224s] INFO:colcon.colcon_core.shell:Creating environment hook '/home/logan/exos_new_ws/install/moveit/share/moveit/hook/cmake_prefix_path.sh'
[1.224s] Level 1:colcon.colcon_core.environment:checking '/home/logan/exos_new_ws/install/moveit/bin'
[1.224s] Level 1:colcon.colcon_core.environment:checking '/home/logan/exos_new_ws/install/moveit/lib/pkgconfig/moveit.pc'
[1.225s] Level 1:colcon.colcon_core.environment:checking '/home/logan/exos_new_ws/install/moveit/lib/python3.10/site-packages'
[1.225s] Level 1:colcon.colcon_core.environment:checking '/home/logan/exos_new_ws/install/moveit/bin'
[1.225s] INFO:colcon.colcon_core.shell:Creating package script '/home/logan/exos_new_ws/install/moveit/share/moveit/package.ps1'
[1.226s] INFO:colcon.colcon_core.shell:Creating package descriptor '/home/logan/exos_new_ws/install/moveit/share/moveit/package.dsv'
[1.226s] INFO:colcon.colcon_core.shell:Creating package script '/home/logan/exos_new_ws/install/moveit/share/moveit/package.sh'
[1.227s] INFO:colcon.colcon_core.shell:Creating package script '/home/logan/exos_new_ws/install/moveit/share/moveit/package.bash'
[1.227s] INFO:colcon.colcon_core.shell:Creating package script '/home/logan/exos_new_ws/install/moveit/share/moveit/package.zsh'
[1.227s] Level 1:colcon.colcon_core.environment:create_file_with_runtime_dependencies(/home/logan/exos_new_ws/install/moveit/share/colcon-core/packages/moveit)
[1.228s] Level 1:colcon.colcon_core.environment:create_environment_scripts_only(moveit_2)
[1.229s] Level 1:colcon.colcon_core.environment:checking '/home/logan/exos_new_ws/install/moveit_2' for CMake module files
[1.229s] Level 1:colcon.colcon_core.environment:checking '/home/logan/exos_new_ws/install/moveit_2' for CMake config files
[1.230s] Level 1:colcon.colcon_core.shell:create_environment_hook('moveit_2', 'cmake_prefix_path')
[1.230s] INFO:colcon.colcon_core.shell:Creating environment hook '/home/logan/exos_new_ws/install/moveit_2/share/moveit_2/hook/cmake_prefix_path.ps1'
[1.230s] INFO:colcon.colcon_core.shell:Creating environment descriptor '/home/logan/exos_new_ws/install/moveit_2/share/moveit_2/hook/cmake_prefix_path.dsv'
[1.231s] INFO:colcon.colcon_core.shell:Creating environment hook '/home/logan/exos_new_ws/install/moveit_2/share/moveit_2/hook/cmake_prefix_path.sh'
[1.231s] Level 1:colcon.colcon_core.environment:checking '/home/logan/exos_new_ws/install/moveit_2/bin'
[1.231s] Level 1:colcon.colcon_core.environment:checking '/home/logan/exos_new_ws/install/moveit_2/lib/pkgconfig/moveit_2.pc'
[1.232s] Level 1:colcon.colcon_core.environment:checking '/home/logan/exos_new_ws/install/moveit_2/lib/python3.10/site-packages'
[1.232s] Level 1:colcon.colcon_core.environment:checking '/home/logan/exos_new_ws/install/moveit_2/bin'
[1.232s] INFO:colcon.colcon_core.shell:Creating package script '/home/logan/exos_new_ws/install/moveit_2/share/moveit_2/package.ps1'
[1.233s] INFO:colcon.colcon_core.shell:Creating package descriptor '/home/logan/exos_new_ws/install/moveit_2/share/moveit_2/package.dsv'
[1.233s] INFO:colcon.colcon_core.shell:Creating package script '/home/logan/exos_new_ws/install/moveit_2/share/moveit_2/package.sh'
[1.234s] INFO:colcon.colcon_core.shell:Creating package script '/home/logan/exos_new_ws/install/moveit_2/share/moveit_2/package.bash'
[1.234s] INFO:colcon.colcon_core.shell:Creating package script '/home/logan/exos_new_ws/install/moveit_2/share/moveit_2/package.zsh'
[1.234s] Level 1:colcon.colcon_core.environment:create_file_with_runtime_dependencies(/home/logan/exos_new_ws/install/moveit_2/share/colcon-core/packages/moveit_2)
[1.235s] DEBUG:colcon.colcon_parallel_executor.executor.parallel:closing loop
[1.235s] DEBUG:colcon.colcon_parallel_executor.executor.parallel:loop closed
[1.235s] DEBUG:colcon.colcon_parallel_executor.executor.parallel:run_until_complete finished with '0'
[1.235s] DEBUG:colcon.colcon_core.event_reactor:joining thread
[1.242s] INFO:colcon.colcon_core.plugin_system:Skipping extension 'colcon_notification.desktop_notification.terminal_notifier': Not used on non-Darwin systems
[1.242s] INFO:colcon.colcon_core.plugin_system:Skipping extension 'colcon_notification.desktop_notification.win32': Not used on non-Windows systems
[1.243s] INFO:colcon.colcon_notification.desktop_notification:Sending desktop notification using 'notify2'
[1.279s] DEBUG:colcon.colcon_core.event_reactor:joined thread
[1.280s] INFO:colcon.colcon_core.shell:Creating prefix script '/home/logan/exos_new_ws/install/local_setup.ps1'
[1.282s] INFO:colcon.colcon_core.shell:Creating prefix util module '/home/logan/exos_new_ws/install/_local_setup_util_ps1.py'
[1.285s] INFO:colcon.colcon_core.shell:Creating prefix chain script '/home/logan/exos_new_ws/install/setup.ps1'
[1.287s] INFO:colcon.colcon_core.shell:Creating prefix script '/home/logan/exos_new_ws/install/local_setup.sh'
[1.288s] INFO:colcon.colcon_core.shell:Creating prefix util module '/home/logan/exos_new_ws/install/_local_setup_util_sh.py'
[1.289s] INFO:colcon.colcon_core.shell:Creating prefix chain script '/home/logan/exos_new_ws/install/setup.sh'
[1.291s] INFO:colcon.colcon_core.shell:Creating prefix script '/home/logan/exos_new_ws/install/local_setup.bash'
[1.292s] INFO:colcon.colcon_core.shell:Creating prefix chain script '/home/logan/exos_new_ws/install/setup.bash'
[1.293s] INFO:colcon.colcon_core.shell:Creating prefix script '/home/logan/exos_new_ws/install/local_setup.zsh'
[1.294s] INFO:colcon.colcon_core.shell:Creating prefix chain script '/home/logan/exos_new_ws/install/setup.zsh'
